#
# There is insufficient memory for the Java Runtime Environment to continue.
# Native memory allocation (mmap) failed to map 73400320 bytes for committing reserved memory.
# Possible reasons:
#   The system is out of physical RAM or swap space
#   In 32 bit mode, the process size limit was hit
# Possible solutions:
#   Reduce memory load on the system
#   Increase physical memory or swap space
#   Check if swap backing store is full
#   Use 64 bit Java on a 64 bit OS
#   Decrease Java heap size (-Xmx/-Xms)
#   Decrease number of Java threads
#   Decrease Java thread stack sizes (-Xss)
#   Set larger code cache with -XX:ReservedCodeCacheSize=
# This output file may be truncated or incomplete.
#
#  Out of Memory Error (os_linux.cpp:2627), pid=4585, tid=140448674801408
#
# JRE version: Java(TM) SE Runtime Environment (8.0_60-b27) (build 1.8.0_60-b27)
# Java VM: Java HotSpot(TM) 64-Bit Server VM (25.60-b23 mixed mode linux-amd64 compressed oops)
# Failed to write core dump. Core dumps have been disabled. To enable core dumping, try "ulimit -c unlimited" before starting Java again
#

---------------  T H R E A D  ---------------

Current thread (0x00007fbcf0080000):  VMThread [stack: 0x00007fbcc14ee000,0x00007fbcc15ef000] [id=4597]

Stack: [0x00007fbcc14ee000,0x00007fbcc15ef000],  sp=0x00007fbcc15ed260,  free space=1020k
Native frames: (J=compiled Java code, j=interpreted, Vv=VM code, C=native code)
V  [libjvm.so+0xab97ea]  VMError::report_and_die()+0x2ba
V  [libjvm.so+0x4f9dab]  report_vm_out_of_memory(char const*, int, unsigned long, VMErrorType, char const*)+0x8b
V  [libjvm.so+0x91a7c3]  os::Linux::commit_memory_impl(char*, unsigned long, bool)+0x103
V  [libjvm.so+0x91ad19]  os::pd_commit_memory(char*, unsigned long, unsigned long, bool)+0x29
V  [libjvm.so+0x91502a]  os::commit_memory(char*, unsigned long, unsigned long, bool)+0x2a
V  [libjvm.so+0x9886d3]  PSVirtualSpace::expand_by(unsigned long)+0x53
V  [libjvm.so+0x989ad8]  PSYoungGen::resize_generation(unsigned long, unsigned long)+0xf8
V  [libjvm.so+0x988c32]  PSYoungGen::resize(unsigned long, unsigned long)+0x22
V  [libjvm.so+0x985f0b]  PSScavenge::invoke_no_policy()+0xf3b
V  [libjvm.so+0x986691]  PSScavenge::invoke()+0x41
V  [libjvm.so+0x93e430]  ParallelScavengeHeap::failed_mem_allocate(unsigned long)+0x70
V  [libjvm.so+0xabb207]  VM_ParallelGCFailedAllocation::doit()+0x97
V  [libjvm.so+0xac2c35]  VM_Operation::evaluate()+0x55
V  [libjvm.so+0xac100a]  VMThread::evaluate_operation(VM_Operation*)+0xba
V  [libjvm.so+0xac138e]  VMThread::loop()+0x1ce
V  [libjvm.so+0xac1800]  VMThread::run()+0x70
V  [libjvm.so+0x91cb88]  java_start(Thread*)+0x108

VM_Operation (0x00007fbcf8923550): ParallelGCFailedAllocation, mode: safepoint, requested by thread 0x00007fbcf000a000


---------------  P R O C E S S  ---------------

Java Threads: ( => current thread )
  0x00007fbcf00cb800 JavaThread "resolver-4" daemon [_thread_blocked, id=4616, stack(0x00007fbc9339b000,0x00007fbc9349c000)]
  0x00007fbcf00cb000 JavaThread "resolver-3" daemon [_thread_blocked, id=4615, stack(0x00007fbc9349c000,0x00007fbc9359d000)]
  0x00007fbcf07cb000 JavaThread "resolver-2" daemon [_thread_blocked, id=4614, stack(0x00007fbc9359d000,0x00007fbc9369e000)]
  0x00007fbcf03a4000 JavaThread "resolver-1" daemon [_thread_blocked, id=4613, stack(0x00007fbc9369e000,0x00007fbc9379f000)]
  0x00007fbcf067e000 JavaThread "process reaper" daemon [_thread_blocked, id=4608, stack(0x00007fbc93dc7000,0x00007fbc93e00000)]
  0x00007fbcf00e5800 JavaThread "Service Thread" daemon [_thread_blocked, id=4605, stack(0x00007fbcc03a3000,0x00007fbcc04a4000)]
  0x00007fbcf00c8800 JavaThread "C1 CompilerThread3" daemon [_thread_blocked, id=4604, stack(0x00007fbcc04a4000,0x00007fbcc05a5000)]
  0x00007fbcf00c6000 JavaThread "C2 CompilerThread2" daemon [_thread_blocked, id=4603, stack(0x00007fbcc05a5000,0x00007fbcc06a6000)]
  0x00007fbcf00c4800 JavaThread "C2 CompilerThread1" daemon [_thread_blocked, id=4602, stack(0x00007fbcc06a6000,0x00007fbcc07a7000)]
  0x00007fbcf00c1800 JavaThread "C2 CompilerThread0" daemon [_thread_blocked, id=4601, stack(0x00007fbcc07a7000,0x00007fbcc08a8000)]
  0x00007fbcf00c0000 JavaThread "Signal Dispatcher" daemon [_thread_blocked, id=4600, stack(0x00007fbcc08a8000,0x00007fbcc09a9000)]
  0x00007fbcf0087000 JavaThread "Finalizer" daemon [_thread_blocked, id=4599, stack(0x00007fbcc12ec000,0x00007fbcc13ed000)]
  0x00007fbcf0085000 JavaThread "Reference Handler" daemon [_thread_blocked, id=4598, stack(0x00007fbcc13ed000,0x00007fbcc14ee000)]
  0x00007fbcf000a000 JavaThread "main" [_thread_blocked, id=4588, stack(0x00007fbcf8827000,0x00007fbcf8928000)]

Other Threads:
=>0x00007fbcf0080000 VMThread [stack: 0x00007fbcc14ee000,0x00007fbcc15ef000] [id=4597]
  0x00007fbcf00e8800 WatcherThread [stack: 0x00007fbcc02a2000,0x00007fbcc03a3000] [id=4606]

VM state:at safepoint (normal execution)

VM Mutex/Monitor currently owned by a thread:  ([mutex/lock_event])
[0x00007fbcf00062d0] Threads_lock - owner thread: 0x00007fbcf0080000
[0x00007fbcf00067d0] Heap_lock - owner thread: 0x00007fbcf000a000

Heap:
 PSYoungGen      total 63488K, used 2032K [0x00000000ed000000, 0x00000000f1000000, 0x0000000100000000)
  eden space 61440K, 0% used [0x00000000ed000000,0x00000000ed000000,0x00000000f0c00000)
  from space 2048K, 99% used [0x00000000f0c00000,0x00000000f0dfc010,0x00000000f0e00000)
  to   space 2048K, 0% used [0x00000000f0e00000,0x00000000f0e00000,0x00000000f1000000)
 ParOldGen       total 39936K, used 11960K [0x00000000c7000000, 0x00000000c9700000, 0x00000000ed000000)
  object space 39936K, 29% used [0x00000000c7000000,0x00000000c7bae110,0x00000000c9700000)
 Metaspace       used 15221K, capacity 15678K, committed 15872K, reserved 1062912K
  class space    used 1810K, capacity 1936K, committed 2048K, reserved 1048576K

Card table byte_map: [0x00007fbcf542a000,0x00007fbcf55f3000] byte_map_base: 0x00007fbcf4df2000

Marking Bits: (ParMarkBitMap*) 0x00007fbcf7d01de0
 Begin Bits: [0x00007fbcc2380000, 0x00007fbcc31c0000)
 End Bits:   [0x00007fbcc31c0000, 0x00007fbcc4000000)

Polling page: 0x00007fbcf8949000

CodeCache: size=245760Kb used=9081Kb max_used=9092Kb free=236678Kb
 bounds [0x00007fbce1000000, 0x00007fbce18f0000, 0x00007fbcf0000000]
 total_blobs=2922 nmethods=2584 adapters=251
 compilation: enabled

Compilation events (10 events):
Event: 32,291 Thread 0x00007fbcf00c8800 nmethod 2612 0x00007fbce18d7b90 code [0x00007fbce18d7d20, 0x00007fbce18d80f8]
Event: 32,291 Thread 0x00007fbcf00c8800 2609  s    3       java.util.zip.ZipOutputStream::write (175 bytes)
Event: 32,292 Thread 0x00007fbcf00c8800 nmethod 2609 0x00007fbce18e2a90 code [0x00007fbce18e2cc0, 0x00007fbce18e3738]
Event: 32,292 Thread 0x00007fbcf00c8800 2608       3       java.util.zip.DeflaterOutputStream::write (21 bytes)
Event: 32,342 Thread 0x00007fbcf00c8800 nmethod 2608 0x00007fbce18e3c50 code [0x00007fbce18e3dc0, 0x00007fbce18e4068]
Event: 32,342 Thread 0x00007fbcf00c8800 2614       3       java.util.zip.Deflater::ensureOpen (47 bytes)
Event: 32,351 Thread 0x00007fbcf00c8800 nmethod 2614 0x00007fbce18e4110 code [0x00007fbce18e42a0, 0x00007fbce18e4568]
Event: 32,351 Thread 0x00007fbcf00c8800 2604       3       java.util.zip.Deflater::deflate (9 bytes)
Event: 32,351 Thread 0x00007fbcf00c8800 nmethod 2604 0x00007fbce18e4690 code [0x00007fbce18e4800, 0x00007fbce18e4988]
Event: 32,638 Thread 0x00007fbcf00c1800 nmethod 2615 0x00007fbce18e7890 code [0x00007fbce18e79e0, 0x00007fbce18e7c18]

GC Heap History (9 events):
Event: 0,407 GC heap before
{Heap before GC invocations=1 (full 0):
 PSYoungGen      total 17408K, used 15360K [0x00000000ed000000, 0x00000000ee300000, 0x0000000100000000)
  eden space 15360K, 100% used [0x00000000ed000000,0x00000000edf00000,0x00000000edf00000)
  from space 2048K, 0% used [0x00000000ee100000,0x00000000ee100000,0x00000000ee300000)
  to   space 2048K, 0% used [0x00000000edf00000,0x00000000edf00000,0x00000000ee100000)
 ParOldGen       total 39936K, used 0K [0x00000000c7000000, 0x00000000c9700000, 0x00000000ed000000)
  object space 39936K, 0% used [0x00000000c7000000,0x00000000c7000000,0x00000000c9700000)
 Metaspace       used 6665K, capacity 6812K, committed 7040K, reserved 1056768K
  class space    used 820K, capacity 888K, committed 896K, reserved 1048576K
Event: 0,414 GC heap after
Heap after GC invocations=1 (full 0):
 PSYoungGen      total 17408K, used 2046K [0x00000000ed000000, 0x00000000ef200000, 0x0000000100000000)
  eden space 15360K, 0% used [0x00000000ed000000,0x00000000ed000000,0x00000000edf00000)
  from space 2048K, 99% used [0x00000000edf00000,0x00000000ee0ffba8,0x00000000ee100000)
  to   space 2048K, 0% used [0x00000000ef000000,0x00000000ef000000,0x00000000ef200000)
 ParOldGen       total 39936K, used 1286K [0x00000000c7000000, 0x00000000c9700000, 0x00000000ed000000)
  object space 39936K, 3% used [0x00000000c7000000,0x00000000c7141890,0x00000000c9700000)
 Metaspace       used 6665K, capacity 6812K, committed 7040K, reserved 1056768K
  class space    used 820K, capacity 888K, committed 896K, reserved 1048576K
}
Event: 0,535 GC heap before
{Heap before GC invocations=2 (full 0):
 PSYoungGen      total 17408K, used 17406K [0x00000000ed000000, 0x00000000ef200000, 0x0000000100000000)
  eden space 15360K, 100% used [0x00000000ed000000,0x00000000edf00000,0x00000000edf00000)
  from space 2048K, 99% used [0x00000000edf00000,0x00000000ee0ffba8,0x00000000ee100000)
  to   space 2048K, 0% used [0x00000000ef000000,0x00000000ef000000,0x00000000ef200000)
 ParOldGen       total 39936K, used 1286K [0x00000000c7000000, 0x00000000c9700000, 0x00000000ed000000)
  object space 39936K, 3% used [0x00000000c7000000,0x00000000c7141890,0x00000000c9700000)
 Metaspace       used 7691K, capacity 7778K, committed 7936K, reserved 1056768K
  class space    used 969K, capacity 1017K, committed 1024K, reserved 1048576K
Event: 0,538 GC heap after
Heap after GC invocations=2 (full 0):
 PSYoungGen      total 32768K, used 2034K [0x00000000ed000000, 0x00000000ef200000, 0x0000000100000000)
  eden space 30720K, 0% used [0x00000000ed000000,0x00000000ed000000,0x00000000eee00000)
  from space 2048K, 99% used [0x00000000ef000000,0x00000000ef1fcb20,0x00000000ef200000)
  to   space 2048K, 0% used [0x00000000eee00000,0x00000000eee00000,0x00000000ef000000)
 ParOldGen       total 39936K, used 1925K [0x00000000c7000000, 0x00000000c9700000, 0x00000000ed000000)
  object space 39936K, 4% used [0x00000000c7000000,0x00000000c71e1670,0x00000000c9700000)
 Metaspace       used 7691K, capacity 7778K, committed 7936K, reserved 1056768K
  class space    used 969K, capacity 1017K, committed 1024K, reserved 1048576K
}
Event: 1,029 GC heap before
{Heap before GC invocations=3 (full 0):
 PSYoungGen      total 32768K, used 32754K [0x00000000ed000000, 0x00000000ef200000, 0x0000000100000000)
  eden space 30720K, 100% used [0x00000000ed000000,0x00000000eee00000,0x00000000eee00000)
  from space 2048K, 99% used [0x00000000ef000000,0x00000000ef1fcb20,0x00000000ef200000)
  to   space 2048K, 0% used [0x00000000eee00000,0x00000000eee00000,0x00000000ef000000)
 ParOldGen       total 39936K, used 1925K [0x00000000c7000000, 0x00000000c9700000, 0x00000000ed000000)
  object space 39936K, 4% used [0x00000000c7000000,0x00000000c71e1670,0x00000000c9700000)
 Metaspace       used 12889K, capacity 13194K, committed 13568K, reserved 1060864K
  class space    used 1586K, capacity 1688K, committed 1792K, reserved 1048576K
Event: 1,035 GC heap after
Heap after GC invocations=3 (full 0):
 PSYoungGen      total 32768K, used 2032K [0x00000000ed000000, 0x00000000f1000000, 0x0000000100000000)
  eden space 30720K, 0% used [0x00000000ed000000,0x00000000ed000000,0x00000000eee00000)
  from space 2048K, 99% used [0x00000000eee00000,0x00000000eeffc010,0x00000000ef000000)
  to   space 2048K, 0% used [0x00000000f0e00000,0x00000000f0e00000,0x00000000f1000000)
 ParOldGen       total 39936K, used 6341K [0x00000000c7000000, 0x00000000c9700000, 0x00000000ed000000)
  object space 39936K, 15% used [0x00000000c7000000,0x00000000c76317d8,0x00000000c9700000)
 Metaspace       used 12889K, capacity 13194K, committed 13568K, reserved 1060864K
  class space    used 1586K, capacity 1688K, committed 1792K, reserved 1048576K
}
Event: 1,346 GC heap before
{Heap before GC invocations=4 (full 0):
 PSYoungGen      total 32768K, used 32752K [0x00000000ed000000, 0x00000000f1000000, 0x0000000100000000)
  eden space 30720K, 100% used [0x00000000ed000000,0x00000000eee00000,0x00000000eee00000)
  from space 2048K, 99% used [0x00000000eee00000,0x00000000eeffc010,0x00000000ef000000)
  to   space 2048K, 0% used [0x00000000f0e00000,0x00000000f0e00000,0x00000000f1000000)
 ParOldGen       total 39936K, used 6341K [0x00000000c7000000, 0x00000000c9700000, 0x00000000ed000000)
  object space 39936K, 15% used [0x00000000c7000000,0x00000000c76317d8,0x00000000c9700000)
 Metaspace       used 13352K, capacity 13630K, committed 13824K, reserved 1060864K
  class space    used 1621K, capacity 1725K, committed 1792K, reserved 1048576K
Event: 1,357 GC heap after
Heap after GC invocations=4 (full 0):
 PSYoungGen      total 63488K, used 2048K [0x00000000ed000000, 0x00000000f1000000, 0x0000000100000000)
  eden space 61440K, 0% used [0x00000000ed000000,0x00000000ed000000,0x00000000f0c00000)
  from space 2048K, 100% used [0x00000000f0e00000,0x00000000f1000000,0x00000000f1000000)
  to   space 2048K, 0% used [0x00000000f0c00000,0x00000000f0c00000,0x00000000f0e00000)
 ParOldGen       total 39936K, used 8521K [0x00000000c7000000, 0x00000000c9700000, 0x00000000ed000000)
  object space 39936K, 21% used [0x00000000c7000000,0x00000000c7852510,0x00000000c9700000)
 Metaspace       used 13352K, capacity 13630K, committed 13824K, reserved 1060864K
  class space    used 1621K, capacity 1725K, committed 1792K, reserved 1048576K
}
Event: 34,398 GC heap before
{Heap before GC invocations=5 (full 0):
 PSYoungGen      total 63488K, used 63488K [0x00000000ed000000, 0x00000000f1000000, 0x0000000100000000)
  eden space 61440K, 100% used [0x00000000ed000000,0x00000000f0c00000,0x00000000f0c00000)
  from space 2048K, 100% used [0x00000000f0e00000,0x00000000f1000000,0x00000000f1000000)
  to   space 2048K, 0% used [0x00000000f0c00000,0x00000000f0c00000,0x00000000f0e00000)
 ParOldGen       total 39936K, used 8521K [0x00000000c7000000, 0x00000000c9700000, 0x00000000ed000000)
  object space 39936K, 21% used [0x00000000c7000000,0x00000000c7852510,0x00000000c9700000)
 Metaspace       used 15221K, capacity 15678K, committed 15872K, reserved 1062912K
  class space    used 1810K, capacity 1936K, committed 2048K, reserved 1048576K

Deoptimization events (10 events):
Event: 17,660 Thread 0x00007fbcf000a000 Uncommon trap: reason=bimorphic action=maybe_recompile pc=0x00007fbce1363370 method=java.util.HashMap.putVal(ILjava/lang/Object;Ljava/lang/Object;ZZ)Ljava/lang/Object; @ 203
Event: 17,829 Thread 0x00007fbcf000a000 Uncommon trap: reason=bimorphic action=maybe_recompile pc=0x00007fbce1363370 method=java.util.HashMap.putVal(ILjava/lang/Object;Ljava/lang/Object;ZZ)Ljava/lang/Object; @ 203
Event: 18,362 Thread 0x00007fbcf000a000 Uncommon trap: reason=bimorphic action=maybe_recompile pc=0x00007fbce1363370 method=java.util.HashMap.putVal(ILjava/lang/Object;Ljava/lang/Object;ZZ)Ljava/lang/Object; @ 203
Event: 19,220 Thread 0x00007fbcf000a000 Uncommon trap: reason=unstable_if action=reinterpret pc=0x00007fbce18b1528 method=org.codehaus.plexus.classworlds.realm.Entry.matches(Ljava/lang/String;)Z @ 131
Event: 19,544 Thread 0x00007fbcf000a000 Uncommon trap: reason=unstable_if action=reinterpret pc=0x00007fbce17fa018 method=org.apache.maven.model.Dependency.clone()Lorg/apache/maven/model/Dependency; @ 76
Event: 19,711 Thread 0x00007fbcf000a000 Uncommon trap: reason=unstable_if action=reinterpret pc=0x00007fbce1830a3c method=org.apache.maven.model.ConfigurationContainer.getLocation(Ljava/lang/Object;)Lorg/apache/maven/model/InputLocation; @ 4
Event: 20,250 Thread 0x00007fbcf07cb000 Uncommon trap: reason=unstable_if action=reinterpret pc=0x00007fbce17ab994 method=java.lang.ThreadLocal.get()Ljava/lang/Object; @ 11
Event: 21,358 Thread 0x00007fbcf000a000 Uncommon trap: reason=null_check action=make_not_entrant pc=0x00007fbce18cabfc method=org.apache.maven.model.io.xpp3.MavenXpp3ReaderEx.checkFieldWithDuplicate(Lorg/codehaus/plexus/util/xml/pull/XmlPullParser;Ljava/lang/String;Ljava/lang/String;Ljava/util/
Event: 26,399 Thread 0x00007fbcf000a000 Uncommon trap: reason=class_check action=maybe_recompile pc=0x00007fbce1617d94 method=java.util.AbstractList$Itr.hasNext()Z @ 8
Event: 26,399 Thread 0x00007fbcf000a000 Uncommon trap: reason=class_check action=maybe_recompile pc=0x00007fbce161b688 method=java.util.AbstractList$Itr.next()Ljava/lang/Object; @ 14

Internal exceptions (10 events):
Event: 0,849 Thread 0x00007fbcf000a000 Exception <a 'java/lang/NoSuchFieldError': method resolution failed> (0x00000000ee62af78) thrown at [/HUDSON/workspace/8-2-build-linux-amd64/jdk8u60/4407/hotspot/src/share/vm/prims/methodHandles.cpp, line 1146]
Event: 1,086 Thread 0x00007fbcf000a000 Implicit null exception at 0x00007fbce13b8635 to 0x00007fbce13b8819
Event: 1,086 Thread 0x00007fbcf000a000 Implicit null exception at 0x00007fbce1301bef to 0x00007fbce1301c59
Event: 1,116 Thread 0x00007fbcf000a000 Implicit null exception at 0x00007fbce1539e3e to 0x00007fbce153a159
Event: 1,418 Thread 0x00007fbcf000a000 Implicit null exception at 0x00007fbce1382558 to 0x00007fbce13825e6
Event: 12,252 Thread 0x00007fbcf000a000 Exception <a 'java/lang/NoClassDefFoundError': org/slf4j/Logger> (0x00000000ee615f08) thrown at [/HUDSON/workspace/8-2-build-linux-amd64/jdk8u60/4407/hotspot/src/share/vm/oops/constantPool.cpp, line 235]
Event: 14,916 Thread 0x00007fbcf000a000 Exception <a 'java/lang/NoClassDefFoundError': org/slf4j/Logger> (0x00000000ef6eec28) thrown at [/HUDSON/workspace/8-2-build-linux-amd64/jdk8u60/4407/hotspot/src/share/vm/oops/constantPool.cpp, line 235]
Event: 18,367 Thread 0x00007fbcf000a000 Exception <a 'java/lang/NoClassDefFoundError': org/slf4j/Logger> (0x00000000effc84b8) thrown at [/HUDSON/workspace/8-2-build-linux-amd64/jdk8u60/4407/hotspot/src/share/vm/oops/constantPool.cpp, line 235]
Event: 20,245 Thread 0x00007fbcf07cb000 Implicit null exception at 0x00007fbce17ab8c8 to 0x00007fbce17ab981
Event: 21,293 Thread 0x00007fbcf000a000 Implicit null exception at 0x00007fbce18ca30d to 0x00007fbce18cabed

Events (10 events):
Event: 33,803 loading class org/apache/maven/surefire/report/SimpleReportEntry done
Event: 34,144 loading class org/apache/maven/plugin/surefire/booterclient/output/ThreadedStreamConsumer
Event: 34,154 loading class org/apache/maven/plugin/surefire/booterclient/output/ThreadedStreamConsumer done
Event: 34,225 loading class org/apache/maven/plugin/surefire/booterclient/output/ThreadedStreamConsumer
Event: 34,238 loading class org/apache/maven/plugin/surefire/booterclient/output/ThreadedStreamConsumer done
Event: 34,277 loading class org/apache/maven/plugin/surefire/booterclient/output/ThreadedStreamConsumer
Event: 34,282 loading class org/apache/maven/plugin/surefire/booterclient/output/ThreadedStreamConsumer done
Event: 34,322 loading class org/apache/maven/plugin/surefire/booterclient/output/ThreadedStreamConsumer
Event: 34,326 loading class org/apache/maven/plugin/surefire/booterclient/output/ThreadedStreamConsumer done
Event: 34,369 Executing VM operation: ParallelGCFailedAllocation


Dynamic libraries:
00400000-00401000 r-xp 00000000 08:02 4981547                            /usr/local/java/jdk1.8.0_60/bin/java
00600000-00601000 rw-p 00000000 08:02 4981547                            /usr/local/java/jdk1.8.0_60/bin/java
00d8f000-00db0000 rw-p 00000000 00:00 0                                  [heap]
c7000000-c9700000 rw-p 00000000 00:00 0 
c9700000-ed000000 ---p 00000000 00:00 0 
ed000000-f1000000 rw-p 00000000 00:00 0 
f5600000-100000000 ---p 00000000 00:00 0 
100000000-100200000 rw-p 00000000 00:00 0 
100200000-140000000 ---p 00000000 00:00 0 
7fbc7c000000-7fbc7c021000 rw-p 00000000 00:00 0 
7fbc7c021000-7fbc80000000 ---p 00000000 00:00 0 
7fbc80000000-7fbc80021000 rw-p 00000000 00:00 0 
7fbc80021000-7fbc84000000 ---p 00000000 00:00 0 
7fbc84000000-7fbc84021000 rw-p 00000000 00:00 0 
7fbc84021000-7fbc88000000 ---p 00000000 00:00 0 
7fbc88000000-7fbc88021000 rw-p 00000000 00:00 0 
7fbc88021000-7fbc8c000000 ---p 00000000 00:00 0 
7fbc8c000000-7fbc8c021000 rw-p 00000000 00:00 0 
7fbc8c021000-7fbc90000000 ---p 00000000 00:00 0 
7fbc9339b000-7fbc9339e000 ---p 00000000 00:00 0 
7fbc9339e000-7fbc9349c000 rw-p 00000000 00:00 0                          [stack:4616]
7fbc9349c000-7fbc9349f000 ---p 00000000 00:00 0 
7fbc9349f000-7fbc9359d000 rw-p 00000000 00:00 0                          [stack:4615]
7fbc9359d000-7fbc935a0000 ---p 00000000 00:00 0 
7fbc935a0000-7fbc9369e000 rw-p 00000000 00:00 0                          [stack:4614]
7fbc9369e000-7fbc936a1000 ---p 00000000 00:00 0 
7fbc936a1000-7fbc9391f000 rw-p 00000000 00:00 0                          [stack:4613]
7fbc9391f000-7fbc9399f000 ---p 00000000 00:00 0 
7fbc9399f000-7fbc939b0000 r-xp 00000000 08:02 4981436                    /usr/local/java/jdk1.8.0_60/jre/lib/amd64/libnio.so
7fbc939b0000-7fbc93baf000 ---p 00011000 08:02 4981436                    /usr/local/java/jdk1.8.0_60/jre/lib/amd64/libnio.so
7fbc93baf000-7fbc93bb0000 rw-p 00010000 08:02 4981436                    /usr/local/java/jdk1.8.0_60/jre/lib/amd64/libnio.so
7fbc93bb0000-7fbc93bc6000 r-xp 00000000 08:02 4981409                    /usr/local/java/jdk1.8.0_60/jre/lib/amd64/libnet.so
7fbc93bc6000-7fbc93dc6000 ---p 00016000 08:02 4981409                    /usr/local/java/jdk1.8.0_60/jre/lib/amd64/libnet.so
7fbc93dc6000-7fbc93dc7000 rw-p 00016000 08:02 4981409                    /usr/local/java/jdk1.8.0_60/jre/lib/amd64/libnet.so
7fbc93dc7000-7fbc93dca000 ---p 00000000 00:00 0 
7fbc93dca000-7fbc94000000 rw-p 00000000 00:00 0                          [stack:4608]
7fbc94000000-7fbc94021000 rw-p 00000000 00:00 0 
7fbc94021000-7fbc98000000 ---p 00000000 00:00 0 
7fbc98000000-7fbc98021000 rw-p 00000000 00:00 0 
7fbc98021000-7fbc9c000000 ---p 00000000 00:00 0 
7fbc9c000000-7fbc9d364000 rw-p 00000000 00:00 0 
7fbc9d364000-7fbca0000000 ---p 00000000 00:00 0 
7fbca0000000-7fbca08cf000 rw-p 00000000 00:00 0 
7fbca08cf000-7fbca4000000 ---p 00000000 00:00 0 
7fbca4000000-7fbca543c000 rw-p 00000000 00:00 0 
7fbca543c000-7fbca8000000 ---p 00000000 00:00 0 
7fbca8000000-7fbca91d2000 rw-p 00000000 00:00 0 
7fbca91d2000-7fbcac000000 ---p 00000000 00:00 0 
7fbcac000000-7fbcac021000 rw-p 00000000 00:00 0 
7fbcac021000-7fbcb0000000 ---p 00000000 00:00 0 
7fbcb0000000-7fbcb0021000 rw-p 00000000 00:00 0 
7fbcb0021000-7fbcb4000000 ---p 00000000 00:00 0 
7fbcb4000000-7fbcb428b000 rw-p 00000000 00:00 0 
7fbcb428b000-7fbcb8000000 ---p 00000000 00:00 0 
7fbcb8000000-7fbcb8021000 rw-p 00000000 00:00 0 
7fbcb8021000-7fbcbc000000 ---p 00000000 00:00 0 
7fbcbc000000-7fbcbc021000 rw-p 00000000 00:00 0 
7fbcbc021000-7fbcc0000000 ---p 00000000 00:00 0 
7fbcc0008000-7fbcc0009000 rw-p 00000000 00:00 0 
7fbcc0009000-7fbcc000a000 r--s 00002000 08:02 1107493                    /home/jonas/.m2/repository/org/apache/maven/reporting/maven-reporting-api/2.0.9/maven-reporting-api-2.0.9.jar
7fbcc000a000-7fbcc000d000 r--s 00034000 08:02 1262427                    /home/jonas/.m2/repository/org/codehaus/plexus/plexus-utils/2.1/plexus-utils-2.1.jar
7fbcc000d000-7fbcc000f000 r--s 00006000 08:02 1107492                    /home/jonas/.m2/repository/org/apache/maven/shared/maven-common-artifact-filters/1.3/maven-common-artifact-filters-1.3.jar
7fbcc000f000-7fbcc0011000 r--s 0000d000 08:02 1262424                    /home/jonas/.m2/repository/org/apache/maven/surefire/maven-surefire-common/2.10/maven-surefire-common-2.10.jar
7fbcc0011000-7fbcc0016000 r--s 00023000 08:02 1262426                    /home/jonas/.m2/repository/org/apache/maven/surefire/surefire-api/2.10/surefire-api-2.10.jar
7fbcc0016000-7fbcc0018000 r--s 00007000 08:02 1262423                    /home/jonas/.m2/repository/org/apache/maven/surefire/surefire-booter/2.10/surefire-booter-2.10.jar
7fbcc0018000-7fbcc001a000 r--s 00006000 08:02 1156550                    /home/jonas/.m2/repository/org/apache/maven/plugins/maven-surefire-plugin/2.10/maven-surefire-plugin-2.10.jar
7fbcc001a000-7fbcc001b000 r--s 00003000 08:02 1098761                    /home/jonas/.m2/repository/org/codehaus/plexus/plexus-compiler-javac/1.9.1/plexus-compiler-javac-1.9.1.jar
7fbcc001b000-7fbcc001d000 r--s 00000000 08:02 1098760                    /home/jonas/.m2/repository/org/codehaus/plexus/plexus-compiler-manager/1.9.1/plexus-compiler-manager-1.9.1.jar
7fbcc001d000-7fbcc001f000 r--s 00004000 08:02 1098759                    /home/jonas/.m2/repository/org/codehaus/plexus/plexus-compiler-api/1.9.1/plexus-compiler-api-1.9.1.jar
7fbcc001f000-7fbcc0023000 r--s 00034000 08:02 1098758                    /home/jonas/.m2/repository/org/codehaus/plexus/plexus-utils/3.0/plexus-utils-3.0.jar
7fbcc0023000-7fbcc0024000 r--s 00007000 08:02 1098530                    /home/jonas/.m2/repository/org/apache/maven/plugins/maven-compiler-plugin/2.5.1/maven-compiler-plugin-2.5.1.jar
7fbcc0024000-7fbcc0026000 r--s 0000d000 08:02 1099042                    /home/jonas/.m2/repository/org/codehaus/plexus/plexus-interpolation/1.13/plexus-interpolation-1.13.jar
7fbcc0026000-7fbcc0027000 r--s 00001000 08:02 1099041                    /home/jonas/.m2/repository/org/sonatype/plexus/plexus-build-api/0.0.4/plexus-build-api-0.0.4.jar
7fbcc0027000-7fbcc0029000 r--s 00009000 08:02 1262397                    /home/jonas/.m2/repository/org/apache/maven/shared/maven-filtering/1.0/maven-filtering-1.0.jar
7fbcc0029000-7fbcc002d000 r--s 00033000 08:02 1099037                    /home/jonas/.m2/repository/org/codehaus/plexus/plexus-utils/2.0.5/plexus-utils-2.0.5.jar
7fbcc002d000-7fbcc0030000 r--s 0001b000 08:02 1098762                    /home/jonas/.m2/repository/junit/junit/3.8.1/junit-3.8.1.jar
7fbcc0030000-7fbcc0032000 r--s 00002000 08:02 1099036                    /home/jonas/.m2/repository/org/codehaus/plexus/plexus-interactivity-api/1.0-alpha-4/plexus-interactivity-api-1.0-alpha-4.jar
7fbcc0032000-7fbcc0034000 r--s 00006000 08:02 1099034                    /home/jonas/.m2/repository/commons-cli/commons-cli/1.0/commons-cli-1.0.jar
7fbcc0034000-7fbcc0035000 r--s 00001000 08:02 1099033                    /home/jonas/.m2/repository/org/apache/maven/doxia/doxia-sink-api/1.0-alpha-7/doxia-sink-api-1.0-alpha-7.jar
7fbcc0035000-7fbcc0036000 r--s 00002000 08:02 1099032                    /home/jonas/.m2/repository/org/apache/maven/reporting/maven-reporting-api/2.0.6/maven-reporting-api-2.0.6.jar
7fbcc0036000-7fbcc0038000 r--s 00005000 08:02 1147876                    /home/jonas/.m2/repository/org/apache/maven/plugins/maven-resources-plugin/2.5/maven-resources-plugin-2.5.jar
7fbcc0038000-7fbcc0039000 r--p 00000000 00:00 0 
7fbcc0039000-7fbcc003d000 r--s 00095000 08:02 4981457                    /usr/local/java/jdk1.8.0_60/jre/lib/jsse.jar
7fbcc003d000-7fbcc023d000 rw-p 00000000 00:00 0 
7fbcc023d000-7fbcc023f000 r--s 0000c000 08:02 1181986                    /home/jonas/Software/netbeans-8.0.2/java/maven-nblib/netbeans-eventspy.jar
7fbcc023f000-7fbcc0241000 r--s 00026000 08:02 1174117                    /home/jonas/Software/netbeans-8.0.2/java/maven/lib/maven-model-3.0.5.jar
7fbcc0241000-7fbcc0242000 r--s 0000a000 08:02 1174106                    /home/jonas/Software/netbeans-8.0.2/java/maven/lib/maven-embedder-3.0.5.jar
7fbcc0242000-7fbcc0244000 r--s 00000000 08:02 1173829                    /home/jonas/Software/netbeans-8.0.2/java/maven/lib/plexus-component-annotations-1.5.5.jar
7fbcc0244000-7fbcc0246000 r--s 00009000 08:02 1174125                    /home/jonas/Software/netbeans-8.0.2/java/maven/lib/commons-cli-1.2.jar
7fbcc0246000-7fbcc024c000 r--s 0003f000 08:02 1174115                    /home/jonas/Software/netbeans-8.0.2/java/maven/lib/maven-compat-3.0.5.jar
7fbcc024c000-7fbcc024e000 r--s 0000c000 08:02 1174029                    /home/jonas/Software/netbeans-8.0.2/java/maven/lib/maven-aether-provider-3.0.5.jar
7fbcc024e000-7fbcc0250000 r--s 0000d000 08:02 1174058                    /home/jonas/Software/netbeans-8.0.2/java/maven/lib/plexus-interpolation-1.14.jar
7fbcc0250000-7fbcc0257000 r--s 0002b000 08:02 1174074                    /home/jonas/Software/netbeans-8.0.2/java/maven/lib/sisu-inject-plexus-2.3.0.jar
7fbcc0257000-7fbcc0258000 r--s 00003000 08:02 1174120                    /home/jonas/Software/netbeans-8.0.2/java/maven/lib/aether-spi-1.13.1.jar
7fbcc0258000-7fbcc025a000 r--s 0000b000 08:02 1174093                    /home/jonas/Software/netbeans-8.0.2/java/maven/lib/maven-plugin-api-3.0.5.jar
7fbcc025a000-7fbcc025c000 r--s 00006000 08:02 1173929                    /home/jonas/Software/netbeans-8.0.2/java/maven/lib/maven-repository-metadata-3.0.5.jar
7fbcc025c000-7fbcc0268000 r--s 0007d000 08:02 1174122                    /home/jonas/Software/netbeans-8.0.2/java/maven/lib/maven-core-3.0.5.jar
7fbcc0268000-7fbcc0287000 r--s 00154000 08:02 1174123                    /home/jonas/Software/netbeans-8.0.2/java/maven/lib/sisu-guava-0.9.9.jar
7fbcc0287000-7fbcc02a2000 r--s 000e4000 08:02 1174100                    /home/jonas/Software/netbeans-8.0.2/java/maven/lib/wagon-http-2.4-shaded.jar
7fbcc02a2000-7fbcc02a3000 ---p 00000000 00:00 0 
7fbcc02a3000-7fbcc03a3000 rw-p 00000000 00:00 0                          [stack:4606]
7fbcc03a3000-7fbcc03a6000 ---p 00000000 00:00 0 
7fbcc03a6000-7fbcc04a4000 rw-p 00000000 00:00 0                          [stack:4605]
7fbcc04a4000-7fbcc04a7000 ---p 00000000 00:00 0 
7fbcc04a7000-7fbcc05a5000 rw-p 00000000 00:00 0                          [stack:4604]
7fbcc05a5000-7fbcc05a8000 ---p 00000000 00:00 0 
7fbcc05a8000-7fbcc06a6000 rw-p 00000000 00:00 0                          [stack:4603]
7fbcc06a6000-7fbcc06a9000 ---p 00000000 00:00 0 
7fbcc06a9000-7fbcc07a7000 rw-p 00000000 00:00 0                          [stack:4602]
7fbcc07a7000-7fbcc07aa000 ---p 00000000 00:00 0 
7fbcc07aa000-7fbcc08a8000 rw-p 00000000 00:00 0                          [stack:4601]
7fbcc08a8000-7fbcc08ab000 ---p 00000000 00:00 0 
7fbcc08ab000-7fbcc09a9000 rw-p 00000000 00:00 0                          [stack:4600]
7fbcc09a9000-7fbcc12ec000 r--p 00000000 08:02 4385038                    /usr/lib/locale/locale-archive
7fbcc12ec000-7fbcc12ef000 ---p 00000000 00:00 0 
7fbcc12ef000-7fbcc13ed000 rw-p 00000000 00:00 0                          [stack:4599]
7fbcc13ed000-7fbcc13f0000 ---p 00000000 00:00 0 
7fbcc13f0000-7fbcc14ee000 rw-p 00000000 00:00 0                          [stack:4598]
7fbcc14ee000-7fbcc14ef000 ---p 00000000 00:00 0 
7fbcc14ef000-7fbcc4000000 rw-p 00000000 00:00 0                          [stack:4597]
7fbcc4000000-7fbcc4021000 rw-p 00000000 00:00 0 
7fbcc4021000-7fbcc8000000 ---p 00000000 00:00 0 
7fbcc8000000-7fbcc8021000 rw-p 00000000 00:00 0 
7fbcc8021000-7fbccc000000 ---p 00000000 00:00 0 
7fbccc000000-7fbccc021000 rw-p 00000000 00:00 0 
7fbccc021000-7fbcd0000000 ---p 00000000 00:00 0 
7fbcd0000000-7fbcd0021000 rw-p 00000000 00:00 0 
7fbcd0021000-7fbcd4000000 ---p 00000000 00:00 0 
7fbcd4000000-7fbcd4021000 rw-p 00000000 00:00 0 
7fbcd4021000-7fbcd8000000 ---p 00000000 00:00 0 
7fbcd8000000-7fbcd8021000 rw-p 00000000 00:00 0 
7fbcd8021000-7fbcdc000000 ---p 00000000 00:00 0 
7fbcdc000000-7fbcdc021000 rw-p 00000000 00:00 0 
7fbcdc021000-7fbce0000000 ---p 00000000 00:00 0 
7fbce0000000-7fbce0002000 r--s 0000b000 08:02 1174105                    /home/jonas/Software/netbeans-8.0.2/java/maven/lib/maven-artifact-3.0.5.jar
7fbce0002000-7fbce0004000 r--s 00006000 08:02 1173989                    /home/jonas/Software/netbeans-8.0.2/java/maven/lib/aether-connector-wagon-1.13.1.jar
7fbce0004000-7fbce0007000 r--s 0001d000 08:02 1174113                    /home/jonas/Software/netbeans-8.0.2/java/maven/lib/aether-impl-1.13.1.jar
7fbce0007000-7fbce000b000 r--s 00033000 08:02 1174112                    /home/jonas/Software/netbeans-8.0.2/java/maven/lib/plexus-utils-2.0.6.jar
7fbce000b000-7fbce0013000 r--s 00050000 08:02 1174084                    /home/jonas/Software/netbeans-8.0.2/java/maven/lib/sisu-guice-3.1.0-no_aop.jar
7fbce0013000-7fbce0016000 r--s 00008000 08:02 1174014                    /home/jonas/Software/netbeans-8.0.2/java/maven/lib/maven-settings-builder-3.0.5.jar
7fbce0016000-7fbce001a000 r--s 0001c000 08:02 1174114                    /home/jonas/Software/netbeans-8.0.2/java/maven/lib/aether-util-1.13.1.jar
7fbce001a000-7fbce0e28000 rw-p 00000000 00:00 0 
7fbce0e28000-7fbce1000000 r--s 03d17000 08:02 4981454                    /usr/local/java/jdk1.8.0_60/jre/lib/rt.jar
7fbce1000000-7fbce18f0000 rwxp 00000000 00:00 0 
7fbce18f0000-7fbcf0000000 ---p 00000000 00:00 0 
7fbcf0000000-7fbcf0a04000 rw-p 00000000 00:00 0 
7fbcf0a04000-7fbcf4000000 ---p 00000000 00:00 0 
7fbcf4000000-7fbcf4001000 r--s 00002000 08:02 1174127                    /home/jonas/Software/netbeans-8.0.2/java/maven/lib/wagon-file-2.4.jar
7fbcf4001000-7fbcf4002000 r--s 00006000 08:02 1174057                    /home/jonas/Software/netbeans-8.0.2/java/maven/lib/plexus-sec-dispatcher-1.3.jar
7fbcf4002000-7fbcf4004000 r--s 0000b000 08:02 1174092                    /home/jonas/Software/netbeans-8.0.2/java/maven/lib/wagon-provider-api-2.4.jar
7fbcf4004000-7fbcf400b000 r--s 0003f000 08:02 1174094                    /home/jonas/Software/netbeans-8.0.2/java/maven/lib/sisu-inject-bean-2.3.0.jar
7fbcf400b000-7fbcf400f000 r--s 00021000 08:02 1174056                    /home/jonas/Software/netbeans-8.0.2/java/maven/lib/maven-model-builder-3.0.5.jar
7fbcf400f000-7fbcf4af2000 rw-p 00000000 00:00 0 
7fbcf4af2000-7fbcf4af3000 ---p 00000000 00:00 0 
7fbcf4af3000-7fbcf4bf3000 rw-p 00000000 00:00 0                          [stack:4596]
7fbcf4bf3000-7fbcf4bf4000 ---p 00000000 00:00 0 
7fbcf4bf4000-7fbcf4cf4000 rw-p 00000000 00:00 0                          [stack:4595]
7fbcf4cf4000-7fbcf4cf5000 ---p 00000000 00:00 0 
7fbcf4cf5000-7fbcf4df5000 rw-p 00000000 00:00 0                          [stack:4594]
7fbcf4df5000-7fbcf4df6000 ---p 00000000 00:00 0 
7fbcf4df6000-7fbcf4ef6000 rw-p 00000000 00:00 0                          [stack:4593]
7fbcf4ef6000-7fbcf4ef7000 ---p 00000000 00:00 0 
7fbcf4ef7000-7fbcf4ff7000 rw-p 00000000 00:00 0                          [stack:4592]
7fbcf4ff7000-7fbcf4ff8000 ---p 00000000 00:00 0 
7fbcf4ff8000-7fbcf50f8000 rw-p 00000000 00:00 0                          [stack:4591]
7fbcf50f8000-7fbcf50f9000 ---p 00000000 00:00 0 
7fbcf50f9000-7fbcf51f9000 rw-p 00000000 00:00 0                          [stack:4590]
7fbcf51f9000-7fbcf51fa000 ---p 00000000 00:00 0 
7fbcf51fa000-7fbcf530e000 rw-p 00000000 00:00 0                          [stack:4589]
7fbcf530e000-7fbcf542a000 ---p 00000000 00:00 0 
7fbcf542a000-7fbcf543e000 rw-p 00000000 00:00 0 
7fbcf543e000-7fbcf555a000 ---p 00000000 00:00 0 
7fbcf555a000-7fbcf557a000 rw-p 00000000 00:00 0 
7fbcf557a000-7fbcf55f2000 ---p 00000000 00:00 0 
7fbcf55f2000-7fbcf5617000 rw-p 00000000 00:00 0 
7fbcf5617000-7fbcf59b3000 ---p 00000000 00:00 0 
7fbcf59b3000-7fbcf59cd000 r-xp 00000000 08:02 4981404                    /usr/local/java/jdk1.8.0_60/jre/lib/amd64/libzip.so
7fbcf59cd000-7fbcf5bcd000 ---p 0001a000 08:02 4981404                    /usr/local/java/jdk1.8.0_60/jre/lib/amd64/libzip.so
7fbcf5bcd000-7fbcf5bce000 rw-p 0001a000 08:02 4981404                    /usr/local/java/jdk1.8.0_60/jre/lib/amd64/libzip.so
7fbcf5bce000-7fbcf5bd9000 r-xp 00000000 08:02 3080211                    /lib/x86_64-linux-gnu/libnss_files-2.19.so
7fbcf5bd9000-7fbcf5dd8000 ---p 0000b000 08:02 3080211                    /lib/x86_64-linux-gnu/libnss_files-2.19.so
7fbcf5dd8000-7fbcf5dd9000 r--p 0000a000 08:02 3080211                    /lib/x86_64-linux-gnu/libnss_files-2.19.so
7fbcf5dd9000-7fbcf5dda000 rw-p 0000b000 08:02 3080211                    /lib/x86_64-linux-gnu/libnss_files-2.19.so
7fbcf5dda000-7fbcf5de5000 r-xp 00000000 08:02 3082943                    /lib/x86_64-linux-gnu/libnss_nis-2.19.so
7fbcf5de5000-7fbcf5fe4000 ---p 0000b000 08:02 3082943                    /lib/x86_64-linux-gnu/libnss_nis-2.19.so
7fbcf5fe4000-7fbcf5fe5000 r--p 0000a000 08:02 3082943                    /lib/x86_64-linux-gnu/libnss_nis-2.19.so
7fbcf5fe5000-7fbcf5fe6000 rw-p 0000b000 08:02 3082943                    /lib/x86_64-linux-gnu/libnss_nis-2.19.so
7fbcf5fe6000-7fbcf5ffd000 r-xp 00000000 08:02 3080286                    /lib/x86_64-linux-gnu/libnsl-2.19.so
7fbcf5ffd000-7fbcf61fc000 ---p 00017000 08:02 3080286                    /lib/x86_64-linux-gnu/libnsl-2.19.so
7fbcf61fc000-7fbcf61fd000 r--p 00016000 08:02 3080286                    /lib/x86_64-linux-gnu/libnsl-2.19.so
7fbcf61fd000-7fbcf61fe000 rw-p 00017000 08:02 3080286                    /lib/x86_64-linux-gnu/libnsl-2.19.so
7fbcf61fe000-7fbcf6200000 rw-p 00000000 00:00 0 
7fbcf6200000-7fbcf6209000 r-xp 00000000 08:02 3080285                    /lib/x86_64-linux-gnu/libnss_compat-2.19.so
7fbcf6209000-7fbcf6408000 ---p 00009000 08:02 3080285                    /lib/x86_64-linux-gnu/libnss_compat-2.19.so
7fbcf6408000-7fbcf6409000 r--p 00008000 08:02 3080285                    /lib/x86_64-linux-gnu/libnss_compat-2.19.so
7fbcf6409000-7fbcf640a000 rw-p 00009000 08:02 3080285                    /lib/x86_64-linux-gnu/libnss_compat-2.19.so
7fbcf640a000-7fbcf6434000 r-xp 00000000 08:02 4981382                    /usr/local/java/jdk1.8.0_60/jre/lib/amd64/libjava.so
7fbcf6434000-7fbcf6634000 ---p 0002a000 08:02 4981382                    /usr/local/java/jdk1.8.0_60/jre/lib/amd64/libjava.so
7fbcf6634000-7fbcf6636000 rw-p 0002a000 08:02 4981382                    /usr/local/java/jdk1.8.0_60/jre/lib/amd64/libjava.so
7fbcf6636000-7fbcf6643000 r-xp 00000000 08:02 4981398                    /usr/local/java/jdk1.8.0_60/jre/lib/amd64/libverify.so
7fbcf6643000-7fbcf6843000 ---p 0000d000 08:02 4981398                    /usr/local/java/jdk1.8.0_60/jre/lib/amd64/libverify.so
7fbcf6843000-7fbcf6845000 rw-p 0000d000 08:02 4981398                    /usr/local/java/jdk1.8.0_60/jre/lib/amd64/libverify.so
7fbcf6845000-7fbcf684c000 r-xp 00000000 08:02 3080294                    /lib/x86_64-linux-gnu/librt-2.19.so
7fbcf684c000-7fbcf6a4b000 ---p 00007000 08:02 3080294                    /lib/x86_64-linux-gnu/librt-2.19.so
7fbcf6a4b000-7fbcf6a4c000 r--p 00006000 08:02 3080294                    /lib/x86_64-linux-gnu/librt-2.19.so
7fbcf6a4c000-7fbcf6a4d000 rw-p 00007000 08:02 3080294                    /lib/x86_64-linux-gnu/librt-2.19.so
7fbcf6a4d000-7fbcf6b52000 r-xp 00000000 08:02 3080207                    /lib/x86_64-linux-gnu/libm-2.19.so
7fbcf6b52000-7fbcf6d51000 ---p 00105000 08:02 3080207                    /lib/x86_64-linux-gnu/libm-2.19.so
7fbcf6d51000-7fbcf6d52000 r--p 00104000 08:02 3080207                    /lib/x86_64-linux-gnu/libm-2.19.so
7fbcf6d52000-7fbcf6d53000 rw-p 00105000 08:02 3080207                    /lib/x86_64-linux-gnu/libm-2.19.so
7fbcf6d53000-7fbcf7a11000 r-xp 00000000 08:02 4981420                    /usr/local/java/jdk1.8.0_60/jre/lib/amd64/server/libjvm.so
7fbcf7a11000-7fbcf7c10000 ---p 00cbe000 08:02 4981420                    /usr/local/java/jdk1.8.0_60/jre/lib/amd64/server/libjvm.so
7fbcf7c10000-7fbcf7ce8000 rw-p 00cbd000 08:02 4981420                    /usr/local/java/jdk1.8.0_60/jre/lib/amd64/server/libjvm.so
7fbcf7ce8000-7fbcf7d2d000 rw-p 00000000 00:00 0 
7fbcf7d2d000-7fbcf7ee8000 r-xp 00000000 08:02 3080291                    /lib/x86_64-linux-gnu/libc-2.19.so
7fbcf7ee8000-7fbcf80e7000 ---p 001bb000 08:02 3080291                    /lib/x86_64-linux-gnu/libc-2.19.so
7fbcf80e7000-7fbcf80eb000 r--p 001ba000 08:02 3080291                    /lib/x86_64-linux-gnu/libc-2.19.so
7fbcf80eb000-7fbcf80ed000 rw-p 001be000 08:02 3080291                    /lib/x86_64-linux-gnu/libc-2.19.so
7fbcf80ed000-7fbcf80f2000 rw-p 00000000 00:00 0 
7fbcf80f2000-7fbcf80f5000 r-xp 00000000 08:02 3080222                    /lib/x86_64-linux-gnu/libdl-2.19.so
7fbcf80f5000-7fbcf82f4000 ---p 00003000 08:02 3080222                    /lib/x86_64-linux-gnu/libdl-2.19.so
7fbcf82f4000-7fbcf82f5000 r--p 00002000 08:02 3080222                    /lib/x86_64-linux-gnu/libdl-2.19.so
7fbcf82f5000-7fbcf82f6000 rw-p 00003000 08:02 3080222                    /lib/x86_64-linux-gnu/libdl-2.19.so
7fbcf82f6000-7fbcf830b000 r-xp 00000000 08:02 4957783                    /usr/local/java/jdk1.8.0_60/lib/amd64/jli/libjli.so
7fbcf830b000-7fbcf850b000 ---p 00015000 08:02 4957783                    /usr/local/java/jdk1.8.0_60/lib/amd64/jli/libjli.so
7fbcf850b000-7fbcf850c000 rw-p 00015000 08:02 4957783                    /usr/local/java/jdk1.8.0_60/lib/amd64/jli/libjli.so
7fbcf850c000-7fbcf8525000 r-xp 00000000 08:02 3080292                    /lib/x86_64-linux-gnu/libpthread-2.19.so
7fbcf8525000-7fbcf8724000 ---p 00019000 08:02 3080292                    /lib/x86_64-linux-gnu/libpthread-2.19.so
7fbcf8724000-7fbcf8725000 r--p 00018000 08:02 3080292                    /lib/x86_64-linux-gnu/libpthread-2.19.so
7fbcf8725000-7fbcf8726000 rw-p 00019000 08:02 3080292                    /lib/x86_64-linux-gnu/libpthread-2.19.so
7fbcf8726000-7fbcf872a000 rw-p 00000000 00:00 0 
7fbcf872a000-7fbcf874d000 r-xp 00000000 08:02 3080288                    /lib/x86_64-linux-gnu/ld-2.19.so
7fbcf874d000-7fbcf874f000 r--s 0000a000 08:02 1174107                    /home/jonas/Software/netbeans-8.0.2/java/maven/lib/maven-settings-3.0.5.jar
7fbcf874f000-7fbcf8753000 r--s 00013000 08:02 1174119                    /home/jonas/Software/netbeans-8.0.2/java/maven/lib/aether-api-1.13.1.jar
7fbcf8753000-7fbcf8755000 r--s 00002000 08:02 1174118                    /home/jonas/Software/netbeans-8.0.2/java/maven/lib/plexus-cipher-1.7.jar
7fbcf8755000-7fbcf8827000 rw-p 00000000 00:00 0 
7fbcf8827000-7fbcf882a000 ---p 00000000 00:00 0 
7fbcf882a000-7fbcf892c000 rw-p 00000000 00:00 0                          [stack:4588]
7fbcf892c000-7fbcf892e000 r--s 0000a000 08:02 1181977                    /home/jonas/Software/netbeans-8.0.2/java/maven/boot/plexus-classworlds-2.4.jar
7fbcf892e000-7fbcf8940000 rw-p 00000000 00:00 0 
7fbcf8940000-7fbcf8948000 rw-s 00000000 08:02 393538                     /tmp/hsperfdata_jonas/4585
7fbcf8948000-7fbcf8949000 rw-p 00000000 00:00 0 
7fbcf8949000-7fbcf894a000 ---p 00000000 00:00 0 
7fbcf894a000-7fbcf894c000 rw-p 00000000 00:00 0 
7fbcf894c000-7fbcf894d000 r--p 00022000 08:02 3080288                    /lib/x86_64-linux-gnu/ld-2.19.so
7fbcf894d000-7fbcf894e000 rw-p 00023000 08:02 3080288                    /lib/x86_64-linux-gnu/ld-2.19.so
7fbcf894e000-7fbcf894f000 rw-p 00000000 00:00 0 
7fff431fe000-7fff4321f000 rw-p 00000000 00:00 0                          [stack]
7fff4331b000-7fff4331d000 r-xp 00000000 00:00 0                          [vdso]
7fff4331d000-7fff4331f000 r--p 00000000 00:00 0                          [vvar]
ffffffffff600000-ffffffffff601000 r-xp 00000000 00:00 0                  [vsyscall]

VM Arguments:
jvm_args: -Dclassworlds.conf=/home/jonas/Software/netbeans-8.0.2/java/maven/bin/m2.conf -Dmaven.home=/home/jonas/Software/netbeans-8.0.2/java/maven 
java_command: org.codehaus.plexus.classworlds.launcher.Launcher -Dnetbeans.deploy.debugmode=true -Dnetbeans.deploy=true -Dmaven.ext.class.path=/home/jonas/Software/netbeans-8.0.2/java/maven-nblib/netbeans-eventspy.jar package
java_class_path (initial): /home/jonas/Software/netbeans-8.0.2/java/maven/boot/plexus-classworlds-2.4.jar
Launcher Type: SUN_STANDARD

Environment Variables:
JAVA_HOME=/usr/local/java/jdk1.8.0_60
JRE_HOME=/usr/local/java/jdk1.8.0_60/jre
PATH=/usr/local/sbin:/usr/local/bin:/usr/sbin:/usr/bin:/sbin:/bin:/usr/games:/usr/local/games:/usr/lib/jvm/java-8-oracle/bin:/usr/lib/jvm/java-8-oracle/db/bin:/usr/lib/jvm/java-8-oracle/jre/bin:/usr/lib/jvm/java-8-oracle/bin:/usr/lib/jvm/java-8-oracle/db/bin:/usr/lib/jvm/java-8-oracle/jre/bin:/home/jonas/bin:/usr/local/java/jdk1.8.0_60/bin
LD_LIBRARY_PATH=/usr/local/java/jdk1.8.0_60/jre/lib/amd64:/usr/local/java/jdk1.8.0_60/jre/lib/i386:
SHELL=/bin/bash
DISPLAY=:0

Signal Handlers:
SIGSEGV: [libjvm.so+0xaba070], sa_mask[0]=11111111011111111101111111111110, sa_flags=SA_RESTART|SA_SIGINFO
SIGBUS: [libjvm.so+0xaba070], sa_mask[0]=11111111011111111101111111111110, sa_flags=SA_RESTART|SA_SIGINFO
SIGFPE: [libjvm.so+0x917630], sa_mask[0]=11111111011111111101111111111110, sa_flags=SA_RESTART|SA_SIGINFO
SIGPIPE: [libjvm.so+0x917630], sa_mask[0]=11111111011111111101111111111110, sa_flags=SA_RESTART|SA_SIGINFO
SIGXFSZ: [libjvm.so+0x917630], sa_mask[0]=11111111011111111101111111111110, sa_flags=SA_RESTART|SA_SIGINFO
SIGILL: [libjvm.so+0x917630], sa_mask[0]=11111111011111111101111111111110, sa_flags=SA_RESTART|SA_SIGINFO
SIGUSR1: SIG_DFL, sa_mask[0]=00000000000000000000000000000000, sa_flags=none
SIGUSR2: [libjvm.so+0x918c60], sa_mask[0]=00100000000000000000000000000000, sa_flags=SA_RESTART|SA_SIGINFO
SIGHUP: [libjvm.so+0x91a060], sa_mask[0]=11111111011111111101111111111110, sa_flags=SA_RESTART|SA_SIGINFO
SIGINT: SIG_IGN, sa_mask[0]=00000000000000000000000000000000, sa_flags=none
SIGTERM: [libjvm.so+0x91a060], sa_mask[0]=11111111011111111101111111111110, sa_flags=SA_RESTART|SA_SIGINFO
SIGQUIT: [libjvm.so+0x91a060], sa_mask[0]=11111111011111111101111111111110, sa_flags=SA_RESTART|SA_SIGINFO


---------------  S Y S T E M  ---------------

OS:DISTRIB_ID=Ubuntu
DISTRIB_RELEASE=14.04
DISTRIB_CODENAME=trusty
DISTRIB_DESCRIPTION="Ubuntu 14.04.3 LTS"

uname:Linux 3.16.0-46-generic #62~14.04.1-Ubuntu SMP Tue Aug 11 16:27:16 UTC 2015 x86_64
libc:glibc 2.19 NPTL 2.19 
rlimit: STACK 8192k, CORE 0k, NPROC 14472, NOFILE 4096, AS infinity
load average:6,99 2,18 1,00

/proc/meminfo:
MemTotal:        3734768 kB
MemFree:          100600 kB
MemAvailable:      45156 kB
Buffers:             616 kB
Cached:           549056 kB
SwapCached:          128 kB
Active:          2632196 kB
Inactive:         816968 kB
Active(anon):    2625852 kB
Inactive(anon):   803080 kB
Active(file):       6344 kB
Inactive(file):    13888 kB
Unevictable:         164 kB
Mlocked:             164 kB
SwapTotal:        358396 kB
SwapFree:              0 kB
Dirty:               156 kB
Writeback:             0 kB
AnonPages:       2901412 kB
Mapped:           124272 kB
Shmem:            526956 kB
Slab:              76464 kB
SReclaimable:      37808 kB
SUnreclaim:        38656 kB
KernelStack:       12784 kB
PageTables:        44912 kB
NFS_Unstable:          0 kB
Bounce:                0 kB
WritebackTmp:          0 kB
CommitLimit:     2225780 kB
Committed_AS:    8679180 kB
VmallocTotal:   34359738367 kB
VmallocUsed:      352408 kB
VmallocChunk:   34359376920 kB
HardwareCorrupted:     0 kB
AnonHugePages:   1058816 kB
HugePages_Total:       0
HugePages_Free:        0
HugePages_Rsvd:        0
HugePages_Surp:        0
Hugepagesize:       2048 kB
DirectMap4k:       75036 kB
DirectMap2M:     3803136 kB


CPU:total 8 (4 cores per cpu, 2 threads per core) family 6 model 42 stepping 7, cmov, cx8, fxsr, mmx, sse, sse2, sse3, ssse3, sse4.1, sse4.2, popcnt, avx, aes, clmul, ht, tsc, tscinvbit

/proc/cpuinfo:
processor	: 0
vendor_id	: GenuineIntel
cpu family	: 6
model		: 42
model name	: Intel(R) Core(TM) i7-2600K CPU @ 3.40GHz
stepping	: 7
microcode	: 0x26
cpu MHz		: 1751.796
cache size	: 8192 KB
physical id	: 0
siblings	: 8
core id		: 0
cpu cores	: 4
apicid		: 0
initial apicid	: 0
fpu		: yes
fpu_exception	: yes
cpuid level	: 13
wp		: yes
flags		: fpu vme de pse tsc msr pae mce cx8 apic sep mtrr pge mca cmov pat pse36 clflush dts acpi mmx fxsr sse sse2 ss ht tm pbe syscall nx rdtscp lm constant_tsc arch_perfmon pebs bts rep_good nopl xtopology nonstop_tsc aperfmperf eagerfpu pni pclmulqdq dtes64 monitor ds_cpl vmx est tm2 ssse3 cx16 xtpr pdcm pcid sse4_1 sse4_2 popcnt tsc_deadline_timer aes xsave avx lahf_lm ida arat epb xsaveopt pln pts dtherm tpr_shadow vnmi flexpriority ept vpid
bogomips	: 6820.19
clflush size	: 64
cache_alignment	: 64
address sizes	: 36 bits physical, 48 bits virtual
power management:

processor	: 1
vendor_id	: GenuineIntel
cpu family	: 6
model		: 42
model name	: Intel(R) Core(TM) i7-2600K CPU @ 3.40GHz
stepping	: 7
microcode	: 0x26
cpu MHz		: 1808.242
cache size	: 8192 KB
physical id	: 0
siblings	: 8
core id		: 1
cpu cores	: 4
apicid		: 2
initial apicid	: 2
fpu		: yes
fpu_exception	: yes
cpuid level	: 13
wp		: yes
flags		: fpu vme de pse tsc msr pae mce cx8 apic sep mtrr pge mca cmov pat pse36 clflush dts acpi mmx fxsr sse sse2 ss ht tm pbe syscall nx rdtscp lm constant_tsc arch_perfmon pebs bts rep_good nopl xtopology nonstop_tsc aperfmperf eagerfpu pni pclmulqdq dtes64 monitor ds_cpl vmx est tm2 ssse3 cx16 xtpr pdcm pcid sse4_1 sse4_2 popcnt tsc_deadline_timer aes xsave avx lahf_lm ida arat epb xsaveopt pln pts dtherm tpr_shadow vnmi flexpriority ept vpid
bogomips	: 6820.19
clflush size	: 64
cache_alignment	: 64
address sizes	: 36 bits physical, 48 bits virtual
power management:

processor	: 2
vendor_id	: GenuineIntel
cpu family	: 6
model		: 42
model name	: Intel(R) Core(TM) i7-2600K CPU @ 3.40GHz
stepping	: 7
microcode	: 0x26
cpu MHz		: 1693.625
cache size	: 8192 KB
physical id	: 0
siblings	: 8
core id		: 2
cpu cores	: 4
apicid		: 4
initial apicid	: 4
fpu		: yes
fpu_exception	: yes
cpuid level	: 13
wp		: yes
flags		: fpu vme de pse tsc msr pae mce cx8 apic sep mtrr pge mca cmov pat pse36 clflush dts acpi mmx fxsr sse sse2 ss ht tm pbe syscall nx rdtscp lm constant_tsc arch_perfmon pebs bts rep_good nopl xtopology nonstop_tsc aperfmperf eagerfpu pni pclmulqdq dtes64 monitor ds_cpl vmx est tm2 ssse3 cx16 xtpr pdcm pcid sse4_1 sse4_2 popcnt tsc_deadline_timer aes xsave avx lahf_lm ida arat epb xsaveopt pln pts dtherm tpr_shadow vnmi flexpriority ept vpid
bogomips	: 6820.19
clflush size	: 64
cache_alignment	: 64
address sizes	: 36 bits physical, 48 bits virtual
power management:

processor	: 3
vendor_id	: GenuineIntel
cpu family	: 6
model		: 42
model name	: Intel(R) Core(TM) i7-2600K CPU @ 3.40GHz
stepping	: 7
microcode	: 0x26
cpu MHz		: 1769.992
cache size	: 8192 KB
physical id	: 0
siblings	: 8
core id		: 3
cpu cores	: 4
apicid		: 6
initial apicid	: 6
fpu		: yes
fpu_exception	: yes
cpuid level	: 13
wp		: yes
flags		: fpu vme de pse tsc msr pae mce cx8 apic sep mtrr pge mca cmov pat pse36 clflush dts acpi mmx fxsr sse sse2 ss ht tm pbe syscall nx rdtscp lm constant_tsc arch_perfmon pebs bts rep_good nopl xtopology nonstop_tsc aperfmperf eagerfpu pni pclmulqdq dtes64 monitor ds_cpl vmx est tm2 ssse3 cx16 xtpr pdcm pcid sse4_1 sse4_2 popcnt tsc_deadline_timer aes xsave avx lahf_lm ida arat epb xsaveopt pln pts dtherm tpr_shadow vnmi flexpriority ept vpid
bogomips	: 6820.19
clflush size	: 64
cache_alignment	: 64
address sizes	: 36 bits physical, 48 bits virtual
power management:

processor	: 4
vendor_id	: GenuineIntel
cpu family	: 6
model		: 42
model name	: Intel(R) Core(TM) i7-2600K CPU @ 3.40GHz
stepping	: 7
microcode	: 0x26
cpu MHz		: 1792.835
cache size	: 8192 KB
physical id	: 0
siblings	: 8
core id		: 0
cpu cores	: 4
apicid		: 1
initial apicid	: 1
fpu		: yes
fpu_exception	: yes
cpuid level	: 13
wp		: yes
flags		: fpu vme de pse tsc msr pae mce cx8 apic sep mtrr pge mca cmov pat pse36 clflush dts acpi mmx fxsr sse sse2 ss ht tm pbe syscall nx rdtscp lm constant_tsc arch_perfmon pebs bts rep_good nopl xtopology nonstop_tsc aperfmperf eagerfpu pni pclmulqdq dtes64 monitor ds_cpl vmx est tm2 ssse3 cx16 xtpr pdcm pcid sse4_1 sse4_2 popcnt tsc_deadline_timer aes xsave avx lahf_lm ida arat epb xsaveopt pln pts dtherm tpr_shadow vnmi flexpriority ept vpid
bogomips	: 6820.19
clflush size	: 64
cache_alignment	: 64
address sizes	: 36 bits physical, 48 bits virtual
power management:

processor	: 5
vendor_id	: GenuineIntel
cpu family	: 6
model		: 42
model name	: Intel(R) Core(TM) i7-2600K CPU @ 3.40GHz
stepping	: 7
microcode	: 0x26
cpu MHz		: 1743.960
cache size	: 8192 KB
physical id	: 0
siblings	: 8
core id		: 1
cpu cores	: 4
apicid		: 3
initial apicid	: 3
fpu		: yes
fpu_exception	: yes
cpuid level	: 13
wp		: yes
flags		: fpu vme de pse tsc msr pae mce cx8 apic sep mtrr pge mca cmov pat pse36 clflush dts acpi mmx fxsr sse sse2 ss ht tm pbe syscall nx rdtscp lm constant_tsc arch_perfmon pebs bts rep_good nopl xtopology nonstop_tsc aperfmperf eagerfpu pni pclmulqdq dtes64 monitor ds_cpl vmx est tm2 ssse3 cx16 xtpr pdcm pcid sse4_1 sse4_2 popcnt tsc_deadline_timer aes xsave avx lahf_lm ida arat epb xsaveopt pln pts dtherm tpr_shadow vnmi flexpriority ept vpid
bogomips	: 6820.19
clflush size	: 64
cache_alignment	: 64
address sizes	: 36 bits physical, 48 bits virtual
power management:

processor	: 6
vendor_id	: GenuineIntel
cpu family	: 6
model		: 42
model name	: Intel(R) Core(TM) i7-2600K CPU @ 3.40GHz
stepping	: 7
microcode	: 0x26
cpu MHz		: 1956.726
cache size	: 8192 KB
physical id	: 0
siblings	: 8
core id		: 2
cpu cores	: 4
apicid		: 5
initial apicid	: 5
fpu		: yes
fpu_exception	: yes
cpuid level	: 13
wp		: yes
flags		: fpu vme de pse tsc msr pae mce cx8 apic sep mtrr pge mca cmov pat pse36 clflush dts acpi mmx fxsr sse sse2 ss ht tm pbe syscall nx rdtscp lm constant_tsc arch_perfmon pebs bts rep_good nopl xtopology nonstop_tsc aperfmperf eagerfpu pni pclmulqdq dtes64 monitor ds_cpl vmx est tm2 ssse3 cx16 xtpr pdcm pcid sse4_1 sse4_2 popcnt tsc_deadline_timer aes xsave avx lahf_lm ida arat epb xsaveopt pln pts dtherm tpr_shadow vnmi flexpriority ept vpid
bogomips	: 6820.19
clflush size	: 64
cache_alignment	: 64
address sizes	: 36 bits physical, 48 bits virtual
power management:

processor	: 7
vendor_id	: GenuineIntel
cpu family	: 6
model		: 42
model name	: Intel(R) Core(TM) i7-2600K CPU @ 3.40GHz
stepping	: 7
microcode	: 0x26
cpu MHz		: 1714.210
cache size	: 8192 KB
physical id	: 0
siblings	: 8
core id		: 3
cpu cores	: 4
apicid		: 7
initial apicid	: 7
fpu		: yes
fpu_exception	: yes
cpuid level	: 13
wp		: yes
flags		: fpu vme de pse tsc msr pae mce cx8 apic sep mtrr pge mca cmov pat pse36 clflush dts acpi mmx fxsr sse sse2 ss ht tm pbe syscall nx rdtscp lm constant_tsc arch_perfmon pebs bts rep_good nopl xtopology nonstop_tsc aperfmperf eagerfpu pni pclmulqdq dtes64 monitor ds_cpl vmx est tm2 ssse3 cx16 xtpr pdcm pcid sse4_1 sse4_2 popcnt tsc_deadline_timer aes xsave avx lahf_lm ida arat epb xsaveopt pln pts dtherm tpr_shadow vnmi flexpriority ept vpid
bogomips	: 6820.19
clflush size	: 64
cache_alignment	: 64
address sizes	: 36 bits physical, 48 bits virtual
power management:



Memory: 4k page, physical 3734768k(102372k free), swap 358396k(0k free)

vm_info: Java HotSpot(TM) 64-Bit Server VM (25.60-b23) for linux-amd64 JRE (1.8.0_60-b27), built on Aug  4 2015 12:19:40 by "java_re" with gcc 4.3.0 20080428 (Red Hat 4.3.0-8)

time: Sun Sep 20 11:18:40 2015
elapsed time: 35 seconds (0d 0h 0m 35s)

