#
# There is insufficient memory for the Java Runtime Environment to continue.
# Native memory allocation (mmap) failed to map 73400320 bytes for committing reserved memory.
# Possible reasons:
#   The system is out of physical RAM or swap space
#   In 32 bit mode, the process size limit was hit
# Possible solutions:
#   Reduce memory load on the system
#   Increase physical memory or swap space
#   Check if swap backing store is full
#   Use 64 bit Java on a 64 bit OS
#   Decrease Java heap size (-Xmx/-Xms)
#   Decrease number of Java threads
#   Decrease Java thread stack sizes (-Xss)
#   Set larger code cache with -XX:ReservedCodeCacheSize=
# This output file may be truncated or incomplete.
#
#  Out of Memory Error (os_linux.cpp:2627), pid=5117, tid=140384272942848
#
# JRE version: Java(TM) SE Runtime Environment (8.0_60-b27) (build 1.8.0_60-b27)
# Java VM: Java HotSpot(TM) 64-Bit Server VM (25.60-b23 mixed mode linux-amd64 compressed oops)
# Failed to write core dump. Core dumps have been disabled. To enable core dumping, try "ulimit -c unlimited" before starting Java again
#

---------------  T H R E A D  ---------------

Current thread (0x00007fade8080000):  VMThread [stack: 0x00007fadc2a88000,0x00007fadc2b89000] [id=5129]

Stack: [0x00007fadc2a88000,0x00007fadc2b89000],  sp=0x00007fadc2b87060,  free space=1020k
Native frames: (J=compiled Java code, j=interpreted, Vv=VM code, C=native code)
V  [libjvm.so+0xab97ea]  VMError::report_and_die()+0x2ba
V  [libjvm.so+0x4f9dab]  report_vm_out_of_memory(char const*, int, unsigned long, VMErrorType, char const*)+0x8b
V  [libjvm.so+0x91a7c3]  os::Linux::commit_memory_impl(char*, unsigned long, bool)+0x103
V  [libjvm.so+0x91ad19]  os::pd_commit_memory(char*, unsigned long, unsigned long, bool)+0x29
V  [libjvm.so+0x91502a]  os::commit_memory(char*, unsigned long, unsigned long, bool)+0x2a
V  [libjvm.so+0x9886d3]  PSVirtualSpace::expand_by(unsigned long)+0x53
V  [libjvm.so+0x989ad8]  PSYoungGen::resize_generation(unsigned long, unsigned long)+0xf8
V  [libjvm.so+0x988c32]  PSYoungGen::resize(unsigned long, unsigned long)+0x22
V  [libjvm.so+0x985f0b]  PSScavenge::invoke_no_policy()+0xf3b
V  [libjvm.so+0x986691]  PSScavenge::invoke()+0x41
V  [libjvm.so+0x93e430]  ParallelScavengeHeap::failed_mem_allocate(unsigned long)+0x70
V  [libjvm.so+0xabb207]  VM_ParallelGCFailedAllocation::doit()+0x97
V  [libjvm.so+0xac2c35]  VM_Operation::evaluate()+0x55
V  [libjvm.so+0xac100a]  VMThread::evaluate_operation(VM_Operation*)+0xba
V  [libjvm.so+0xac138e]  VMThread::loop()+0x1ce
V  [libjvm.so+0xac1800]  VMThread::run()+0x70
V  [libjvm.so+0x91cb88]  java_start(Thread*)+0x108

VM_Operation (0x00007fadf1e9bfb0): ParallelGCFailedAllocation, mode: safepoint, requested by thread 0x00007fade800a000


---------------  P R O C E S S  ---------------

Java Threads: ( => current thread )
  0x00007fade8644800 JavaThread "process reaper" daemon [_thread_blocked, id=5141, stack(0x00007fadc1377000,0x00007fadc13b0000)]
  0x00007fade80d3800 JavaThread "Service Thread" daemon [_thread_blocked, id=5137, stack(0x00007fadc193d000,0x00007fadc1a3e000)]
  0x00007fade80c6000 JavaThread "C1 CompilerThread3" daemon [_thread_blocked, id=5136, stack(0x00007fadc1a3e000,0x00007fadc1b3f000)]
  0x00007fade80c4000 JavaThread "C2 CompilerThread2" daemon [_thread_blocked, id=5135, stack(0x00007fadc1b3f000,0x00007fadc1c40000)]
  0x00007fade80c2000 JavaThread "C2 CompilerThread1" daemon [_thread_blocked, id=5134, stack(0x00007fadc1c40000,0x00007fadc1d41000)]
  0x00007fade80bf800 JavaThread "C2 CompilerThread0" daemon [_thread_blocked, id=5133, stack(0x00007fadc1d41000,0x00007fadc1e42000)]
  0x00007fade80be000 JavaThread "Signal Dispatcher" daemon [_thread_blocked, id=5132, stack(0x00007fadc1e42000,0x00007fadc1f43000)]
  0x00007fade8087000 JavaThread "Finalizer" daemon [_thread_blocked, id=5131, stack(0x00007fadc2886000,0x00007fadc2987000)]
  0x00007fade8085000 JavaThread "Reference Handler" daemon [_thread_blocked, id=5130, stack(0x00007fadc2987000,0x00007fadc2a88000)]
  0x00007fade800a000 JavaThread "main" [_thread_blocked, id=5120, stack(0x00007fadf1d9f000,0x00007fadf1ea0000)]

Other Threads:
=>0x00007fade8080000 VMThread [stack: 0x00007fadc2a88000,0x00007fadc2b89000] [id=5129]
  0x00007fade80d6000 WatcherThread [stack: 0x00007fadc183c000,0x00007fadc193d000] [id=5138]

VM state:at safepoint (normal execution)

VM Mutex/Monitor currently owned by a thread:  ([mutex/lock_event])
[0x00007fade8006270] Threads_lock - owner thread: 0x00007fade8080000
[0x00007fade8006770] Heap_lock - owner thread: 0x00007fade800a000

Heap:
 PSYoungGen      total 63488K, used 2048K [0x00000000ed000000, 0x00000000f1000000, 0x0000000100000000)
  eden space 61440K, 0% used [0x00000000ed000000,0x00000000ed000000,0x00000000f0c00000)
  from space 2048K, 100% used [0x00000000f0c00000,0x00000000f0e00000,0x00000000f0e00000)
  to   space 2048K, 0% used [0x00000000f0e00000,0x00000000f0e00000,0x00000000f1000000)
 ParOldGen       total 39936K, used 12312K [0x00000000c7000000, 0x00000000c9700000, 0x00000000ed000000)
  object space 39936K, 30% used [0x00000000c7000000,0x00000000c7c063c0,0x00000000c9700000)
 Metaspace       used 17684K, capacity 18186K, committed 18304K, reserved 1064960K
  class space    used 2181K, capacity 2333K, committed 2432K, reserved 1048576K

Card table byte_map: [0x00007fadee9a2000,0x00007fadeeb6b000] byte_map_base: 0x00007fadee36a000

Marking Bits: (ParMarkBitMap*) 0x00007fadf1279de0
 Begin Bits: [0x00007fadec3ea000, 0x00007faded22a000)
 End Bits:   [0x00007faded22a000, 0x00007fadee06a000)

Polling page: 0x00007fadf1ec1000

CodeCache: size=245760Kb used=8796Kb max_used=8822Kb free=236963Kb
 bounds [0x00007fadd9000000, 0x00007fadd98b0000, 0x00007fade8000000]
 total_blobs=2824 nmethods=2468 adapters=268
 compilation: enabled

Compilation events (10 events):
Event: 12,026 Thread 0x00007fade80c6000 nmethod 2469 0x00007fadd9846f10 code [0x00007fadd9847080, 0x00007fadd9847250]
Event: 12,026 Thread 0x00007fade80c6000 2468       3       com.sun.tools.javac.util.SharedNameTable$NameImpl::<init> (6 bytes)
Event: 12,026 Thread 0x00007fade80c6000 nmethod 2468 0x00007fadd985bb90 code [0x00007fadd985bd00, 0x00007fadd985bf30]
Event: 12,068 Thread 0x00007fade80c6000 2474       3       com.sun.tools.javac.util.Context::uncheckedCast (2 bytes)
Event: 12,068 Thread 0x00007fade80c6000 nmethod 2474 0x00007fadd985b490 code [0x00007fadd985b5e0, 0x00007fadd985b710]
Event: 12,085 Thread 0x00007fade80c6000 2475       3       com.sun.tools.javac.util.Context::get (82 bytes)
Event: 12,087 Thread 0x00007fade80c6000 nmethod 2475 0x00007fadd985a210 code [0x00007fadd985a440, 0x00007fadd985b018]
Event: 12,115 Thread 0x00007fade80c6000 2476       3       java.util.concurrent.ConcurrentHashMap::put (8 bytes)
Event: 12,115 Thread 0x00007fade80c6000 nmethod 2476 0x00007fadd9859e10 code [0x00007fadd9859f80, 0x00007fadd985a188]
Event: 12,175 Thread 0x00007fade80c2000 2477       4       java.util.jar.Manifest$FastInputStream::readLine (167 bytes)

GC Heap History (9 events):
Event: 0,481 GC heap before
{Heap before GC invocations=1 (full 0):
 PSYoungGen      total 17408K, used 15360K [0x00000000ed000000, 0x00000000ee300000, 0x0000000100000000)
  eden space 15360K, 100% used [0x00000000ed000000,0x00000000edf00000,0x00000000edf00000)
  from space 2048K, 0% used [0x00000000ee100000,0x00000000ee100000,0x00000000ee300000)
  to   space 2048K, 0% used [0x00000000edf00000,0x00000000edf00000,0x00000000ee100000)
 ParOldGen       total 39936K, used 0K [0x00000000c7000000, 0x00000000c9700000, 0x00000000ed000000)
  object space 39936K, 0% used [0x00000000c7000000,0x00000000c7000000,0x00000000c9700000)
 Metaspace       used 6677K, capacity 6812K, committed 7040K, reserved 1056768K
  class space    used 820K, capacity 888K, committed 896K, reserved 1048576K
Event: 0,505 GC heap after
Heap after GC invocations=1 (full 0):
 PSYoungGen      total 17408K, used 2041K [0x00000000ed000000, 0x00000000ef200000, 0x0000000100000000)
  eden space 15360K, 0% used [0x00000000ed000000,0x00000000ed000000,0x00000000edf00000)
  from space 2048K, 99% used [0x00000000edf00000,0x00000000ee0fe768,0x00000000ee100000)
  to   space 2048K, 0% used [0x00000000ef000000,0x00000000ef000000,0x00000000ef200000)
 ParOldGen       total 39936K, used 1156K [0x00000000c7000000, 0x00000000c9700000, 0x00000000ed000000)
  object space 39936K, 2% used [0x00000000c7000000,0x00000000c7121248,0x00000000c9700000)
 Metaspace       used 6677K, capacity 6812K, committed 7040K, reserved 1056768K
  class space    used 820K, capacity 888K, committed 896K, reserved 1048576K
}
Event: 0,686 GC heap before
{Heap before GC invocations=2 (full 0):
 PSYoungGen      total 17408K, used 17401K [0x00000000ed000000, 0x00000000ef200000, 0x0000000100000000)
  eden space 15360K, 100% used [0x00000000ed000000,0x00000000edf00000,0x00000000edf00000)
  from space 2048K, 99% used [0x00000000edf00000,0x00000000ee0fe768,0x00000000ee100000)
  to   space 2048K, 0% used [0x00000000ef000000,0x00000000ef000000,0x00000000ef200000)
 ParOldGen       total 39936K, used 1156K [0x00000000c7000000, 0x00000000c9700000, 0x00000000ed000000)
  object space 39936K, 2% used [0x00000000c7000000,0x00000000c7121248,0x00000000c9700000)
 Metaspace       used 7923K, capacity 8008K, committed 8320K, reserved 1056768K
  class space    used 1007K, capacity 1050K, committed 1152K, reserved 1048576K
Event: 0,691 GC heap after
Heap after GC invocations=2 (full 0):
 PSYoungGen      total 32768K, used 2048K [0x00000000ed000000, 0x00000000ef200000, 0x0000000100000000)
  eden space 30720K, 0% used [0x00000000ed000000,0x00000000ed000000,0x00000000eee00000)
  from space 2048K, 100% used [0x00000000ef000000,0x00000000ef200000,0x00000000ef200000)
  to   space 2048K, 0% used [0x00000000eee00000,0x00000000eee00000,0x00000000ef000000)
 ParOldGen       total 39936K, used 2071K [0x00000000c7000000, 0x00000000c9700000, 0x00000000ed000000)
  object space 39936K, 5% used [0x00000000c7000000,0x00000000c7205d08,0x00000000c9700000)
 Metaspace       used 7923K, capacity 8008K, committed 8320K, reserved 1056768K
  class space    used 1007K, capacity 1050K, committed 1152K, reserved 1048576K
}
Event: 1,178 GC heap before
{Heap before GC invocations=3 (full 0):
 PSYoungGen      total 32768K, used 32768K [0x00000000ed000000, 0x00000000ef200000, 0x0000000100000000)
  eden space 30720K, 100% used [0x00000000ed000000,0x00000000eee00000,0x00000000eee00000)
  from space 2048K, 100% used [0x00000000ef000000,0x00000000ef200000,0x00000000ef200000)
  to   space 2048K, 0% used [0x00000000eee00000,0x00000000eee00000,0x00000000ef000000)
 ParOldGen       total 39936K, used 2071K [0x00000000c7000000, 0x00000000c9700000, 0x00000000ed000000)
  object space 39936K, 5% used [0x00000000c7000000,0x00000000c7205d08,0x00000000c9700000)
 Metaspace       used 12980K, capacity 13260K, committed 13568K, reserved 1060864K
  class space    used 1595K, capacity 1690K, committed 1792K, reserved 1048576K
Event: 1,185 GC heap after
Heap after GC invocations=3 (full 0):
 PSYoungGen      total 32768K, used 2032K [0x00000000ed000000, 0x00000000f1000000, 0x0000000100000000)
  eden space 30720K, 0% used [0x00000000ed000000,0x00000000ed000000,0x00000000eee00000)
  from space 2048K, 99% used [0x00000000eee00000,0x00000000eeffc010,0x00000000ef000000)
  to   space 2048K, 0% used [0x00000000f0e00000,0x00000000f0e00000,0x00000000f1000000)
 ParOldGen       total 39936K, used 6594K [0x00000000c7000000, 0x00000000c9700000, 0x00000000ed000000)
  object space 39936K, 16% used [0x00000000c7000000,0x00000000c7670aa0,0x00000000c9700000)
 Metaspace       used 12980K, capacity 13260K, committed 13568K, reserved 1060864K
  class space    used 1595K, capacity 1690K, committed 1792K, reserved 1048576K
}
Event: 1,486 GC heap before
{Heap before GC invocations=4 (full 0):
 PSYoungGen      total 32768K, used 32752K [0x00000000ed000000, 0x00000000f1000000, 0x0000000100000000)
  eden space 30720K, 100% used [0x00000000ed000000,0x00000000eee00000,0x00000000eee00000)
  from space 2048K, 99% used [0x00000000eee00000,0x00000000eeffc010,0x00000000ef000000)
  to   space 2048K, 0% used [0x00000000f0e00000,0x00000000f0e00000,0x00000000f1000000)
 ParOldGen       total 39936K, used 6594K [0x00000000c7000000, 0x00000000c9700000, 0x00000000ed000000)
  object space 39936K, 16% used [0x00000000c7000000,0x00000000c7670aa0,0x00000000c9700000)
 Metaspace       used 13369K, capacity 13630K, committed 13824K, reserved 1060864K
  class space    used 1620K, capacity 1725K, committed 1792K, reserved 1048576K
Event: 1,494 GC heap after
Heap after GC invocations=4 (full 0):
 PSYoungGen      total 63488K, used 2032K [0x00000000ed000000, 0x00000000f1000000, 0x0000000100000000)
  eden space 61440K, 0% used [0x00000000ed000000,0x00000000ed000000,0x00000000f0c00000)
  from space 2048K, 99% used [0x00000000f0e00000,0x00000000f0ffc010,0x00000000f1000000)
  to   space 2048K, 0% used [0x00000000f0c00000,0x00000000f0c00000,0x00000000f0e00000)
 ParOldGen       total 39936K, used 8681K [0x00000000c7000000, 0x00000000c9700000, 0x00000000ed000000)
  object space 39936K, 21% used [0x00000000c7000000,0x00000000c787a518,0x00000000c9700000)
 Metaspace       used 13369K, capacity 13630K, committed 13824K, reserved 1060864K
  class space    used 1620K, capacity 1725K, committed 1792K, reserved 1048576K
}
Event: 12,310 GC heap before
{Heap before GC invocations=5 (full 0):
 PSYoungGen      total 63488K, used 63472K [0x00000000ed000000, 0x00000000f1000000, 0x0000000100000000)
  eden space 61440K, 100% used [0x00000000ed000000,0x00000000f0c00000,0x00000000f0c00000)
  from space 2048K, 99% used [0x00000000f0e00000,0x00000000f0ffc010,0x00000000f1000000)
  to   space 2048K, 0% used [0x00000000f0c00000,0x00000000f0c00000,0x00000000f0e00000)
 ParOldGen       total 39936K, used 8681K [0x00000000c7000000, 0x00000000c9700000, 0x00000000ed000000)
  object space 39936K, 21% used [0x00000000c7000000,0x00000000c787a518,0x00000000c9700000)
 Metaspace       used 17684K, capacity 18186K, committed 18304K, reserved 1064960K
  class space    used 2181K, capacity 2333K, committed 2432K, reserved 1048576K

Deoptimization events (10 events):
Event: 1,686 Thread 0x00007fade800a000 Uncommon trap: reason=bimorphic action=maybe_recompile pc=0x00007fadd9633f94 method=java.util.regex.Pattern$Curly.match0(Ljava/util/regex/Matcher;IILjava/lang/CharSequence;)Z @ 170
Event: 1,686 Thread 0x00007fade800a000 Uncommon trap: reason=bimorphic action=maybe_recompile pc=0x00007fadd9633f94 method=java.util.regex.Pattern$Curly.match0(Ljava/util/regex/Matcher;IILjava/lang/CharSequence;)Z @ 170
Event: 1,742 Thread 0x00007fade800a000 Uncommon trap: reason=intrinsic action=make_not_entrant pc=0x00007fadd9686308 method=org.apache.maven.model.Dependency.getManagementKey()Ljava/lang/String; @ 0
Event: 1,799 Thread 0x00007fade800a000 Uncommon trap: reason=unstable_if action=reinterpret pc=0x00007fadd9750c50 method=org.sonatype.guice.bean.locators.RankedBindings$Itr.hasNext()Z @ 60
Event: 2,427 Thread 0x00007fade800a000 Uncommon trap: reason=bimorphic action=maybe_recompile pc=0x00007fadd93708f0 method=java.util.HashMap.putVal(ILjava/lang/Object;Ljava/lang/Object;ZZ)Ljava/lang/Object; @ 203
Event: 3,531 Thread 0x00007fade800a000 Uncommon trap: reason=bimorphic action=maybe_recompile pc=0x00007fadd94b1178 method=java.lang.ClassLoader.loadClass(Ljava/lang/String;Z)Ljava/lang/Class; @ 38
Event: 3,640 Thread 0x00007fade800a000 Uncommon trap: reason=bimorphic action=maybe_recompile pc=0x00007fadd94b1178 method=java.lang.ClassLoader.loadClass(Ljava/lang/String;Z)Ljava/lang/Class; @ 38
Event: 3,670 Thread 0x00007fade800a000 Uncommon trap: reason=bimorphic action=maybe_recompile pc=0x00007fadd94b1178 method=java.lang.ClassLoader.loadClass(Ljava/lang/String;Z)Ljava/lang/Class; @ 38
Event: 3,670 Thread 0x00007fade800a000 Uncommon trap: reason=bimorphic action=maybe_recompile pc=0x00007fadd94b1178 method=java.lang.ClassLoader.loadClass(Ljava/lang/String;Z)Ljava/lang/Class; @ 38
Event: 4,212 Thread 0x00007fade800a000 Uncommon trap: reason=unstable_if action=reinterpret pc=0x00007fadd982a028 method=org.codehaus.plexus.classworlds.realm.Entry.matches(Ljava/lang/String;)Z @ 131

Internal exceptions (10 events):
Event: 0,694 Thread 0x00007fade800a000 Exception <a 'java/lang/NoClassDefFoundError'> (0x00000000ed02e848) thrown at [/HUDSON/workspace/8-2-build-linux-amd64/jdk8u60/4407/hotspot/src/share/vm/oops/instanceKlass.cpp, line 945]
Event: 0,965 Thread 0x00007fade800a000 Exception <a 'java/lang/NoSuchFieldError': method resolution failed> (0x00000000ee4747f8) thrown at [/HUDSON/workspace/8-2-build-linux-amd64/jdk8u60/4407/hotspot/src/share/vm/prims/methodHandles.cpp, line 1146]
Event: 0,967 Thread 0x00007fade800a000 Exception <a 'java/lang/NoSuchFieldError': method resolution failed> (0x00000000ee481eb8) thrown at [/HUDSON/workspace/8-2-build-linux-amd64/jdk8u60/4407/hotspot/src/share/vm/prims/methodHandles.cpp, line 1146]
Event: 1,186 Thread 0x00007fade800a000 Implicit null exception at 0x00007fadd939adf5 to 0x00007fadd939affd
Event: 1,186 Thread 0x00007fade800a000 Implicit null exception at 0x00007fadd9318def to 0x00007fadd9318e59
Event: 1,221 Thread 0x00007fade800a000 Implicit null exception at 0x00007fadd94f667e to 0x00007fadd94f6999
Event: 1,545 Thread 0x00007fade800a000 Implicit null exception at 0x00007fadd9386b98 to 0x00007fadd9386c26
Event: 1,601 Thread 0x00007fade800a000 Exception <a 'java/lang/NoClassDefFoundError': org/slf4j/Logger> (0x00000000ed997380) thrown at [/HUDSON/workspace/8-2-build-linux-amd64/jdk8u60/4407/hotspot/src/share/vm/oops/constantPool.cpp, line 235]
Event: 1,793 Thread 0x00007fade800a000 Exception <a 'java/lang/NoClassDefFoundError': org/slf4j/Logger> (0x00000000ee9b6ac0) thrown at [/HUDSON/workspace/8-2-build-linux-amd64/jdk8u60/4407/hotspot/src/share/vm/oops/constantPool.cpp, line 235]
Event: 2,438 Thread 0x00007fade800a000 Exception <a 'java/lang/NoClassDefFoundError': org/slf4j/Logger> (0x00000000ef959e48) thrown at [/HUDSON/workspace/8-2-build-linux-amd64/jdk8u60/4407/hotspot/src/share/vm/oops/constantPool.cpp, line 235]

Events (10 events):
Event: 12,097 loading class com/sun/tools/javac/file/CacheFSInfo$Entry done
Event: 12,097 loading class com/sun/tools/javac/file/CacheFSInfo$Entry
Event: 12,097 loading class com/sun/tools/javac/file/CacheFSInfo$Entry done
Event: 12,115 loading class com/sun/tools/javac/util/StringUtils
Event: 12,115 loading class com/sun/tools/javac/util/StringUtils done
Event: 12,115 loading class com/sun/tools/javac/util/StringUtils
Event: 12,115 loading class com/sun/tools/javac/util/StringUtils done
Event: 12,115 loading class com/sun/tools/javac/util/StringUtils
Event: 12,115 loading class com/sun/tools/javac/util/StringUtils done
Event: 12,278 Executing VM operation: ParallelGCFailedAllocation


Dynamic libraries:
00400000-00401000 r-xp 00000000 08:02 4981547                            /usr/local/java/jdk1.8.0_60/bin/java
00600000-00601000 rw-p 00000000 08:02 4981547                            /usr/local/java/jdk1.8.0_60/bin/java
02326000-02347000 rw-p 00000000 00:00 0                                  [heap]
c7000000-c9700000 rw-p 00000000 00:00 0 
c9700000-ed000000 ---p 00000000 00:00 0 
ed000000-f1000000 rw-p 00000000 00:00 0 
f5600000-100000000 ---p 00000000 00:00 0 
100000000-100260000 rw-p 00000000 00:00 0 
100260000-140000000 ---p 00000000 00:00 0 
7fad7c000000-7fad7c021000 rw-p 00000000 00:00 0 
7fad7c021000-7fad80000000 ---p 00000000 00:00 0 
7fad84000000-7fad84021000 rw-p 00000000 00:00 0 
7fad84021000-7fad88000000 ---p 00000000 00:00 0 
7fad88000000-7fad88021000 rw-p 00000000 00:00 0 
7fad88021000-7fad8c000000 ---p 00000000 00:00 0 
7fad8c000000-7fad8d6f3000 rw-p 00000000 00:00 0 
7fad8d6f3000-7fad90000000 ---p 00000000 00:00 0 
7fad90000000-7fad90c6b000 rw-p 00000000 00:00 0 
7fad90c6b000-7fad94000000 ---p 00000000 00:00 0 
7fad94000000-7fad95552000 rw-p 00000000 00:00 0 
7fad95552000-7fad98000000 ---p 00000000 00:00 0 
7fad98000000-7fad996d4000 rw-p 00000000 00:00 0 
7fad996d4000-7fad9c000000 ---p 00000000 00:00 0 
7fad9c000000-7fad9c021000 rw-p 00000000 00:00 0 
7fad9c021000-7fada0000000 ---p 00000000 00:00 0 
7fada0000000-7fada0021000 rw-p 00000000 00:00 0 
7fada0021000-7fada4000000 ---p 00000000 00:00 0 
7fada4000000-7fada428b000 rw-p 00000000 00:00 0 
7fada428b000-7fada8000000 ---p 00000000 00:00 0 
7fada8000000-7fada8021000 rw-p 00000000 00:00 0 
7fada8021000-7fadac000000 ---p 00000000 00:00 0 
7fadac000000-7fadac021000 rw-p 00000000 00:00 0 
7fadac021000-7fadb0000000 ---p 00000000 00:00 0 
7fadb4000000-7fadb4021000 rw-p 00000000 00:00 0 
7fadb4021000-7fadb8000000 ---p 00000000 00:00 0 
7fadbc000000-7fadbc021000 rw-p 00000000 00:00 0 
7fadbc021000-7fadc0000000 ---p 00000000 00:00 0 
7fadc0820000-7fadc09a0000 rw-p 00000000 00:00 0 
7fadc09a0000-7fadc0a20000 ---p 00000000 00:00 0 
7fadc0cb5000-7fadc0cb6000 rw-p 00000000 00:00 0 
7fadc0cb6000-7fadc0cb7000 r--s 00004000 08:02 1098944                    /home/jonas/.m2/repository/org/glassfish/hk2/osgi-resource-locator/1.0.1/osgi-resource-locator-1.0.1.jar
7fadc0cb7000-7fadc0d30000 r--s 010e2000 08:02 4868560                    /usr/local/java/jdk1.8.0_60/lib/tools.jar
7fadc0d30000-7fadc0d31000 r--s 00003000 08:02 1098761                    /home/jonas/.m2/repository/org/codehaus/plexus/plexus-compiler-javac/1.9.1/plexus-compiler-javac-1.9.1.jar
7fadc0d31000-7fadc0d33000 r--s 00000000 08:02 1098760                    /home/jonas/.m2/repository/org/codehaus/plexus/plexus-compiler-manager/1.9.1/plexus-compiler-manager-1.9.1.jar
7fadc0d33000-7fadc0d35000 r--s 00004000 08:02 1098759                    /home/jonas/.m2/repository/org/codehaus/plexus/plexus-compiler-api/1.9.1/plexus-compiler-api-1.9.1.jar
7fadc0d35000-7fadc0d39000 r--s 00034000 08:02 1098758                    /home/jonas/.m2/repository/org/codehaus/plexus/plexus-utils/3.0/plexus-utils-3.0.jar
7fadc0d39000-7fadc0d3a000 r--s 00007000 08:02 1098530                    /home/jonas/.m2/repository/org/apache/maven/plugins/maven-compiler-plugin/2.5.1/maven-compiler-plugin-2.5.1.jar
7fadc0d3a000-7fadc0d3c000 r--s 0000d000 08:02 1099042                    /home/jonas/.m2/repository/org/codehaus/plexus/plexus-interpolation/1.13/plexus-interpolation-1.13.jar
7fadc0d3c000-7fadc0d3d000 r--s 00001000 08:02 1099041                    /home/jonas/.m2/repository/org/sonatype/plexus/plexus-build-api/0.0.4/plexus-build-api-0.0.4.jar
7fadc0d3d000-7fadc0d3f000 r--s 00009000 08:02 1262397                    /home/jonas/.m2/repository/org/apache/maven/shared/maven-filtering/1.0/maven-filtering-1.0.jar
7fadc0d3f000-7fadc0d42000 r--s 0001b000 08:02 1098762                    /home/jonas/.m2/repository/junit/junit/3.8.1/junit-3.8.1.jar
7fadc0d42000-7fadc0d44000 r--s 00002000 08:02 1099036                    /home/jonas/.m2/repository/org/codehaus/plexus/plexus-interactivity-api/1.0-alpha-4/plexus-interactivity-api-1.0-alpha-4.jar
7fadc0d44000-7fadc0d46000 r--s 00006000 08:02 1099034                    /home/jonas/.m2/repository/commons-cli/commons-cli/1.0/commons-cli-1.0.jar
7fadc0d46000-7fadc0d47000 r--s 00001000 08:02 1099033                    /home/jonas/.m2/repository/org/apache/maven/doxia/doxia-sink-api/1.0-alpha-7/doxia-sink-api-1.0-alpha-7.jar
7fadc0d47000-7fadc0d48000 r--s 00002000 08:02 1099032                    /home/jonas/.m2/repository/org/apache/maven/reporting/maven-reporting-api/2.0.6/maven-reporting-api-2.0.6.jar
7fadc0d48000-7fadc0d4a000 r--s 00005000 08:02 1147876                    /home/jonas/.m2/repository/org/apache/maven/plugins/maven-resources-plugin/2.5/maven-resources-plugin-2.5.jar
7fadc0d4a000-7fadc0f4a000 rw-p 00000000 00:00 0 
7fadc0f4a000-7fadc0f4e000 r--s 00033000 08:02 1099037                    /home/jonas/.m2/repository/org/codehaus/plexus/plexus-utils/2.0.5/plexus-utils-2.0.5.jar
7fadc0f4e000-7fadc0f4f000 r--s 00005000 08:02 1107127                    /home/jonas/.m2/repository/org/apache/maven/plugins/maven-clean-plugin/2.4.1/maven-clean-plugin-2.4.1.jar
7fadc0f4f000-7fadc0f60000 r-xp 00000000 08:02 4981436                    /usr/local/java/jdk1.8.0_60/jre/lib/amd64/libnio.so
7fadc0f60000-7fadc115f000 ---p 00011000 08:02 4981436                    /usr/local/java/jdk1.8.0_60/jre/lib/amd64/libnio.so
7fadc115f000-7fadc1160000 rw-p 00010000 08:02 4981436                    /usr/local/java/jdk1.8.0_60/jre/lib/amd64/libnio.so
7fadc1160000-7fadc1176000 r-xp 00000000 08:02 4981409                    /usr/local/java/jdk1.8.0_60/jre/lib/amd64/libnet.so
7fadc1176000-7fadc1376000 ---p 00016000 08:02 4981409                    /usr/local/java/jdk1.8.0_60/jre/lib/amd64/libnet.so
7fadc1376000-7fadc1377000 rw-p 00016000 08:02 4981409                    /usr/local/java/jdk1.8.0_60/jre/lib/amd64/libnet.so
7fadc1377000-7fadc137a000 ---p 00000000 00:00 0 
7fadc137a000-7fadc13b0000 rw-p 00000000 00:00 0                          [stack:5141]
7fadc13b0000-7fadc13b1000 r--p 00000000 00:00 0 
7fadc13b1000-7fadc15b1000 rw-p 00000000 00:00 0 
7fadc15b1000-7fadc15b5000 r--s 00095000 08:02 4981457                    /usr/local/java/jdk1.8.0_60/jre/lib/jsse.jar
7fadc15b5000-7fadc17b5000 rw-p 00000000 00:00 0 
7fadc17b5000-7fadc17b7000 r--s 0000c000 08:02 1181986                    /home/jonas/Software/netbeans-8.0.2/java/maven-nblib/netbeans-eventspy.jar
7fadc17b7000-7fadc17b9000 r--s 00026000 08:02 1174117                    /home/jonas/Software/netbeans-8.0.2/java/maven/lib/maven-model-3.0.5.jar
7fadc17b9000-7fadc17ba000 r--s 0000a000 08:02 1174106                    /home/jonas/Software/netbeans-8.0.2/java/maven/lib/maven-embedder-3.0.5.jar
7fadc17ba000-7fadc17bc000 r--s 00000000 08:02 1173829                    /home/jonas/Software/netbeans-8.0.2/java/maven/lib/plexus-component-annotations-1.5.5.jar
7fadc17bc000-7fadc17be000 r--s 00009000 08:02 1174125                    /home/jonas/Software/netbeans-8.0.2/java/maven/lib/commons-cli-1.2.jar
7fadc17be000-7fadc17c4000 r--s 0003f000 08:02 1174115                    /home/jonas/Software/netbeans-8.0.2/java/maven/lib/maven-compat-3.0.5.jar
7fadc17c4000-7fadc17c6000 r--s 0000c000 08:02 1174029                    /home/jonas/Software/netbeans-8.0.2/java/maven/lib/maven-aether-provider-3.0.5.jar
7fadc17c6000-7fadc17c8000 r--s 0000d000 08:02 1174058                    /home/jonas/Software/netbeans-8.0.2/java/maven/lib/plexus-interpolation-1.14.jar
7fadc17c8000-7fadc17cf000 r--s 0002b000 08:02 1174074                    /home/jonas/Software/netbeans-8.0.2/java/maven/lib/sisu-inject-plexus-2.3.0.jar
7fadc17cf000-7fadc17d0000 r--s 00003000 08:02 1174120                    /home/jonas/Software/netbeans-8.0.2/java/maven/lib/aether-spi-1.13.1.jar
7fadc17d0000-7fadc17d2000 r--s 0000b000 08:02 1174093                    /home/jonas/Software/netbeans-8.0.2/java/maven/lib/maven-plugin-api-3.0.5.jar
7fadc17d2000-7fadc17d4000 r--s 00006000 08:02 1173929                    /home/jonas/Software/netbeans-8.0.2/java/maven/lib/maven-repository-metadata-3.0.5.jar
7fadc17d4000-7fadc17e0000 r--s 0007d000 08:02 1174122                    /home/jonas/Software/netbeans-8.0.2/java/maven/lib/maven-core-3.0.5.jar
7fadc17e0000-7fadc17e2000 r--s 0000b000 08:02 1174105                    /home/jonas/Software/netbeans-8.0.2/java/maven/lib/maven-artifact-3.0.5.jar
7fadc17e2000-7fadc17e4000 r--s 00006000 08:02 1173989                    /home/jonas/Software/netbeans-8.0.2/java/maven/lib/aether-connector-wagon-1.13.1.jar
7fadc17e4000-7fadc17e7000 r--s 0001d000 08:02 1174113                    /home/jonas/Software/netbeans-8.0.2/java/maven/lib/aether-impl-1.13.1.jar
7fadc17e7000-7fadc17e8000 r--s 00002000 08:02 1174127                    /home/jonas/Software/netbeans-8.0.2/java/maven/lib/wagon-file-2.4.jar
7fadc17e8000-7fadc17ec000 r--s 00033000 08:02 1174112                    /home/jonas/Software/netbeans-8.0.2/java/maven/lib/plexus-utils-2.0.6.jar
7fadc17ec000-7fadc180b000 r--s 00154000 08:02 1174123                    /home/jonas/Software/netbeans-8.0.2/java/maven/lib/sisu-guava-0.9.9.jar
7fadc180b000-7fadc1813000 r--s 00050000 08:02 1174084                    /home/jonas/Software/netbeans-8.0.2/java/maven/lib/sisu-guice-3.1.0-no_aop.jar
7fadc1813000-7fadc1816000 r--s 00008000 08:02 1174014                    /home/jonas/Software/netbeans-8.0.2/java/maven/lib/maven-settings-builder-3.0.5.jar
7fadc1816000-7fadc181a000 r--s 0001c000 08:02 1174114                    /home/jonas/Software/netbeans-8.0.2/java/maven/lib/aether-util-1.13.1.jar
7fadc181a000-7fadc1835000 r--s 000e4000 08:02 1174100                    /home/jonas/Software/netbeans-8.0.2/java/maven/lib/wagon-http-2.4-shaded.jar
7fadc1835000-7fadc183c000 r--s 0003f000 08:02 1174094                    /home/jonas/Software/netbeans-8.0.2/java/maven/lib/sisu-inject-bean-2.3.0.jar
7fadc183c000-7fadc183d000 ---p 00000000 00:00 0 
7fadc183d000-7fadc193d000 rw-p 00000000 00:00 0                          [stack:5138]
7fadc193d000-7fadc1940000 ---p 00000000 00:00 0 
7fadc1940000-7fadc1a3e000 rw-p 00000000 00:00 0                          [stack:5137]
7fadc1a3e000-7fadc1a41000 ---p 00000000 00:00 0 
7fadc1a41000-7fadc1b3f000 rw-p 00000000 00:00 0                          [stack:5136]
7fadc1b3f000-7fadc1b42000 ---p 00000000 00:00 0 
7fadc1b42000-7fadc1c40000 rw-p 00000000 00:00 0                          [stack:5135]
7fadc1c40000-7fadc1c43000 ---p 00000000 00:00 0 
7fadc1c43000-7fadc1d41000 rw-p 00000000 00:00 0                          [stack:5134]
7fadc1d41000-7fadc1d44000 ---p 00000000 00:00 0 
7fadc1d44000-7fadc1e42000 rw-p 00000000 00:00 0                          [stack:5133]
7fadc1e42000-7fadc1e45000 ---p 00000000 00:00 0 
7fadc1e45000-7fadc1f43000 rw-p 00000000 00:00 0                          [stack:5132]
7fadc1f43000-7fadc2886000 r--p 00000000 08:02 4385038                    /usr/lib/locale/locale-archive
7fadc2886000-7fadc2889000 ---p 00000000 00:00 0 
7fadc2889000-7fadc2987000 rw-p 00000000 00:00 0                          [stack:5131]
7fadc2987000-7fadc298a000 ---p 00000000 00:00 0 
7fadc298a000-7fadc2a88000 rw-p 00000000 00:00 0                          [stack:5130]
7fadc2a88000-7fadc2a89000 ---p 00000000 00:00 0 
7fadc2a89000-7fadc4000000 rw-p 00000000 00:00 0                          [stack:5129]
7fadc4000000-7fadc4021000 rw-p 00000000 00:00 0 
7fadc4021000-7fadc8000000 ---p 00000000 00:00 0 
7fadc8000000-7fadc8021000 rw-p 00000000 00:00 0 
7fadc8021000-7fadcc000000 ---p 00000000 00:00 0 
7fadcc000000-7fadcc021000 rw-p 00000000 00:00 0 
7fadcc021000-7fadd0000000 ---p 00000000 00:00 0 
7fadd0000000-7fadd0021000 rw-p 00000000 00:00 0 
7fadd0021000-7fadd4000000 ---p 00000000 00:00 0 
7fadd4000000-7fadd4021000 rw-p 00000000 00:00 0 
7fadd4021000-7fadd8000000 ---p 00000000 00:00 0 
7fadd8000000-7fadd8001000 r--s 00006000 08:02 1174057                    /home/jonas/Software/netbeans-8.0.2/java/maven/lib/plexus-sec-dispatcher-1.3.jar
7fadd8001000-7fadd8628000 rw-p 00000000 00:00 0 
7fadd8628000-7fadd8800000 r--s 03d17000 08:02 4981454                    /usr/local/java/jdk1.8.0_60/jre/lib/rt.jar
7fadd8800000-7fadd9000000 rw-p 00000000 00:00 0 
7fadd9000000-7fadd98b0000 rwxp 00000000 00:00 0 
7fadd98b0000-7fade8000000 ---p 00000000 00:00 0 
7fade8000000-7fade8a9b000 rw-p 00000000 00:00 0 
7fade8a9b000-7fadec000000 ---p 00000000 00:00 0 
7fadec000000-7fadec002000 r--s 0000b000 08:02 1174092                    /home/jonas/Software/netbeans-8.0.2/java/maven/lib/wagon-provider-api-2.4.jar
7fadec002000-7fadec006000 r--s 00021000 08:02 1174056                    /home/jonas/Software/netbeans-8.0.2/java/maven/lib/maven-model-builder-3.0.5.jar
7fadec006000-7fadee06a000 rw-p 00000000 00:00 0 
7fadee06a000-7fadee06b000 ---p 00000000 00:00 0 
7fadee06b000-7fadee16b000 rw-p 00000000 00:00 0                          [stack:5128]
7fadee16b000-7fadee16c000 ---p 00000000 00:00 0 
7fadee16c000-7fadee26c000 rw-p 00000000 00:00 0                          [stack:5127]
7fadee26c000-7fadee26d000 ---p 00000000 00:00 0 
7fadee26d000-7fadee36d000 rw-p 00000000 00:00 0                          [stack:5126]
7fadee36d000-7fadee36e000 ---p 00000000 00:00 0 
7fadee36e000-7fadee46e000 rw-p 00000000 00:00 0                          [stack:5125]
7fadee46e000-7fadee46f000 ---p 00000000 00:00 0 
7fadee46f000-7fadee56f000 rw-p 00000000 00:00 0                          [stack:5124]
7fadee56f000-7fadee570000 ---p 00000000 00:00 0 
7fadee570000-7fadee670000 rw-p 00000000 00:00 0                          [stack:5123]
7fadee670000-7fadee671000 ---p 00000000 00:00 0 
7fadee671000-7fadee771000 rw-p 00000000 00:00 0                          [stack:5122]
7fadee771000-7fadee772000 ---p 00000000 00:00 0 
7fadee772000-7fadee886000 rw-p 00000000 00:00 0                          [stack:5121]
7fadee886000-7fadee9a2000 ---p 00000000 00:00 0 
7fadee9a2000-7fadee9b6000 rw-p 00000000 00:00 0 
7fadee9b6000-7fadeead2000 ---p 00000000 00:00 0 
7fadeead2000-7fadeeaf2000 rw-p 00000000 00:00 0 
7fadeeaf2000-7fadeeb6a000 ---p 00000000 00:00 0 
7fadeeb6a000-7fadeeb8e000 rw-p 00000000 00:00 0 
7fadeeb8e000-7fadeef2b000 ---p 00000000 00:00 0 
7fadeef2b000-7fadeef45000 r-xp 00000000 08:02 4981404                    /usr/local/java/jdk1.8.0_60/jre/lib/amd64/libzip.so
7fadeef45000-7fadef145000 ---p 0001a000 08:02 4981404                    /usr/local/java/jdk1.8.0_60/jre/lib/amd64/libzip.so
7fadef145000-7fadef146000 rw-p 0001a000 08:02 4981404                    /usr/local/java/jdk1.8.0_60/jre/lib/amd64/libzip.so
7fadef146000-7fadef151000 r-xp 00000000 08:02 3080211                    /lib/x86_64-linux-gnu/libnss_files-2.19.so
7fadef151000-7fadef350000 ---p 0000b000 08:02 3080211                    /lib/x86_64-linux-gnu/libnss_files-2.19.so
7fadef350000-7fadef351000 r--p 0000a000 08:02 3080211                    /lib/x86_64-linux-gnu/libnss_files-2.19.so
7fadef351000-7fadef352000 rw-p 0000b000 08:02 3080211                    /lib/x86_64-linux-gnu/libnss_files-2.19.so
7fadef352000-7fadef35d000 r-xp 00000000 08:02 3082943                    /lib/x86_64-linux-gnu/libnss_nis-2.19.so
7fadef35d000-7fadef55c000 ---p 0000b000 08:02 3082943                    /lib/x86_64-linux-gnu/libnss_nis-2.19.so
7fadef55c000-7fadef55d000 r--p 0000a000 08:02 3082943                    /lib/x86_64-linux-gnu/libnss_nis-2.19.so
7fadef55d000-7fadef55e000 rw-p 0000b000 08:02 3082943                    /lib/x86_64-linux-gnu/libnss_nis-2.19.so
7fadef55e000-7fadef575000 r-xp 00000000 08:02 3080286                    /lib/x86_64-linux-gnu/libnsl-2.19.so
7fadef575000-7fadef774000 ---p 00017000 08:02 3080286                    /lib/x86_64-linux-gnu/libnsl-2.19.so
7fadef774000-7fadef775000 r--p 00016000 08:02 3080286                    /lib/x86_64-linux-gnu/libnsl-2.19.so
7fadef775000-7fadef776000 rw-p 00017000 08:02 3080286                    /lib/x86_64-linux-gnu/libnsl-2.19.so
7fadef776000-7fadef778000 rw-p 00000000 00:00 0 
7fadef778000-7fadef781000 r-xp 00000000 08:02 3080285                    /lib/x86_64-linux-gnu/libnss_compat-2.19.so
7fadef781000-7fadef980000 ---p 00009000 08:02 3080285                    /lib/x86_64-linux-gnu/libnss_compat-2.19.so
7fadef980000-7fadef981000 r--p 00008000 08:02 3080285                    /lib/x86_64-linux-gnu/libnss_compat-2.19.so
7fadef981000-7fadef982000 rw-p 00009000 08:02 3080285                    /lib/x86_64-linux-gnu/libnss_compat-2.19.so
7fadef982000-7fadef9ac000 r-xp 00000000 08:02 4981382                    /usr/local/java/jdk1.8.0_60/jre/lib/amd64/libjava.so
7fadef9ac000-7fadefbac000 ---p 0002a000 08:02 4981382                    /usr/local/java/jdk1.8.0_60/jre/lib/amd64/libjava.so
7fadefbac000-7fadefbae000 rw-p 0002a000 08:02 4981382                    /usr/local/java/jdk1.8.0_60/jre/lib/amd64/libjava.so
7fadefbae000-7fadefbbb000 r-xp 00000000 08:02 4981398                    /usr/local/java/jdk1.8.0_60/jre/lib/amd64/libverify.so
7fadefbbb000-7fadefdbb000 ---p 0000d000 08:02 4981398                    /usr/local/java/jdk1.8.0_60/jre/lib/amd64/libverify.so
7fadefdbb000-7fadefdbd000 rw-p 0000d000 08:02 4981398                    /usr/local/java/jdk1.8.0_60/jre/lib/amd64/libverify.so
7fadefdbd000-7fadefdc4000 r-xp 00000000 08:02 3080294                    /lib/x86_64-linux-gnu/librt-2.19.so
7fadefdc4000-7fadeffc3000 ---p 00007000 08:02 3080294                    /lib/x86_64-linux-gnu/librt-2.19.so
7fadeffc3000-7fadeffc4000 r--p 00006000 08:02 3080294                    /lib/x86_64-linux-gnu/librt-2.19.so
7fadeffc4000-7fadeffc5000 rw-p 00007000 08:02 3080294                    /lib/x86_64-linux-gnu/librt-2.19.so
7fadeffc5000-7fadf00ca000 r-xp 00000000 08:02 3080207                    /lib/x86_64-linux-gnu/libm-2.19.so
7fadf00ca000-7fadf02c9000 ---p 00105000 08:02 3080207                    /lib/x86_64-linux-gnu/libm-2.19.so
7fadf02c9000-7fadf02ca000 r--p 00104000 08:02 3080207                    /lib/x86_64-linux-gnu/libm-2.19.so
7fadf02ca000-7fadf02cb000 rw-p 00105000 08:02 3080207                    /lib/x86_64-linux-gnu/libm-2.19.so
7fadf02cb000-7fadf0f89000 r-xp 00000000 08:02 4981420                    /usr/local/java/jdk1.8.0_60/jre/lib/amd64/server/libjvm.so
7fadf0f89000-7fadf1188000 ---p 00cbe000 08:02 4981420                    /usr/local/java/jdk1.8.0_60/jre/lib/amd64/server/libjvm.so
7fadf1188000-7fadf1260000 rw-p 00cbd000 08:02 4981420                    /usr/local/java/jdk1.8.0_60/jre/lib/amd64/server/libjvm.so
7fadf1260000-7fadf12a5000 rw-p 00000000 00:00 0 
7fadf12a5000-7fadf1460000 r-xp 00000000 08:02 3080291                    /lib/x86_64-linux-gnu/libc-2.19.so
7fadf1460000-7fadf165f000 ---p 001bb000 08:02 3080291                    /lib/x86_64-linux-gnu/libc-2.19.so
7fadf165f000-7fadf1663000 r--p 001ba000 08:02 3080291                    /lib/x86_64-linux-gnu/libc-2.19.so
7fadf1663000-7fadf1665000 rw-p 001be000 08:02 3080291                    /lib/x86_64-linux-gnu/libc-2.19.so
7fadf1665000-7fadf166a000 rw-p 00000000 00:00 0 
7fadf166a000-7fadf166d000 r-xp 00000000 08:02 3080222                    /lib/x86_64-linux-gnu/libdl-2.19.so
7fadf166d000-7fadf186c000 ---p 00003000 08:02 3080222                    /lib/x86_64-linux-gnu/libdl-2.19.so
7fadf186c000-7fadf186d000 r--p 00002000 08:02 3080222                    /lib/x86_64-linux-gnu/libdl-2.19.so
7fadf186d000-7fadf186e000 rw-p 00003000 08:02 3080222                    /lib/x86_64-linux-gnu/libdl-2.19.so
7fadf186e000-7fadf1883000 r-xp 00000000 08:02 4957783                    /usr/local/java/jdk1.8.0_60/lib/amd64/jli/libjli.so
7fadf1883000-7fadf1a83000 ---p 00015000 08:02 4957783                    /usr/local/java/jdk1.8.0_60/lib/amd64/jli/libjli.so
7fadf1a83000-7fadf1a84000 rw-p 00015000 08:02 4957783                    /usr/local/java/jdk1.8.0_60/lib/amd64/jli/libjli.so
7fadf1a84000-7fadf1a9d000 r-xp 00000000 08:02 3080292                    /lib/x86_64-linux-gnu/libpthread-2.19.so
7fadf1a9d000-7fadf1c9c000 ---p 00019000 08:02 3080292                    /lib/x86_64-linux-gnu/libpthread-2.19.so
7fadf1c9c000-7fadf1c9d000 r--p 00018000 08:02 3080292                    /lib/x86_64-linux-gnu/libpthread-2.19.so
7fadf1c9d000-7fadf1c9e000 rw-p 00019000 08:02 3080292                    /lib/x86_64-linux-gnu/libpthread-2.19.so
7fadf1c9e000-7fadf1ca2000 rw-p 00000000 00:00 0 
7fadf1ca2000-7fadf1cc5000 r-xp 00000000 08:02 3080288                    /lib/x86_64-linux-gnu/ld-2.19.so
7fadf1cc5000-7fadf1cc7000 r--s 0000a000 08:02 1174107                    /home/jonas/Software/netbeans-8.0.2/java/maven/lib/maven-settings-3.0.5.jar
7fadf1cc7000-7fadf1ccb000 r--s 00013000 08:02 1174119                    /home/jonas/Software/netbeans-8.0.2/java/maven/lib/aether-api-1.13.1.jar
7fadf1ccb000-7fadf1ccd000 r--s 00002000 08:02 1174118                    /home/jonas/Software/netbeans-8.0.2/java/maven/lib/plexus-cipher-1.7.jar
7fadf1ccd000-7fadf1d9f000 rw-p 00000000 00:00 0 
7fadf1d9f000-7fadf1da2000 ---p 00000000 00:00 0 
7fadf1da2000-7fadf1ea4000 rw-p 00000000 00:00 0                          [stack:5120]
7fadf1ea4000-7fadf1ea6000 r--s 0000a000 08:02 1181977                    /home/jonas/Software/netbeans-8.0.2/java/maven/boot/plexus-classworlds-2.4.jar
7fadf1ea6000-7fadf1eb8000 rw-p 00000000 00:00 0 
7fadf1eb8000-7fadf1ec0000 rw-s 00000000 08:02 393507                     /tmp/hsperfdata_jonas/5117
7fadf1ec0000-7fadf1ec1000 rw-p 00000000 00:00 0 
7fadf1ec1000-7fadf1ec2000 ---p 00000000 00:00 0 
7fadf1ec2000-7fadf1ec4000 rw-p 00000000 00:00 0 
7fadf1ec4000-7fadf1ec5000 r--p 00022000 08:02 3080288                    /lib/x86_64-linux-gnu/ld-2.19.so
7fadf1ec5000-7fadf1ec6000 rw-p 00023000 08:02 3080288                    /lib/x86_64-linux-gnu/ld-2.19.so
7fadf1ec6000-7fadf1ec7000 rw-p 00000000 00:00 0 
7ffdd4fcf000-7ffdd4ff0000 rw-p 00000000 00:00 0                          [stack]
7ffdd4ffc000-7ffdd4ffe000 r-xp 00000000 00:00 0                          [vdso]
7ffdd4ffe000-7ffdd5000000 r--p 00000000 00:00 0                          [vvar]
ffffffffff600000-ffffffffff601000 r-xp 00000000 00:00 0                  [vsyscall]

VM Arguments:
jvm_args: -Dclassworlds.conf=/home/jonas/Software/netbeans-8.0.2/java/maven/bin/m2.conf -Dmaven.home=/home/jonas/Software/netbeans-8.0.2/java/maven 
java_command: org.codehaus.plexus.classworlds.launcher.Launcher -Dmaven.ext.class.path=/home/jonas/Software/netbeans-8.0.2/java/maven-nblib/netbeans-eventspy.jar clean install
java_class_path (initial): /home/jonas/Software/netbeans-8.0.2/java/maven/boot/plexus-classworlds-2.4.jar
Launcher Type: SUN_STANDARD

Environment Variables:
JAVA_HOME=/usr/local/java/jdk1.8.0_60
JRE_HOME=/usr/local/java/jdk1.8.0_60/jre
PATH=/usr/local/sbin:/usr/local/bin:/usr/sbin:/usr/bin:/sbin:/bin:/usr/games:/usr/local/games:/usr/lib/jvm/java-8-oracle/bin:/usr/lib/jvm/java-8-oracle/db/bin:/usr/lib/jvm/java-8-oracle/jre/bin:/usr/lib/jvm/java-8-oracle/bin:/usr/lib/jvm/java-8-oracle/db/bin:/usr/lib/jvm/java-8-oracle/jre/bin:/home/jonas/bin:/usr/local/java/jdk1.8.0_60/bin
LD_LIBRARY_PATH=/usr/local/java/jdk1.8.0_60/jre/lib/amd64:/usr/local/java/jdk1.8.0_60/jre/lib/i386:
SHELL=/bin/bash
DISPLAY=:0

Signal Handlers:
SIGSEGV: [libjvm.so+0xaba070], sa_mask[0]=11111111011111111101111111111110, sa_flags=SA_RESTART|SA_SIGINFO
SIGBUS: [libjvm.so+0xaba070], sa_mask[0]=11111111011111111101111111111110, sa_flags=SA_RESTART|SA_SIGINFO
SIGFPE: [libjvm.so+0x917630], sa_mask[0]=11111111011111111101111111111110, sa_flags=SA_RESTART|SA_SIGINFO
SIGPIPE: [libjvm.so+0x917630], sa_mask[0]=11111111011111111101111111111110, sa_flags=SA_RESTART|SA_SIGINFO
SIGXFSZ: [libjvm.so+0x917630], sa_mask[0]=11111111011111111101111111111110, sa_flags=SA_RESTART|SA_SIGINFO
SIGILL: [libjvm.so+0x917630], sa_mask[0]=11111111011111111101111111111110, sa_flags=SA_RESTART|SA_SIGINFO
SIGUSR1: SIG_DFL, sa_mask[0]=00000000000000000000000000000000, sa_flags=none
SIGUSR2: [libjvm.so+0x918c60], sa_mask[0]=00100000000000000000000000000000, sa_flags=SA_RESTART|SA_SIGINFO
SIGHUP: [libjvm.so+0x91a060], sa_mask[0]=11111111011111111101111111111110, sa_flags=SA_RESTART|SA_SIGINFO
SIGINT: SIG_IGN, sa_mask[0]=00000000000000000000000000000000, sa_flags=none
SIGTERM: [libjvm.so+0x91a060], sa_mask[0]=11111111011111111101111111111110, sa_flags=SA_RESTART|SA_SIGINFO
SIGQUIT: [libjvm.so+0x91a060], sa_mask[0]=11111111011111111101111111111110, sa_flags=SA_RESTART|SA_SIGINFO


---------------  S Y S T E M  ---------------

OS:DISTRIB_ID=Ubuntu
DISTRIB_RELEASE=14.04
DISTRIB_CODENAME=trusty
DISTRIB_DESCRIPTION="Ubuntu 14.04.3 LTS"

uname:Linux 3.16.0-46-generic #62~14.04.1-Ubuntu SMP Tue Aug 11 16:27:16 UTC 2015 x86_64
libc:glibc 2.19 NPTL 2.19 
rlimit: STACK 8192k, CORE 0k, NPROC 14472, NOFILE 4096, AS infinity
load average:2,76 0,92 0,73

/proc/meminfo:
MemTotal:        3734768 kB
MemFree:          110248 kB
MemAvailable:      61816 kB
Buffers:             432 kB
Cached:           608624 kB
SwapCached:         1300 kB
Active:          2599036 kB
Inactive:         825016 kB
Active(anon):    2591992 kB
Inactive(anon):   804924 kB
Active(file):       7044 kB
Inactive(file):    20092 kB
Unevictable:         164 kB
Mlocked:             164 kB
SwapTotal:        358396 kB
SwapFree:              0 kB
Dirty:                60 kB
Writeback:             0 kB
AnonPages:       2817136 kB
Mapped:           319560 kB
Shmem:            578480 kB
Slab:              84720 kB
SReclaimable:      44928 kB
SUnreclaim:        39792 kB
KernelStack:       13424 kB
PageTables:        47928 kB
NFS_Unstable:          0 kB
Bounce:                0 kB
WritebackTmp:          0 kB
CommitLimit:     2225780 kB
Committed_AS:    9338536 kB
VmallocTotal:   34359738367 kB
VmallocUsed:      352440 kB
VmallocChunk:   34359375960 kB
HardwareCorrupted:     0 kB
AnonHugePages:    573440 kB
HugePages_Total:       0
HugePages_Free:        0
HugePages_Rsvd:        0
HugePages_Surp:        0
Hugepagesize:       2048 kB
DirectMap4k:       79132 kB
DirectMap2M:     3799040 kB


CPU:total 8 (4 cores per cpu, 2 threads per core) family 6 model 42 stepping 7, cmov, cx8, fxsr, mmx, sse, sse2, sse3, ssse3, sse4.1, sse4.2, popcnt, avx, aes, clmul, ht, tsc, tscinvbit

/proc/cpuinfo:
processor	: 0
vendor_id	: GenuineIntel
cpu family	: 6
model		: 42
model name	: Intel(R) Core(TM) i7-2600K CPU @ 3.40GHz
stepping	: 7
microcode	: 0x26
cpu MHz		: 1781.148
cache size	: 8192 KB
physical id	: 0
siblings	: 8
core id		: 0
cpu cores	: 4
apicid		: 0
initial apicid	: 0
fpu		: yes
fpu_exception	: yes
cpuid level	: 13
wp		: yes
flags		: fpu vme de pse tsc msr pae mce cx8 apic sep mtrr pge mca cmov pat pse36 clflush dts acpi mmx fxsr sse sse2 ss ht tm pbe syscall nx rdtscp lm constant_tsc arch_perfmon pebs bts rep_good nopl xtopology nonstop_tsc aperfmperf eagerfpu pni pclmulqdq dtes64 monitor ds_cpl vmx est tm2 ssse3 cx16 xtpr pdcm pcid sse4_1 sse4_2 popcnt tsc_deadline_timer aes xsave avx lahf_lm ida arat epb xsaveopt pln pts dtherm tpr_shadow vnmi flexpriority ept vpid
bogomips	: 6820.13
clflush size	: 64
cache_alignment	: 64
address sizes	: 36 bits physical, 48 bits virtual
power management:

processor	: 1
vendor_id	: GenuineIntel
cpu family	: 6
model		: 42
model name	: Intel(R) Core(TM) i7-2600K CPU @ 3.40GHz
stepping	: 7
microcode	: 0x26
cpu MHz		: 1749.140
cache size	: 8192 KB
physical id	: 0
siblings	: 8
core id		: 1
cpu cores	: 4
apicid		: 2
initial apicid	: 2
fpu		: yes
fpu_exception	: yes
cpuid level	: 13
wp		: yes
flags		: fpu vme de pse tsc msr pae mce cx8 apic sep mtrr pge mca cmov pat pse36 clflush dts acpi mmx fxsr sse sse2 ss ht tm pbe syscall nx rdtscp lm constant_tsc arch_perfmon pebs bts rep_good nopl xtopology nonstop_tsc aperfmperf eagerfpu pni pclmulqdq dtes64 monitor ds_cpl vmx est tm2 ssse3 cx16 xtpr pdcm pcid sse4_1 sse4_2 popcnt tsc_deadline_timer aes xsave avx lahf_lm ida arat epb xsaveopt pln pts dtherm tpr_shadow vnmi flexpriority ept vpid
bogomips	: 6820.13
clflush size	: 64
cache_alignment	: 64
address sizes	: 36 bits physical, 48 bits virtual
power management:

processor	: 2
vendor_id	: GenuineIntel
cpu family	: 6
model		: 42
model name	: Intel(R) Core(TM) i7-2600K CPU @ 3.40GHz
stepping	: 7
microcode	: 0x26
cpu MHz		: 1824.843
cache size	: 8192 KB
physical id	: 0
siblings	: 8
core id		: 2
cpu cores	: 4
apicid		: 4
initial apicid	: 4
fpu		: yes
fpu_exception	: yes
cpuid level	: 13
wp		: yes
flags		: fpu vme de pse tsc msr pae mce cx8 apic sep mtrr pge mca cmov pat pse36 clflush dts acpi mmx fxsr sse sse2 ss ht tm pbe syscall nx rdtscp lm constant_tsc arch_perfmon pebs bts rep_good nopl xtopology nonstop_tsc aperfmperf eagerfpu pni pclmulqdq dtes64 monitor ds_cpl vmx est tm2 ssse3 cx16 xtpr pdcm pcid sse4_1 sse4_2 popcnt tsc_deadline_timer aes xsave avx lahf_lm ida arat epb xsaveopt pln pts dtherm tpr_shadow vnmi flexpriority ept vpid
bogomips	: 6820.13
clflush size	: 64
cache_alignment	: 64
address sizes	: 36 bits physical, 48 bits virtual
power management:

processor	: 3
vendor_id	: GenuineIntel
cpu family	: 6
model		: 42
model name	: Intel(R) Core(TM) i7-2600K CPU @ 3.40GHz
stepping	: 7
microcode	: 0x26
cpu MHz		: 1932.820
cache size	: 8192 KB
physical id	: 0
siblings	: 8
core id		: 3
cpu cores	: 4
apicid		: 6
initial apicid	: 6
fpu		: yes
fpu_exception	: yes
cpuid level	: 13
wp		: yes
flags		: fpu vme de pse tsc msr pae mce cx8 apic sep mtrr pge mca cmov pat pse36 clflush dts acpi mmx fxsr sse sse2 ss ht tm pbe syscall nx rdtscp lm constant_tsc arch_perfmon pebs bts rep_good nopl xtopology nonstop_tsc aperfmperf eagerfpu pni pclmulqdq dtes64 monitor ds_cpl vmx est tm2 ssse3 cx16 xtpr pdcm pcid sse4_1 sse4_2 popcnt tsc_deadline_timer aes xsave avx lahf_lm ida arat epb xsaveopt pln pts dtherm tpr_shadow vnmi flexpriority ept vpid
bogomips	: 6820.13
clflush size	: 64
cache_alignment	: 64
address sizes	: 36 bits physical, 48 bits virtual
power management:

processor	: 4
vendor_id	: GenuineIntel
cpu family	: 6
model		: 42
model name	: Intel(R) Core(TM) i7-2600K CPU @ 3.40GHz
stepping	: 7
microcode	: 0x26
cpu MHz		: 1799.078
cache size	: 8192 KB
physical id	: 0
siblings	: 8
core id		: 0
cpu cores	: 4
apicid		: 1
initial apicid	: 1
fpu		: yes
fpu_exception	: yes
cpuid level	: 13
wp		: yes
flags		: fpu vme de pse tsc msr pae mce cx8 apic sep mtrr pge mca cmov pat pse36 clflush dts acpi mmx fxsr sse sse2 ss ht tm pbe syscall nx rdtscp lm constant_tsc arch_perfmon pebs bts rep_good nopl xtopology nonstop_tsc aperfmperf eagerfpu pni pclmulqdq dtes64 monitor ds_cpl vmx est tm2 ssse3 cx16 xtpr pdcm pcid sse4_1 sse4_2 popcnt tsc_deadline_timer aes xsave avx lahf_lm ida arat epb xsaveopt pln pts dtherm tpr_shadow vnmi flexpriority ept vpid
bogomips	: 6820.13
clflush size	: 64
cache_alignment	: 64
address sizes	: 36 bits physical, 48 bits virtual
power management:

processor	: 5
vendor_id	: GenuineIntel
cpu family	: 6
model		: 42
model name	: Intel(R) Core(TM) i7-2600K CPU @ 3.40GHz
stepping	: 7
microcode	: 0x26
cpu MHz		: 1723.906
cache size	: 8192 KB
physical id	: 0
siblings	: 8
core id		: 1
cpu cores	: 4
apicid		: 3
initial apicid	: 3
fpu		: yes
fpu_exception	: yes
cpuid level	: 13
wp		: yes
flags		: fpu vme de pse tsc msr pae mce cx8 apic sep mtrr pge mca cmov pat pse36 clflush dts acpi mmx fxsr sse sse2 ss ht tm pbe syscall nx rdtscp lm constant_tsc arch_perfmon pebs bts rep_good nopl xtopology nonstop_tsc aperfmperf eagerfpu pni pclmulqdq dtes64 monitor ds_cpl vmx est tm2 ssse3 cx16 xtpr pdcm pcid sse4_1 sse4_2 popcnt tsc_deadline_timer aes xsave avx lahf_lm ida arat epb xsaveopt pln pts dtherm tpr_shadow vnmi flexpriority ept vpid
bogomips	: 6820.13
clflush size	: 64
cache_alignment	: 64
address sizes	: 36 bits physical, 48 bits virtual
power management:

processor	: 6
vendor_id	: GenuineIntel
cpu family	: 6
model		: 42
model name	: Intel(R) Core(TM) i7-2600K CPU @ 3.40GHz
stepping	: 7
microcode	: 0x26
cpu MHz		: 1820.460
cache size	: 8192 KB
physical id	: 0
siblings	: 8
core id		: 2
cpu cores	: 4
apicid		: 5
initial apicid	: 5
fpu		: yes
fpu_exception	: yes
cpuid level	: 13
wp		: yes
flags		: fpu vme de pse tsc msr pae mce cx8 apic sep mtrr pge mca cmov pat pse36 clflush dts acpi mmx fxsr sse sse2 ss ht tm pbe syscall nx rdtscp lm constant_tsc arch_perfmon pebs bts rep_good nopl xtopology nonstop_tsc aperfmperf eagerfpu pni pclmulqdq dtes64 monitor ds_cpl vmx est tm2 ssse3 cx16 xtpr pdcm pcid sse4_1 sse4_2 popcnt tsc_deadline_timer aes xsave avx lahf_lm ida arat epb xsaveopt pln pts dtherm tpr_shadow vnmi flexpriority ept vpid
bogomips	: 6820.13
clflush size	: 64
cache_alignment	: 64
address sizes	: 36 bits physical, 48 bits virtual
power management:

processor	: 7
vendor_id	: GenuineIntel
cpu family	: 6
model		: 42
model name	: Intel(R) Core(TM) i7-2600K CPU @ 3.40GHz
stepping	: 7
microcode	: 0x26
cpu MHz		: 1849.015
cache size	: 8192 KB
physical id	: 0
siblings	: 8
core id		: 3
cpu cores	: 4
apicid		: 7
initial apicid	: 7
fpu		: yes
fpu_exception	: yes
cpuid level	: 13
wp		: yes
flags		: fpu vme de pse tsc msr pae mce cx8 apic sep mtrr pge mca cmov pat pse36 clflush dts acpi mmx fxsr sse sse2 ss ht tm pbe syscall nx rdtscp lm constant_tsc arch_perfmon pebs bts rep_good nopl xtopology nonstop_tsc aperfmperf eagerfpu pni pclmulqdq dtes64 monitor ds_cpl vmx est tm2 ssse3 cx16 xtpr pdcm pcid sse4_1 sse4_2 popcnt tsc_deadline_timer aes xsave avx lahf_lm ida arat epb xsaveopt pln pts dtherm tpr_shadow vnmi flexpriority ept vpid
bogomips	: 6820.13
clflush size	: 64
cache_alignment	: 64
address sizes	: 36 bits physical, 48 bits virtual
power management:



Memory: 4k page, physical 3734768k(108264k free), swap 358396k(0k free)

vm_info: Java HotSpot(TM) 64-Bit Server VM (25.60-b23) for linux-amd64 JRE (1.8.0_60-b27), built on Aug  4 2015 12:19:40 by "java_re" with gcc 4.3.0 20080428 (Red Hat 4.3.0-8)

time: Sun Sep 20 10:41:48 2015
elapsed time: 12 seconds (0d 0h 0m 12s)

