#
# There is insufficient memory for the Java Runtime Environment to continue.
# Native memory allocation (mmap) failed to map 73400320 bytes for committing reserved memory.
# Possible reasons:
#   The system is out of physical RAM or swap space
#   In 32 bit mode, the process size limit was hit
# Possible solutions:
#   Reduce memory load on the system
#   Increase physical memory or swap space
#   Check if swap backing store is full
#   Use 64 bit Java on a 64 bit OS
#   Decrease Java heap size (-Xmx/-Xms)
#   Decrease number of Java threads
#   Decrease Java thread stack sizes (-Xss)
#   Set larger code cache with -XX:ReservedCodeCacheSize=
# This output file may be truncated or incomplete.
#
#  Out of Memory Error (os_linux.cpp:2627), pid=4623, tid=140658499114752
#
# JRE version: Java(TM) SE Runtime Environment (8.0_60-b27) (build 1.8.0_60-b27)
# Java VM: Java HotSpot(TM) 64-Bit Server VM (25.60-b23 mixed mode linux-amd64 compressed oops)
# Failed to write core dump. Core dumps have been disabled. To enable core dumping, try "ulimit -c unlimited" before starting Java again
#

---------------  T H R E A D  ---------------

Current thread (0x00007fedc0080000):  VMThread [stack: 0x00007fed9bcfd000,0x00007fed9bdfe000] [id=4635]

Stack: [0x00007fed9bcfd000,0x00007fed9bdfe000],  sp=0x00007fed9bdfbf60,  free space=1019k
Native frames: (J=compiled Java code, j=interpreted, Vv=VM code, C=native code)
V  [libjvm.so+0xab97ea]  VMError::report_and_die()+0x2ba
V  [libjvm.so+0x4f9dab]  report_vm_out_of_memory(char const*, int, unsigned long, VMErrorType, char const*)+0x8b
V  [libjvm.so+0x91a7c3]  os::Linux::commit_memory_impl(char*, unsigned long, bool)+0x103
V  [libjvm.so+0x91ad19]  os::pd_commit_memory(char*, unsigned long, unsigned long, bool)+0x29
V  [libjvm.so+0x91502a]  os::commit_memory(char*, unsigned long, unsigned long, bool)+0x2a
V  [libjvm.so+0x9886d3]  PSVirtualSpace::expand_by(unsigned long)+0x53
V  [libjvm.so+0x989ad8]  PSYoungGen::resize_generation(unsigned long, unsigned long)+0xf8
V  [libjvm.so+0x988c32]  PSYoungGen::resize(unsigned long, unsigned long)+0x22
V  [libjvm.so+0x985f0b]  PSScavenge::invoke_no_policy()+0xf3b
V  [libjvm.so+0x986691]  PSScavenge::invoke()+0x41
V  [libjvm.so+0x93e430]  ParallelScavengeHeap::failed_mem_allocate(unsigned long)+0x70
V  [libjvm.so+0xabb207]  VM_ParallelGCFailedAllocation::doit()+0x97
V  [libjvm.so+0xac2c35]  VM_Operation::evaluate()+0x55
V  [libjvm.so+0xac100a]  VMThread::evaluate_operation(VM_Operation*)+0xba
V  [libjvm.so+0xac138e]  VMThread::loop()+0x1ce
V  [libjvm.so+0xac1800]  VMThread::run()+0x70
V  [libjvm.so+0x91cb88]  java_start(Thread*)+0x108

VM_Operation (0x00007fedc72262f0): ParallelGCFailedAllocation, mode: safepoint, requested by thread 0x00007fedc000a000


---------------  P R O C E S S  ---------------

Java Threads: ( => current thread )
  0x00007fedc0652000 JavaThread "process reaper" daemon [_thread_blocked, id=4646, stack(0x00007feda0052000,0x00007feda008b000)]
  0x00007fedc00d3800 JavaThread "Service Thread" daemon [_thread_blocked, id=4643, stack(0x00007fed9abb2000,0x00007fed9acb3000)]
  0x00007fedc00c6000 JavaThread "C1 CompilerThread3" daemon [_thread_blocked, id=4642, stack(0x00007fed9acb3000,0x00007fed9adb4000)]
  0x00007fedc00c4000 JavaThread "C2 CompilerThread2" daemon [_thread_blocked, id=4641, stack(0x00007fed9adb4000,0x00007fed9aeb5000)]
  0x00007fedc00c2000 JavaThread "C2 CompilerThread1" daemon [_thread_blocked, id=4640, stack(0x00007fed9aeb5000,0x00007fed9afb6000)]
  0x00007fedc00bf800 JavaThread "C2 CompilerThread0" daemon [_thread_blocked, id=4639, stack(0x00007fed9afb6000,0x00007fed9b0b7000)]
  0x00007fedc00be000 JavaThread "Signal Dispatcher" daemon [_thread_blocked, id=4638, stack(0x00007fed9b0b7000,0x00007fed9b1b8000)]
  0x00007fedc0087000 JavaThread "Finalizer" daemon [_thread_blocked, id=4637, stack(0x00007fed9bafb000,0x00007fed9bbfc000)]
  0x00007fedc0085000 JavaThread "Reference Handler" daemon [_thread_blocked, id=4636, stack(0x00007fed9bbfc000,0x00007fed9bcfd000)]
  0x00007fedc000a000 JavaThread "main" [_thread_blocked, id=4626, stack(0x00007fedc712b000,0x00007fedc722c000)]

Other Threads:
=>0x00007fedc0080000 VMThread [stack: 0x00007fed9bcfd000,0x00007fed9bdfe000] [id=4635]
  0x00007fedc00d6000 WatcherThread [stack: 0x00007fed9aab1000,0x00007fed9abb2000] [id=4644]

VM state:at safepoint (normal execution)

VM Mutex/Monitor currently owned by a thread:  ([mutex/lock_event])
[0x00007fedc0006270] Threads_lock - owner thread: 0x00007fedc0080000
[0x00007fedc0006770] Heap_lock - owner thread: 0x00007fedc000a000

Heap:
 PSYoungGen      total 63488K, used 2032K [0x00000000ed000000, 0x00000000f1000000, 0x0000000100000000)
  eden space 61440K, 0% used [0x00000000ed000000,0x00000000ed000000,0x00000000f0c00000)
  from space 2048K, 99% used [0x00000000f0c00000,0x00000000f0dfc010,0x00000000f0e00000)
  to   space 2048K, 0% used [0x00000000f0e00000,0x00000000f0e00000,0x00000000f1000000)
 ParOldGen       total 39936K, used 12529K [0x00000000c7000000, 0x00000000c9700000, 0x00000000ed000000)
  object space 39936K, 31% used [0x00000000c7000000,0x00000000c7c3c5d0,0x00000000c9700000)
 Metaspace       used 17425K, capacity 17930K, committed 18048K, reserved 1064960K
  class space    used 2169K, capacity 2333K, committed 2432K, reserved 1048576K

Card table byte_map: [0x00007fedc40ee000,0x00007fedc42b7000] byte_map_base: 0x00007fedc3ab6000

Marking Bits: (ParMarkBitMap*) 0x00007fedc6605de0
 Begin Bits: [0x00007feda2380000, 0x00007feda31c0000)
 End Bits:   [0x00007feda31c0000, 0x00007feda4000000)

Polling page: 0x00007fedc724d000

CodeCache: size=245760Kb used=8064Kb max_used=8065Kb free=237695Kb
 bounds [0x00007fedb1000000, 0x00007fedb17f0000, 0x00007fedc0000000]
 total_blobs=2765 nmethods=2412 adapters=266
 compilation: enabled

Compilation events (10 events):
Event: 2,029 Thread 0x00007fedc00c6000 2425       1       com.sun.tools.javac.util.SharedNameTable$NameImpl::getIndex (5 bytes)
Event: 2,029 Thread 0x00007fedc00c6000 nmethod 2425 0x00007fedb17c6810 code [0x00007fedb17c6960, 0x00007fedb17c6a70]
Event: 2,029 Thread 0x00007fedc00c6000 2422       3       com.sun.tools.javac.util.Names::fromString (9 bytes)
Event: 2,030 Thread 0x00007fedc00c6000 nmethod 2422 0x00007fedb17cbb10 code [0x00007fedb17cbca0, 0x00007fedb17cc1b8]
Event: 2,030 Thread 0x00007fedc00c6000 2423       3       com.sun.tools.javac.util.Name$Table::fromString (14 bytes)
Event: 2,030 Thread 0x00007fedc00c6000 nmethod 2423 0x00007fedb17cb350 code [0x00007fedb17cb4e0, 0x00007fedb17cb918]
Event: 2,030 Thread 0x00007fedc00c6000 2420       3       com.sun.tools.javac.util.SharedNameTable$NameImpl::<init> (6 bytes)
Event: 2,030 Thread 0x00007fedc00c6000 nmethod 2420 0x00007fedb17e2950 code [0x00007fedb17e2ac0, 0x00007fedb17e2cf0]
Event: 2,030 Thread 0x00007fedc00c6000 2421       3       com.sun.tools.javac.util.Name::<init> (10 bytes)
Event: 2,030 Thread 0x00007fedc00c6000 nmethod 2421 0x00007fedb17e2550 code [0x00007fedb17e26c0, 0x00007fedb17e2890]

GC Heap History (9 events):
Event: 0,476 GC heap before
{Heap before GC invocations=1 (full 0):
 PSYoungGen      total 17408K, used 15360K [0x00000000ed000000, 0x00000000ee300000, 0x0000000100000000)
  eden space 15360K, 100% used [0x00000000ed000000,0x00000000edf00000,0x00000000edf00000)
  from space 2048K, 0% used [0x00000000ee100000,0x00000000ee100000,0x00000000ee300000)
  to   space 2048K, 0% used [0x00000000edf00000,0x00000000edf00000,0x00000000ee100000)
 ParOldGen       total 39936K, used 0K [0x00000000c7000000, 0x00000000c9700000, 0x00000000ed000000)
  object space 39936K, 0% used [0x00000000c7000000,0x00000000c7000000,0x00000000c9700000)
 Metaspace       used 6673K, capacity 6812K, committed 7040K, reserved 1056768K
  class space    used 820K, capacity 888K, committed 896K, reserved 1048576K
Event: 0,485 GC heap after
Heap after GC invocations=1 (full 0):
 PSYoungGen      total 17408K, used 2017K [0x00000000ed000000, 0x00000000ef200000, 0x0000000100000000)
  eden space 15360K, 0% used [0x00000000ed000000,0x00000000ed000000,0x00000000edf00000)
  from space 2048K, 98% used [0x00000000edf00000,0x00000000ee0f8728,0x00000000ee100000)
  to   space 2048K, 0% used [0x00000000ef000000,0x00000000ef000000,0x00000000ef200000)
 ParOldGen       total 39936K, used 1338K [0x00000000c7000000, 0x00000000c9700000, 0x00000000ed000000)
  object space 39936K, 3% used [0x00000000c7000000,0x00000000c714ebc0,0x00000000c9700000)
 Metaspace       used 6673K, capacity 6812K, committed 7040K, reserved 1056768K
  class space    used 820K, capacity 888K, committed 896K, reserved 1048576K
}
Event: 0,648 GC heap before
{Heap before GC invocations=2 (full 0):
 PSYoungGen      total 17408K, used 17377K [0x00000000ed000000, 0x00000000ef200000, 0x0000000100000000)
  eden space 15360K, 100% used [0x00000000ed000000,0x00000000edf00000,0x00000000edf00000)
  from space 2048K, 98% used [0x00000000edf00000,0x00000000ee0f8728,0x00000000ee100000)
  to   space 2048K, 0% used [0x00000000ef000000,0x00000000ef000000,0x00000000ef200000)
 ParOldGen       total 39936K, used 1338K [0x00000000c7000000, 0x00000000c9700000, 0x00000000ed000000)
  object space 39936K, 3% used [0x00000000c7000000,0x00000000c714ebc0,0x00000000c9700000)
 Metaspace       used 7887K, capacity 8008K, committed 8320K, reserved 1056768K
  class space    used 1002K, capacity 1050K, committed 1152K, reserved 1048576K
Event: 0,654 GC heap after
Heap after GC invocations=2 (full 0):
 PSYoungGen      total 32768K, used 2016K [0x00000000ed000000, 0x00000000ef200000, 0x0000000100000000)
  eden space 30720K, 0% used [0x00000000ed000000,0x00000000ed000000,0x00000000eee00000)
  from space 2048K, 98% used [0x00000000ef000000,0x00000000ef1f8020,0x00000000ef200000)
  to   space 2048K, 0% used [0x00000000eee00000,0x00000000eee00000,0x00000000ef000000)
 ParOldGen       total 39936K, used 2278K [0x00000000c7000000, 0x00000000c9700000, 0x00000000ed000000)
  object space 39936K, 5% used [0x00000000c7000000,0x00000000c7239898,0x00000000c9700000)
 Metaspace       used 7887K, capacity 8008K, committed 8320K, reserved 1056768K
  class space    used 1002K, capacity 1050K, committed 1152K, reserved 1048576K
}
Event: 1,095 GC heap before
{Heap before GC invocations=3 (full 0):
 PSYoungGen      total 32768K, used 32736K [0x00000000ed000000, 0x00000000ef200000, 0x0000000100000000)
  eden space 30720K, 100% used [0x00000000ed000000,0x00000000eee00000,0x00000000eee00000)
  from space 2048K, 98% used [0x00000000ef000000,0x00000000ef1f8020,0x00000000ef200000)
  to   space 2048K, 0% used [0x00000000eee00000,0x00000000eee00000,0x00000000ef000000)
 ParOldGen       total 39936K, used 2278K [0x00000000c7000000, 0x00000000c9700000, 0x00000000ed000000)
  object space 39936K, 5% used [0x00000000c7000000,0x00000000c7239898,0x00000000c9700000)
 Metaspace       used 12944K, capacity 13260K, committed 13568K, reserved 1060864K
  class space    used 1592K, capacity 1690K, committed 1792K, reserved 1048576K
Event: 1,103 GC heap after
Heap after GC invocations=3 (full 0):
 PSYoungGen      total 32768K, used 2016K [0x00000000ed000000, 0x00000000f1000000, 0x0000000100000000)
  eden space 30720K, 0% used [0x00000000ed000000,0x00000000ed000000,0x00000000eee00000)
  from space 2048K, 98% used [0x00000000eee00000,0x00000000eeff8040,0x00000000ef000000)
  to   space 2048K, 0% used [0x00000000f0e00000,0x00000000f0e00000,0x00000000f1000000)
 ParOldGen       total 39936K, used 6839K [0x00000000c7000000, 0x00000000c9700000, 0x00000000ed000000)
  object space 39936K, 17% used [0x00000000c7000000,0x00000000c76add00,0x00000000c9700000)
 Metaspace       used 12944K, capacity 13260K, committed 13568K, reserved 1060864K
  class space    used 1592K, capacity 1690K, committed 1792K, reserved 1048576K
}
Event: 1,325 GC heap before
{Heap before GC invocations=4 (full 0):
 PSYoungGen      total 32768K, used 32736K [0x00000000ed000000, 0x00000000f1000000, 0x0000000100000000)
  eden space 30720K, 100% used [0x00000000ed000000,0x00000000eee00000,0x00000000eee00000)
  from space 2048K, 98% used [0x00000000eee00000,0x00000000eeff8040,0x00000000ef000000)
  to   space 2048K, 0% used [0x00000000f0e00000,0x00000000f0e00000,0x00000000f1000000)
 ParOldGen       total 39936K, used 6839K [0x00000000c7000000, 0x00000000c9700000, 0x00000000ed000000)
  object space 39936K, 17% used [0x00000000c7000000,0x00000000c76add00,0x00000000c9700000)
 Metaspace       used 13329K, capacity 13630K, committed 13824K, reserved 1060864K
  class space    used 1620K, capacity 1725K, committed 1792K, reserved 1048576K
Event: 1,343 GC heap after
Heap after GC invocations=4 (full 0):
 PSYoungGen      total 63488K, used 2032K [0x00000000ed000000, 0x00000000f1000000, 0x0000000100000000)
  eden space 61440K, 0% used [0x00000000ed000000,0x00000000ed000000,0x00000000f0c00000)
  from space 2048K, 99% used [0x00000000f0e00000,0x00000000f0ffc010,0x00000000f1000000)
  to   space 2048K, 0% used [0x00000000f0c00000,0x00000000f0c00000,0x00000000f0e00000)
 ParOldGen       total 39936K, used 9005K [0x00000000c7000000, 0x00000000c9700000, 0x00000000ed000000)
  object space 39936K, 22% used [0x00000000c7000000,0x00000000c78cb4d0,0x00000000c9700000)
 Metaspace       used 13329K, capacity 13630K, committed 13824K, reserved 1060864K
  class space    used 1620K, capacity 1725K, committed 1792K, reserved 1048576K
}
Event: 2,044 GC heap before
{Heap before GC invocations=5 (full 0):
 PSYoungGen      total 63488K, used 63472K [0x00000000ed000000, 0x00000000f1000000, 0x0000000100000000)
  eden space 61440K, 100% used [0x00000000ed000000,0x00000000f0c00000,0x00000000f0c00000)
  from space 2048K, 99% used [0x00000000f0e00000,0x00000000f0ffc010,0x00000000f1000000)
  to   space 2048K, 0% used [0x00000000f0c00000,0x00000000f0c00000,0x00000000f0e00000)
 ParOldGen       total 39936K, used 9005K [0x00000000c7000000, 0x00000000c9700000, 0x00000000ed000000)
  object space 39936K, 22% used [0x00000000c7000000,0x00000000c78cb4d0,0x00000000c9700000)
 Metaspace       used 17425K, capacity 17930K, committed 18048K, reserved 1064960K
  class space    used 2169K, capacity 2333K, committed 2432K, reserved 1048576K

Deoptimization events (10 events):
Event: 1,523 Thread 0x00007fedc000a000 Uncommon trap: reason=bimorphic action=maybe_recompile pc=0x00007fedb161c290 method=java.util.regex.Pattern$Curly.match0(Ljava/util/regex/Matcher;IILjava/lang/CharSequence;)Z @ 170
Event: 1,523 Thread 0x00007fedc000a000 Uncommon trap: reason=bimorphic action=maybe_recompile pc=0x00007fedb161c290 method=java.util.regex.Pattern$Curly.match0(Ljava/util/regex/Matcher;IILjava/lang/CharSequence;)Z @ 170
Event: 1,579 Thread 0x00007fedc000a000 Uncommon trap: reason=unstable_if action=reinterpret pc=0x00007fedb1600c18 method=org.codehaus.plexus.util.xml.pull.MXParser.nextImpl()I @ 310
Event: 1,615 Thread 0x00007fedc000a000 Uncommon trap: reason=unstable_if action=reinterpret pc=0x00007fedb16ebf10 method=org.sonatype.guice.bean.locators.RankedBindings$Itr.hasNext()Z @ 60
Event: 1,743 Thread 0x00007fedc000a000 Uncommon trap: reason=bimorphic action=maybe_recompile pc=0x00007fedb1360db0 method=java.util.HashMap.putVal(ILjava/lang/Object;Ljava/lang/Object;ZZ)Ljava/lang/Object; @ 203
Event: 1,785 Thread 0x00007fedc000a000 Uncommon trap: reason=bimorphic action=maybe_recompile pc=0x00007fedb14ca2f8 method=java.lang.ClassLoader.loadClass(Ljava/lang/String;Z)Ljava/lang/Class; @ 38
Event: 1,796 Thread 0x00007fedc000a000 Uncommon trap: reason=bimorphic action=maybe_recompile pc=0x00007fedb14ca2f8 method=java.lang.ClassLoader.loadClass(Ljava/lang/String;Z)Ljava/lang/Class; @ 38
Event: 1,798 Thread 0x00007fedc000a000 Uncommon trap: reason=bimorphic action=maybe_recompile pc=0x00007fedb14ca2f8 method=java.lang.ClassLoader.loadClass(Ljava/lang/String;Z)Ljava/lang/Class; @ 38
Event: 1,798 Thread 0x00007fedc000a000 Uncommon trap: reason=bimorphic action=maybe_recompile pc=0x00007fedb14ca2f8 method=java.lang.ClassLoader.loadClass(Ljava/lang/String;Z)Ljava/lang/Class; @ 38
Event: 1,833 Thread 0x00007fedc000a000 Uncommon trap: reason=unstable_if action=reinterpret pc=0x00007fedb17b669c method=org.codehaus.plexus.classworlds.realm.Entry.matches(Ljava/lang/String;)Z @ 131

Internal exceptions (10 events):
Event: 0,662 Thread 0x00007fedc000a000 Exception <a 'java/lang/NoClassDefFoundError'> (0x00000000ed061608) thrown at [/HUDSON/workspace/8-2-build-linux-amd64/jdk8u60/4407/hotspot/src/share/vm/oops/instanceKlass.cpp, line 945]
Event: 0,924 Thread 0x00007fedc000a000 Exception <a 'java/lang/NoSuchFieldError': method resolution failed> (0x00000000ee4971c0) thrown at [/HUDSON/workspace/8-2-build-linux-amd64/jdk8u60/4407/hotspot/src/share/vm/prims/methodHandles.cpp, line 1146]
Event: 0,925 Thread 0x00007fedc000a000 Exception <a 'java/lang/NoSuchFieldError': method resolution failed> (0x00000000ee4a4898) thrown at [/HUDSON/workspace/8-2-build-linux-amd64/jdk8u60/4407/hotspot/src/share/vm/prims/methodHandles.cpp, line 1146]
Event: 1,107 Thread 0x00007fedc000a000 Implicit null exception at 0x00007fedb13ba5f5 to 0x00007fedb13ba7fd
Event: 1,107 Thread 0x00007fedc000a000 Implicit null exception at 0x00007fedb12cbc2f to 0x00007fedb12cbc99
Event: 1,148 Thread 0x00007fedc000a000 Implicit null exception at 0x00007fedb14fe5be to 0x00007fedb14fe8d9
Event: 1,403 Thread 0x00007fedc000a000 Implicit null exception at 0x00007fedb13731d8 to 0x00007fedb1373266
Event: 1,456 Thread 0x00007fedc000a000 Exception <a 'java/lang/NoClassDefFoundError': org/slf4j/Logger> (0x00000000ed9f44f8) thrown at [/HUDSON/workspace/8-2-build-linux-amd64/jdk8u60/4407/hotspot/src/share/vm/oops/constantPool.cpp, line 235]
Event: 1,611 Thread 0x00007fedc000a000 Exception <a 'java/lang/NoClassDefFoundError': org/slf4j/Logger> (0x00000000eeaa1750) thrown at [/HUDSON/workspace/8-2-build-linux-amd64/jdk8u60/4407/hotspot/src/share/vm/oops/constantPool.cpp, line 235]
Event: 1,744 Thread 0x00007fedc000a000 Exception <a 'java/lang/NoClassDefFoundError': org/slf4j/Logger> (0x00000000efa632e8) thrown at [/HUDSON/workspace/8-2-build-linux-amd64/jdk8u60/4407/hotspot/src/share/vm/oops/constantPool.cpp, line 235]

Events (10 events):
Event: 2,037 loading class com/sun/tools/javac/jvm/Gen$1ComplexityScanner done
Event: 2,037 loading class com/sun/tools/javac/jvm/Gen$1ComplexityScanner
Event: 2,037 loading class com/sun/tools/javac/jvm/Gen$1ComplexityScanner done
Event: 2,039 loading class com/sun/tools/javac/comp/Lower
Event: 2,039 loading class com/sun/tools/javac/comp/Lower done
Event: 2,039 loading class com/sun/tools/javac/comp/Lower
Event: 2,039 loading class com/sun/tools/javac/comp/Lower done
Event: 2,039 loading class com/sun/tools/javac/comp/Lower
Event: 2,039 loading class com/sun/tools/javac/comp/Lower done
Event: 2,042 Executing VM operation: ParallelGCFailedAllocation


Dynamic libraries:
00400000-00401000 r-xp 00000000 08:02 4981547                            /usr/local/java/jdk1.8.0_60/bin/java
00600000-00601000 rw-p 00000000 08:02 4981547                            /usr/local/java/jdk1.8.0_60/bin/java
00fae000-00fcf000 rw-p 00000000 00:00 0                                  [heap]
c7000000-c9700000 rw-p 00000000 00:00 0 
c9700000-ed000000 ---p 00000000 00:00 0 
ed000000-f1000000 rw-p 00000000 00:00 0 
f5600000-100000000 ---p 00000000 00:00 0 
100000000-100260000 rw-p 00000000 00:00 0 
100260000-140000000 ---p 00000000 00:00 0 
7fed54000000-7fed54021000 rw-p 00000000 00:00 0 
7fed54021000-7fed58000000 ---p 00000000 00:00 0 
7fed5c000000-7fed5c021000 rw-p 00000000 00:00 0 
7fed5c021000-7fed60000000 ---p 00000000 00:00 0 
7fed60000000-7fed60021000 rw-p 00000000 00:00 0 
7fed60021000-7fed64000000 ---p 00000000 00:00 0 
7fed64000000-7fed64db4000 rw-p 00000000 00:00 0 
7fed64db4000-7fed68000000 ---p 00000000 00:00 0 
7fed68000000-7fed68954000 rw-p 00000000 00:00 0 
7fed68954000-7fed6c000000 ---p 00000000 00:00 0 
7fed6c000000-7fed6d690000 rw-p 00000000 00:00 0 
7fed6d690000-7fed70000000 ---p 00000000 00:00 0 
7fed70000000-7fed7112f000 rw-p 00000000 00:00 0 
7fed7112f000-7fed74000000 ---p 00000000 00:00 0 
7fed74000000-7fed74021000 rw-p 00000000 00:00 0 
7fed74021000-7fed78000000 ---p 00000000 00:00 0 
7fed78000000-7fed78021000 rw-p 00000000 00:00 0 
7fed78021000-7fed7c000000 ---p 00000000 00:00 0 
7fed7c000000-7fed7c293000 rw-p 00000000 00:00 0 
7fed7c293000-7fed80000000 ---p 00000000 00:00 0 
7fed80000000-7fed80021000 rw-p 00000000 00:00 0 
7fed80021000-7fed84000000 ---p 00000000 00:00 0 
7fed84000000-7fed84021000 rw-p 00000000 00:00 0 
7fed84021000-7fed88000000 ---p 00000000 00:00 0 
7fed88000000-7fed88021000 rw-p 00000000 00:00 0 
7fed88021000-7fed8c000000 ---p 00000000 00:00 0 
7fed8c000000-7fed8c021000 rw-p 00000000 00:00 0 
7fed8c021000-7fed90000000 ---p 00000000 00:00 0 
7fed94000000-7fed94021000 rw-p 00000000 00:00 0 
7fed94021000-7fed98000000 ---p 00000000 00:00 0 
7fed99e10000-7fed99f50000 rw-p 00000000 00:00 0 
7fed99f50000-7fed9a010000 ---p 00000000 00:00 0 
7fed9a010000-7fed9a089000 r--s 010e2000 08:02 4868560                    /usr/local/java/jdk1.8.0_60/lib/tools.jar
7fed9a089000-7fed9a289000 rw-p 00000000 00:00 0 
7fed9a289000-7fed9a29a000 r-xp 00000000 08:02 4981436                    /usr/local/java/jdk1.8.0_60/jre/lib/amd64/libnio.so
7fed9a29a000-7fed9a499000 ---p 00011000 08:02 4981436                    /usr/local/java/jdk1.8.0_60/jre/lib/amd64/libnio.so
7fed9a499000-7fed9a49a000 rw-p 00010000 08:02 4981436                    /usr/local/java/jdk1.8.0_60/jre/lib/amd64/libnio.so
7fed9a49a000-7fed9a4b0000 r-xp 00000000 08:02 4981409                    /usr/local/java/jdk1.8.0_60/jre/lib/amd64/libnet.so
7fed9a4b0000-7fed9a6b0000 ---p 00016000 08:02 4981409                    /usr/local/java/jdk1.8.0_60/jre/lib/amd64/libnet.so
7fed9a6b0000-7fed9a6b1000 rw-p 00016000 08:02 4981409                    /usr/local/java/jdk1.8.0_60/jre/lib/amd64/libnet.so
7fed9a6b1000-7fed9a8b1000 rw-p 00000000 00:00 0 
7fed9a8b1000-7fed9aab1000 rw-p 00000000 00:00 0 
7fed9aab1000-7fed9aab2000 ---p 00000000 00:00 0 
7fed9aab2000-7fed9abb2000 rw-p 00000000 00:00 0                          [stack:4644]
7fed9abb2000-7fed9abb5000 ---p 00000000 00:00 0 
7fed9abb5000-7fed9acb3000 rw-p 00000000 00:00 0                          [stack:4643]
7fed9acb3000-7fed9acb6000 ---p 00000000 00:00 0 
7fed9acb6000-7fed9adb4000 rw-p 00000000 00:00 0                          [stack:4642]
7fed9adb4000-7fed9adb7000 ---p 00000000 00:00 0 
7fed9adb7000-7fed9aeb5000 rw-p 00000000 00:00 0                          [stack:4641]
7fed9aeb5000-7fed9aeb8000 ---p 00000000 00:00 0 
7fed9aeb8000-7fed9afb6000 rw-p 00000000 00:00 0                          [stack:4640]
7fed9afb6000-7fed9afb9000 ---p 00000000 00:00 0 
7fed9afb9000-7fed9b0b7000 rw-p 00000000 00:00 0                          [stack:4639]
7fed9b0b7000-7fed9b0ba000 ---p 00000000 00:00 0 
7fed9b0ba000-7fed9b1b8000 rw-p 00000000 00:00 0                          [stack:4638]
7fed9b1b8000-7fed9bafb000 r--p 00000000 08:02 4385038                    /usr/lib/locale/locale-archive
7fed9bafb000-7fed9bafe000 ---p 00000000 00:00 0 
7fed9bafe000-7fed9bbfc000 rw-p 00000000 00:00 0                          [stack:4637]
7fed9bbfc000-7fed9bbff000 ---p 00000000 00:00 0 
7fed9bbff000-7fed9bcfd000 rw-p 00000000 00:00 0                          [stack:4636]
7fed9bcfd000-7fed9bcfe000 ---p 00000000 00:00 0 
7fed9bcfe000-7fed9c000000 rw-p 00000000 00:00 0                          [stack:4635]
7fed9c000000-7fed9c021000 rw-p 00000000 00:00 0 
7fed9c021000-7feda0000000 ---p 00000000 00:00 0 
7feda0032000-7feda0033000 rw-p 00000000 00:00 0 
7feda0033000-7feda0034000 r--s 00003000 08:02 1098761                    /home/jonas/.m2/repository/org/codehaus/plexus/plexus-compiler-javac/1.9.1/plexus-compiler-javac-1.9.1.jar
7feda0034000-7feda0036000 r--s 00000000 08:02 1098760                    /home/jonas/.m2/repository/org/codehaus/plexus/plexus-compiler-manager/1.9.1/plexus-compiler-manager-1.9.1.jar
7feda0036000-7feda0038000 r--s 00004000 08:02 1098759                    /home/jonas/.m2/repository/org/codehaus/plexus/plexus-compiler-api/1.9.1/plexus-compiler-api-1.9.1.jar
7feda0038000-7feda003c000 r--s 00034000 08:02 1098758                    /home/jonas/.m2/repository/org/codehaus/plexus/plexus-utils/3.0/plexus-utils-3.0.jar
7feda003c000-7feda003d000 r--s 00007000 08:02 1098530                    /home/jonas/.m2/repository/org/apache/maven/plugins/maven-compiler-plugin/2.5.1/maven-compiler-plugin-2.5.1.jar
7feda003d000-7feda003f000 r--s 0000d000 08:02 1099042                    /home/jonas/.m2/repository/org/codehaus/plexus/plexus-interpolation/1.13/plexus-interpolation-1.13.jar
7feda003f000-7feda0040000 r--s 00001000 08:02 1099041                    /home/jonas/.m2/repository/org/sonatype/plexus/plexus-build-api/0.0.4/plexus-build-api-0.0.4.jar
7feda0040000-7feda0042000 r--s 00009000 08:02 1262397                    /home/jonas/.m2/repository/org/apache/maven/shared/maven-filtering/1.0/maven-filtering-1.0.jar
7feda0042000-7feda0045000 r--s 0001b000 08:02 1098762                    /home/jonas/.m2/repository/junit/junit/3.8.1/junit-3.8.1.jar
7feda0045000-7feda0047000 r--s 00002000 08:02 1099036                    /home/jonas/.m2/repository/org/codehaus/plexus/plexus-interactivity-api/1.0-alpha-4/plexus-interactivity-api-1.0-alpha-4.jar
7feda0047000-7feda0049000 r--s 00006000 08:02 1099034                    /home/jonas/.m2/repository/commons-cli/commons-cli/1.0/commons-cli-1.0.jar
7feda0049000-7feda004a000 r--s 00001000 08:02 1099033                    /home/jonas/.m2/repository/org/apache/maven/doxia/doxia-sink-api/1.0-alpha-7/doxia-sink-api-1.0-alpha-7.jar
7feda004a000-7feda004b000 r--s 00002000 08:02 1099032                    /home/jonas/.m2/repository/org/apache/maven/reporting/maven-reporting-api/2.0.6/maven-reporting-api-2.0.6.jar
7feda004b000-7feda004d000 r--s 00005000 08:02 1147876                    /home/jonas/.m2/repository/org/apache/maven/plugins/maven-resources-plugin/2.5/maven-resources-plugin-2.5.jar
7feda004d000-7feda0051000 r--s 00033000 08:02 1099037                    /home/jonas/.m2/repository/org/codehaus/plexus/plexus-utils/2.0.5/plexus-utils-2.0.5.jar
7feda0051000-7feda0052000 r--s 00005000 08:02 1107127                    /home/jonas/.m2/repository/org/apache/maven/plugins/maven-clean-plugin/2.4.1/maven-clean-plugin-2.4.1.jar
7feda0052000-7feda0055000 ---p 00000000 00:00 0 
7feda0055000-7feda008b000 rw-p 00000000 00:00 0                          [stack:4646]
7feda008b000-7feda008c000 r--p 00000000 00:00 0 
7feda008c000-7feda0090000 r--s 00095000 08:02 4981457                    /usr/local/java/jdk1.8.0_60/jre/lib/jsse.jar
7feda0090000-7feda0092000 r--s 0000c000 08:02 1181986                    /home/jonas/Software/netbeans-8.0.2/java/maven-nblib/netbeans-eventspy.jar
7feda0092000-7feda0094000 r--s 00026000 08:02 1174117                    /home/jonas/Software/netbeans-8.0.2/java/maven/lib/maven-model-3.0.5.jar
7feda0094000-7feda0095000 r--s 0000a000 08:02 1174106                    /home/jonas/Software/netbeans-8.0.2/java/maven/lib/maven-embedder-3.0.5.jar
7feda0095000-7feda0097000 r--s 00000000 08:02 1173829                    /home/jonas/Software/netbeans-8.0.2/java/maven/lib/plexus-component-annotations-1.5.5.jar
7feda0097000-7feda0099000 r--s 00009000 08:02 1174125                    /home/jonas/Software/netbeans-8.0.2/java/maven/lib/commons-cli-1.2.jar
7feda0099000-7feda009f000 r--s 0003f000 08:02 1174115                    /home/jonas/Software/netbeans-8.0.2/java/maven/lib/maven-compat-3.0.5.jar
7feda009f000-7feda00a1000 r--s 0000c000 08:02 1174029                    /home/jonas/Software/netbeans-8.0.2/java/maven/lib/maven-aether-provider-3.0.5.jar
7feda00a1000-7feda00a3000 r--s 0000d000 08:02 1174058                    /home/jonas/Software/netbeans-8.0.2/java/maven/lib/plexus-interpolation-1.14.jar
7feda00a3000-7feda00aa000 r--s 0002b000 08:02 1174074                    /home/jonas/Software/netbeans-8.0.2/java/maven/lib/sisu-inject-plexus-2.3.0.jar
7feda00aa000-7feda00ab000 r--s 00003000 08:02 1174120                    /home/jonas/Software/netbeans-8.0.2/java/maven/lib/aether-spi-1.13.1.jar
7feda00ab000-7feda00ad000 r--s 0000b000 08:02 1174093                    /home/jonas/Software/netbeans-8.0.2/java/maven/lib/maven-plugin-api-3.0.5.jar
7feda00ad000-7feda00af000 r--s 00006000 08:02 1173929                    /home/jonas/Software/netbeans-8.0.2/java/maven/lib/maven-repository-metadata-3.0.5.jar
7feda00af000-7feda00bb000 r--s 0007d000 08:02 1174122                    /home/jonas/Software/netbeans-8.0.2/java/maven/lib/maven-core-3.0.5.jar
7feda00bb000-7feda00bd000 r--s 0000b000 08:02 1174105                    /home/jonas/Software/netbeans-8.0.2/java/maven/lib/maven-artifact-3.0.5.jar
7feda00bd000-7feda00c0000 r--s 0001d000 08:02 1174113                    /home/jonas/Software/netbeans-8.0.2/java/maven/lib/aether-impl-1.13.1.jar
7feda00c0000-7feda00c4000 r--s 00033000 08:02 1174112                    /home/jonas/Software/netbeans-8.0.2/java/maven/lib/plexus-utils-2.0.6.jar
7feda00c4000-7feda00e3000 r--s 00154000 08:02 1174123                    /home/jonas/Software/netbeans-8.0.2/java/maven/lib/sisu-guava-0.9.9.jar
7feda00e3000-7feda00eb000 r--s 00050000 08:02 1174084                    /home/jonas/Software/netbeans-8.0.2/java/maven/lib/sisu-guice-3.1.0-no_aop.jar
7feda00eb000-7feda19a8000 rw-p 00000000 00:00 0 
7feda19a8000-7feda1b80000 r--s 03d17000 08:02 4981454                    /usr/local/java/jdk1.8.0_60/jre/lib/rt.jar
7feda1b80000-7feda4000000 rw-p 00000000 00:00 0 
7feda4000000-7feda4021000 rw-p 00000000 00:00 0 
7feda4021000-7feda8000000 ---p 00000000 00:00 0 
7feda8000000-7feda8021000 rw-p 00000000 00:00 0 
7feda8021000-7fedac000000 ---p 00000000 00:00 0 
7fedac000000-7fedac021000 rw-p 00000000 00:00 0 
7fedac021000-7fedb0000000 ---p 00000000 00:00 0 
7fedb0000000-7fedb0002000 r--s 00006000 08:02 1173989                    /home/jonas/Software/netbeans-8.0.2/java/maven/lib/aether-connector-wagon-1.13.1.jar
7fedb0002000-7fedb0003000 r--s 00002000 08:02 1174127                    /home/jonas/Software/netbeans-8.0.2/java/maven/lib/wagon-file-2.4.jar
7fedb0003000-7fedb001e000 r--s 000e4000 08:02 1174100                    /home/jonas/Software/netbeans-8.0.2/java/maven/lib/wagon-http-2.4-shaded.jar
7fedb001e000-7fedb0308000 rw-p 00000000 00:00 0 
7fedb0308000-7fedb0309000 ---p 00000000 00:00 0 
7fedb0309000-7fedb0409000 rw-p 00000000 00:00 0                          [stack:4634]
7fedb0409000-7fedb040a000 ---p 00000000 00:00 0 
7fedb040a000-7fedb050a000 rw-p 00000000 00:00 0                          [stack:4633]
7fedb050a000-7fedb050b000 ---p 00000000 00:00 0 
7fedb050b000-7fedb060b000 rw-p 00000000 00:00 0                          [stack:4632]
7fedb060b000-7fedb060c000 ---p 00000000 00:00 0 
7fedb060c000-7fedb070c000 rw-p 00000000 00:00 0                          [stack:4631]
7fedb070c000-7fedb070d000 ---p 00000000 00:00 0 
7fedb070d000-7fedb080d000 rw-p 00000000 00:00 0                          [stack:4630]
7fedb080d000-7fedb080e000 ---p 00000000 00:00 0 
7fedb080e000-7fedb090e000 rw-p 00000000 00:00 0                          [stack:4629]
7fedb090e000-7fedb090f000 ---p 00000000 00:00 0 
7fedb090f000-7fedb0a0f000 rw-p 00000000 00:00 0                          [stack:4628]
7fedb0a0f000-7fedb0a10000 ---p 00000000 00:00 0 
7fedb0a10000-7fedb0b24000 rw-p 00000000 00:00 0                          [stack:4627]
7fedb0b24000-7fedb0c40000 ---p 00000000 00:00 0 
7fedb0c40000-7fedb0c60000 rw-p 00000000 00:00 0 
7fedb0c60000-7fedb1000000 ---p 00000000 00:00 0 
7fedb1000000-7fedb17f0000 rwxp 00000000 00:00 0 
7fedb17f0000-7fedc0000000 ---p 00000000 00:00 0 
7fedc0000000-7fedc0a38000 rw-p 00000000 00:00 0 
7fedc0a38000-7fedc4000000 ---p 00000000 00:00 0 
7fedc4000000-7fedc4003000 r--s 00008000 08:02 1174014                    /home/jonas/Software/netbeans-8.0.2/java/maven/lib/maven-settings-builder-3.0.5.jar
7fedc4003000-7fedc4007000 r--s 0001c000 08:02 1174114                    /home/jonas/Software/netbeans-8.0.2/java/maven/lib/aether-util-1.13.1.jar
7fedc4007000-7fedc4008000 r--s 00006000 08:02 1174057                    /home/jonas/Software/netbeans-8.0.2/java/maven/lib/plexus-sec-dispatcher-1.3.jar
7fedc4008000-7fedc400a000 r--s 0000b000 08:02 1174092                    /home/jonas/Software/netbeans-8.0.2/java/maven/lib/wagon-provider-api-2.4.jar
7fedc400a000-7fedc4011000 r--s 0003f000 08:02 1174094                    /home/jonas/Software/netbeans-8.0.2/java/maven/lib/sisu-inject-bean-2.3.0.jar
7fedc4011000-7fedc4015000 r--s 00021000 08:02 1174056                    /home/jonas/Software/netbeans-8.0.2/java/maven/lib/maven-model-builder-3.0.5.jar
7fedc4015000-7fedc4102000 rw-p 00000000 00:00 0 
7fedc4102000-7fedc421e000 ---p 00000000 00:00 0 
7fedc421e000-7fedc423e000 rw-p 00000000 00:00 0 
7fedc423e000-7fedc42b6000 ---p 00000000 00:00 0 
7fedc42b6000-7fedc42b7000 rw-p 00000000 00:00 0 
7fedc42b7000-7fedc42d1000 r-xp 00000000 08:02 4981404                    /usr/local/java/jdk1.8.0_60/jre/lib/amd64/libzip.so
7fedc42d1000-7fedc44d1000 ---p 0001a000 08:02 4981404                    /usr/local/java/jdk1.8.0_60/jre/lib/amd64/libzip.so
7fedc44d1000-7fedc44d2000 rw-p 0001a000 08:02 4981404                    /usr/local/java/jdk1.8.0_60/jre/lib/amd64/libzip.so
7fedc44d2000-7fedc44dd000 r-xp 00000000 08:02 3080211                    /lib/x86_64-linux-gnu/libnss_files-2.19.so
7fedc44dd000-7fedc46dc000 ---p 0000b000 08:02 3080211                    /lib/x86_64-linux-gnu/libnss_files-2.19.so
7fedc46dc000-7fedc46dd000 r--p 0000a000 08:02 3080211                    /lib/x86_64-linux-gnu/libnss_files-2.19.so
7fedc46dd000-7fedc46de000 rw-p 0000b000 08:02 3080211                    /lib/x86_64-linux-gnu/libnss_files-2.19.so
7fedc46de000-7fedc46e9000 r-xp 00000000 08:02 3082943                    /lib/x86_64-linux-gnu/libnss_nis-2.19.so
7fedc46e9000-7fedc48e8000 ---p 0000b000 08:02 3082943                    /lib/x86_64-linux-gnu/libnss_nis-2.19.so
7fedc48e8000-7fedc48e9000 r--p 0000a000 08:02 3082943                    /lib/x86_64-linux-gnu/libnss_nis-2.19.so
7fedc48e9000-7fedc48ea000 rw-p 0000b000 08:02 3082943                    /lib/x86_64-linux-gnu/libnss_nis-2.19.so
7fedc48ea000-7fedc4901000 r-xp 00000000 08:02 3080286                    /lib/x86_64-linux-gnu/libnsl-2.19.so
7fedc4901000-7fedc4b00000 ---p 00017000 08:02 3080286                    /lib/x86_64-linux-gnu/libnsl-2.19.so
7fedc4b00000-7fedc4b01000 r--p 00016000 08:02 3080286                    /lib/x86_64-linux-gnu/libnsl-2.19.so
7fedc4b01000-7fedc4b02000 rw-p 00017000 08:02 3080286                    /lib/x86_64-linux-gnu/libnsl-2.19.so
7fedc4b02000-7fedc4b04000 rw-p 00000000 00:00 0 
7fedc4b04000-7fedc4b0d000 r-xp 00000000 08:02 3080285                    /lib/x86_64-linux-gnu/libnss_compat-2.19.so
7fedc4b0d000-7fedc4d0c000 ---p 00009000 08:02 3080285                    /lib/x86_64-linux-gnu/libnss_compat-2.19.so
7fedc4d0c000-7fedc4d0d000 r--p 00008000 08:02 3080285                    /lib/x86_64-linux-gnu/libnss_compat-2.19.so
7fedc4d0d000-7fedc4d0e000 rw-p 00009000 08:02 3080285                    /lib/x86_64-linux-gnu/libnss_compat-2.19.so
7fedc4d0e000-7fedc4d38000 r-xp 00000000 08:02 4981382                    /usr/local/java/jdk1.8.0_60/jre/lib/amd64/libjava.so
7fedc4d38000-7fedc4f38000 ---p 0002a000 08:02 4981382                    /usr/local/java/jdk1.8.0_60/jre/lib/amd64/libjava.so
7fedc4f38000-7fedc4f3a000 rw-p 0002a000 08:02 4981382                    /usr/local/java/jdk1.8.0_60/jre/lib/amd64/libjava.so
7fedc4f3a000-7fedc4f47000 r-xp 00000000 08:02 4981398                    /usr/local/java/jdk1.8.0_60/jre/lib/amd64/libverify.so
7fedc4f47000-7fedc5147000 ---p 0000d000 08:02 4981398                    /usr/local/java/jdk1.8.0_60/jre/lib/amd64/libverify.so
7fedc5147000-7fedc5149000 rw-p 0000d000 08:02 4981398                    /usr/local/java/jdk1.8.0_60/jre/lib/amd64/libverify.so
7fedc5149000-7fedc5150000 r-xp 00000000 08:02 3080294                    /lib/x86_64-linux-gnu/librt-2.19.so
7fedc5150000-7fedc534f000 ---p 00007000 08:02 3080294                    /lib/x86_64-linux-gnu/librt-2.19.so
7fedc534f000-7fedc5350000 r--p 00006000 08:02 3080294                    /lib/x86_64-linux-gnu/librt-2.19.so
7fedc5350000-7fedc5351000 rw-p 00007000 08:02 3080294                    /lib/x86_64-linux-gnu/librt-2.19.so
7fedc5351000-7fedc5456000 r-xp 00000000 08:02 3080207                    /lib/x86_64-linux-gnu/libm-2.19.so
7fedc5456000-7fedc5655000 ---p 00105000 08:02 3080207                    /lib/x86_64-linux-gnu/libm-2.19.so
7fedc5655000-7fedc5656000 r--p 00104000 08:02 3080207                    /lib/x86_64-linux-gnu/libm-2.19.so
7fedc5656000-7fedc5657000 rw-p 00105000 08:02 3080207                    /lib/x86_64-linux-gnu/libm-2.19.so
7fedc5657000-7fedc6315000 r-xp 00000000 08:02 4981420                    /usr/local/java/jdk1.8.0_60/jre/lib/amd64/server/libjvm.so
7fedc6315000-7fedc6514000 ---p 00cbe000 08:02 4981420                    /usr/local/java/jdk1.8.0_60/jre/lib/amd64/server/libjvm.so
7fedc6514000-7fedc65ec000 rw-p 00cbd000 08:02 4981420                    /usr/local/java/jdk1.8.0_60/jre/lib/amd64/server/libjvm.so
7fedc65ec000-7fedc6631000 rw-p 00000000 00:00 0 
7fedc6631000-7fedc67ec000 r-xp 00000000 08:02 3080291                    /lib/x86_64-linux-gnu/libc-2.19.so
7fedc67ec000-7fedc69eb000 ---p 001bb000 08:02 3080291                    /lib/x86_64-linux-gnu/libc-2.19.so
7fedc69eb000-7fedc69ef000 r--p 001ba000 08:02 3080291                    /lib/x86_64-linux-gnu/libc-2.19.so
7fedc69ef000-7fedc69f1000 rw-p 001be000 08:02 3080291                    /lib/x86_64-linux-gnu/libc-2.19.so
7fedc69f1000-7fedc69f6000 rw-p 00000000 00:00 0 
7fedc69f6000-7fedc69f9000 r-xp 00000000 08:02 3080222                    /lib/x86_64-linux-gnu/libdl-2.19.so
7fedc69f9000-7fedc6bf8000 ---p 00003000 08:02 3080222                    /lib/x86_64-linux-gnu/libdl-2.19.so
7fedc6bf8000-7fedc6bf9000 r--p 00002000 08:02 3080222                    /lib/x86_64-linux-gnu/libdl-2.19.so
7fedc6bf9000-7fedc6bfa000 rw-p 00003000 08:02 3080222                    /lib/x86_64-linux-gnu/libdl-2.19.so
7fedc6bfa000-7fedc6c0f000 r-xp 00000000 08:02 4957783                    /usr/local/java/jdk1.8.0_60/lib/amd64/jli/libjli.so
7fedc6c0f000-7fedc6e0f000 ---p 00015000 08:02 4957783                    /usr/local/java/jdk1.8.0_60/lib/amd64/jli/libjli.so
7fedc6e0f000-7fedc6e10000 rw-p 00015000 08:02 4957783                    /usr/local/java/jdk1.8.0_60/lib/amd64/jli/libjli.so
7fedc6e10000-7fedc6e29000 r-xp 00000000 08:02 3080292                    /lib/x86_64-linux-gnu/libpthread-2.19.so
7fedc6e29000-7fedc7028000 ---p 00019000 08:02 3080292                    /lib/x86_64-linux-gnu/libpthread-2.19.so
7fedc7028000-7fedc7029000 r--p 00018000 08:02 3080292                    /lib/x86_64-linux-gnu/libpthread-2.19.so
7fedc7029000-7fedc702a000 rw-p 00019000 08:02 3080292                    /lib/x86_64-linux-gnu/libpthread-2.19.so
7fedc702a000-7fedc702e000 rw-p 00000000 00:00 0 
7fedc702e000-7fedc7051000 r-xp 00000000 08:02 3080288                    /lib/x86_64-linux-gnu/ld-2.19.so
7fedc7051000-7fedc7053000 r--s 0000a000 08:02 1174107                    /home/jonas/Software/netbeans-8.0.2/java/maven/lib/maven-settings-3.0.5.jar
7fedc7053000-7fedc7057000 r--s 00013000 08:02 1174119                    /home/jonas/Software/netbeans-8.0.2/java/maven/lib/aether-api-1.13.1.jar
7fedc7057000-7fedc7059000 r--s 00002000 08:02 1174118                    /home/jonas/Software/netbeans-8.0.2/java/maven/lib/plexus-cipher-1.7.jar
7fedc7059000-7fedc712b000 rw-p 00000000 00:00 0 
7fedc712b000-7fedc712e000 ---p 00000000 00:00 0 
7fedc712e000-7fedc7230000 rw-p 00000000 00:00 0                          [stack:4626]
7fedc7230000-7fedc7232000 r--s 0000a000 08:02 1181977                    /home/jonas/Software/netbeans-8.0.2/java/maven/boot/plexus-classworlds-2.4.jar
7fedc7232000-7fedc7244000 rw-p 00000000 00:00 0 
7fedc7244000-7fedc724c000 rw-s 00000000 08:02 393535                     /tmp/hsperfdata_jonas/4623
7fedc724c000-7fedc724d000 rw-p 00000000 00:00 0 
7fedc724d000-7fedc724e000 ---p 00000000 00:00 0 
7fedc724e000-7fedc7250000 rw-p 00000000 00:00 0 
7fedc7250000-7fedc7251000 r--p 00022000 08:02 3080288                    /lib/x86_64-linux-gnu/ld-2.19.so
7fedc7251000-7fedc7252000 rw-p 00023000 08:02 3080288                    /lib/x86_64-linux-gnu/ld-2.19.so
7fedc7252000-7fedc7253000 rw-p 00000000 00:00 0 
7ffce56e6000-7ffce5707000 rw-p 00000000 00:00 0                          [stack]
7ffce577a000-7ffce577c000 r-xp 00000000 00:00 0                          [vdso]
7ffce577c000-7ffce577e000 r--p 00000000 00:00 0                          [vvar]
ffffffffff600000-ffffffffff601000 r-xp 00000000 00:00 0                  [vsyscall]

VM Arguments:
jvm_args: -Dclassworlds.conf=/home/jonas/Software/netbeans-8.0.2/java/maven/bin/m2.conf -Dmaven.home=/home/jonas/Software/netbeans-8.0.2/java/maven 
java_command: org.codehaus.plexus.classworlds.launcher.Launcher -Dmaven.ext.class.path=/home/jonas/Software/netbeans-8.0.2/java/maven-nblib/netbeans-eventspy.jar clean install
java_class_path (initial): /home/jonas/Software/netbeans-8.0.2/java/maven/boot/plexus-classworlds-2.4.jar
Launcher Type: SUN_STANDARD

Environment Variables:
JAVA_HOME=/usr/local/java/jdk1.8.0_60
JRE_HOME=/usr/local/java/jdk1.8.0_60/jre
PATH=/usr/local/sbin:/usr/local/bin:/usr/sbin:/usr/bin:/sbin:/bin:/usr/games:/usr/local/games:/usr/lib/jvm/java-8-oracle/bin:/usr/lib/jvm/java-8-oracle/db/bin:/usr/lib/jvm/java-8-oracle/jre/bin:/usr/lib/jvm/java-8-oracle/bin:/usr/lib/jvm/java-8-oracle/db/bin:/usr/lib/jvm/java-8-oracle/jre/bin:/home/jonas/bin:/usr/local/java/jdk1.8.0_60/bin
LD_LIBRARY_PATH=/usr/local/java/jdk1.8.0_60/jre/lib/amd64:/usr/local/java/jdk1.8.0_60/jre/lib/i386:
SHELL=/bin/bash
DISPLAY=:0

Signal Handlers:
SIGSEGV: [libjvm.so+0xaba070], sa_mask[0]=11111111011111111101111111111110, sa_flags=SA_RESTART|SA_SIGINFO
SIGBUS: [libjvm.so+0xaba070], sa_mask[0]=11111111011111111101111111111110, sa_flags=SA_RESTART|SA_SIGINFO
SIGFPE: [libjvm.so+0x917630], sa_mask[0]=11111111011111111101111111111110, sa_flags=SA_RESTART|SA_SIGINFO
SIGPIPE: [libjvm.so+0x917630], sa_mask[0]=11111111011111111101111111111110, sa_flags=SA_RESTART|SA_SIGINFO
SIGXFSZ: [libjvm.so+0x917630], sa_mask[0]=11111111011111111101111111111110, sa_flags=SA_RESTART|SA_SIGINFO
SIGILL: [libjvm.so+0x917630], sa_mask[0]=11111111011111111101111111111110, sa_flags=SA_RESTART|SA_SIGINFO
SIGUSR1: SIG_DFL, sa_mask[0]=00000000000000000000000000000000, sa_flags=none
SIGUSR2: [libjvm.so+0x918c60], sa_mask[0]=00100000000000000000000000000000, sa_flags=SA_RESTART|SA_SIGINFO
SIGHUP: [libjvm.so+0x91a060], sa_mask[0]=11111111011111111101111111111110, sa_flags=SA_RESTART|SA_SIGINFO
SIGINT: SIG_IGN, sa_mask[0]=00000000000000000000000000000000, sa_flags=none
SIGTERM: [libjvm.so+0x91a060], sa_mask[0]=11111111011111111101111111111110, sa_flags=SA_RESTART|SA_SIGINFO
SIGQUIT: [libjvm.so+0x91a060], sa_mask[0]=11111111011111111101111111111110, sa_flags=SA_RESTART|SA_SIGINFO


---------------  S Y S T E M  ---------------

OS:DISTRIB_ID=Ubuntu
DISTRIB_RELEASE=14.04
DISTRIB_CODENAME=trusty
DISTRIB_DESCRIPTION="Ubuntu 14.04.3 LTS"

uname:Linux 3.16.0-46-generic #62~14.04.1-Ubuntu SMP Tue Aug 11 16:27:16 UTC 2015 x86_64
libc:glibc 2.19 NPTL 2.19 
rlimit: STACK 8192k, CORE 0k, NPROC 14472, NOFILE 4096, AS infinity
load average:0,56 0,73 0,93

/proc/meminfo:
MemTotal:        3734768 kB
MemFree:          109492 kB
MemAvailable:      55752 kB
Buffers:            1448 kB
Cached:           512104 kB
SwapCached:         5696 kB
Active:          2611776 kB
Inactive:         817668 kB
Active(anon):    2609272 kB
Inactive(anon):   801108 kB
Active(file):       2504 kB
Inactive(file):    16560 kB
Unevictable:         164 kB
Mlocked:             164 kB
SwapTotal:        358396 kB
SwapFree:              0 kB
Dirty:               412 kB
Writeback:             0 kB
AnonPages:       2912964 kB
Mapped:           291060 kB
Shmem:            492248 kB
Slab:              82580 kB
SReclaimable:      42380 kB
SUnreclaim:        40200 kB
KernelStack:       13232 kB
PageTables:        46744 kB
NFS_Unstable:          0 kB
Bounce:                0 kB
WritebackTmp:          0 kB
CommitLimit:     2225780 kB
Committed_AS:    8693692 kB
VmallocTotal:   34359738367 kB
VmallocUsed:      352376 kB
VmallocChunk:   34359377068 kB
HardwareCorrupted:     0 kB
AnonHugePages:    950272 kB
HugePages_Total:       0
HugePages_Free:        0
HugePages_Rsvd:        0
HugePages_Surp:        0
Hugepagesize:       2048 kB
DirectMap4k:       77084 kB
DirectMap2M:     3801088 kB


CPU:total 8 (4 cores per cpu, 2 threads per core) family 6 model 42 stepping 7, cmov, cx8, fxsr, mmx, sse, sse2, sse3, ssse3, sse4.1, sse4.2, popcnt, avx, aes, clmul, ht, tsc, tscinvbit

/proc/cpuinfo:
processor	: 0
vendor_id	: GenuineIntel
cpu family	: 6
model		: 42
model name	: Intel(R) Core(TM) i7-2600K CPU @ 3.40GHz
stepping	: 7
microcode	: 0x26
cpu MHz		: 3500.937
cache size	: 8192 KB
physical id	: 0
siblings	: 8
core id		: 0
cpu cores	: 4
apicid		: 0
initial apicid	: 0
fpu		: yes
fpu_exception	: yes
cpuid level	: 13
wp		: yes
flags		: fpu vme de pse tsc msr pae mce cx8 apic sep mtrr pge mca cmov pat pse36 clflush dts acpi mmx fxsr sse sse2 ss ht tm pbe syscall nx rdtscp lm constant_tsc arch_perfmon pebs bts rep_good nopl xtopology nonstop_tsc aperfmperf eagerfpu pni pclmulqdq dtes64 monitor ds_cpl vmx est tm2 ssse3 cx16 xtpr pdcm pcid sse4_1 sse4_2 popcnt tsc_deadline_timer aes xsave avx lahf_lm ida arat epb xsaveopt pln pts dtherm tpr_shadow vnmi flexpriority ept vpid
bogomips	: 6820.14
clflush size	: 64
cache_alignment	: 64
address sizes	: 36 bits physical, 48 bits virtual
power management:

processor	: 1
vendor_id	: GenuineIntel
cpu family	: 6
model		: 42
model name	: Intel(R) Core(TM) i7-2600K CPU @ 3.40GHz
stepping	: 7
microcode	: 0x26
cpu MHz		: 3506.117
cache size	: 8192 KB
physical id	: 0
siblings	: 8
core id		: 1
cpu cores	: 4
apicid		: 2
initial apicid	: 2
fpu		: yes
fpu_exception	: yes
cpuid level	: 13
wp		: yes
flags		: fpu vme de pse tsc msr pae mce cx8 apic sep mtrr pge mca cmov pat pse36 clflush dts acpi mmx fxsr sse sse2 ss ht tm pbe syscall nx rdtscp lm constant_tsc arch_perfmon pebs bts rep_good nopl xtopology nonstop_tsc aperfmperf eagerfpu pni pclmulqdq dtes64 monitor ds_cpl vmx est tm2 ssse3 cx16 xtpr pdcm pcid sse4_1 sse4_2 popcnt tsc_deadline_timer aes xsave avx lahf_lm ida arat epb xsaveopt pln pts dtherm tpr_shadow vnmi flexpriority ept vpid
bogomips	: 6820.14
clflush size	: 64
cache_alignment	: 64
address sizes	: 36 bits physical, 48 bits virtual
power management:

processor	: 2
vendor_id	: GenuineIntel
cpu family	: 6
model		: 42
model name	: Intel(R) Core(TM) i7-2600K CPU @ 3.40GHz
stepping	: 7
microcode	: 0x26
cpu MHz		: 3523.382
cache size	: 8192 KB
physical id	: 0
siblings	: 8
core id		: 2
cpu cores	: 4
apicid		: 4
initial apicid	: 4
fpu		: yes
fpu_exception	: yes
cpuid level	: 13
wp		: yes
flags		: fpu vme de pse tsc msr pae mce cx8 apic sep mtrr pge mca cmov pat pse36 clflush dts acpi mmx fxsr sse sse2 ss ht tm pbe syscall nx rdtscp lm constant_tsc arch_perfmon pebs bts rep_good nopl xtopology nonstop_tsc aperfmperf eagerfpu pni pclmulqdq dtes64 monitor ds_cpl vmx est tm2 ssse3 cx16 xtpr pdcm pcid sse4_1 sse4_2 popcnt tsc_deadline_timer aes xsave avx lahf_lm ida arat epb xsaveopt pln pts dtherm tpr_shadow vnmi flexpriority ept vpid
bogomips	: 6820.14
clflush size	: 64
cache_alignment	: 64
address sizes	: 36 bits physical, 48 bits virtual
power management:

processor	: 3
vendor_id	: GenuineIntel
cpu family	: 6
model		: 42
model name	: Intel(R) Core(TM) i7-2600K CPU @ 3.40GHz
stepping	: 7
microcode	: 0x26
cpu MHz		: 3660.976
cache size	: 8192 KB
physical id	: 0
siblings	: 8
core id		: 3
cpu cores	: 4
apicid		: 6
initial apicid	: 6
fpu		: yes
fpu_exception	: yes
cpuid level	: 13
wp		: yes
flags		: fpu vme de pse tsc msr pae mce cx8 apic sep mtrr pge mca cmov pat pse36 clflush dts acpi mmx fxsr sse sse2 ss ht tm pbe syscall nx rdtscp lm constant_tsc arch_perfmon pebs bts rep_good nopl xtopology nonstop_tsc aperfmperf eagerfpu pni pclmulqdq dtes64 monitor ds_cpl vmx est tm2 ssse3 cx16 xtpr pdcm pcid sse4_1 sse4_2 popcnt tsc_deadline_timer aes xsave avx lahf_lm ida arat epb xsaveopt pln pts dtherm tpr_shadow vnmi flexpriority ept vpid
bogomips	: 6820.14
clflush size	: 64
cache_alignment	: 64
address sizes	: 36 bits physical, 48 bits virtual
power management:

processor	: 4
vendor_id	: GenuineIntel
cpu family	: 6
model		: 42
model name	: Intel(R) Core(TM) i7-2600K CPU @ 3.40GHz
stepping	: 7
microcode	: 0x26
cpu MHz		: 3500.007
cache size	: 8192 KB
physical id	: 0
siblings	: 8
core id		: 0
cpu cores	: 4
apicid		: 1
initial apicid	: 1
fpu		: yes
fpu_exception	: yes
cpuid level	: 13
wp		: yes
flags		: fpu vme de pse tsc msr pae mce cx8 apic sep mtrr pge mca cmov pat pse36 clflush dts acpi mmx fxsr sse sse2 ss ht tm pbe syscall nx rdtscp lm constant_tsc arch_perfmon pebs bts rep_good nopl xtopology nonstop_tsc aperfmperf eagerfpu pni pclmulqdq dtes64 monitor ds_cpl vmx est tm2 ssse3 cx16 xtpr pdcm pcid sse4_1 sse4_2 popcnt tsc_deadline_timer aes xsave avx lahf_lm ida arat epb xsaveopt pln pts dtherm tpr_shadow vnmi flexpriority ept vpid
bogomips	: 6820.14
clflush size	: 64
cache_alignment	: 64
address sizes	: 36 bits physical, 48 bits virtual
power management:

processor	: 5
vendor_id	: GenuineIntel
cpu family	: 6
model		: 42
model name	: Intel(R) Core(TM) i7-2600K CPU @ 3.40GHz
stepping	: 7
microcode	: 0x26
cpu MHz		: 3500.140
cache size	: 8192 KB
physical id	: 0
siblings	: 8
core id		: 1
cpu cores	: 4
apicid		: 3
initial apicid	: 3
fpu		: yes
fpu_exception	: yes
cpuid level	: 13
wp		: yes
flags		: fpu vme de pse tsc msr pae mce cx8 apic sep mtrr pge mca cmov pat pse36 clflush dts acpi mmx fxsr sse sse2 ss ht tm pbe syscall nx rdtscp lm constant_tsc arch_perfmon pebs bts rep_good nopl xtopology nonstop_tsc aperfmperf eagerfpu pni pclmulqdq dtes64 monitor ds_cpl vmx est tm2 ssse3 cx16 xtpr pdcm pcid sse4_1 sse4_2 popcnt tsc_deadline_timer aes xsave avx lahf_lm ida arat epb xsaveopt pln pts dtherm tpr_shadow vnmi flexpriority ept vpid
bogomips	: 6820.14
clflush size	: 64
cache_alignment	: 64
address sizes	: 36 bits physical, 48 bits virtual
power management:

processor	: 6
vendor_id	: GenuineIntel
cpu family	: 6
model		: 42
model name	: Intel(R) Core(TM) i7-2600K CPU @ 3.40GHz
stepping	: 7
microcode	: 0x26
cpu MHz		: 3503.726
cache size	: 8192 KB
physical id	: 0
siblings	: 8
core id		: 2
cpu cores	: 4
apicid		: 5
initial apicid	: 5
fpu		: yes
fpu_exception	: yes
cpuid level	: 13
wp		: yes
flags		: fpu vme de pse tsc msr pae mce cx8 apic sep mtrr pge mca cmov pat pse36 clflush dts acpi mmx fxsr sse sse2 ss ht tm pbe syscall nx rdtscp lm constant_tsc arch_perfmon pebs bts rep_good nopl xtopology nonstop_tsc aperfmperf eagerfpu pni pclmulqdq dtes64 monitor ds_cpl vmx est tm2 ssse3 cx16 xtpr pdcm pcid sse4_1 sse4_2 popcnt tsc_deadline_timer aes xsave avx lahf_lm ida arat epb xsaveopt pln pts dtherm tpr_shadow vnmi flexpriority ept vpid
bogomips	: 6820.14
clflush size	: 64
cache_alignment	: 64
address sizes	: 36 bits physical, 48 bits virtual
power management:

processor	: 7
vendor_id	: GenuineIntel
cpu family	: 6
model		: 42
model name	: Intel(R) Core(TM) i7-2600K CPU @ 3.40GHz
stepping	: 7
microcode	: 0x26
cpu MHz		: 3504.789
cache size	: 8192 KB
physical id	: 0
siblings	: 8
core id		: 3
cpu cores	: 4
apicid		: 7
initial apicid	: 7
fpu		: yes
fpu_exception	: yes
cpuid level	: 13
wp		: yes
flags		: fpu vme de pse tsc msr pae mce cx8 apic sep mtrr pge mca cmov pat pse36 clflush dts acpi mmx fxsr sse sse2 ss ht tm pbe syscall nx rdtscp lm constant_tsc arch_perfmon pebs bts rep_good nopl xtopology nonstop_tsc aperfmperf eagerfpu pni pclmulqdq dtes64 monitor ds_cpl vmx est tm2 ssse3 cx16 xtpr pdcm pcid sse4_1 sse4_2 popcnt tsc_deadline_timer aes xsave avx lahf_lm ida arat epb xsaveopt pln pts dtherm tpr_shadow vnmi flexpriority ept vpid
bogomips	: 6820.14
clflush size	: 64
cache_alignment	: 64
address sizes	: 36 bits physical, 48 bits virtual
power management:



Memory: 4k page, physical 3734768k(108996k free), swap 358396k(0k free)

vm_info: Java HotSpot(TM) 64-Bit Server VM (25.60-b23) for linux-amd64 JRE (1.8.0_60-b27), built on Aug  4 2015 12:19:40 by "java_re" with gcc 4.3.0 20080428 (Red Hat 4.3.0-8)

time: Sun Sep 20 12:09:50 2015
elapsed time: 2 seconds (0d 0h 0m 2s)

