#
# There is insufficient memory for the Java Runtime Environment to continue.
# Native memory allocation (mmap) failed to map 73400320 bytes for committing reserved memory.
# Possible reasons:
#   The system is out of physical RAM or swap space
#   In 32 bit mode, the process size limit was hit
# Possible solutions:
#   Reduce memory load on the system
#   Increase physical memory or swap space
#   Check if swap backing store is full
#   Use 64 bit Java on a 64 bit OS
#   Decrease Java heap size (-Xmx/-Xms)
#   Decrease number of Java threads
#   Decrease Java thread stack sizes (-Xss)
#   Set larger code cache with -XX:ReservedCodeCacheSize=
# This output file may be truncated or incomplete.
#
#  Out of Memory Error (os_linux.cpp:2627), pid=4347, tid=140290924889856
#
# JRE version: Java(TM) SE Runtime Environment (8.0_60-b27) (build 1.8.0_60-b27)
# Java VM: Java HotSpot(TM) 64-Bit Server VM (25.60-b23 mixed mode linux-amd64 compressed oops)
# Failed to write core dump. Core dumps have been disabled. To enable core dumping, try "ulimit -c unlimited" before starting Java again
#

---------------  T H R E A D  ---------------

Current thread (0x00007f9820080000):  VMThread [stack: 0x00007f9806ae4000,0x00007f9806be5000] [id=4359]

Stack: [0x00007f9806ae4000,0x00007f9806be5000],  sp=0x00007f9806be3160,  free space=1020k
Native frames: (J=compiled Java code, j=interpreted, Vv=VM code, C=native code)
V  [libjvm.so+0xab97ea]  VMError::report_and_die()+0x2ba
V  [libjvm.so+0x4f9dab]  report_vm_out_of_memory(char const*, int, unsigned long, VMErrorType, char const*)+0x8b
V  [libjvm.so+0x91a7c3]  os::Linux::commit_memory_impl(char*, unsigned long, bool)+0x103
V  [libjvm.so+0x91ad19]  os::pd_commit_memory(char*, unsigned long, unsigned long, bool)+0x29
V  [libjvm.so+0x91502a]  os::commit_memory(char*, unsigned long, unsigned long, bool)+0x2a
V  [libjvm.so+0x9886d3]  PSVirtualSpace::expand_by(unsigned long)+0x53
V  [libjvm.so+0x989ad8]  PSYoungGen::resize_generation(unsigned long, unsigned long)+0xf8
V  [libjvm.so+0x988c32]  PSYoungGen::resize(unsigned long, unsigned long)+0x22
V  [libjvm.so+0x985f0b]  PSScavenge::invoke_no_policy()+0xf3b
V  [libjvm.so+0x986691]  PSScavenge::invoke()+0x41
V  [libjvm.so+0x93e430]  ParallelScavengeHeap::failed_mem_allocate(unsigned long)+0x70
V  [libjvm.so+0xabb207]  VM_ParallelGCFailedAllocation::doit()+0x97
V  [libjvm.so+0xac2c35]  VM_Operation::evaluate()+0x55
V  [libjvm.so+0xac100a]  VMThread::evaluate_operation(VM_Operation*)+0xba
V  [libjvm.so+0xac138e]  VMThread::loop()+0x1ce
V  [libjvm.so+0xac1800]  VMThread::run()+0x70
V  [libjvm.so+0x91cb88]  java_start(Thread*)+0x108

VM_Operation (0x00007f9825f0ee40): ParallelGCFailedAllocation, mode: safepoint, requested by thread 0x00007f982000a000


---------------  P R O C E S S  ---------------

Java Threads: ( => current thread )
  0x00007f982064e800 JavaThread "process reaper" daemon [_thread_blocked, id=4370, stack(0x00007f98053ea000,0x00007f9805423000)]
  0x00007f98200d5800 JavaThread "Service Thread" daemon [_thread_blocked, id=4367, stack(0x00007f9805999000,0x00007f9805a9a000)]
  0x00007f98200c8800 JavaThread "C1 CompilerThread3" daemon [_thread_blocked, id=4366, stack(0x00007f9805a9a000,0x00007f9805b9b000)]
  0x00007f98200c6000 JavaThread "C2 CompilerThread2" daemon [_thread_blocked, id=4365, stack(0x00007f9805b9b000,0x00007f9805c9c000)]
  0x00007f98200c4800 JavaThread "C2 CompilerThread1" daemon [_thread_in_native, id=4364, stack(0x00007f9805c9c000,0x00007f9805d9d000)]
  0x00007f98200c1800 JavaThread "C2 CompilerThread0" daemon [_thread_in_native, id=4363, stack(0x00007f9805d9d000,0x00007f9805e9e000)]
  0x00007f98200c0000 JavaThread "Signal Dispatcher" daemon [_thread_blocked, id=4362, stack(0x00007f9805e9e000,0x00007f9805f9f000)]
  0x00007f9820087000 JavaThread "Finalizer" daemon [_thread_blocked, id=4361, stack(0x00007f98068e2000,0x00007f98069e3000)]
  0x00007f9820085000 JavaThread "Reference Handler" daemon [_thread_blocked, id=4360, stack(0x00007f98069e3000,0x00007f9806ae4000)]
  0x00007f982000a000 JavaThread "main" [_thread_blocked, id=4350, stack(0x00007f9825e12000,0x00007f9825f13000)]

Other Threads:
=>0x00007f9820080000 VMThread [stack: 0x00007f9806ae4000,0x00007f9806be5000] [id=4359]
  0x00007f98200d8800 WatcherThread [stack: 0x00007f9805898000,0x00007f9805999000] [id=4368]

VM state:at safepoint (normal execution)

VM Mutex/Monitor currently owned by a thread:  ([mutex/lock_event])
[0x00007f9820006270] Threads_lock - owner thread: 0x00007f9820080000
[0x00007f9820006770] Heap_lock - owner thread: 0x00007f982000a000

Heap:
 PSYoungGen      total 66560K, used 5100K [0x00000000ed000000, 0x00000000f1600000, 0x0000000100000000)
  eden space 61440K, 0% used [0x00000000ed000000,0x00000000ed000000,0x00000000f0c00000)
  from space 5120K, 99% used [0x00000000f0c00000,0x00000000f10fb2d8,0x00000000f1100000)
  to   space 5120K, 0% used [0x00000000f1100000,0x00000000f1100000,0x00000000f1600000)
 ParOldGen       total 39936K, used 18137K [0x00000000c7000000, 0x00000000c9700000, 0x00000000ed000000)
  object space 39936K, 45% used [0x00000000c7000000,0x00000000c81b6608,0x00000000c9700000)
 Metaspace       used 19074K, capacity 19562K, committed 19712K, reserved 1067008K
  class space    used 2334K, capacity 2493K, committed 2560K, reserved 1048576K

Card table byte_map: [0x00007f980f9dd000,0x00007f980fba6000] byte_map_base: 0x00007f980f3a5000

Marking Bits: (ParMarkBitMap*) 0x00007f98252ecde0
 Begin Bits: [0x00007f980d425000, 0x00007f980e265000)
 End Bits:   [0x00007f980e265000, 0x00007f980f0a5000)

Polling page: 0x00007f9825f34000

CodeCache: size=245760Kb used=9445Kb max_used=9445Kb free=236314Kb
 bounds [0x00007f980ff66000, 0x00007f98108b6000, 0x00007f981ef66000]
 total_blobs=3200 nmethods=2835 adapters=277
 compilation: enabled

Compilation events (10 events):
Event: 2,334 Thread 0x00007f98200c8800 nmethod 2860 0x00007f98108a4510 code [0x00007f98108a4680, 0x00007f98108a48a8]
Event: 2,334 Thread 0x00007f98200c8800 2852       3       com.sun.tools.javac.util.List::size (5 bytes)
Event: 2,334 Thread 0x00007f98200c8800 nmethod 2852 0x00007f98108a4990 code [0x00007f98108a4b00, 0x00007f98108a4df0]
Event: 2,334 Thread 0x00007f98200c8800 2851       3       com.sun.tools.javac.code.Types::memberType (33 bytes)
Event: 2,335 Thread 0x00007f98200c8800 nmethod 2851 0x00007f98108a4f10 code [0x00007f98108a50a0, 0x00007f98108a55d8]
Event: 2,335 Thread 0x00007f98200c8800 2845       3       com.sun.tools.javac.code.Type$MethodType::<init> (22 bytes)
Event: 2,335 Thread 0x00007f98200c8800 nmethod 2845 0x00007f98108a5790 code [0x00007f98108a5900, 0x00007f98108a5bb0]
Event: 2,335 Thread 0x00007f98200c8800 2848       3       com.sun.tools.javac.code.Scope$4$1::hasNext (16 bytes)
Event: 2,335 Thread 0x00007f98200c8800 nmethod 2848 0x00007f98108a5d10 code [0x00007f98108a5e80, 0x00007f98108a6050]
Event: 2,335 Thread 0x00007f98200c8800 2855       3       com.sun.tools.javac.util.JCDiagnostic$Factory::create (28 bytes)

GC Heap History (10 events):
Event: 0,588 GC heap after
Heap after GC invocations=2 (full 0):
 PSYoungGen      total 17408K, used 2048K [0x00000000ed000000, 0x00000000ef200000, 0x0000000100000000)
  eden space 15360K, 0% used [0x00000000ed000000,0x00000000ed000000,0x00000000edf00000)
  from space 2048K, 100% used [0x00000000ee100000,0x00000000ee300000,0x00000000ee300000)
  to   space 2048K, 0% used [0x00000000edf00000,0x00000000edf00000,0x00000000ee100000)
 ParOldGen       total 39936K, used 2155K [0x00000000c7000000, 0x00000000c9700000, 0x00000000ed000000)
  object space 39936K, 5% used [0x00000000c7000000,0x00000000c721af18,0x00000000c9700000)
 Metaspace       used 7839K, capacity 8008K, committed 8320K, reserved 1056768K
  class space    used 996K, capacity 1050K, committed 1152K, reserved 1048576K
}
Event: 0,760 GC heap before
{Heap before GC invocations=3 (full 0):
 PSYoungGen      total 17408K, used 17408K [0x00000000ed000000, 0x00000000ef200000, 0x0000000100000000)
  eden space 15360K, 100% used [0x00000000ed000000,0x00000000edf00000,0x00000000edf00000)
  from space 2048K, 100% used [0x00000000ee100000,0x00000000ee300000,0x00000000ee300000)
  to   space 2048K, 0% used [0x00000000edf00000,0x00000000edf00000,0x00000000ee100000)
 ParOldGen       total 39936K, used 2155K [0x00000000c7000000, 0x00000000c9700000, 0x00000000ed000000)
  object space 39936K, 5% used [0x00000000c7000000,0x00000000c721af18,0x00000000c9700000)
 Metaspace       used 9727K, capacity 9884K, committed 10112K, reserved 1058816K
  class space    used 1242K, capacity 1309K, committed 1408K, reserved 1048576K
Event: 0,768 GC heap after
Heap after GC invocations=3 (full 0):
 PSYoungGen      total 17408K, used 2048K [0x00000000ed000000, 0x00000000ef200000, 0x0000000100000000)
  eden space 15360K, 0% used [0x00000000ed000000,0x00000000ed000000,0x00000000edf00000)
  from space 2048K, 100% used [0x00000000edf00000,0x00000000ee100000,0x00000000ee100000)
  to   space 2048K, 0% used [0x00000000ef000000,0x00000000ef000000,0x00000000ef200000)
 ParOldGen       total 39936K, used 4178K [0x00000000c7000000, 0x00000000c9700000, 0x00000000ed000000)
  object space 39936K, 10% used [0x00000000c7000000,0x00000000c74148f8,0x00000000c9700000)
 Metaspace       used 9727K, capacity 9884K, committed 10112K, reserved 1058816K
  class space    used 1242K, capacity 1309K, committed 1408K, reserved 1048576K
}
Event: 1,074 GC heap before
{Heap before GC invocations=4 (full 0):
 PSYoungGen      total 17408K, used 17408K [0x00000000ed000000, 0x00000000ef200000, 0x0000000100000000)
  eden space 15360K, 100% used [0x00000000ed000000,0x00000000edf00000,0x00000000edf00000)
  from space 2048K, 100% used [0x00000000edf00000,0x00000000ee100000,0x00000000ee100000)
  to   space 2048K, 0% used [0x00000000ef000000,0x00000000ef000000,0x00000000ef200000)
 ParOldGen       total 39936K, used 4178K [0x00000000c7000000, 0x00000000c9700000, 0x00000000ed000000)
  object space 39936K, 10% used [0x00000000c7000000,0x00000000c74148f8,0x00000000c9700000)
 Metaspace       used 12947K, capacity 13260K, committed 13568K, reserved 1060864K
  class space    used 1592K, capacity 1690K, committed 1792K, reserved 1048576K
Event: 1,087 GC heap after
Heap after GC invocations=4 (full 0):
 PSYoungGen      total 32768K, used 2032K [0x00000000ed000000, 0x00000000ef200000, 0x0000000100000000)
  eden space 30720K, 0% used [0x00000000ed000000,0x00000000ed000000,0x00000000eee00000)
  from space 2048K, 99% used [0x00000000ef000000,0x00000000ef1fc010,0x00000000ef200000)
  to   space 2048K, 0% used [0x00000000eee00000,0x00000000eee00000,0x00000000ef000000)
 ParOldGen       total 39936K, used 6687K [0x00000000c7000000, 0x00000000c9700000, 0x00000000ed000000)
  object space 39936K, 16% used [0x00000000c7000000,0x00000000c7687d10,0x00000000c9700000)
 Metaspace       used 12947K, capacity 13260K, committed 13568K, reserved 1060864K
  class space    used 1592K, capacity 1690K, committed 1792K, reserved 1048576K
}
Event: 1,313 GC heap before
{Heap before GC invocations=5 (full 0):
 PSYoungGen      total 32768K, used 32752K [0x00000000ed000000, 0x00000000ef200000, 0x0000000100000000)
  eden space 30720K, 100% used [0x00000000ed000000,0x00000000eee00000,0x00000000eee00000)
  from space 2048K, 99% used [0x00000000ef000000,0x00000000ef1fc010,0x00000000ef200000)
  to   space 2048K, 0% used [0x00000000eee00000,0x00000000eee00000,0x00000000ef000000)
 ParOldGen       total 39936K, used 6687K [0x00000000c7000000, 0x00000000c9700000, 0x00000000ed000000)
  object space 39936K, 16% used [0x00000000c7000000,0x00000000c7687d10,0x00000000c9700000)
 Metaspace       used 13338K, capacity 13630K, committed 13824K, reserved 1060864K
  class space    used 1622K, capacity 1725K, committed 1792K, reserved 1048576K
Event: 1,319 GC heap after
Heap after GC invocations=5 (full 0):
 PSYoungGen      total 32768K, used 2048K [0x00000000ed000000, 0x00000000f1600000, 0x0000000100000000)
  eden space 30720K, 0% used [0x00000000ed000000,0x00000000ed000000,0x00000000eee00000)
  from space 2048K, 100% used [0x00000000eee00000,0x00000000ef000000,0x00000000ef000000)
  to   space 5120K, 0% used [0x00000000f1100000,0x00000000f1100000,0x00000000f1600000)
 ParOldGen       total 39936K, used 8872K [0x00000000c7000000, 0x00000000c9700000, 0x00000000ed000000)
  object space 39936K, 22% used [0x00000000c7000000,0x00000000c78aa310,0x00000000c9700000)
 Metaspace       used 13338K, capacity 13630K, committed 13824K, reserved 1060864K
  class space    used 1622K, capacity 1725K, committed 1792K, reserved 1048576K
}
Event: 1,610 GC heap before
{Heap before GC invocations=6 (full 0):
 PSYoungGen      total 32768K, used 32768K [0x00000000ed000000, 0x00000000f1600000, 0x0000000100000000)
  eden space 30720K, 100% used [0x00000000ed000000,0x00000000eee00000,0x00000000eee00000)
  from space 2048K, 100% used [0x00000000eee00000,0x00000000ef000000,0x00000000ef000000)
  to   space 5120K, 0% used [0x00000000f1100000,0x00000000f1100000,0x00000000f1600000)
 ParOldGen       total 39936K, used 8872K [0x00000000c7000000, 0x00000000c9700000, 0x00000000ed000000)
  object space 39936K, 22% used [0x00000000c7000000,0x00000000c78aa310,0x00000000c9700000)
 Metaspace       used 14127K, capacity 14542K, committed 14720K, reserved 1062912K
  class space    used 1716K, capacity 1837K, committed 1920K, reserved 1048576K
Event: 1,622 GC heap after
Heap after GC invocations=6 (full 0):
 PSYoungGen      total 66560K, used 4116K [0x00000000ed000000, 0x00000000f1600000, 0x0000000100000000)
  eden space 61440K, 0% used [0x00000000ed000000,0x00000000ed000000,0x00000000f0c00000)
  from space 5120K, 80% used [0x00000000f1100000,0x00000000f1505000,0x00000000f1600000)
  to   space 5120K, 0% used [0x00000000f0c00000,0x00000000f0c00000,0x00000000f1100000)
 ParOldGen       total 39936K, used 8880K [0x00000000c7000000, 0x00000000c9700000, 0x00000000ed000000)
  object space 39936K, 22% used [0x00000000c7000000,0x00000000c78ac310,0x00000000c9700000)
 Metaspace       used 14127K, capacity 14542K, committed 14720K, reserved 1062912K
  class space    used 1716K, capacity 1837K, committed 1920K, reserved 1048576K
}
Event: 2,335 GC heap before
{Heap before GC invocations=7 (full 0):
 PSYoungGen      total 66560K, used 65556K [0x00000000ed000000, 0x00000000f1600000, 0x0000000100000000)
  eden space 61440K, 100% used [0x00000000ed000000,0x00000000f0c00000,0x00000000f0c00000)
  from space 5120K, 80% used [0x00000000f1100000,0x00000000f1505000,0x00000000f1600000)
  to   space 5120K, 0% used [0x00000000f0c00000,0x00000000f0c00000,0x00000000f1100000)
 ParOldGen       total 39936K, used 8880K [0x00000000c7000000, 0x00000000c9700000, 0x00000000ed000000)
  object space 39936K, 22% used [0x00000000c7000000,0x00000000c78ac310,0x00000000c9700000)
 Metaspace       used 19074K, capacity 19562K, committed 19712K, reserved 1067008K
  class space    used 2334K, capacity 2493K, committed 2560K, reserved 1048576K

Deoptimization events (10 events):
Event: 1,702 Thread 0x00007f982000a000 Uncommon trap: reason=unstable_if action=reinterpret pc=0x00007f98106d040c method=org.sonatype.guice.bean.locators.RankedBindings$Itr.hasNext()Z @ 60
Event: 1,720 Thread 0x00007f982000a000 Uncommon trap: reason=bimorphic action=maybe_recompile pc=0x00007f9810403638 method=java.lang.ClassLoader.loadClass(Ljava/lang/String;Z)Ljava/lang/Class; @ 38
Event: 1,723 Thread 0x00007f982000a000 Uncommon trap: reason=bimorphic action=maybe_recompile pc=0x00007f9810403638 method=java.lang.ClassLoader.loadClass(Ljava/lang/String;Z)Ljava/lang/Class; @ 38
Event: 1,724 Thread 0x00007f982000a000 Uncommon trap: reason=bimorphic action=maybe_recompile pc=0x00007f9810403638 method=java.lang.ClassLoader.loadClass(Ljava/lang/String;Z)Ljava/lang/Class; @ 38
Event: 1,724 Thread 0x00007f982000a000 Uncommon trap: reason=bimorphic action=maybe_recompile pc=0x00007f9810403638 method=java.lang.ClassLoader.loadClass(Ljava/lang/String;Z)Ljava/lang/Class; @ 38
Event: 1,757 Thread 0x00007f982000a000 Uncommon trap: reason=unstable_if action=reinterpret pc=0x00007f9810752380 method=org.codehaus.plexus.classworlds.realm.Entry.matches(Ljava/lang/String;)Z @ 131
Event: 1,951 Thread 0x00007f982000a000 Uncommon trap: reason=unstable_if action=reinterpret pc=0x00007f98107706c0 method=java.util.jar.Manifest$FastInputStream.readLine([BII)I @ 87
Event: 2,026 Thread 0x00007f982000a000 Uncommon trap: reason=class_check action=maybe_recompile pc=0x00007f98101365f0 method=sun.misc.URLClassPath.getLoader(I)Lsun/misc/URLClassPath$Loader; @ 94
Event: 2,045 Thread 0x00007f982000a000 Uncommon trap: reason=class_check action=maybe_recompile pc=0x00007f98101365f0 method=sun.misc.URLClassPath.getLoader(I)Lsun/misc/URLClassPath$Loader; @ 94
Event: 2,046 Thread 0x00007f982000a000 Uncommon trap: reason=unstable_if action=reinterpret pc=0x00007f98101fad30 method=java.nio.charset.CharsetDecoder.decode(Ljava/nio/ByteBuffer;Ljava/nio/CharBuffer;Z)Ljava/nio/charset/CoderResult; @ 1

Internal exceptions (10 events):
Event: 2,176 Thread 0x00007f982000a000 Exception <a 'java/io/FileNotFoundException'> (0x00000000f028f9a0) thrown at [/HUDSON/workspace/8-2-build-linux-amd64/jdk8u60/4407/hotspot/src/share/vm/prims/jni.cpp, line 709]
Event: 2,176 Thread 0x00007f982000a000 Exception <a 'java/io/FileNotFoundException'> (0x00000000f02906d0) thrown at [/HUDSON/workspace/8-2-build-linux-amd64/jdk8u60/4407/hotspot/src/share/vm/prims/jni.cpp, line 709]
Event: 2,176 Thread 0x00007f982000a000 Exception <a 'java/io/FileNotFoundException'> (0x00000000f0291410) thrown at [/HUDSON/workspace/8-2-build-linux-amd64/jdk8u60/4407/hotspot/src/share/vm/prims/jni.cpp, line 709]
Event: 2,176 Thread 0x00007f982000a000 Exception <a 'java/io/FileNotFoundException'> (0x00000000f0292168) thrown at [/HUDSON/workspace/8-2-build-linux-amd64/jdk8u60/4407/hotspot/src/share/vm/prims/jni.cpp, line 709]
Event: 2,176 Thread 0x00007f982000a000 Exception <a 'java/io/FileNotFoundException'> (0x00000000f0292eb0) thrown at [/HUDSON/workspace/8-2-build-linux-amd64/jdk8u60/4407/hotspot/src/share/vm/prims/jni.cpp, line 709]
Event: 2,176 Thread 0x00007f982000a000 Exception <a 'java/io/FileNotFoundException'> (0x00000000f0293bf0) thrown at [/HUDSON/workspace/8-2-build-linux-amd64/jdk8u60/4407/hotspot/src/share/vm/prims/jni.cpp, line 709]
Event: 2,176 Thread 0x00007f982000a000 Exception <a 'java/io/FileNotFoundException'> (0x00000000f0294938) thrown at [/HUDSON/workspace/8-2-build-linux-amd64/jdk8u60/4407/hotspot/src/share/vm/prims/jni.cpp, line 709]
Event: 2,176 Thread 0x00007f982000a000 Exception <a 'java/io/FileNotFoundException'> (0x00000000f0295678) thrown at [/HUDSON/workspace/8-2-build-linux-amd64/jdk8u60/4407/hotspot/src/share/vm/prims/jni.cpp, line 709]
Event: 2,176 Thread 0x00007f982000a000 Exception <a 'java/io/FileNotFoundException'> (0x00000000f02963d0) thrown at [/HUDSON/workspace/8-2-build-linux-amd64/jdk8u60/4407/hotspot/src/share/vm/prims/jni.cpp, line 709]
Event: 2,176 Thread 0x00007f982000a000 Exception <a 'java/io/FileNotFoundException'> (0x00000000f02a1cb0) thrown at [/HUDSON/workspace/8-2-build-linux-amd64/jdk8u60/4407/hotspot/src/share/vm/prims/jni.cpp, line 709]

Events (10 events):
Event: 2,331 loading class com/sun/tools/javac/code/Attribute$RetentionPolicy done
Event: 2,331 loading class com/sun/tools/javac/code/Attribute$RetentionPolicy
Event: 2,331 loading class com/sun/tools/javac/code/Attribute$RetentionPolicy done
Event: 2,332 loading class com/sun/tools/javac/jvm/ClassFile$NameAndType
Event: 2,332 loading class com/sun/tools/javac/jvm/ClassFile$NameAndType done
Event: 2,332 loading class com/sun/tools/javac/jvm/ClassFile$NameAndType
Event: 2,332 loading class com/sun/tools/javac/jvm/ClassFile$NameAndType done
Event: 2,332 loading class com/sun/tools/javac/jvm/ClassFile$NameAndType
Event: 2,332 loading class com/sun/tools/javac/jvm/ClassFile$NameAndType done
Event: 2,335 Executing VM operation: ParallelGCFailedAllocation


Dynamic libraries:
00400000-00401000 r-xp 00000000 08:02 4981547                            /usr/local/java/jdk1.8.0_60/bin/java
00600000-00601000 rw-p 00000000 08:02 4981547                            /usr/local/java/jdk1.8.0_60/bin/java
022a7000-022c8000 rw-p 00000000 00:00 0                                  [heap]
c7000000-c9700000 rw-p 00000000 00:00 0 
c9700000-ed000000 ---p 00000000 00:00 0 
ed000000-f1600000 rw-p 00000000 00:00 0 
f5c00000-100000000 ---p 00000000 00:00 0 
100000000-100280000 rw-p 00000000 00:00 0 
100280000-140000000 ---p 00000000 00:00 0 
7f97b0000000-7f97b0021000 rw-p 00000000 00:00 0 
7f97b0021000-7f97b4000000 ---p 00000000 00:00 0 
7f97b4000000-7f97b4021000 rw-p 00000000 00:00 0 
7f97b4021000-7f97b8000000 ---p 00000000 00:00 0 
7f97b8000000-7f97b8ee3000 rw-p 00000000 00:00 0 
7f97b8ee3000-7f97bc000000 ---p 00000000 00:00 0 
7f97bc000000-7f97bc021000 rw-p 00000000 00:00 0 
7f97bc021000-7f97c0000000 ---p 00000000 00:00 0 
7f97c0000000-7f97c1a60000 rw-p 00000000 00:00 0 
7f97c1a60000-7f97c4000000 ---p 00000000 00:00 0 
7f97c4000000-7f97c53e7000 rw-p 00000000 00:00 0 
7f97c53e7000-7f97c8000000 ---p 00000000 00:00 0 
7f97c8000000-7f97c8021000 rw-p 00000000 00:00 0 
7f97c8021000-7f97cc000000 ---p 00000000 00:00 0 
7f97cc000000-7f97cdcf5000 rw-p 00000000 00:00 0 
7f97cdcf5000-7f97d0000000 ---p 00000000 00:00 0 
7f97d0000000-7f97d0021000 rw-p 00000000 00:00 0 
7f97d0021000-7f97d4000000 ---p 00000000 00:00 0 
7f97d4000000-7f97d4021000 rw-p 00000000 00:00 0 
7f97d4021000-7f97d8000000 ---p 00000000 00:00 0 
7f97d8000000-7f97d8021000 rw-p 00000000 00:00 0 
7f97d8021000-7f97dc000000 ---p 00000000 00:00 0 
7f97dc000000-7f97dc28a000 rw-p 00000000 00:00 0 
7f97dc28a000-7f97e0000000 ---p 00000000 00:00 0 
7f97e0000000-7f97e0021000 rw-p 00000000 00:00 0 
7f97e0021000-7f97e4000000 ---p 00000000 00:00 0 
7f97e8000000-7f97e8021000 rw-p 00000000 00:00 0 
7f97e8021000-7f97ec000000 ---p 00000000 00:00 0 
7f97f0000000-7f97f0021000 rw-p 00000000 00:00 0 
7f97f0021000-7f97f4000000 ---p 00000000 00:00 0 
7f97f4000000-7f97f4021000 rw-p 00000000 00:00 0 
7f97f4021000-7f97f8000000 ---p 00000000 00:00 0 
7f97f8000000-7f97f8021000 rw-p 00000000 00:00 0 
7f97f8021000-7f97fc000000 ---p 00000000 00:00 0 
7f9800000000-7f9800021000 rw-p 00000000 00:00 0 
7f9800021000-7f9804000000 ---p 00000000 00:00 0 
7f9804792000-7f9804852000 rw-p 00000000 00:00 0 
7f9804852000-7f9804992000 ---p 00000000 00:00 0 
7f9804992000-7f9804b92000 rw-p 00000000 00:00 0 
7f9804c39000-7f9804c3a000 rw-p 00000000 00:00 0 
7f9804c3a000-7f9804c3e000 r--s 0003e000 08:02 1270340                    /home/jonas/.m2/repository/org/apache/derby/derbynet/10.11.1.1/derbynet-10.11.1.1.jar
7f9804c3e000-7f9804c44000 r--s 00089000 08:02 1270315                    /home/jonas/.m2/repository/org/apache/derby/derbyclient/10.11.1.1/derbyclient-10.11.1.1.jar
7f9804c44000-7f9804c6e000 r--s 002cc000 08:02 1164177                    /home/jonas/.m2/repository/org/apache/derby/derby/10.11.1.1/derby-10.11.1.1.jar
7f9804c6e000-7f9804c71000 r--s 00012000 08:02 1270588                    /home/jonas/.m2/repository/org/glassfish/javax.json/1.0.4/javax.json-1.0.4.jar
7f9804c71000-7f9804c77000 r--s 00049000 08:02 1270584                    /home/jonas/.m2/repository/org/eclipse/persistence/org.eclipse.persistence.asm/2.6.0/org.eclipse.persistence.asm-2.6.0.jar
7f9804c77000-7f9804cb8000 r--s 004d2000 08:02 1270585                    /home/jonas/.m2/repository/org/eclipse/persistence/org.eclipse.persistence.core/2.6.0/org.eclipse.persistence.core-2.6.0.jar
7f9804cb8000-7f9804cc1000 r--s 00093000 08:02 1270586                    /home/jonas/.m2/repository/org/eclipse/persistence/org.eclipse.persistence.moxy/2.6.0/org.eclipse.persistence.moxy-2.6.0.jar
7f9804cc1000-7f9804cc3000 r--s 0000f000 08:02 1270583                    /home/jonas/.m2/repository/org/glassfish/jersey/ext/jersey-entity-filtering/2.21/jersey-entity-filtering-2.21.jar
7f9804cc3000-7f9804cc5000 r--s 00005000 08:02 1270582                    /home/jonas/.m2/repository/org/glassfish/jersey/media/jersey-media-moxy/2.21/jersey-media-moxy-2.21.jar
7f9804cc5000-7f9804cc9000 r--s 00019000 08:02 1098952                    /home/jonas/.m2/repository/javax/ws/rs/javax.ws.rs-api/2.0.1/javax.ws.rs-api-2.0.1.jar
7f9804cc9000-7f9804ccd000 r--s 0000c000 08:02 1098949                    /home/jonas/.m2/repository/javax/validation/validation-api/1.1.0.Final/validation-api-1.1.0.Final.jar
7f9804ccd000-7f9804ccf000 r--s 00010000 08:02 1098948                    /home/jonas/.m2/repository/org/glassfish/jersey/media/jersey-media-jaxb/2.21/jersey-media-jaxb-2.21.jar
7f9804ccf000-7f9804cd3000 r--s 00024000 08:02 1098947                    /home/jonas/.m2/repository/org/glassfish/jersey/core/jersey-client/2.21/jersey-client-2.21.jar
7f9804cd3000-7f9804ce8000 r--s 000d2000 08:02 1098946                    /home/jonas/.m2/repository/org/glassfish/jersey/core/jersey-server/2.21/jersey-server-2.21.jar
7f9804ce8000-7f9804ce9000 r--s 00004000 08:02 1098944                    /home/jonas/.m2/repository/org/glassfish/hk2/osgi-resource-locator/1.0.1/osgi-resource-locator-1.0.1.jar
7f9804ce9000-7f9804cf3000 r--s 000a5000 08:02 1098943                    /home/jonas/.m2/repository/org/javassist/javassist/3.18.1-GA/javassist-3.18.1-GA.jar
7f9804cf3000-7f9804cf6000 r--s 00029000 08:02 1098941                    /home/jonas/.m2/repository/org/glassfish/hk2/hk2-locator/2.4.0-b31/hk2-locator-2.4.0-b31.jar
7f9804cf6000-7f9804cf8000 r--s 00002000 08:02 1098940                    /home/jonas/.m2/repository/org/glassfish/hk2/external/aopalliance-repackaged/2.4.0-b31/aopalliance-repackaged-2.4.0-b31.jar
7f9804cf8000-7f9804cfb000 r--s 00016000 08:02 1098939                    /home/jonas/.m2/repository/org/glassfish/hk2/hk2-utils/2.4.0-b31/hk2-utils-2.4.0-b31.jar
7f9804cfb000-7f9804d00000 r--s 00026000 08:02 1098936                    /home/jonas/.m2/repository/org/glassfish/hk2/hk2-api/2.4.0-b31/hk2-api-2.4.0-b31.jar
7f9804d00000-7f9804d17000 r--s 000d4000 08:02 1098935                    /home/jonas/.m2/repository/org/glassfish/jersey/bundles/repackaged/jersey-guava/2.21/jersey-guava-2.21.jar
7f9804d17000-7f9804d19000 r--s 00005000 08:02 1098934                    /home/jonas/.m2/repository/javax/annotation/javax.annotation-api/1.2/javax.annotation-api-1.2.jar
7f9804d19000-7f9804d27000 r--s 0009c000 08:02 1098933                    /home/jonas/.m2/repository/org/glassfish/jersey/core/jersey-common/2.21/jersey-common-2.21.jar
7f9804d27000-7f9804d28000 r--s 00001000 08:02 1098932                    /home/jonas/.m2/repository/org/glassfish/hk2/external/javax.inject/2.4.0-b31/javax.inject-2.4.0-b31.jar
7f9804d28000-7f9804d2a000 r--s 0000e000 08:02 1098931                    /home/jonas/.m2/repository/org/glassfish/jersey/containers/jersey-container-servlet-core/2.21/jersey-container-servlet-core-2.21.jar
7f9804d2a000-7f9804da3000 r--s 010e2000 08:02 4868560                    /usr/local/java/jdk1.8.0_60/lib/tools.jar
7f9804da3000-7f9804da4000 r--s 00003000 08:02 1098761                    /home/jonas/.m2/repository/org/codehaus/plexus/plexus-compiler-javac/1.9.1/plexus-compiler-javac-1.9.1.jar
7f9804da4000-7f9804da6000 r--s 00000000 08:02 1098760                    /home/jonas/.m2/repository/org/codehaus/plexus/plexus-compiler-manager/1.9.1/plexus-compiler-manager-1.9.1.jar
7f9804da6000-7f9804da8000 r--s 00004000 08:02 1098759                    /home/jonas/.m2/repository/org/codehaus/plexus/plexus-compiler-api/1.9.1/plexus-compiler-api-1.9.1.jar
7f9804da8000-7f9804dac000 r--s 00034000 08:02 1098758                    /home/jonas/.m2/repository/org/codehaus/plexus/plexus-utils/3.0/plexus-utils-3.0.jar
7f9804dac000-7f9804dad000 r--s 00007000 08:02 1098530                    /home/jonas/.m2/repository/org/apache/maven/plugins/maven-compiler-plugin/2.5.1/maven-compiler-plugin-2.5.1.jar
7f9804dad000-7f9804daf000 r--s 0000d000 08:02 1099042                    /home/jonas/.m2/repository/org/codehaus/plexus/plexus-interpolation/1.13/plexus-interpolation-1.13.jar
7f9804daf000-7f9804db0000 r--s 00001000 08:02 1099041                    /home/jonas/.m2/repository/org/sonatype/plexus/plexus-build-api/0.0.4/plexus-build-api-0.0.4.jar
7f9804db0000-7f9804db2000 r--s 00009000 08:02 1262397                    /home/jonas/.m2/repository/org/apache/maven/shared/maven-filtering/1.0/maven-filtering-1.0.jar
7f9804db2000-7f9804db5000 r--s 0001b000 08:02 1098762                    /home/jonas/.m2/repository/junit/junit/3.8.1/junit-3.8.1.jar
7f9804db5000-7f9804db7000 r--s 00002000 08:02 1099036                    /home/jonas/.m2/repository/org/codehaus/plexus/plexus-interactivity-api/1.0-alpha-4/plexus-interactivity-api-1.0-alpha-4.jar
7f9804db7000-7f9804db9000 r--s 00006000 08:02 1099034                    /home/jonas/.m2/repository/commons-cli/commons-cli/1.0/commons-cli-1.0.jar
7f9804db9000-7f9804dba000 r--s 00001000 08:02 1099033                    /home/jonas/.m2/repository/org/apache/maven/doxia/doxia-sink-api/1.0-alpha-7/doxia-sink-api-1.0-alpha-7.jar
7f9804dba000-7f9804dbb000 r--s 00002000 08:02 1099032                    /home/jonas/.m2/repository/org/apache/maven/reporting/maven-reporting-api/2.0.6/maven-reporting-api-2.0.6.jar
7f9804dbb000-7f9804dbd000 r--s 00005000 08:02 1147876                    /home/jonas/.m2/repository/org/apache/maven/plugins/maven-resources-plugin/2.5/maven-resources-plugin-2.5.jar
7f9804dbd000-7f9804fbd000 rw-p 00000000 00:00 0 
7f9804fbd000-7f9804fc1000 r--s 00033000 08:02 1099037                    /home/jonas/.m2/repository/org/codehaus/plexus/plexus-utils/2.0.5/plexus-utils-2.0.5.jar
7f9804fc1000-7f9804fc2000 r--s 00005000 08:02 1107127                    /home/jonas/.m2/repository/org/apache/maven/plugins/maven-clean-plugin/2.4.1/maven-clean-plugin-2.4.1.jar
7f9804fc2000-7f9804fd3000 r-xp 00000000 08:02 4981436                    /usr/local/java/jdk1.8.0_60/jre/lib/amd64/libnio.so
7f9804fd3000-7f98051d2000 ---p 00011000 08:02 4981436                    /usr/local/java/jdk1.8.0_60/jre/lib/amd64/libnio.so
7f98051d2000-7f98051d3000 rw-p 00010000 08:02 4981436                    /usr/local/java/jdk1.8.0_60/jre/lib/amd64/libnio.so
7f98051d3000-7f98051e9000 r-xp 00000000 08:02 4981409                    /usr/local/java/jdk1.8.0_60/jre/lib/amd64/libnet.so
7f98051e9000-7f98053e9000 ---p 00016000 08:02 4981409                    /usr/local/java/jdk1.8.0_60/jre/lib/amd64/libnet.so
7f98053e9000-7f98053ea000 rw-p 00016000 08:02 4981409                    /usr/local/java/jdk1.8.0_60/jre/lib/amd64/libnet.so
7f98053ea000-7f98053ed000 ---p 00000000 00:00 0 
7f98053ed000-7f9805423000 rw-p 00000000 00:00 0                          [stack:4370]
7f9805423000-7f9805424000 r--p 00000000 00:00 0 
7f9805424000-7f9805624000 rw-p 00000000 00:00 0 
7f9805624000-7f9805628000 r--s 00095000 08:02 4981457                    /usr/local/java/jdk1.8.0_60/jre/lib/jsse.jar
7f9805628000-7f9805828000 rw-p 00000000 00:00 0 
7f9805828000-7f980582a000 r--s 0000c000 08:02 1181986                    /home/jonas/Software/netbeans-8.0.2/java/maven-nblib/netbeans-eventspy.jar
7f980582a000-7f980582c000 r--s 00026000 08:02 1174117                    /home/jonas/Software/netbeans-8.0.2/java/maven/lib/maven-model-3.0.5.jar
7f980582c000-7f980582d000 r--s 0000a000 08:02 1174106                    /home/jonas/Software/netbeans-8.0.2/java/maven/lib/maven-embedder-3.0.5.jar
7f980582d000-7f980582f000 r--s 00000000 08:02 1173829                    /home/jonas/Software/netbeans-8.0.2/java/maven/lib/plexus-component-annotations-1.5.5.jar
7f980582f000-7f9805831000 r--s 00009000 08:02 1174125                    /home/jonas/Software/netbeans-8.0.2/java/maven/lib/commons-cli-1.2.jar
7f9805831000-7f9805837000 r--s 0003f000 08:02 1174115                    /home/jonas/Software/netbeans-8.0.2/java/maven/lib/maven-compat-3.0.5.jar
7f9805837000-7f9805839000 r--s 0000c000 08:02 1174029                    /home/jonas/Software/netbeans-8.0.2/java/maven/lib/maven-aether-provider-3.0.5.jar
7f9805839000-7f980583b000 r--s 0000d000 08:02 1174058                    /home/jonas/Software/netbeans-8.0.2/java/maven/lib/plexus-interpolation-1.14.jar
7f980583b000-7f9805842000 r--s 0002b000 08:02 1174074                    /home/jonas/Software/netbeans-8.0.2/java/maven/lib/sisu-inject-plexus-2.3.0.jar
7f9805842000-7f9805844000 r--s 0000b000 08:02 1174093                    /home/jonas/Software/netbeans-8.0.2/java/maven/lib/maven-plugin-api-3.0.5.jar
7f9805844000-7f9805846000 r--s 00006000 08:02 1173929                    /home/jonas/Software/netbeans-8.0.2/java/maven/lib/maven-repository-metadata-3.0.5.jar
7f9805846000-7f9805852000 r--s 0007d000 08:02 1174122                    /home/jonas/Software/netbeans-8.0.2/java/maven/lib/maven-core-3.0.5.jar
7f9805852000-7f9805854000 r--s 0000b000 08:02 1174105                    /home/jonas/Software/netbeans-8.0.2/java/maven/lib/maven-artifact-3.0.5.jar
7f9805854000-7f9805856000 r--s 00006000 08:02 1173989                    /home/jonas/Software/netbeans-8.0.2/java/maven/lib/aether-connector-wagon-1.13.1.jar
7f9805856000-7f9805875000 r--s 00154000 08:02 1174123                    /home/jonas/Software/netbeans-8.0.2/java/maven/lib/sisu-guava-0.9.9.jar
7f9805875000-7f980587d000 r--s 00050000 08:02 1174084                    /home/jonas/Software/netbeans-8.0.2/java/maven/lib/sisu-guice-3.1.0-no_aop.jar
7f980587d000-7f9805898000 r--s 000e4000 08:02 1174100                    /home/jonas/Software/netbeans-8.0.2/java/maven/lib/wagon-http-2.4-shaded.jar
7f9805898000-7f9805899000 ---p 00000000 00:00 0 
7f9805899000-7f9805999000 rw-p 00000000 00:00 0                          [stack:4368]
7f9805999000-7f980599c000 ---p 00000000 00:00 0 
7f980599c000-7f9805a9a000 rw-p 00000000 00:00 0                          [stack:4367]
7f9805a9a000-7f9805a9d000 ---p 00000000 00:00 0 
7f9805a9d000-7f9805b9b000 rw-p 00000000 00:00 0                          [stack:4366]
7f9805b9b000-7f9805b9e000 ---p 00000000 00:00 0 
7f9805b9e000-7f9805c9c000 rw-p 00000000 00:00 0                          [stack:4365]
7f9805c9c000-7f9805c9f000 ---p 00000000 00:00 0 
7f9805c9f000-7f9805d9d000 rw-p 00000000 00:00 0                          [stack:4364]
7f9805d9d000-7f9805da0000 ---p 00000000 00:00 0 
7f9805da0000-7f9805e9e000 rw-p 00000000 00:00 0                          [stack:4363]
7f9805e9e000-7f9805ea1000 ---p 00000000 00:00 0 
7f9805ea1000-7f9805f9f000 rw-p 00000000 00:00 0                          [stack:4362]
7f9805f9f000-7f98068e2000 r--p 00000000 08:02 4385038                    /usr/lib/locale/locale-archive
7f98068e2000-7f98068e5000 ---p 00000000 00:00 0 
7f98068e5000-7f98069e3000 rw-p 00000000 00:00 0                          [stack:4361]
7f98069e3000-7f98069e6000 ---p 00000000 00:00 0 
7f98069e6000-7f9806ae4000 rw-p 00000000 00:00 0                          [stack:4360]
7f9806ae4000-7f9806ae5000 ---p 00000000 00:00 0 
7f9806ae5000-7f9808000000 rw-p 00000000 00:00 0                          [stack:4359]
7f9808000000-7f9808021000 rw-p 00000000 00:00 0 
7f9808021000-7f980c000000 ---p 00000000 00:00 0 
7f980c000000-7f980c003000 r--s 0001d000 08:02 1174113                    /home/jonas/Software/netbeans-8.0.2/java/maven/lib/aether-impl-1.13.1.jar
7f980c003000-7f980c007000 r--s 00033000 08:02 1174112                    /home/jonas/Software/netbeans-8.0.2/java/maven/lib/plexus-utils-2.0.6.jar
7f980c007000-7f980c80f000 rw-p 00000000 00:00 0 
7f980c80f000-7f980c9e7000 r--s 03d17000 08:02 4981454                    /usr/local/java/jdk1.8.0_60/jre/lib/rt.jar
7f980c9e7000-7f980f0a5000 rw-p 00000000 00:00 0 
7f980f0a5000-7f980f0a6000 ---p 00000000 00:00 0 
7f980f0a6000-7f980f1a6000 rw-p 00000000 00:00 0                          [stack:4358]
7f980f1a6000-7f980f1a7000 ---p 00000000 00:00 0 
7f980f1a7000-7f980f2a7000 rw-p 00000000 00:00 0                          [stack:4357]
7f980f2a7000-7f980f2a8000 ---p 00000000 00:00 0 
7f980f2a8000-7f980f3a8000 rw-p 00000000 00:00 0                          [stack:4356]
7f980f3a8000-7f980f3a9000 ---p 00000000 00:00 0 
7f980f3a9000-7f980f4a9000 rw-p 00000000 00:00 0                          [stack:4355]
7f980f4a9000-7f980f4aa000 ---p 00000000 00:00 0 
7f980f4aa000-7f980f5aa000 rw-p 00000000 00:00 0                          [stack:4354]
7f980f5aa000-7f980f5ab000 ---p 00000000 00:00 0 
7f980f5ab000-7f980f6ab000 rw-p 00000000 00:00 0                          [stack:4353]
7f980f6ab000-7f980f6ac000 ---p 00000000 00:00 0 
7f980f6ac000-7f980f7ac000 rw-p 00000000 00:00 0                          [stack:4352]
7f980f7ac000-7f980f7ad000 ---p 00000000 00:00 0 
7f980f7ad000-7f980f8c1000 rw-p 00000000 00:00 0                          [stack:4351]
7f980f8c1000-7f980f9dd000 ---p 00000000 00:00 0 
7f980f9dd000-7f980f9f1000 rw-p 00000000 00:00 0 
7f980f9f1000-7f980fb0d000 ---p 00000000 00:00 0 
7f980fb0d000-7f980fb30000 rw-p 00000000 00:00 0 
7f980fb30000-7f980fba5000 ---p 00000000 00:00 0 
7f980fba5000-7f980fbcc000 rw-p 00000000 00:00 0 
7f980fbcc000-7f980ff66000 ---p 00000000 00:00 0 
7f980ff66000-7f98108b6000 rwxp 00000000 00:00 0 
7f98108b6000-7f981ef66000 ---p 00000000 00:00 0 
7f981ef66000-7f981ef80000 r-xp 00000000 08:02 4981404                    /usr/local/java/jdk1.8.0_60/jre/lib/amd64/libzip.so
7f981ef80000-7f981f180000 ---p 0001a000 08:02 4981404                    /usr/local/java/jdk1.8.0_60/jre/lib/amd64/libzip.so
7f981f180000-7f981f181000 rw-p 0001a000 08:02 4981404                    /usr/local/java/jdk1.8.0_60/jre/lib/amd64/libzip.so
7f981f181000-7f981f18c000 r-xp 00000000 08:02 3080211                    /lib/x86_64-linux-gnu/libnss_files-2.19.so
7f981f18c000-7f981f38b000 ---p 0000b000 08:02 3080211                    /lib/x86_64-linux-gnu/libnss_files-2.19.so
7f981f38b000-7f981f38c000 r--p 0000a000 08:02 3080211                    /lib/x86_64-linux-gnu/libnss_files-2.19.so
7f981f38c000-7f981f38d000 rw-p 0000b000 08:02 3080211                    /lib/x86_64-linux-gnu/libnss_files-2.19.so
7f981f38d000-7f981f398000 r-xp 00000000 08:02 3082943                    /lib/x86_64-linux-gnu/libnss_nis-2.19.so
7f981f398000-7f981f597000 ---p 0000b000 08:02 3082943                    /lib/x86_64-linux-gnu/libnss_nis-2.19.so
7f981f597000-7f981f598000 r--p 0000a000 08:02 3082943                    /lib/x86_64-linux-gnu/libnss_nis-2.19.so
7f981f598000-7f981f599000 rw-p 0000b000 08:02 3082943                    /lib/x86_64-linux-gnu/libnss_nis-2.19.so
7f981f599000-7f981f5b0000 r-xp 00000000 08:02 3080286                    /lib/x86_64-linux-gnu/libnsl-2.19.so
7f981f5b0000-7f981f7af000 ---p 00017000 08:02 3080286                    /lib/x86_64-linux-gnu/libnsl-2.19.so
7f981f7af000-7f981f7b0000 r--p 00016000 08:02 3080286                    /lib/x86_64-linux-gnu/libnsl-2.19.so
7f981f7b0000-7f981f7b1000 rw-p 00017000 08:02 3080286                    /lib/x86_64-linux-gnu/libnsl-2.19.so
7f981f7b1000-7f981f7b3000 rw-p 00000000 00:00 0 
7f981f7b3000-7f981f7bc000 r-xp 00000000 08:02 3080285                    /lib/x86_64-linux-gnu/libnss_compat-2.19.so
7f981f7bc000-7f981f9bb000 ---p 00009000 08:02 3080285                    /lib/x86_64-linux-gnu/libnss_compat-2.19.so
7f981f9bb000-7f981f9bc000 r--p 00008000 08:02 3080285                    /lib/x86_64-linux-gnu/libnss_compat-2.19.so
7f981f9bc000-7f981f9bd000 rw-p 00009000 08:02 3080285                    /lib/x86_64-linux-gnu/libnss_compat-2.19.so
7f981f9bd000-7f981f9e7000 r-xp 00000000 08:02 4981382                    /usr/local/java/jdk1.8.0_60/jre/lib/amd64/libjava.so
7f981f9e7000-7f981fbe7000 ---p 0002a000 08:02 4981382                    /usr/local/java/jdk1.8.0_60/jre/lib/amd64/libjava.so
7f981fbe7000-7f981fbe9000 rw-p 0002a000 08:02 4981382                    /usr/local/java/jdk1.8.0_60/jre/lib/amd64/libjava.so
7f981fbe9000-7f981fbf6000 r-xp 00000000 08:02 4981398                    /usr/local/java/jdk1.8.0_60/jre/lib/amd64/libverify.so
7f981fbf6000-7f981fdf6000 ---p 0000d000 08:02 4981398                    /usr/local/java/jdk1.8.0_60/jre/lib/amd64/libverify.so
7f981fdf6000-7f981fdf8000 rw-p 0000d000 08:02 4981398                    /usr/local/java/jdk1.8.0_60/jre/lib/amd64/libverify.so
7f981fdf8000-7f981fdff000 r-xp 00000000 08:02 3080294                    /lib/x86_64-linux-gnu/librt-2.19.so
7f981fdff000-7f981fffe000 ---p 00007000 08:02 3080294                    /lib/x86_64-linux-gnu/librt-2.19.so
7f981fffe000-7f981ffff000 r--p 00006000 08:02 3080294                    /lib/x86_64-linux-gnu/librt-2.19.so
7f981ffff000-7f9820000000 rw-p 00007000 08:02 3080294                    /lib/x86_64-linux-gnu/librt-2.19.so
7f9820000000-7f9820f1f000 rw-p 00000000 00:00 0 
7f9820f1f000-7f9824000000 ---p 00000000 00:00 0 
7f9824000000-7f9824001000 r--s 00003000 08:02 1174120                    /home/jonas/Software/netbeans-8.0.2/java/maven/lib/aether-spi-1.13.1.jar
7f9824001000-7f9824002000 r--s 00002000 08:02 1174127                    /home/jonas/Software/netbeans-8.0.2/java/maven/lib/wagon-file-2.4.jar
7f9824002000-7f9824005000 r--s 00008000 08:02 1174014                    /home/jonas/Software/netbeans-8.0.2/java/maven/lib/maven-settings-builder-3.0.5.jar
7f9824005000-7f9824009000 r--s 0001c000 08:02 1174114                    /home/jonas/Software/netbeans-8.0.2/java/maven/lib/aether-util-1.13.1.jar
7f9824009000-7f982400a000 r--s 00006000 08:02 1174057                    /home/jonas/Software/netbeans-8.0.2/java/maven/lib/plexus-sec-dispatcher-1.3.jar
7f982400a000-7f982400c000 r--s 0000b000 08:02 1174092                    /home/jonas/Software/netbeans-8.0.2/java/maven/lib/wagon-provider-api-2.4.jar
7f982400c000-7f9824013000 r--s 0003f000 08:02 1174094                    /home/jonas/Software/netbeans-8.0.2/java/maven/lib/sisu-inject-bean-2.3.0.jar
7f9824013000-7f9824017000 r--s 00021000 08:02 1174056                    /home/jonas/Software/netbeans-8.0.2/java/maven/lib/maven-model-builder-3.0.5.jar
7f9824017000-7f9824038000 rw-p 00000000 00:00 0 
7f9824038000-7f982413d000 r-xp 00000000 08:02 3080207                    /lib/x86_64-linux-gnu/libm-2.19.so
7f982413d000-7f982433c000 ---p 00105000 08:02 3080207                    /lib/x86_64-linux-gnu/libm-2.19.so
7f982433c000-7f982433d000 r--p 00104000 08:02 3080207                    /lib/x86_64-linux-gnu/libm-2.19.so
7f982433d000-7f982433e000 rw-p 00105000 08:02 3080207                    /lib/x86_64-linux-gnu/libm-2.19.so
7f982433e000-7f9824ffc000 r-xp 00000000 08:02 4981420                    /usr/local/java/jdk1.8.0_60/jre/lib/amd64/server/libjvm.so
7f9824ffc000-7f98251fb000 ---p 00cbe000 08:02 4981420                    /usr/local/java/jdk1.8.0_60/jre/lib/amd64/server/libjvm.so
7f98251fb000-7f98252d3000 rw-p 00cbd000 08:02 4981420                    /usr/local/java/jdk1.8.0_60/jre/lib/amd64/server/libjvm.so
7f98252d3000-7f9825318000 rw-p 00000000 00:00 0 
7f9825318000-7f98254d3000 r-xp 00000000 08:02 3080291                    /lib/x86_64-linux-gnu/libc-2.19.so
7f98254d3000-7f98256d2000 ---p 001bb000 08:02 3080291                    /lib/x86_64-linux-gnu/libc-2.19.so
7f98256d2000-7f98256d6000 r--p 001ba000 08:02 3080291                    /lib/x86_64-linux-gnu/libc-2.19.so
7f98256d6000-7f98256d8000 rw-p 001be000 08:02 3080291                    /lib/x86_64-linux-gnu/libc-2.19.so
7f98256d8000-7f98256dd000 rw-p 00000000 00:00 0 
7f98256dd000-7f98256e0000 r-xp 00000000 08:02 3080222                    /lib/x86_64-linux-gnu/libdl-2.19.so
7f98256e0000-7f98258df000 ---p 00003000 08:02 3080222                    /lib/x86_64-linux-gnu/libdl-2.19.so
7f98258df000-7f98258e0000 r--p 00002000 08:02 3080222                    /lib/x86_64-linux-gnu/libdl-2.19.so
7f98258e0000-7f98258e1000 rw-p 00003000 08:02 3080222                    /lib/x86_64-linux-gnu/libdl-2.19.so
7f98258e1000-7f98258f6000 r-xp 00000000 08:02 4957783                    /usr/local/java/jdk1.8.0_60/lib/amd64/jli/libjli.so
7f98258f6000-7f9825af6000 ---p 00015000 08:02 4957783                    /usr/local/java/jdk1.8.0_60/lib/amd64/jli/libjli.so
7f9825af6000-7f9825af7000 rw-p 00015000 08:02 4957783                    /usr/local/java/jdk1.8.0_60/lib/amd64/jli/libjli.so
7f9825af7000-7f9825b10000 r-xp 00000000 08:02 3080292                    /lib/x86_64-linux-gnu/libpthread-2.19.so
7f9825b10000-7f9825d0f000 ---p 00019000 08:02 3080292                    /lib/x86_64-linux-gnu/libpthread-2.19.so
7f9825d0f000-7f9825d10000 r--p 00018000 08:02 3080292                    /lib/x86_64-linux-gnu/libpthread-2.19.so
7f9825d10000-7f9825d11000 rw-p 00019000 08:02 3080292                    /lib/x86_64-linux-gnu/libpthread-2.19.so
7f9825d11000-7f9825d15000 rw-p 00000000 00:00 0 
7f9825d15000-7f9825d38000 r-xp 00000000 08:02 3080288                    /lib/x86_64-linux-gnu/ld-2.19.so
7f9825d38000-7f9825d3a000 r--s 0000a000 08:02 1174107                    /home/jonas/Software/netbeans-8.0.2/java/maven/lib/maven-settings-3.0.5.jar
7f9825d3a000-7f9825d3e000 r--s 00013000 08:02 1174119                    /home/jonas/Software/netbeans-8.0.2/java/maven/lib/aether-api-1.13.1.jar
7f9825d3e000-7f9825d40000 r--s 00002000 08:02 1174118                    /home/jonas/Software/netbeans-8.0.2/java/maven/lib/plexus-cipher-1.7.jar
7f9825d40000-7f9825e12000 rw-p 00000000 00:00 0 
7f9825e12000-7f9825e15000 ---p 00000000 00:00 0 
7f9825e15000-7f9825f17000 rw-p 00000000 00:00 0                          [stack:4350]
7f9825f17000-7f9825f19000 r--s 0000a000 08:02 1181977                    /home/jonas/Software/netbeans-8.0.2/java/maven/boot/plexus-classworlds-2.4.jar
7f9825f19000-7f9825f2b000 rw-p 00000000 00:00 0 
7f9825f2b000-7f9825f33000 rw-s 00000000 08:02 393532                     /tmp/hsperfdata_jonas/4347
7f9825f33000-7f9825f34000 rw-p 00000000 00:00 0 
7f9825f34000-7f9825f35000 ---p 00000000 00:00 0 
7f9825f35000-7f9825f37000 rw-p 00000000 00:00 0 
7f9825f37000-7f9825f38000 r--p 00022000 08:02 3080288                    /lib/x86_64-linux-gnu/ld-2.19.so
7f9825f38000-7f9825f39000 rw-p 00023000 08:02 3080288                    /lib/x86_64-linux-gnu/ld-2.19.so
7f9825f39000-7f9825f3a000 rw-p 00000000 00:00 0 
7ffc04275000-7ffc04296000 rw-p 00000000 00:00 0                          [stack]
7ffc0438c000-7ffc0438e000 r-xp 00000000 00:00 0                          [vdso]
7ffc0438e000-7ffc04390000 r--p 00000000 00:00 0                          [vvar]
ffffffffff600000-ffffffffff601000 r-xp 00000000 00:00 0                  [vsyscall]

VM Arguments:
jvm_args: -Dclassworlds.conf=/home/jonas/Software/netbeans-8.0.2/java/maven/bin/m2.conf -Dmaven.home=/home/jonas/Software/netbeans-8.0.2/java/maven 
java_command: org.codehaus.plexus.classworlds.launcher.Launcher -Dmaven.ext.class.path=/home/jonas/Software/netbeans-8.0.2/java/maven-nblib/netbeans-eventspy.jar clean install
java_class_path (initial): /home/jonas/Software/netbeans-8.0.2/java/maven/boot/plexus-classworlds-2.4.jar
Launcher Type: SUN_STANDARD

Environment Variables:
JAVA_HOME=/usr/local/java/jdk1.8.0_60
JRE_HOME=/usr/local/java/jdk1.8.0_60/jre
PATH=/usr/local/sbin:/usr/local/bin:/usr/sbin:/usr/bin:/sbin:/bin:/usr/games:/usr/local/games:/usr/lib/jvm/java-8-oracle/bin:/usr/lib/jvm/java-8-oracle/db/bin:/usr/lib/jvm/java-8-oracle/jre/bin:/usr/lib/jvm/java-8-oracle/bin:/usr/lib/jvm/java-8-oracle/db/bin:/usr/lib/jvm/java-8-oracle/jre/bin:/home/jonas/bin:/usr/local/java/jdk1.8.0_60/bin
LD_LIBRARY_PATH=/usr/local/java/jdk1.8.0_60/jre/lib/amd64:/usr/local/java/jdk1.8.0_60/jre/lib/i386:
SHELL=/bin/bash
DISPLAY=:0

Signal Handlers:
SIGSEGV: [libjvm.so+0xaba070], sa_mask[0]=11111111011111111101111111111110, sa_flags=SA_RESTART|SA_SIGINFO
SIGBUS: [libjvm.so+0xaba070], sa_mask[0]=11111111011111111101111111111110, sa_flags=SA_RESTART|SA_SIGINFO
SIGFPE: [libjvm.so+0x917630], sa_mask[0]=11111111011111111101111111111110, sa_flags=SA_RESTART|SA_SIGINFO
SIGPIPE: [libjvm.so+0x917630], sa_mask[0]=11111111011111111101111111111110, sa_flags=SA_RESTART|SA_SIGINFO
SIGXFSZ: [libjvm.so+0x917630], sa_mask[0]=11111111011111111101111111111110, sa_flags=SA_RESTART|SA_SIGINFO
SIGILL: [libjvm.so+0x917630], sa_mask[0]=11111111011111111101111111111110, sa_flags=SA_RESTART|SA_SIGINFO
SIGUSR1: SIG_DFL, sa_mask[0]=00000000000000000000000000000000, sa_flags=none
SIGUSR2: [libjvm.so+0x918c60], sa_mask[0]=00100000000000000000000000000000, sa_flags=SA_RESTART|SA_SIGINFO
SIGHUP: [libjvm.so+0x91a060], sa_mask[0]=11111111011111111101111111111110, sa_flags=SA_RESTART|SA_SIGINFO
SIGINT: SIG_IGN, sa_mask[0]=00000000000000000000000000000000, sa_flags=none
SIGTERM: [libjvm.so+0x91a060], sa_mask[0]=11111111011111111101111111111110, sa_flags=SA_RESTART|SA_SIGINFO
SIGQUIT: [libjvm.so+0x91a060], sa_mask[0]=11111111011111111101111111111110, sa_flags=SA_RESTART|SA_SIGINFO


---------------  S Y S T E M  ---------------

OS:DISTRIB_ID=Ubuntu
DISTRIB_RELEASE=14.04
DISTRIB_CODENAME=trusty
DISTRIB_DESCRIPTION="Ubuntu 14.04.3 LTS"

uname:Linux 3.16.0-46-generic #62~14.04.1-Ubuntu SMP Tue Aug 11 16:27:16 UTC 2015 x86_64
libc:glibc 2.19 NPTL 2.19 
rlimit: STACK 8192k, CORE 0k, NPROC 14472, NOFILE 4096, AS infinity
load average:0,59 0,60 0,45

/proc/meminfo:
MemTotal:        3734768 kB
MemFree:          108408 kB
MemAvailable:      50024 kB
Buffers:             384 kB
Cached:           495220 kB
SwapCached:         1816 kB
Active:          2623884 kB
Inactive:         816368 kB
Active(anon):    2619372 kB
Inactive(anon):   807304 kB
Active(file):       4512 kB
Inactive(file):     9064 kB
Unevictable:         164 kB
Mlocked:             164 kB
SwapTotal:        358396 kB
SwapFree:              0 kB
Dirty:                 0 kB
Writeback:             0 kB
AnonPages:       2946720 kB
Mapped:           229564 kB
Shmem:            478560 kB
Slab:              77028 kB
SReclaimable:      38584 kB
SUnreclaim:        38444 kB
KernelStack:       12624 kB
PageTables:        43312 kB
NFS_Unstable:          0 kB
Bounce:                0 kB
WritebackTmp:          0 kB
CommitLimit:     2225780 kB
Committed_AS:    8506956 kB
VmallocTotal:   34359738367 kB
VmallocUsed:      352376 kB
VmallocChunk:   34359377064 kB
HardwareCorrupted:     0 kB
AnonHugePages:   1034240 kB
HugePages_Total:       0
HugePages_Free:        0
HugePages_Rsvd:        0
HugePages_Surp:        0
Hugepagesize:       2048 kB
DirectMap4k:       75036 kB
DirectMap2M:     3803136 kB


CPU:total 8 (4 cores per cpu, 2 threads per core) family 6 model 42 stepping 7, cmov, cx8, fxsr, mmx, sse, sse2, sse3, ssse3, sse4.1, sse4.2, popcnt, avx, aes, clmul, ht, tsc, tscinvbit

/proc/cpuinfo:
processor	: 0
vendor_id	: GenuineIntel
cpu family	: 6
model		: 42
model name	: Intel(R) Core(TM) i7-2600K CPU @ 3.40GHz
stepping	: 7
microcode	: 0x26
cpu MHz		: 3303.578
cache size	: 8192 KB
physical id	: 0
siblings	: 8
core id		: 0
cpu cores	: 4
apicid		: 0
initial apicid	: 0
fpu		: yes
fpu_exception	: yes
cpuid level	: 13
wp		: yes
flags		: fpu vme de pse tsc msr pae mce cx8 apic sep mtrr pge mca cmov pat pse36 clflush dts acpi mmx fxsr sse sse2 ss ht tm pbe syscall nx rdtscp lm constant_tsc arch_perfmon pebs bts rep_good nopl xtopology nonstop_tsc aperfmperf eagerfpu pni pclmulqdq dtes64 monitor ds_cpl vmx est tm2 ssse3 cx16 xtpr pdcm pcid sse4_1 sse4_2 popcnt tsc_deadline_timer aes xsave avx lahf_lm ida arat epb xsaveopt pln pts dtherm tpr_shadow vnmi flexpriority ept vpid
bogomips	: 6820.19
clflush size	: 64
cache_alignment	: 64
address sizes	: 36 bits physical, 48 bits virtual
power management:

processor	: 1
vendor_id	: GenuineIntel
cpu family	: 6
model		: 42
model name	: Intel(R) Core(TM) i7-2600K CPU @ 3.40GHz
stepping	: 7
microcode	: 0x26
cpu MHz		: 3271.703
cache size	: 8192 KB
physical id	: 0
siblings	: 8
core id		: 1
cpu cores	: 4
apicid		: 2
initial apicid	: 2
fpu		: yes
fpu_exception	: yes
cpuid level	: 13
wp		: yes
flags		: fpu vme de pse tsc msr pae mce cx8 apic sep mtrr pge mca cmov pat pse36 clflush dts acpi mmx fxsr sse sse2 ss ht tm pbe syscall nx rdtscp lm constant_tsc arch_perfmon pebs bts rep_good nopl xtopology nonstop_tsc aperfmperf eagerfpu pni pclmulqdq dtes64 monitor ds_cpl vmx est tm2 ssse3 cx16 xtpr pdcm pcid sse4_1 sse4_2 popcnt tsc_deadline_timer aes xsave avx lahf_lm ida arat epb xsaveopt pln pts dtherm tpr_shadow vnmi flexpriority ept vpid
bogomips	: 6820.19
clflush size	: 64
cache_alignment	: 64
address sizes	: 36 bits physical, 48 bits virtual
power management:

processor	: 2
vendor_id	: GenuineIntel
cpu family	: 6
model		: 42
model name	: Intel(R) Core(TM) i7-2600K CPU @ 3.40GHz
stepping	: 7
microcode	: 0x26
cpu MHz		: 3113.390
cache size	: 8192 KB
physical id	: 0
siblings	: 8
core id		: 2
cpu cores	: 4
apicid		: 4
initial apicid	: 4
fpu		: yes
fpu_exception	: yes
cpuid level	: 13
wp		: yes
flags		: fpu vme de pse tsc msr pae mce cx8 apic sep mtrr pge mca cmov pat pse36 clflush dts acpi mmx fxsr sse sse2 ss ht tm pbe syscall nx rdtscp lm constant_tsc arch_perfmon pebs bts rep_good nopl xtopology nonstop_tsc aperfmperf eagerfpu pni pclmulqdq dtes64 monitor ds_cpl vmx est tm2 ssse3 cx16 xtpr pdcm pcid sse4_1 sse4_2 popcnt tsc_deadline_timer aes xsave avx lahf_lm ida arat epb xsaveopt pln pts dtherm tpr_shadow vnmi flexpriority ept vpid
bogomips	: 6820.19
clflush size	: 64
cache_alignment	: 64
address sizes	: 36 bits physical, 48 bits virtual
power management:

processor	: 3
vendor_id	: GenuineIntel
cpu family	: 6
model		: 42
model name	: Intel(R) Core(TM) i7-2600K CPU @ 3.40GHz
stepping	: 7
microcode	: 0x26
cpu MHz		: 3001.562
cache size	: 8192 KB
physical id	: 0
siblings	: 8
core id		: 3
cpu cores	: 4
apicid		: 6
initial apicid	: 6
fpu		: yes
fpu_exception	: yes
cpuid level	: 13
wp		: yes
flags		: fpu vme de pse tsc msr pae mce cx8 apic sep mtrr pge mca cmov pat pse36 clflush dts acpi mmx fxsr sse sse2 ss ht tm pbe syscall nx rdtscp lm constant_tsc arch_perfmon pebs bts rep_good nopl xtopology nonstop_tsc aperfmperf eagerfpu pni pclmulqdq dtes64 monitor ds_cpl vmx est tm2 ssse3 cx16 xtpr pdcm pcid sse4_1 sse4_2 popcnt tsc_deadline_timer aes xsave avx lahf_lm ida arat epb xsaveopt pln pts dtherm tpr_shadow vnmi flexpriority ept vpid
bogomips	: 6820.19
clflush size	: 64
cache_alignment	: 64
address sizes	: 36 bits physical, 48 bits virtual
power management:

processor	: 4
vendor_id	: GenuineIntel
cpu family	: 6
model		: 42
model name	: Intel(R) Core(TM) i7-2600K CPU @ 3.40GHz
stepping	: 7
microcode	: 0x26
cpu MHz		: 3176.078
cache size	: 8192 KB
physical id	: 0
siblings	: 8
core id		: 0
cpu cores	: 4
apicid		: 1
initial apicid	: 1
fpu		: yes
fpu_exception	: yes
cpuid level	: 13
wp		: yes
flags		: fpu vme de pse tsc msr pae mce cx8 apic sep mtrr pge mca cmov pat pse36 clflush dts acpi mmx fxsr sse sse2 ss ht tm pbe syscall nx rdtscp lm constant_tsc arch_perfmon pebs bts rep_good nopl xtopology nonstop_tsc aperfmperf eagerfpu pni pclmulqdq dtes64 monitor ds_cpl vmx est tm2 ssse3 cx16 xtpr pdcm pcid sse4_1 sse4_2 popcnt tsc_deadline_timer aes xsave avx lahf_lm ida arat epb xsaveopt pln pts dtherm tpr_shadow vnmi flexpriority ept vpid
bogomips	: 6820.19
clflush size	: 64
cache_alignment	: 64
address sizes	: 36 bits physical, 48 bits virtual
power management:

processor	: 5
vendor_id	: GenuineIntel
cpu family	: 6
model		: 42
model name	: Intel(R) Core(TM) i7-2600K CPU @ 3.40GHz
stepping	: 7
microcode	: 0x26
cpu MHz		: 3499.875
cache size	: 8192 KB
physical id	: 0
siblings	: 8
core id		: 1
cpu cores	: 4
apicid		: 3
initial apicid	: 3
fpu		: yes
fpu_exception	: yes
cpuid level	: 13
wp		: yes
flags		: fpu vme de pse tsc msr pae mce cx8 apic sep mtrr pge mca cmov pat pse36 clflush dts acpi mmx fxsr sse sse2 ss ht tm pbe syscall nx rdtscp lm constant_tsc arch_perfmon pebs bts rep_good nopl xtopology nonstop_tsc aperfmperf eagerfpu pni pclmulqdq dtes64 monitor ds_cpl vmx est tm2 ssse3 cx16 xtpr pdcm pcid sse4_1 sse4_2 popcnt tsc_deadline_timer aes xsave avx lahf_lm ida arat epb xsaveopt pln pts dtherm tpr_shadow vnmi flexpriority ept vpid
bogomips	: 6820.19
clflush size	: 64
cache_alignment	: 64
address sizes	: 36 bits physical, 48 bits virtual
power management:

processor	: 6
vendor_id	: GenuineIntel
cpu family	: 6
model		: 42
model name	: Intel(R) Core(TM) i7-2600K CPU @ 3.40GHz
stepping	: 7
microcode	: 0x26
cpu MHz		: 3012.718
cache size	: 8192 KB
physical id	: 0
siblings	: 8
core id		: 2
cpu cores	: 4
apicid		: 5
initial apicid	: 5
fpu		: yes
fpu_exception	: yes
cpuid level	: 13
wp		: yes
flags		: fpu vme de pse tsc msr pae mce cx8 apic sep mtrr pge mca cmov pat pse36 clflush dts acpi mmx fxsr sse sse2 ss ht tm pbe syscall nx rdtscp lm constant_tsc arch_perfmon pebs bts rep_good nopl xtopology nonstop_tsc aperfmperf eagerfpu pni pclmulqdq dtes64 monitor ds_cpl vmx est tm2 ssse3 cx16 xtpr pdcm pcid sse4_1 sse4_2 popcnt tsc_deadline_timer aes xsave avx lahf_lm ida arat epb xsaveopt pln pts dtherm tpr_shadow vnmi flexpriority ept vpid
bogomips	: 6820.19
clflush size	: 64
cache_alignment	: 64
address sizes	: 36 bits physical, 48 bits virtual
power management:

processor	: 7
vendor_id	: GenuineIntel
cpu family	: 6
model		: 42
model name	: Intel(R) Core(TM) i7-2600K CPU @ 3.40GHz
stepping	: 7
microcode	: 0x26
cpu MHz		: 2488.242
cache size	: 8192 KB
physical id	: 0
siblings	: 8
core id		: 3
cpu cores	: 4
apicid		: 7
initial apicid	: 7
fpu		: yes
fpu_exception	: yes
cpuid level	: 13
wp		: yes
flags		: fpu vme de pse tsc msr pae mce cx8 apic sep mtrr pge mca cmov pat pse36 clflush dts acpi mmx fxsr sse sse2 ss ht tm pbe syscall nx rdtscp lm constant_tsc arch_perfmon pebs bts rep_good nopl xtopology nonstop_tsc aperfmperf eagerfpu pni pclmulqdq dtes64 monitor ds_cpl vmx est tm2 ssse3 cx16 xtpr pdcm pcid sse4_1 sse4_2 popcnt tsc_deadline_timer aes xsave avx lahf_lm ida arat epb xsaveopt pln pts dtherm tpr_shadow vnmi flexpriority ept vpid
bogomips	: 6820.19
clflush size	: 64
cache_alignment	: 64
address sizes	: 36 bits physical, 48 bits virtual
power management:



Memory: 4k page, physical 3734768k(104076k free), swap 358396k(0k free)

vm_info: Java HotSpot(TM) 64-Bit Server VM (25.60-b23) for linux-amd64 JRE (1.8.0_60-b27), built on Aug  4 2015 12:19:40 by "java_re" with gcc 4.3.0 20080428 (Red Hat 4.3.0-8)

time: Sun Sep 20 11:15:34 2015
elapsed time: 2 seconds (0d 0h 0m 2s)

