#
# There is insufficient memory for the Java Runtime Environment to continue.
# Native memory allocation (mmap) failed to map 115343360 bytes for committing reserved memory.
# Possible reasons:
#   The system is out of physical RAM or swap space
#   In 32 bit mode, the process size limit was hit
# Possible solutions:
#   Reduce memory load on the system
#   Increase physical memory or swap space
#   Check if swap backing store is full
#   Use 64 bit Java on a 64 bit OS
#   Decrease Java heap size (-Xmx/-Xms)
#   Decrease number of Java threads
#   Decrease Java thread stack sizes (-Xss)
#   Set larger code cache with -XX:ReservedCodeCacheSize=
# This output file may be truncated or incomplete.
#
#  Out of Memory Error (os_linux.cpp:2627), pid=5906, tid=140326382618368
#
# JRE version: Java(TM) SE Runtime Environment (8.0_60-b27) (build 1.8.0_60-b27)
# Java VM: Java HotSpot(TM) 64-Bit Server VM (25.60-b23 mixed mode linux-amd64 compressed oops)
# Failed to write core dump. Core dumps have been disabled. To enable core dumping, try "ulimit -c unlimited" before starting Java again
#

---------------  T H R E A D  ---------------

Current thread (0x00007fa060080000):  VMThread [stack: 0x00007fa048204000,0x00007fa048305000] [id=5917]

Stack: [0x00007fa048204000,0x00007fa048305000],  sp=0x00007fa0483031c0,  free space=1020k
Native frames: (J=compiled Java code, j=interpreted, Vv=VM code, C=native code)
V  [libjvm.so+0xab97ea]  VMError::report_and_die()+0x2ba
V  [libjvm.so+0x4f9dab]  report_vm_out_of_memory(char const*, int, unsigned long, VMErrorType, char const*)+0x8b
V  [libjvm.so+0x91a7c3]  os::Linux::commit_memory_impl(char*, unsigned long, bool)+0x103
V  [libjvm.so+0x91ad19]  os::pd_commit_memory(char*, unsigned long, unsigned long, bool)+0x29
V  [libjvm.so+0x91502a]  os::commit_memory(char*, unsigned long, unsigned long, bool)+0x2a
V  [libjvm.so+0x9886d3]  PSVirtualSpace::expand_by(unsigned long)+0x53
V  [libjvm.so+0x989ad8]  PSYoungGen::resize_generation(unsigned long, unsigned long)+0xf8
V  [libjvm.so+0x988c32]  PSYoungGen::resize(unsigned long, unsigned long)+0x22
V  [libjvm.so+0x985f0b]  PSScavenge::invoke_no_policy()+0xf3b
V  [libjvm.so+0x9811b5]  PSParallelCompact::invoke(bool)+0x85
V  [libjvm.so+0x480f94]  CollectedHeap::collect_as_vm_thread(GCCause::Cause)+0x114
V  [libjvm.so+0xabac61]  VM_CollectForMetadataAllocation::doit()+0x161
V  [libjvm.so+0xac2c35]  VM_Operation::evaluate()+0x55
V  [libjvm.so+0xac100a]  VMThread::evaluate_operation(VM_Operation*)+0xba
V  [libjvm.so+0xac138e]  VMThread::loop()+0x1ce
V  [libjvm.so+0xac1800]  VMThread::run()+0x70
V  [libjvm.so+0x91cb88]  java_start(Thread*)+0x108

VM_Operation (0x00007fa06761a960): CollectForMetadataAllocation, mode: safepoint, requested by thread 0x00007fa06000a000


---------------  P R O C E S S  ---------------

Java Threads: ( => current thread )
  0x00007fa06084b000 JavaThread "resolver-4" daemon [_thread_blocked, id=5932, stack(0x00007fa04189d000,0x00007fa04199e000)]
  0x00007fa060736800 JavaThread "resolver-3" daemon [_thread_blocked, id=5931, stack(0x00007fa04199e000,0x00007fa041a9f000)]
  0x00007fa060841000 JavaThread "resolver-2" daemon [_thread_blocked, id=5930, stack(0x00007fa041a9f000,0x00007fa041ba0000)]
  0x00007fa060d02000 JavaThread "resolver-1" daemon [_thread_blocked, id=5929, stack(0x00007fa041ba0000,0x00007fa041ca1000)]
  0x00007fa0605e8800 JavaThread "process reaper" daemon [_thread_blocked, id=5928, stack(0x00007fa042afb000,0x00007fa042b34000)]
  0x00007fa0600e3800 JavaThread "Service Thread" daemon [_thread_blocked, id=5925, stack(0x00007fa0430b7000,0x00007fa0431b8000)]
  0x00007fa0600c6000 JavaThread "C1 CompilerThread3" daemon [_thread_blocked, id=5924, stack(0x00007fa0431b8000,0x00007fa0432b9000)]
  0x00007fa0600c4000 JavaThread "C2 CompilerThread2" daemon [_thread_in_native, id=5923, stack(0x00007fa0432b9000,0x00007fa0433ba000)]
  0x00007fa0600c2000 JavaThread "C2 CompilerThread1" daemon [_thread_blocked, id=5922, stack(0x00007fa0433ba000,0x00007fa0434bb000)]
  0x00007fa0600bf800 JavaThread "C2 CompilerThread0" daemon [_thread_blocked, id=5921, stack(0x00007fa0434bb000,0x00007fa0435bc000)]
  0x00007fa0600be000 JavaThread "Signal Dispatcher" daemon [_thread_blocked, id=5920, stack(0x00007fa0435bc000,0x00007fa0436bd000)]
  0x00007fa060087000 JavaThread "Finalizer" daemon [_thread_blocked, id=5919, stack(0x00007fa048002000,0x00007fa048103000)]
  0x00007fa060085000 JavaThread "Reference Handler" daemon [_thread_blocked, id=5918, stack(0x00007fa048103000,0x00007fa048204000)]
  0x00007fa06000a000 JavaThread "main" [_thread_blocked, id=5908, stack(0x00007fa067523000,0x00007fa067624000)]

Other Threads:
=>0x00007fa060080000 VMThread [stack: 0x00007fa048204000,0x00007fa048305000] [id=5917]
  0x00007fa0600e6000 WatcherThread [stack: 0x00007fa042fb6000,0x00007fa0430b7000] [id=5926]

VM state:at safepoint (normal execution)

VM Mutex/Monitor currently owned by a thread:  ([mutex/lock_event])
[0x00007fa060006270] Threads_lock - owner thread: 0x00007fa060080000
[0x00007fa060006770] Heap_lock - owner thread: 0x00007fa06000a000

Heap:
 PSYoungGen      total 129536K, used 6488K [0x00000000ed000000, 0x00000000f5e00000, 0x0000000100000000)
  eden space 118272K, 0% used [0x00000000ed000000,0x00000000ed000000,0x00000000f4380000)
  from space 11264K, 57% used [0x00000000f4380000,0x00000000f49d61c0,0x00000000f4e80000)
  to   space 6656K, 0% used [0x00000000f4e80000,0x00000000f4e80000,0x00000000f5500000)
 ParOldGen       total 39936K, used 19504K [0x00000000c7000000, 0x00000000c9700000, 0x00000000ed000000)
  object space 39936K, 48% used [0x00000000c7000000,0x00000000c830c380,0x00000000c9700000)
 Metaspace       used 20526K, capacity 21082K, committed 21248K, reserved 1067008K
  class space    used 2504K, capacity 2696K, committed 2816K, reserved 1048576K

Card table byte_map: [0x00007fa064126000,0x00007fa0642ef000] byte_map_base: 0x00007fa063aee000

Marking Bits: (ParMarkBitMap*) 0x00007fa0669fdde0
 Begin Bits: [0x00007fa04a380000, 0x00007fa04b1c0000)
 End Bits:   [0x00007fa04b1c0000, 0x00007fa04c000000)

Polling page: 0x00007fa067645000

CodeCache: size=245760Kb used=10270Kb max_used=10273Kb free=235489Kb
 bounds [0x00007fa051000000, 0x00007fa051a10000, 0x00007fa060000000]
 total_blobs=3557 nmethods=3190 adapters=280
 compilation: enabled

Compilation events (10 events):
Event: 2,820 Thread 0x00007fa0600c6000 3187       3       com.google.inject.internal.InjectorShell$InjectorFactory::get (10 bytes)
Event: 2,820 Thread 0x00007fa0600c6000 nmethod 3187 0x00007fa051a0d490 code [0x00007fa051a0d600, 0x00007fa051a0d7d0]
Event: 2,824 Thread 0x00007fa0600c6000 3192       1       com.google.common.collect.EmptyImmutableList::isEmpty (2 bytes)
Event: 2,824 Thread 0x00007fa0600c6000 nmethod 3192 0x00007fa051a0d1d0 code [0x00007fa051a0d320, 0x00007fa051a0d430]
Event: 2,824 Thread 0x00007fa0600c6000 3193       1       com.google.inject.spi.InjectionPoint::getDeclaringType (5 bytes)
Event: 2,824 Thread 0x00007fa0600c6000 nmethod 3193 0x00007fa051a0cf10 code [0x00007fa051a0d060, 0x00007fa051a0d170]
Event: 2,825 Thread 0x00007fa0600bf800 3194       4       java.net.URLClassLoader$1::run (5 bytes)
Event: 2,825 Thread 0x00007fa0600c2000 3195   !   4       java.net.URLClassLoader$1::run (63 bytes)
Event: 2,827 Thread 0x00007fa0600c6000 3196       1       com.google.inject.internal.ConstructionContext::getCurrentReference (5 bytes)
Event: 2,827 Thread 0x00007fa0600c6000 nmethod 3196 0x00007fa051a0cc50 code [0x00007fa051a0cda0, 0x00007fa051a0ceb0]

GC Heap History (10 events):
Event: 0,616 GC heap after
Heap after GC invocations=2 (full 0):
 PSYoungGen      total 32768K, used 2048K [0x00000000ed000000, 0x00000000ef200000, 0x0000000100000000)
  eden space 30720K, 0% used [0x00000000ed000000,0x00000000ed000000,0x00000000eee00000)
  from space 2048K, 100% used [0x00000000ef000000,0x00000000ef200000,0x00000000ef200000)
  to   space 2048K, 0% used [0x00000000eee00000,0x00000000eee00000,0x00000000ef000000)
 ParOldGen       total 39936K, used 2186K [0x00000000c7000000, 0x00000000c9700000, 0x00000000ed000000)
  object space 39936K, 5% used [0x00000000c7000000,0x00000000c72229a8,0x00000000c9700000)
 Metaspace       used 7806K, capacity 8008K, committed 8320K, reserved 1056768K
  class space    used 989K, capacity 1050K, committed 1152K, reserved 1048576K
}
Event: 1,119 GC heap before
{Heap before GC invocations=3 (full 0):
 PSYoungGen      total 32768K, used 32768K [0x00000000ed000000, 0x00000000ef200000, 0x0000000100000000)
  eden space 30720K, 100% used [0x00000000ed000000,0x00000000eee00000,0x00000000eee00000)
  from space 2048K, 100% used [0x00000000ef000000,0x00000000ef200000,0x00000000ef200000)
  to   space 2048K, 0% used [0x00000000eee00000,0x00000000eee00000,0x00000000ef000000)
 ParOldGen       total 39936K, used 2186K [0x00000000c7000000, 0x00000000c9700000, 0x00000000ed000000)
  object space 39936K, 5% used [0x00000000c7000000,0x00000000c72229a8,0x00000000c9700000)
 Metaspace       used 12927K, capacity 13258K, committed 13568K, reserved 1060864K
  class space    used 1590K, capacity 1688K, committed 1792K, reserved 1048576K
Event: 1,129 GC heap after
Heap after GC invocations=3 (full 0):
 PSYoungGen      total 32768K, used 2036K [0x00000000ed000000, 0x00000000f1000000, 0x0000000100000000)
  eden space 30720K, 0% used [0x00000000ed000000,0x00000000ed000000,0x00000000eee00000)
  from space 2048K, 99% used [0x00000000eee00000,0x00000000eeffd2f0,0x00000000ef000000)
  to   space 2048K, 0% used [0x00000000f0e00000,0x00000000f0e00000,0x00000000f1000000)
 ParOldGen       total 39936K, used 6727K [0x00000000c7000000, 0x00000000c9700000, 0x00000000ed000000)
  object space 39936K, 16% used [0x00000000c7000000,0x00000000c7691eb0,0x00000000c9700000)
 Metaspace       used 12927K, capacity 13258K, committed 13568K, reserved 1060864K
  class space    used 1590K, capacity 1688K, committed 1792K, reserved 1048576K
}
Event: 1,341 GC heap before
{Heap before GC invocations=4 (full 0):
 PSYoungGen      total 32768K, used 32756K [0x00000000ed000000, 0x00000000f1000000, 0x0000000100000000)
  eden space 30720K, 100% used [0x00000000ed000000,0x00000000eee00000,0x00000000eee00000)
  from space 2048K, 99% used [0x00000000eee00000,0x00000000eeffd2f0,0x00000000ef000000)
  to   space 2048K, 0% used [0x00000000f0e00000,0x00000000f0e00000,0x00000000f1000000)
 ParOldGen       total 39936K, used 6727K [0x00000000c7000000, 0x00000000c9700000, 0x00000000ed000000)
  object space 39936K, 16% used [0x00000000c7000000,0x00000000c7691eb0,0x00000000c9700000)
 Metaspace       used 13346K, capacity 13630K, committed 13824K, reserved 1060864K
  class space    used 1622K, capacity 1725K, committed 1792K, reserved 1048576K
Event: 1,347 GC heap after
Heap after GC invocations=4 (full 0):
 PSYoungGen      total 63488K, used 2032K [0x00000000ed000000, 0x00000000f1000000, 0x0000000100000000)
  eden space 61440K, 0% used [0x00000000ed000000,0x00000000ed000000,0x00000000f0c00000)
  from space 2048K, 99% used [0x00000000f0e00000,0x00000000f0ffc010,0x00000000f1000000)
  to   space 2048K, 0% used [0x00000000f0c00000,0x00000000f0c00000,0x00000000f0e00000)
 ParOldGen       total 39936K, used 9024K [0x00000000c7000000, 0x00000000c9700000, 0x00000000ed000000)
  object space 39936K, 22% used [0x00000000c7000000,0x00000000c78d0368,0x00000000c9700000)
 Metaspace       used 13346K, capacity 13630K, committed 13824K, reserved 1060864K
  class space    used 1622K, capacity 1725K, committed 1792K, reserved 1048576K
}
Event: 1,966 GC heap before
{Heap before GC invocations=5 (full 0):
 PSYoungGen      total 63488K, used 63472K [0x00000000ed000000, 0x00000000f1000000, 0x0000000100000000)
  eden space 61440K, 100% used [0x00000000ed000000,0x00000000f0c00000,0x00000000f0c00000)
  from space 2048K, 99% used [0x00000000f0e00000,0x00000000f0ffc010,0x00000000f1000000)
  to   space 2048K, 0% used [0x00000000f0c00000,0x00000000f0c00000,0x00000000f0e00000)
 ParOldGen       total 39936K, used 9024K [0x00000000c7000000, 0x00000000c9700000, 0x00000000ed000000)
  object space 39936K, 22% used [0x00000000c7000000,0x00000000c78d0368,0x00000000c9700000)
 Metaspace       used 17431K, capacity 17930K, committed 18048K, reserved 1064960K
  class space    used 2166K, capacity 2333K, committed 2432K, reserved 1048576K
Event: 1,979 GC heap after
Heap after GC invocations=5 (full 0):
 PSYoungGen      total 63488K, used 2016K [0x00000000ed000000, 0x00000000f5500000, 0x0000000100000000)
  eden space 61440K, 0% used [0x00000000ed000000,0x00000000ed000000,0x00000000f0c00000)
  from space 2048K, 98% used [0x00000000f0c00000,0x00000000f0df8020,0x00000000f0e00000)
  to   space 6656K, 0% used [0x00000000f4e80000,0x00000000f4e80000,0x00000000f5500000)
 ParOldGen       total 39936K, used 12550K [0x00000000c7000000, 0x00000000c9700000, 0x00000000ed000000)
  object space 39936K, 31% used [0x00000000c7000000,0x00000000c7c41828,0x00000000c9700000)
 Metaspace       used 17431K, capacity 17930K, committed 18048K, reserved 1064960K
  class space    used 2166K, capacity 2333K, committed 2432K, reserved 1048576K
}
Event: 2,779 GC heap before
{Heap before GC invocations=6 (full 0):
 PSYoungGen      total 63488K, used 63456K [0x00000000ed000000, 0x00000000f5500000, 0x0000000100000000)
  eden space 61440K, 100% used [0x00000000ed000000,0x00000000f0c00000,0x00000000f0c00000)
  from space 2048K, 98% used [0x00000000f0c00000,0x00000000f0df8020,0x00000000f0e00000)
  to   space 6656K, 0% used [0x00000000f4e80000,0x00000000f4e80000,0x00000000f5500000)
 ParOldGen       total 39936K, used 12550K [0x00000000c7000000, 0x00000000c9700000, 0x00000000ed000000)
  object space 39936K, 31% used [0x00000000c7000000,0x00000000c7c41828,0x00000000c9700000)
 Metaspace       used 20204K, capacity 20858K, committed 21120K, reserved 1067008K
  class space    used 2462K, capacity 2664K, committed 2688K, reserved 1048576K
Event: 2,796 GC heap after
Heap after GC invocations=6 (full 0):
 PSYoungGen      total 124928K, used 6636K [0x00000000ed000000, 0x00000000f5e00000, 0x0000000100000000)
  eden space 118272K, 0% used [0x00000000ed000000,0x00000000ed000000,0x00000000f4380000)
  from space 6656K, 99% used [0x00000000f4e80000,0x00000000f54fb2b8,0x00000000f5500000)
  to   space 11264K, 0% used [0x00000000f4380000,0x00000000f4380000,0x00000000f4e80000)
 ParOldGen       total 39936K, used 18848K [0x00000000c7000000, 0x00000000c9700000, 0x00000000ed000000)
  object space 39936K, 47% used [0x00000000c7000000,0x00000000c8268330,0x00000000c9700000)
 Metaspace       used 20204K, capacity 20858K, committed 21120K, reserved 1067008K
  class space    used 2462K, capacity 2664K, committed 2688K, reserved 1048576K
}
Event: 2,838 GC heap before
{Heap before GC invocations=7 (full 0):
 PSYoungGen      total 124928K, used 11400K [0x00000000ed000000, 0x00000000f5e00000, 0x0000000100000000)
  eden space 118272K, 4% used [0x00000000ed000000,0x00000000ed4a6d58,0x00000000f4380000)
  from space 6656K, 99% used [0x00000000f4e80000,0x00000000f54fb2b8,0x00000000f5500000)
  to   space 11264K, 0% used [0x00000000f4380000,0x00000000f4380000,0x00000000f4e80000)
 ParOldGen       total 39936K, used 18848K [0x00000000c7000000, 0x00000000c9700000, 0x00000000ed000000)
  object space 39936K, 47% used [0x00000000c7000000,0x00000000c8268330,0x00000000c9700000)
 Metaspace       used 20526K, capacity 21082K, committed 21248K, reserved 1067008K
  class space    used 2504K, capacity 2696K, committed 2816K, reserved 1048576K

Deoptimization events (10 events):
Event: 2,497 Thread 0x00007fa06000a000 Uncommon trap: reason=class_check action=maybe_recompile pc=0x00007fa05160bc94 method=java.util.AbstractList$Itr.hasNext()Z @ 8
Event: 2,497 Thread 0x00007fa06000a000 Uncommon trap: reason=class_check action=maybe_recompile pc=0x00007fa05160bfc8 method=java.util.AbstractList$Itr.next()Ljava/lang/Object; @ 14
Event: 2,706 Thread 0x00007fa060d89800 Uncommon trap: reason=class_check action=maybe_recompile pc=0x00007fa05162fd88 method=java.util.Hashtable.put(Ljava/lang/Object;Ljava/lang/Object;)Ljava/lang/Object; @ 18
Event: 2,706 Thread 0x00007fa060d89800 Uncommon trap: reason=class_check action=maybe_recompile pc=0x00007fa05162fd88 method=java.util.Hashtable.put(Ljava/lang/Object;Ljava/lang/Object;)Ljava/lang/Object; @ 18
Event: 2,706 Thread 0x00007fa060d89800 Uncommon trap: reason=class_check action=maybe_recompile pc=0x00007fa05162fd88 method=java.util.Hashtable.put(Ljava/lang/Object;Ljava/lang/Object;)Ljava/lang/Object; @ 18
Event: 2,706 Thread 0x00007fa060d89800 Uncommon trap: reason=class_check action=maybe_recompile pc=0x00007fa05162fd88 method=java.util.Hashtable.put(Ljava/lang/Object;Ljava/lang/Object;)Ljava/lang/Object; @ 18
Event: 2,706 Thread 0x00007fa060d89800 Uncommon trap: reason=class_check action=maybe_recompile pc=0x00007fa051631010 method=java.util.Hashtable.addEntry(ILjava/lang/Object;Ljava/lang/Object;I)V @ 38
Event: 2,706 Thread 0x00007fa060d89800 Uncommon trap: reason=class_check action=maybe_recompile pc=0x00007fa051631010 method=java.util.Hashtable.addEntry(ILjava/lang/Object;Ljava/lang/Object;I)V @ 38
Event: 2,707 Thread 0x00007fa060d89800 Uncommon trap: reason=class_check action=maybe_recompile pc=0x00007fa051631010 method=java.util.Hashtable.addEntry(ILjava/lang/Object;Ljava/lang/Object;I)V @ 38
Event: 2,748 Thread 0x00007fa06000a000 Uncommon trap: reason=unstable_if action=reinterpret pc=0x00007fa05150cbdc method=java.util.LinkedHashMap.afterNodeInsertion(Z)V @ 18

Internal exceptions (10 events):
Event: 2,189 Thread 0x00007fa06000a000 Exception <a 'java/io/FileNotFoundException'> (0x00000000ee5de528) thrown at [/HUDSON/workspace/8-2-build-linux-amd64/jdk8u60/4407/hotspot/src/share/vm/prims/jni.cpp, line 709]
Event: 2,189 Thread 0x00007fa06000a000 Exception <a 'java/io/FileNotFoundException'> (0x00000000ee5df270) thrown at [/HUDSON/workspace/8-2-build-linux-amd64/jdk8u60/4407/hotspot/src/share/vm/prims/jni.cpp, line 709]
Event: 2,189 Thread 0x00007fa06000a000 Exception <a 'java/io/FileNotFoundException'> (0x00000000ee5dffb0) thrown at [/HUDSON/workspace/8-2-build-linux-amd64/jdk8u60/4407/hotspot/src/share/vm/prims/jni.cpp, line 709]
Event: 2,189 Thread 0x00007fa06000a000 Exception <a 'java/io/FileNotFoundException'> (0x00000000ee5e0cf8) thrown at [/HUDSON/workspace/8-2-build-linux-amd64/jdk8u60/4407/hotspot/src/share/vm/prims/jni.cpp, line 709]
Event: 2,189 Thread 0x00007fa06000a000 Exception <a 'java/io/FileNotFoundException'> (0x00000000ee5e1a38) thrown at [/HUDSON/workspace/8-2-build-linux-amd64/jdk8u60/4407/hotspot/src/share/vm/prims/jni.cpp, line 709]
Event: 2,189 Thread 0x00007fa06000a000 Exception <a 'java/io/FileNotFoundException'> (0x00000000ee5e2790) thrown at [/HUDSON/workspace/8-2-build-linux-amd64/jdk8u60/4407/hotspot/src/share/vm/prims/jni.cpp, line 709]
Event: 2,189 Thread 0x00007fa06000a000 Exception <a 'java/io/FileNotFoundException'> (0x00000000ee5ee040) thrown at [/HUDSON/workspace/8-2-build-linux-amd64/jdk8u60/4407/hotspot/src/share/vm/prims/jni.cpp, line 709]
Event: 2,417 Thread 0x00007fa06000a000 Exception <a 'java/lang/NoClassDefFoundError': org/slf4j/Logger> (0x00000000ef795a88) thrown at [/HUDSON/workspace/8-2-build-linux-amd64/jdk8u60/4407/hotspot/src/share/vm/oops/constantPool.cpp, line 235]
Event: 2,466 Thread 0x00007fa060841000 Implicit null exception at 0x00007fa0518f590b to 0x00007fa0518f59d9
Event: 2,815 Thread 0x00007fa06000a000 Exception <a 'java/lang/NoClassDefFoundError': org/slf4j/Logger> (0x00000000ed2c6780) thrown at [/HUDSON/workspace/8-2-build-linux-amd64/jdk8u60/4407/hotspot/src/share/vm/oops/constantPool.cpp, line 235]

Events (10 events):
Event: 2,837 loading class com/thoughtworks/xstream/mapper/ImmutableTypesMapper done
Event: 2,837 loading class com/thoughtworks/xstream/io/xml/DomDriver
Event: 2,837 loading class com/thoughtworks/xstream/io/xml/DomDriver done
Event: 2,837 loading class com/thoughtworks/xstream/io/xml/DomDriver
Event: 2,837 loading class com/thoughtworks/xstream/io/xml/DomDriver done
Event: 2,838 loading class com/thoughtworks/xstream/io/xml/AbstractXmlDriver
Event: 2,838 loading class com/thoughtworks/xstream/io/xml/AbstractXmlDriver done
Event: 2,838 loading class com/thoughtworks/xstream/io/xml/AbstractXmlDriver
Event: 2,838 loading class com/thoughtworks/xstream/io/xml/AbstractXmlDriver done
Event: 2,838 Executing VM operation: CollectForMetadataAllocation


Dynamic libraries:
00400000-00401000 r-xp 00000000 08:02 4981547                            /usr/local/java/jdk1.8.0_60/bin/java
00600000-00601000 rw-p 00000000 08:02 4981547                            /usr/local/java/jdk1.8.0_60/bin/java
00bfb000-00c1c000 rw-p 00000000 00:00 0                                  [heap]
c7000000-c9700000 rw-p 00000000 00:00 0 
c9700000-ed000000 ---p 00000000 00:00 0 
ed000000-f5e00000 rw-p 00000000 00:00 0 
fcc00000-100000000 ---p 00000000 00:00 0 
100000000-1002c0000 rw-p 00000000 00:00 0 
1002c0000-140000000 ---p 00000000 00:00 0 
7f9fd4000000-7f9fd4021000 rw-p 00000000 00:00 0 
7f9fd4021000-7f9fd8000000 ---p 00000000 00:00 0 
7f9fdc000000-7f9fdc021000 rw-p 00000000 00:00 0 
7f9fdc021000-7f9fe0000000 ---p 00000000 00:00 0 
7f9fe0000000-7f9fe0021000 rw-p 00000000 00:00 0 
7f9fe0021000-7f9fe4000000 ---p 00000000 00:00 0 
7f9fe4000000-7f9fe4021000 rw-p 00000000 00:00 0 
7f9fe4021000-7f9fe8000000 ---p 00000000 00:00 0 
7f9fe8000000-7f9fe8021000 rw-p 00000000 00:00 0 
7f9fe8021000-7f9fec000000 ---p 00000000 00:00 0 
7f9fec000000-7f9fec021000 rw-p 00000000 00:00 0 
7f9fec021000-7f9ff0000000 ---p 00000000 00:00 0 
7f9ff0000000-7f9ff0021000 rw-p 00000000 00:00 0 
7f9ff0021000-7f9ff4000000 ---p 00000000 00:00 0 
7f9ff4000000-7f9ff4021000 rw-p 00000000 00:00 0 
7f9ff4021000-7f9ff8000000 ---p 00000000 00:00 0 
7f9ff8000000-7f9ff8021000 rw-p 00000000 00:00 0 
7f9ff8021000-7f9ffc000000 ---p 00000000 00:00 0 
7f9ffc000000-7f9ffd1aa000 rw-p 00000000 00:00 0 
7f9ffd1aa000-7fa000000000 ---p 00000000 00:00 0 
7fa000000000-7fa000021000 rw-p 00000000 00:00 0 
7fa000021000-7fa004000000 ---p 00000000 00:00 0 
7fa004000000-7fa005397000 rw-p 00000000 00:00 0 
7fa005397000-7fa008000000 ---p 00000000 00:00 0 
7fa008000000-7fa009f9f000 rw-p 00000000 00:00 0 
7fa009f9f000-7fa00c000000 ---p 00000000 00:00 0 
7fa00c000000-7fa00c021000 rw-p 00000000 00:00 0 
7fa00c021000-7fa010000000 ---p 00000000 00:00 0 
7fa010000000-7fa01187b000 rw-p 00000000 00:00 0 
7fa01187b000-7fa014000000 ---p 00000000 00:00 0 
7fa014000000-7fa014021000 rw-p 00000000 00:00 0 
7fa014021000-7fa018000000 ---p 00000000 00:00 0 
7fa018000000-7fa018021000 rw-p 00000000 00:00 0 
7fa018021000-7fa01c000000 ---p 00000000 00:00 0 
7fa01c000000-7fa01c021000 rw-p 00000000 00:00 0 
7fa01c021000-7fa020000000 ---p 00000000 00:00 0 
7fa020000000-7fa02028a000 rw-p 00000000 00:00 0 
7fa02028a000-7fa024000000 ---p 00000000 00:00 0 
7fa024000000-7fa024021000 rw-p 00000000 00:00 0 
7fa024021000-7fa028000000 ---p 00000000 00:00 0 
7fa02c000000-7fa02c021000 rw-p 00000000 00:00 0 
7fa02c021000-7fa030000000 ---p 00000000 00:00 0 
7fa034000000-7fa034021000 rw-p 00000000 00:00 0 
7fa034021000-7fa038000000 ---p 00000000 00:00 0 
7fa038000000-7fa038021000 rw-p 00000000 00:00 0 
7fa038021000-7fa03c000000 ---p 00000000 00:00 0 
7fa03c000000-7fa03c021000 rw-p 00000000 00:00 0 
7fa03c021000-7fa040000000 ---p 00000000 00:00 0 
7fa04159a000-7fa04159d000 ---p 00000000 00:00 0 
7fa04159d000-7fa04169b000 rw-p 00000000 00:00 0 
7fa04169b000-7fa04169e000 ---p 00000000 00:00 0 
7fa04169e000-7fa04179c000 rw-p 00000000 00:00 0 
7fa04179c000-7fa04179f000 ---p 00000000 00:00 0 
7fa04179f000-7fa04189d000 rw-p 00000000 00:00 0 
7fa04189d000-7fa0418a0000 ---p 00000000 00:00 0 
7fa0418a0000-7fa04199e000 rw-p 00000000 00:00 0                          [stack:5932]
7fa04199e000-7fa0419a1000 ---p 00000000 00:00 0 
7fa0419a1000-7fa041a9f000 rw-p 00000000 00:00 0                          [stack:5931]
7fa041a9f000-7fa041aa2000 ---p 00000000 00:00 0 
7fa041aa2000-7fa041ba0000 rw-p 00000000 00:00 0                          [stack:5930]
7fa041ba0000-7fa041ba3000 ---p 00000000 00:00 0 
7fa041ba3000-7fa041ca1000 rw-p 00000000 00:00 0                          [stack:5929]
7fa041f4b000-7fa04214b000 rw-p 00000000 00:00 0 
7fa042210000-7fa042211000 rw-p 00000000 00:00 0 
7fa042211000-7fa042215000 r--s 00029000 08:02 1107588                    /home/jonas/.m2/repository/org/codehaus/plexus/plexus-archiver/1.2/plexus-archiver-1.2.jar
7fa042215000-7fa042220000 r--s 0005f000 08:02 1107590                    /home/jonas/.m2/repository/com/thoughtworks/xstream/xstream/1.3.1/xstream-1.3.1.jar
7fa042220000-7fa042223000 r--s 0000a000 08:02 1107589                    /home/jonas/.m2/repository/org/codehaus/plexus/plexus-io/1.0.1/plexus-io-1.0.1.jar
7fa042223000-7fa042224000 r--s 00004000 08:02 1107587                    /home/jonas/.m2/repository/org/apache/maven/maven-archiver/2.4.1/maven-archiver-2.4.1.jar
7fa042224000-7fa042226000 r--s 00007000 08:02 1107593                    /home/jonas/.m2/repository/org/apache/maven/shared/maven-filtering/1.0-beta-2/maven-filtering-1.0-beta-2.jar
7fa042226000-7fa042228000 r--s 00005000 08:02 1107592                    /home/jonas/.m2/repository/xpp3/xpp3_min/1.1.4c/xpp3_min-1.1.4c.jar
7fa042228000-7fa04222a000 r--s 00011000 08:02 1107134                    /home/jonas/.m2/repository/org/apache/maven/plugins/maven-war-plugin/2.1.1/maven-war-plugin-2.1.1.jar
7fa04222a000-7fa04222b000 r--s 00002000 08:02 1107493                    /home/jonas/.m2/repository/org/apache/maven/reporting/maven-reporting-api/2.0.9/maven-reporting-api-2.0.9.jar
7fa04222b000-7fa04222e000 r--s 00034000 08:02 1262427                    /home/jonas/.m2/repository/org/codehaus/plexus/plexus-utils/2.1/plexus-utils-2.1.jar
7fa04222e000-7fa042230000 r--s 00006000 08:02 1107492                    /home/jonas/.m2/repository/org/apache/maven/shared/maven-common-artifact-filters/1.3/maven-common-artifact-filters-1.3.jar
7fa042230000-7fa042232000 r--s 0000d000 08:02 1262424                    /home/jonas/.m2/repository/org/apache/maven/surefire/maven-surefire-common/2.10/maven-surefire-common-2.10.jar
7fa042232000-7fa042237000 r--s 00023000 08:02 1262426                    /home/jonas/.m2/repository/org/apache/maven/surefire/surefire-api/2.10/surefire-api-2.10.jar
7fa042237000-7fa042239000 r--s 00007000 08:02 1262423                    /home/jonas/.m2/repository/org/apache/maven/surefire/surefire-booter/2.10/surefire-booter-2.10.jar
7fa042239000-7fa04223b000 r--s 00006000 08:02 1156550                    /home/jonas/.m2/repository/org/apache/maven/plugins/maven-surefire-plugin/2.10/maven-surefire-plugin-2.10.jar
7fa04223b000-7fa04243b000 rw-p 00000000 00:00 0 
7fa04243b000-7fa0424b4000 r--s 010e2000 08:02 4868560                    /usr/local/java/jdk1.8.0_60/lib/tools.jar
7fa0424b4000-7fa0424b5000 r--s 00003000 08:02 1098761                    /home/jonas/.m2/repository/org/codehaus/plexus/plexus-compiler-javac/1.9.1/plexus-compiler-javac-1.9.1.jar
7fa0424b5000-7fa0424b7000 r--s 00000000 08:02 1098760                    /home/jonas/.m2/repository/org/codehaus/plexus/plexus-compiler-manager/1.9.1/plexus-compiler-manager-1.9.1.jar
7fa0424b7000-7fa0424b9000 r--s 00004000 08:02 1098759                    /home/jonas/.m2/repository/org/codehaus/plexus/plexus-compiler-api/1.9.1/plexus-compiler-api-1.9.1.jar
7fa0424b9000-7fa0424bd000 r--s 00034000 08:02 1098758                    /home/jonas/.m2/repository/org/codehaus/plexus/plexus-utils/3.0/plexus-utils-3.0.jar
7fa0424bd000-7fa0424be000 r--s 00007000 08:02 1098530                    /home/jonas/.m2/repository/org/apache/maven/plugins/maven-compiler-plugin/2.5.1/maven-compiler-plugin-2.5.1.jar
7fa0424be000-7fa0424c0000 r--s 0000d000 08:02 1099042                    /home/jonas/.m2/repository/org/codehaus/plexus/plexus-interpolation/1.13/plexus-interpolation-1.13.jar
7fa0424c0000-7fa0424c1000 r--s 00001000 08:02 1099041                    /home/jonas/.m2/repository/org/sonatype/plexus/plexus-build-api/0.0.4/plexus-build-api-0.0.4.jar
7fa0424c1000-7fa0424c3000 r--s 00009000 08:02 1262397                    /home/jonas/.m2/repository/org/apache/maven/shared/maven-filtering/1.0/maven-filtering-1.0.jar
7fa0424c3000-7fa0424c6000 r--s 0001b000 08:02 1098762                    /home/jonas/.m2/repository/junit/junit/3.8.1/junit-3.8.1.jar
7fa0424c6000-7fa0424c8000 r--s 00002000 08:02 1099036                    /home/jonas/.m2/repository/org/codehaus/plexus/plexus-interactivity-api/1.0-alpha-4/plexus-interactivity-api-1.0-alpha-4.jar
7fa0424c8000-7fa0424ca000 r--s 00006000 08:02 1099034                    /home/jonas/.m2/repository/commons-cli/commons-cli/1.0/commons-cli-1.0.jar
7fa0424ca000-7fa0424cb000 r--s 00001000 08:02 1099033                    /home/jonas/.m2/repository/org/apache/maven/doxia/doxia-sink-api/1.0-alpha-7/doxia-sink-api-1.0-alpha-7.jar
7fa0424cb000-7fa0424cc000 r--s 00002000 08:02 1099032                    /home/jonas/.m2/repository/org/apache/maven/reporting/maven-reporting-api/2.0.6/maven-reporting-api-2.0.6.jar
7fa0424cc000-7fa0424ce000 r--s 00005000 08:02 1147876                    /home/jonas/.m2/repository/org/apache/maven/plugins/maven-resources-plugin/2.5/maven-resources-plugin-2.5.jar
7fa0424ce000-7fa0426ce000 rw-p 00000000 00:00 0 
7fa0426ce000-7fa0426d2000 r--s 00033000 08:02 1099037                    /home/jonas/.m2/repository/org/codehaus/plexus/plexus-utils/2.0.5/plexus-utils-2.0.5.jar
7fa0426d2000-7fa0426d3000 r--s 00005000 08:02 1107127                    /home/jonas/.m2/repository/org/apache/maven/plugins/maven-clean-plugin/2.4.1/maven-clean-plugin-2.4.1.jar
7fa0426d3000-7fa0426e4000 r-xp 00000000 08:02 4981436                    /usr/local/java/jdk1.8.0_60/jre/lib/amd64/libnio.so
7fa0426e4000-7fa0428e3000 ---p 00011000 08:02 4981436                    /usr/local/java/jdk1.8.0_60/jre/lib/amd64/libnio.so
7fa0428e3000-7fa0428e4000 rw-p 00010000 08:02 4981436                    /usr/local/java/jdk1.8.0_60/jre/lib/amd64/libnio.so
7fa0428e4000-7fa0428fa000 r-xp 00000000 08:02 4981409                    /usr/local/java/jdk1.8.0_60/jre/lib/amd64/libnet.so
7fa0428fa000-7fa042afa000 ---p 00016000 08:02 4981409                    /usr/local/java/jdk1.8.0_60/jre/lib/amd64/libnet.so
7fa042afa000-7fa042afb000 rw-p 00016000 08:02 4981409                    /usr/local/java/jdk1.8.0_60/jre/lib/amd64/libnet.so
7fa042afb000-7fa042afe000 ---p 00000000 00:00 0 
7fa042afe000-7fa042b34000 rw-p 00000000 00:00 0                          [stack:5928]
7fa042b34000-7fa042b35000 r--p 00000000 00:00 0 
7fa042b35000-7fa042d35000 rw-p 00000000 00:00 0 
7fa042d35000-7fa042d39000 r--s 00095000 08:02 4981457                    /usr/local/java/jdk1.8.0_60/jre/lib/jsse.jar
7fa042d39000-7fa042f39000 rw-p 00000000 00:00 0 
7fa042f39000-7fa042f3b000 r--s 0000c000 08:02 1181986                    /home/jonas/Software/netbeans-8.0.2/java/maven-nblib/netbeans-eventspy.jar
7fa042f3b000-7fa042f3d000 r--s 00026000 08:02 1174117                    /home/jonas/Software/netbeans-8.0.2/java/maven/lib/maven-model-3.0.5.jar
7fa042f3d000-7fa042f3e000 r--s 0000a000 08:02 1174106                    /home/jonas/Software/netbeans-8.0.2/java/maven/lib/maven-embedder-3.0.5.jar
7fa042f3e000-7fa042f40000 r--s 00000000 08:02 1173829                    /home/jonas/Software/netbeans-8.0.2/java/maven/lib/plexus-component-annotations-1.5.5.jar
7fa042f40000-7fa042f42000 r--s 00009000 08:02 1174125                    /home/jonas/Software/netbeans-8.0.2/java/maven/lib/commons-cli-1.2.jar
7fa042f42000-7fa042f48000 r--s 0003f000 08:02 1174115                    /home/jonas/Software/netbeans-8.0.2/java/maven/lib/maven-compat-3.0.5.jar
7fa042f48000-7fa042f4a000 r--s 0000c000 08:02 1174029                    /home/jonas/Software/netbeans-8.0.2/java/maven/lib/maven-aether-provider-3.0.5.jar
7fa042f4a000-7fa042f4c000 r--s 0000d000 08:02 1174058                    /home/jonas/Software/netbeans-8.0.2/java/maven/lib/plexus-interpolation-1.14.jar
7fa042f4c000-7fa042f53000 r--s 0002b000 08:02 1174074                    /home/jonas/Software/netbeans-8.0.2/java/maven/lib/sisu-inject-plexus-2.3.0.jar
7fa042f53000-7fa042f54000 r--s 00003000 08:02 1174120                    /home/jonas/Software/netbeans-8.0.2/java/maven/lib/aether-spi-1.13.1.jar
7fa042f54000-7fa042f56000 r--s 0000b000 08:02 1174093                    /home/jonas/Software/netbeans-8.0.2/java/maven/lib/maven-plugin-api-3.0.5.jar
7fa042f56000-7fa042f58000 r--s 00006000 08:02 1173929                    /home/jonas/Software/netbeans-8.0.2/java/maven/lib/maven-repository-metadata-3.0.5.jar
7fa042f58000-7fa042f64000 r--s 0007d000 08:02 1174122                    /home/jonas/Software/netbeans-8.0.2/java/maven/lib/maven-core-3.0.5.jar
7fa042f64000-7fa042f66000 r--s 0000b000 08:02 1174105                    /home/jonas/Software/netbeans-8.0.2/java/maven/lib/maven-artifact-3.0.5.jar
7fa042f66000-7fa042f69000 r--s 0001d000 08:02 1174113                    /home/jonas/Software/netbeans-8.0.2/java/maven/lib/aether-impl-1.13.1.jar
7fa042f69000-7fa042f6d000 r--s 00033000 08:02 1174112                    /home/jonas/Software/netbeans-8.0.2/java/maven/lib/plexus-utils-2.0.6.jar
7fa042f6d000-7fa042f8c000 r--s 00154000 08:02 1174123                    /home/jonas/Software/netbeans-8.0.2/java/maven/lib/sisu-guava-0.9.9.jar
7fa042f8c000-7fa042f94000 r--s 00050000 08:02 1174084                    /home/jonas/Software/netbeans-8.0.2/java/maven/lib/sisu-guice-3.1.0-no_aop.jar
7fa042f94000-7fa042f97000 r--s 00008000 08:02 1174014                    /home/jonas/Software/netbeans-8.0.2/java/maven/lib/maven-settings-builder-3.0.5.jar
7fa042f97000-7fa042f9b000 r--s 0001c000 08:02 1174114                    /home/jonas/Software/netbeans-8.0.2/java/maven/lib/aether-util-1.13.1.jar
7fa042f9b000-7fa042fb6000 r--s 000e4000 08:02 1174100                    /home/jonas/Software/netbeans-8.0.2/java/maven/lib/wagon-http-2.4-shaded.jar
7fa042fb6000-7fa042fb7000 ---p 00000000 00:00 0 
7fa042fb7000-7fa0430b7000 rw-p 00000000 00:00 0                          [stack:5926]
7fa0430b7000-7fa0430ba000 ---p 00000000 00:00 0 
7fa0430ba000-7fa0431b8000 rw-p 00000000 00:00 0                          [stack:5925]
7fa0431b8000-7fa0431bb000 ---p 00000000 00:00 0 
7fa0431bb000-7fa0432b9000 rw-p 00000000 00:00 0                          [stack:5924]
7fa0432b9000-7fa0432bc000 ---p 00000000 00:00 0 
7fa0432bc000-7fa0433ba000 rw-p 00000000 00:00 0                          [stack:5923]
7fa0433ba000-7fa0433bd000 ---p 00000000 00:00 0 
7fa0433bd000-7fa0434bb000 rw-p 00000000 00:00 0                          [stack:5922]
7fa0434bb000-7fa0434be000 ---p 00000000 00:00 0 
7fa0434be000-7fa0435bc000 rw-p 00000000 00:00 0                          [stack:5921]
7fa0435bc000-7fa0435bf000 ---p 00000000 00:00 0 
7fa0435bf000-7fa0436bd000 rw-p 00000000 00:00 0                          [stack:5920]
7fa0436bd000-7fa044000000 r--p 00000000 08:02 4385038                    /usr/lib/locale/locale-archive
7fa044000000-7fa044021000 rw-p 00000000 00:00 0 
7fa044021000-7fa048000000 ---p 00000000 00:00 0 
7fa048000000-7fa048002000 r--s 00006000 08:02 1173989                    /home/jonas/Software/netbeans-8.0.2/java/maven/lib/aether-connector-wagon-1.13.1.jar
7fa048002000-7fa048005000 ---p 00000000 00:00 0 
7fa048005000-7fa048103000 rw-p 00000000 00:00 0                          [stack:5919]
7fa048103000-7fa048106000 ---p 00000000 00:00 0 
7fa048106000-7fa048204000 rw-p 00000000 00:00 0                          [stack:5918]
7fa048204000-7fa048205000 ---p 00000000 00:00 0 
7fa048205000-7fa04c000000 rw-p 00000000 00:00 0                          [stack:5917]
7fa04c000000-7fa04c021000 rw-p 00000000 00:00 0 
7fa04c021000-7fa050000000 ---p 00000000 00:00 0 
7fa050000000-7fa050001000 r--s 00002000 08:02 1174127                    /home/jonas/Software/netbeans-8.0.2/java/maven/lib/wagon-file-2.4.jar
7fa050001000-7fa050002000 r--s 00006000 08:02 1174057                    /home/jonas/Software/netbeans-8.0.2/java/maven/lib/plexus-sec-dispatcher-1.3.jar
7fa050002000-7fa050004000 r--s 0000b000 08:02 1174092                    /home/jonas/Software/netbeans-8.0.2/java/maven/lib/wagon-provider-api-2.4.jar
7fa050004000-7fa05000b000 r--s 0003f000 08:02 1174094                    /home/jonas/Software/netbeans-8.0.2/java/maven/lib/sisu-inject-bean-2.3.0.jar
7fa05000b000-7fa0503b3000 rw-p 00000000 00:00 0 
7fa0503b3000-7fa05058b000 r--s 03d17000 08:02 4981454                    /usr/local/java/jdk1.8.0_60/jre/lib/rt.jar
7fa05058b000-7fa0507c9000 rw-p 00000000 00:00 0 
7fa0507c9000-7fa0507ca000 ---p 00000000 00:00 0 
7fa0507ca000-7fa0508ca000 rw-p 00000000 00:00 0                          [stack:5916]
7fa0508ca000-7fa0508cb000 ---p 00000000 00:00 0 
7fa0508cb000-7fa0509cb000 rw-p 00000000 00:00 0                          [stack:5915]
7fa0509cb000-7fa0509cc000 ---p 00000000 00:00 0 
7fa0509cc000-7fa050acc000 rw-p 00000000 00:00 0                          [stack:5914]
7fa050acc000-7fa050acd000 ---p 00000000 00:00 0 
7fa050acd000-7fa050bcd000 rw-p 00000000 00:00 0                          [stack:5913]
7fa050bcd000-7fa050bce000 ---p 00000000 00:00 0 
7fa050bce000-7fa050cce000 rw-p 00000000 00:00 0                          [stack:5912]
7fa050cce000-7fa050ccf000 ---p 00000000 00:00 0 
7fa050ccf000-7fa050dcf000 rw-p 00000000 00:00 0                          [stack:5911]
7fa050dcf000-7fa050dd0000 ---p 00000000 00:00 0 
7fa050dd0000-7fa050ee4000 rw-p 00000000 00:00 0                          [stack:5910]
7fa050ee4000-7fa051000000 ---p 00000000 00:00 0 
7fa051000000-7fa051a10000 rwxp 00000000 00:00 0 
7fa051a10000-7fa060000000 ---p 00000000 00:00 0 
7fa060000000-7fa060f04000 rw-p 00000000 00:00 0 
7fa060f04000-7fa064000000 ---p 00000000 00:00 0 
7fa064000000-7fa064004000 r--s 00021000 08:02 1174056                    /home/jonas/Software/netbeans-8.0.2/java/maven/lib/maven-model-builder-3.0.5.jar
7fa064004000-7fa064025000 rw-p 00000000 00:00 0 
7fa064025000-7fa064026000 ---p 00000000 00:00 0 
7fa064026000-7fa06413a000 rw-p 00000000 00:00 0                          [stack:5909]
7fa06413a000-7fa064256000 ---p 00000000 00:00 0 
7fa064256000-7fa06429d000 rw-p 00000000 00:00 0 
7fa06429d000-7fa0642ee000 ---p 00000000 00:00 0 
7fa0642ee000-7fa064318000 rw-p 00000000 00:00 0 
7fa064318000-7fa0646af000 ---p 00000000 00:00 0 
7fa0646af000-7fa0646c9000 r-xp 00000000 08:02 4981404                    /usr/local/java/jdk1.8.0_60/jre/lib/amd64/libzip.so
7fa0646c9000-7fa0648c9000 ---p 0001a000 08:02 4981404                    /usr/local/java/jdk1.8.0_60/jre/lib/amd64/libzip.so
7fa0648c9000-7fa0648ca000 rw-p 0001a000 08:02 4981404                    /usr/local/java/jdk1.8.0_60/jre/lib/amd64/libzip.so
7fa0648ca000-7fa0648d5000 r-xp 00000000 08:02 3080211                    /lib/x86_64-linux-gnu/libnss_files-2.19.so
7fa0648d5000-7fa064ad4000 ---p 0000b000 08:02 3080211                    /lib/x86_64-linux-gnu/libnss_files-2.19.so
7fa064ad4000-7fa064ad5000 r--p 0000a000 08:02 3080211                    /lib/x86_64-linux-gnu/libnss_files-2.19.so
7fa064ad5000-7fa064ad6000 rw-p 0000b000 08:02 3080211                    /lib/x86_64-linux-gnu/libnss_files-2.19.so
7fa064ad6000-7fa064ae1000 r-xp 00000000 08:02 3082943                    /lib/x86_64-linux-gnu/libnss_nis-2.19.so
7fa064ae1000-7fa064ce0000 ---p 0000b000 08:02 3082943                    /lib/x86_64-linux-gnu/libnss_nis-2.19.so
7fa064ce0000-7fa064ce1000 r--p 0000a000 08:02 3082943                    /lib/x86_64-linux-gnu/libnss_nis-2.19.so
7fa064ce1000-7fa064ce2000 rw-p 0000b000 08:02 3082943                    /lib/x86_64-linux-gnu/libnss_nis-2.19.so
7fa064ce2000-7fa064cf9000 r-xp 00000000 08:02 3080286                    /lib/x86_64-linux-gnu/libnsl-2.19.so
7fa064cf9000-7fa064ef8000 ---p 00017000 08:02 3080286                    /lib/x86_64-linux-gnu/libnsl-2.19.so
7fa064ef8000-7fa064ef9000 r--p 00016000 08:02 3080286                    /lib/x86_64-linux-gnu/libnsl-2.19.so
7fa064ef9000-7fa064efa000 rw-p 00017000 08:02 3080286                    /lib/x86_64-linux-gnu/libnsl-2.19.so
7fa064efa000-7fa064efc000 rw-p 00000000 00:00 0 
7fa064efc000-7fa064f05000 r-xp 00000000 08:02 3080285                    /lib/x86_64-linux-gnu/libnss_compat-2.19.so
7fa064f05000-7fa065104000 ---p 00009000 08:02 3080285                    /lib/x86_64-linux-gnu/libnss_compat-2.19.so
7fa065104000-7fa065105000 r--p 00008000 08:02 3080285                    /lib/x86_64-linux-gnu/libnss_compat-2.19.so
7fa065105000-7fa065106000 rw-p 00009000 08:02 3080285                    /lib/x86_64-linux-gnu/libnss_compat-2.19.so
7fa065106000-7fa065130000 r-xp 00000000 08:02 4981382                    /usr/local/java/jdk1.8.0_60/jre/lib/amd64/libjava.so
7fa065130000-7fa065330000 ---p 0002a000 08:02 4981382                    /usr/local/java/jdk1.8.0_60/jre/lib/amd64/libjava.so
7fa065330000-7fa065332000 rw-p 0002a000 08:02 4981382                    /usr/local/java/jdk1.8.0_60/jre/lib/amd64/libjava.so
7fa065332000-7fa06533f000 r-xp 00000000 08:02 4981398                    /usr/local/java/jdk1.8.0_60/jre/lib/amd64/libverify.so
7fa06533f000-7fa06553f000 ---p 0000d000 08:02 4981398                    /usr/local/java/jdk1.8.0_60/jre/lib/amd64/libverify.so
7fa06553f000-7fa065541000 rw-p 0000d000 08:02 4981398                    /usr/local/java/jdk1.8.0_60/jre/lib/amd64/libverify.so
7fa065541000-7fa065548000 r-xp 00000000 08:02 3080294                    /lib/x86_64-linux-gnu/librt-2.19.so
7fa065548000-7fa065747000 ---p 00007000 08:02 3080294                    /lib/x86_64-linux-gnu/librt-2.19.so
7fa065747000-7fa065748000 r--p 00006000 08:02 3080294                    /lib/x86_64-linux-gnu/librt-2.19.so
7fa065748000-7fa065749000 rw-p 00007000 08:02 3080294                    /lib/x86_64-linux-gnu/librt-2.19.so
7fa065749000-7fa06584e000 r-xp 00000000 08:02 3080207                    /lib/x86_64-linux-gnu/libm-2.19.so
7fa06584e000-7fa065a4d000 ---p 00105000 08:02 3080207                    /lib/x86_64-linux-gnu/libm-2.19.so
7fa065a4d000-7fa065a4e000 r--p 00104000 08:02 3080207                    /lib/x86_64-linux-gnu/libm-2.19.so
7fa065a4e000-7fa065a4f000 rw-p 00105000 08:02 3080207                    /lib/x86_64-linux-gnu/libm-2.19.so
7fa065a4f000-7fa06670d000 r-xp 00000000 08:02 4981420                    /usr/local/java/jdk1.8.0_60/jre/lib/amd64/server/libjvm.so
7fa06670d000-7fa06690c000 ---p 00cbe000 08:02 4981420                    /usr/local/java/jdk1.8.0_60/jre/lib/amd64/server/libjvm.so
7fa06690c000-7fa0669e4000 rw-p 00cbd000 08:02 4981420                    /usr/local/java/jdk1.8.0_60/jre/lib/amd64/server/libjvm.so
7fa0669e4000-7fa066a29000 rw-p 00000000 00:00 0 
7fa066a29000-7fa066be4000 r-xp 00000000 08:02 3080291                    /lib/x86_64-linux-gnu/libc-2.19.so
7fa066be4000-7fa066de3000 ---p 001bb000 08:02 3080291                    /lib/x86_64-linux-gnu/libc-2.19.so
7fa066de3000-7fa066de7000 r--p 001ba000 08:02 3080291                    /lib/x86_64-linux-gnu/libc-2.19.so
7fa066de7000-7fa066de9000 rw-p 001be000 08:02 3080291                    /lib/x86_64-linux-gnu/libc-2.19.so
7fa066de9000-7fa066dee000 rw-p 00000000 00:00 0 
7fa066dee000-7fa066df1000 r-xp 00000000 08:02 3080222                    /lib/x86_64-linux-gnu/libdl-2.19.so
7fa066df1000-7fa066ff0000 ---p 00003000 08:02 3080222                    /lib/x86_64-linux-gnu/libdl-2.19.so
7fa066ff0000-7fa066ff1000 r--p 00002000 08:02 3080222                    /lib/x86_64-linux-gnu/libdl-2.19.so
7fa066ff1000-7fa066ff2000 rw-p 00003000 08:02 3080222                    /lib/x86_64-linux-gnu/libdl-2.19.so
7fa066ff2000-7fa067007000 r-xp 00000000 08:02 4957783                    /usr/local/java/jdk1.8.0_60/lib/amd64/jli/libjli.so
7fa067007000-7fa067207000 ---p 00015000 08:02 4957783                    /usr/local/java/jdk1.8.0_60/lib/amd64/jli/libjli.so
7fa067207000-7fa067208000 rw-p 00015000 08:02 4957783                    /usr/local/java/jdk1.8.0_60/lib/amd64/jli/libjli.so
7fa067208000-7fa067221000 r-xp 00000000 08:02 3080292                    /lib/x86_64-linux-gnu/libpthread-2.19.so
7fa067221000-7fa067420000 ---p 00019000 08:02 3080292                    /lib/x86_64-linux-gnu/libpthread-2.19.so
7fa067420000-7fa067421000 r--p 00018000 08:02 3080292                    /lib/x86_64-linux-gnu/libpthread-2.19.so
7fa067421000-7fa067422000 rw-p 00019000 08:02 3080292                    /lib/x86_64-linux-gnu/libpthread-2.19.so
7fa067422000-7fa067426000 rw-p 00000000 00:00 0 
7fa067426000-7fa067449000 r-xp 00000000 08:02 3080288                    /lib/x86_64-linux-gnu/ld-2.19.so
7fa067449000-7fa06744b000 r--s 0000a000 08:02 1174107                    /home/jonas/Software/netbeans-8.0.2/java/maven/lib/maven-settings-3.0.5.jar
7fa06744b000-7fa06744f000 r--s 00013000 08:02 1174119                    /home/jonas/Software/netbeans-8.0.2/java/maven/lib/aether-api-1.13.1.jar
7fa06744f000-7fa067451000 r--s 00002000 08:02 1174118                    /home/jonas/Software/netbeans-8.0.2/java/maven/lib/plexus-cipher-1.7.jar
7fa067451000-7fa067523000 rw-p 00000000 00:00 0 
7fa067523000-7fa067526000 ---p 00000000 00:00 0 
7fa067526000-7fa067628000 rw-p 00000000 00:00 0                          [stack:5908]
7fa067628000-7fa06762a000 r--s 0000a000 08:02 1181977                    /home/jonas/Software/netbeans-8.0.2/java/maven/boot/plexus-classworlds-2.4.jar
7fa06762a000-7fa06763c000 rw-p 00000000 00:00 0 
7fa06763c000-7fa067644000 rw-s 00000000 08:02 393598                     /tmp/hsperfdata_jonas/5906
7fa067644000-7fa067645000 rw-p 00000000 00:00 0 
7fa067645000-7fa067646000 ---p 00000000 00:00 0 
7fa067646000-7fa067648000 rw-p 00000000 00:00 0 
7fa067648000-7fa067649000 r--p 00022000 08:02 3080288                    /lib/x86_64-linux-gnu/ld-2.19.so
7fa067649000-7fa06764a000 rw-p 00023000 08:02 3080288                    /lib/x86_64-linux-gnu/ld-2.19.so
7fa06764a000-7fa06764b000 rw-p 00000000 00:00 0 
7ffce9f70000-7ffce9f91000 rw-p 00000000 00:00 0                          [stack]
7ffce9f97000-7ffce9f99000 r-xp 00000000 00:00 0                          [vdso]
7ffce9f99000-7ffce9f9b000 r--p 00000000 00:00 0                          [vvar]
ffffffffff600000-ffffffffff601000 r-xp 00000000 00:00 0                  [vsyscall]

VM Arguments:
jvm_args: -Dclassworlds.conf=/home/jonas/Software/netbeans-8.0.2/java/maven/bin/m2.conf -Dmaven.home=/home/jonas/Software/netbeans-8.0.2/java/maven 
java_command: org.codehaus.plexus.classworlds.launcher.Launcher -Dmaven.ext.class.path=/home/jonas/Software/netbeans-8.0.2/java/maven-nblib/netbeans-eventspy.jar clean install
java_class_path (initial): /home/jonas/Software/netbeans-8.0.2/java/maven/boot/plexus-classworlds-2.4.jar
Launcher Type: SUN_STANDARD

Environment Variables:
JAVA_HOME=/usr/local/java/jdk1.8.0_60
JRE_HOME=/usr/local/java/jdk1.8.0_60/jre
PATH=/usr/local/sbin:/usr/local/bin:/usr/sbin:/usr/bin:/sbin:/bin:/usr/games:/usr/local/games:/usr/lib/jvm/java-8-oracle/bin:/usr/lib/jvm/java-8-oracle/db/bin:/usr/lib/jvm/java-8-oracle/jre/bin:/usr/lib/jvm/java-8-oracle/bin:/usr/lib/jvm/java-8-oracle/db/bin:/usr/lib/jvm/java-8-oracle/jre/bin:/home/jonas/bin:/usr/local/java/jdk1.8.0_60/bin
LD_LIBRARY_PATH=/usr/local/java/jdk1.8.0_60/jre/lib/amd64:/usr/local/java/jdk1.8.0_60/jre/lib/i386:
SHELL=/bin/bash
DISPLAY=:0

Signal Handlers:
SIGSEGV: [libjvm.so+0xaba070], sa_mask[0]=11111111011111111101111111111110, sa_flags=SA_RESTART|SA_SIGINFO
SIGBUS: [libjvm.so+0xaba070], sa_mask[0]=11111111011111111101111111111110, sa_flags=SA_RESTART|SA_SIGINFO
SIGFPE: [libjvm.so+0x917630], sa_mask[0]=11111111011111111101111111111110, sa_flags=SA_RESTART|SA_SIGINFO
SIGPIPE: [libjvm.so+0x917630], sa_mask[0]=11111111011111111101111111111110, sa_flags=SA_RESTART|SA_SIGINFO
SIGXFSZ: [libjvm.so+0x917630], sa_mask[0]=11111111011111111101111111111110, sa_flags=SA_RESTART|SA_SIGINFO
SIGILL: [libjvm.so+0x917630], sa_mask[0]=11111111011111111101111111111110, sa_flags=SA_RESTART|SA_SIGINFO
SIGUSR1: SIG_DFL, sa_mask[0]=00000000000000000000000000000000, sa_flags=none
SIGUSR2: [libjvm.so+0x918c60], sa_mask[0]=00100000000000000000000000000000, sa_flags=SA_RESTART|SA_SIGINFO
SIGHUP: [libjvm.so+0x91a060], sa_mask[0]=11111111011111111101111111111110, sa_flags=SA_RESTART|SA_SIGINFO
SIGINT: SIG_IGN, sa_mask[0]=00000000000000000000000000000000, sa_flags=none
SIGTERM: [libjvm.so+0x91a060], sa_mask[0]=11111111011111111101111111111110, sa_flags=SA_RESTART|SA_SIGINFO
SIGQUIT: [libjvm.so+0x91a060], sa_mask[0]=11111111011111111101111111111110, sa_flags=SA_RESTART|SA_SIGINFO


---------------  S Y S T E M  ---------------

OS:DISTRIB_ID=Ubuntu
DISTRIB_RELEASE=14.04
DISTRIB_CODENAME=trusty
DISTRIB_DESCRIPTION="Ubuntu 14.04.3 LTS"

uname:Linux 3.16.0-46-generic #62~14.04.1-Ubuntu SMP Tue Aug 11 16:27:16 UTC 2015 x86_64
libc:glibc 2.19 NPTL 2.19 
rlimit: STACK 8192k, CORE 0k, NPROC 14472, NOFILE 4096, AS infinity
load average:2,12 1,26 0,65

/proc/meminfo:
MemTotal:        3734768 kB
MemFree:          103424 kB
MemAvailable:      83268 kB
Buffers:            3828 kB
Cached:           550120 kB
SwapCached:         2020 kB
Active:          2610216 kB
Inactive:         813020 kB
Active(anon):    2560168 kB
Inactive(anon):   781744 kB
Active(file):      50048 kB
Inactive(file):    31276 kB
Unevictable:         164 kB
Mlocked:             164 kB
SwapTotal:        358396 kB
SwapFree:              0 kB
Dirty:               964 kB
Writeback:             0 kB
AnonPages:       2867440 kB
Mapped:           255240 kB
Shmem:            472756 kB
Slab:              90392 kB
SReclaimable:      47284 kB
SUnreclaim:        43108 kB
KernelStack:       15024 kB
PageTables:        51996 kB
NFS_Unstable:          0 kB
Bounce:                0 kB
WritebackTmp:          0 kB
CommitLimit:     2225780 kB
Committed_AS:    8857224 kB
VmallocTotal:   34359738367 kB
VmallocUsed:      352408 kB
VmallocChunk:   34359377080 kB
HardwareCorrupted:     0 kB
AnonHugePages:    495616 kB
HugePages_Total:       0
HugePages_Free:        0
HugePages_Rsvd:        0
HugePages_Surp:        0
Hugepagesize:       2048 kB
DirectMap4k:       77084 kB
DirectMap2M:     3801088 kB


CPU:total 8 (4 cores per cpu, 2 threads per core) family 6 model 42 stepping 7, cmov, cx8, fxsr, mmx, sse, sse2, sse3, ssse3, sse4.1, sse4.2, popcnt, avx, aes, clmul, ht, tsc, tscinvbit

/proc/cpuinfo:
processor	: 0
vendor_id	: GenuineIntel
cpu family	: 6
model		: 42
model name	: Intel(R) Core(TM) i7-2600K CPU @ 3.40GHz
stepping	: 7
microcode	: 0x26
cpu MHz		: 3502.398
cache size	: 8192 KB
physical id	: 0
siblings	: 8
core id		: 0
cpu cores	: 4
apicid		: 0
initial apicid	: 0
fpu		: yes
fpu_exception	: yes
cpuid level	: 13
wp		: yes
flags		: fpu vme de pse tsc msr pae mce cx8 apic sep mtrr pge mca cmov pat pse36 clflush dts acpi mmx fxsr sse sse2 ss ht tm pbe syscall nx rdtscp lm constant_tsc arch_perfmon pebs bts rep_good nopl xtopology nonstop_tsc aperfmperf eagerfpu pni pclmulqdq dtes64 monitor ds_cpl vmx est tm2 ssse3 cx16 xtpr pdcm pcid sse4_1 sse4_2 popcnt tsc_deadline_timer aes xsave avx lahf_lm ida arat epb xsaveopt pln pts dtherm tpr_shadow vnmi flexpriority ept vpid
bogomips	: 6820.06
clflush size	: 64
cache_alignment	: 64
address sizes	: 36 bits physical, 48 bits virtual
power management:

processor	: 1
vendor_id	: GenuineIntel
cpu family	: 6
model		: 42
model name	: Intel(R) Core(TM) i7-2600K CPU @ 3.40GHz
stepping	: 7
microcode	: 0x26
cpu MHz		: 3500.937
cache size	: 8192 KB
physical id	: 0
siblings	: 8
core id		: 1
cpu cores	: 4
apicid		: 2
initial apicid	: 2
fpu		: yes
fpu_exception	: yes
cpuid level	: 13
wp		: yes
flags		: fpu vme de pse tsc msr pae mce cx8 apic sep mtrr pge mca cmov pat pse36 clflush dts acpi mmx fxsr sse sse2 ss ht tm pbe syscall nx rdtscp lm constant_tsc arch_perfmon pebs bts rep_good nopl xtopology nonstop_tsc aperfmperf eagerfpu pni pclmulqdq dtes64 monitor ds_cpl vmx est tm2 ssse3 cx16 xtpr pdcm pcid sse4_1 sse4_2 popcnt tsc_deadline_timer aes xsave avx lahf_lm ida arat epb xsaveopt pln pts dtherm tpr_shadow vnmi flexpriority ept vpid
bogomips	: 6820.06
clflush size	: 64
cache_alignment	: 64
address sizes	: 36 bits physical, 48 bits virtual
power management:

processor	: 2
vendor_id	: GenuineIntel
cpu family	: 6
model		: 42
model name	: Intel(R) Core(TM) i7-2600K CPU @ 3.40GHz
stepping	: 7
microcode	: 0x26
cpu MHz		: 3500.140
cache size	: 8192 KB
physical id	: 0
siblings	: 8
core id		: 2
cpu cores	: 4
apicid		: 4
initial apicid	: 4
fpu		: yes
fpu_exception	: yes
cpuid level	: 13
wp		: yes
flags		: fpu vme de pse tsc msr pae mce cx8 apic sep mtrr pge mca cmov pat pse36 clflush dts acpi mmx fxsr sse sse2 ss ht tm pbe syscall nx rdtscp lm constant_tsc arch_perfmon pebs bts rep_good nopl xtopology nonstop_tsc aperfmperf eagerfpu pni pclmulqdq dtes64 monitor ds_cpl vmx est tm2 ssse3 cx16 xtpr pdcm pcid sse4_1 sse4_2 popcnt tsc_deadline_timer aes xsave avx lahf_lm ida arat epb xsaveopt pln pts dtherm tpr_shadow vnmi flexpriority ept vpid
bogomips	: 6820.06
clflush size	: 64
cache_alignment	: 64
address sizes	: 36 bits physical, 48 bits virtual
power management:

processor	: 3
vendor_id	: GenuineIntel
cpu family	: 6
model		: 42
model name	: Intel(R) Core(TM) i7-2600K CPU @ 3.40GHz
stepping	: 7
microcode	: 0x26
cpu MHz		: 3500.273
cache size	: 8192 KB
physical id	: 0
siblings	: 8
core id		: 3
cpu cores	: 4
apicid		: 6
initial apicid	: 6
fpu		: yes
fpu_exception	: yes
cpuid level	: 13
wp		: yes
flags		: fpu vme de pse tsc msr pae mce cx8 apic sep mtrr pge mca cmov pat pse36 clflush dts acpi mmx fxsr sse sse2 ss ht tm pbe syscall nx rdtscp lm constant_tsc arch_perfmon pebs bts rep_good nopl xtopology nonstop_tsc aperfmperf eagerfpu pni pclmulqdq dtes64 monitor ds_cpl vmx est tm2 ssse3 cx16 xtpr pdcm pcid sse4_1 sse4_2 popcnt tsc_deadline_timer aes xsave avx lahf_lm ida arat epb xsaveopt pln pts dtherm tpr_shadow vnmi flexpriority ept vpid
bogomips	: 6820.06
clflush size	: 64
cache_alignment	: 64
address sizes	: 36 bits physical, 48 bits virtual
power management:

processor	: 4
vendor_id	: GenuineIntel
cpu family	: 6
model		: 42
model name	: Intel(R) Core(TM) i7-2600K CPU @ 3.40GHz
stepping	: 7
microcode	: 0x26
cpu MHz		: 3500.007
cache size	: 8192 KB
physical id	: 0
siblings	: 8
core id		: 0
cpu cores	: 4
apicid		: 1
initial apicid	: 1
fpu		: yes
fpu_exception	: yes
cpuid level	: 13
wp		: yes
flags		: fpu vme de pse tsc msr pae mce cx8 apic sep mtrr pge mca cmov pat pse36 clflush dts acpi mmx fxsr sse sse2 ss ht tm pbe syscall nx rdtscp lm constant_tsc arch_perfmon pebs bts rep_good nopl xtopology nonstop_tsc aperfmperf eagerfpu pni pclmulqdq dtes64 monitor ds_cpl vmx est tm2 ssse3 cx16 xtpr pdcm pcid sse4_1 sse4_2 popcnt tsc_deadline_timer aes xsave avx lahf_lm ida arat epb xsaveopt pln pts dtherm tpr_shadow vnmi flexpriority ept vpid
bogomips	: 6820.06
clflush size	: 64
cache_alignment	: 64
address sizes	: 36 bits physical, 48 bits virtual
power management:

processor	: 5
vendor_id	: GenuineIntel
cpu family	: 6
model		: 42
model name	: Intel(R) Core(TM) i7-2600K CPU @ 3.40GHz
stepping	: 7
microcode	: 0x26
cpu MHz		: 3500.140
cache size	: 8192 KB
physical id	: 0
siblings	: 8
core id		: 1
cpu cores	: 4
apicid		: 3
initial apicid	: 3
fpu		: yes
fpu_exception	: yes
cpuid level	: 13
wp		: yes
flags		: fpu vme de pse tsc msr pae mce cx8 apic sep mtrr pge mca cmov pat pse36 clflush dts acpi mmx fxsr sse sse2 ss ht tm pbe syscall nx rdtscp lm constant_tsc arch_perfmon pebs bts rep_good nopl xtopology nonstop_tsc aperfmperf eagerfpu pni pclmulqdq dtes64 monitor ds_cpl vmx est tm2 ssse3 cx16 xtpr pdcm pcid sse4_1 sse4_2 popcnt tsc_deadline_timer aes xsave avx lahf_lm ida arat epb xsaveopt pln pts dtherm tpr_shadow vnmi flexpriority ept vpid
bogomips	: 6820.06
clflush size	: 64
cache_alignment	: 64
address sizes	: 36 bits physical, 48 bits virtual
power management:

processor	: 6
vendor_id	: GenuineIntel
cpu family	: 6
model		: 42
model name	: Intel(R) Core(TM) i7-2600K CPU @ 3.40GHz
stepping	: 7
microcode	: 0x26
cpu MHz		: 3500.007
cache size	: 8192 KB
physical id	: 0
siblings	: 8
core id		: 2
cpu cores	: 4
apicid		: 5
initial apicid	: 5
fpu		: yes
fpu_exception	: yes
cpuid level	: 13
wp		: yes
flags		: fpu vme de pse tsc msr pae mce cx8 apic sep mtrr pge mca cmov pat pse36 clflush dts acpi mmx fxsr sse sse2 ss ht tm pbe syscall nx rdtscp lm constant_tsc arch_perfmon pebs bts rep_good nopl xtopology nonstop_tsc aperfmperf eagerfpu pni pclmulqdq dtes64 monitor ds_cpl vmx est tm2 ssse3 cx16 xtpr pdcm pcid sse4_1 sse4_2 popcnt tsc_deadline_timer aes xsave avx lahf_lm ida arat epb xsaveopt pln pts dtherm tpr_shadow vnmi flexpriority ept vpid
bogomips	: 6820.06
clflush size	: 64
cache_alignment	: 64
address sizes	: 36 bits physical, 48 bits virtual
power management:

processor	: 7
vendor_id	: GenuineIntel
cpu family	: 6
model		: 42
model name	: Intel(R) Core(TM) i7-2600K CPU @ 3.40GHz
stepping	: 7
microcode	: 0x26
cpu MHz		: 3508.640
cache size	: 8192 KB
physical id	: 0
siblings	: 8
core id		: 3
cpu cores	: 4
apicid		: 7
initial apicid	: 7
fpu		: yes
fpu_exception	: yes
cpuid level	: 13
wp		: yes
flags		: fpu vme de pse tsc msr pae mce cx8 apic sep mtrr pge mca cmov pat pse36 clflush dts acpi mmx fxsr sse sse2 ss ht tm pbe syscall nx rdtscp lm constant_tsc arch_perfmon pebs bts rep_good nopl xtopology nonstop_tsc aperfmperf eagerfpu pni pclmulqdq dtes64 monitor ds_cpl vmx est tm2 ssse3 cx16 xtpr pdcm pcid sse4_1 sse4_2 popcnt tsc_deadline_timer aes xsave avx lahf_lm ida arat epb xsaveopt pln pts dtherm tpr_shadow vnmi flexpriority ept vpid
bogomips	: 6820.06
clflush size	: 64
cache_alignment	: 64
address sizes	: 36 bits physical, 48 bits virtual
power management:



Memory: 4k page, physical 3734768k(103620k free), swap 358396k(0k free)

vm_info: Java HotSpot(TM) 64-Bit Server VM (25.60-b23) for linux-amd64 JRE (1.8.0_60-b27), built on Aug  4 2015 12:19:40 by "java_re" with gcc 4.3.0 20080428 (Red Hat 4.3.0-8)

time: Sun Sep 20 15:41:30 2015
elapsed time: 2 seconds (0d 0h 0m 2s)

