#
# There is insufficient memory for the Java Runtime Environment to continue.
# Native memory allocation (mmap) failed to map 117440512 bytes for committing reserved memory.
# Possible reasons:
#   The system is out of physical RAM or swap space
#   In 32 bit mode, the process size limit was hit
# Possible solutions:
#   Reduce memory load on the system
#   Increase physical memory or swap space
#   Check if swap backing store is full
#   Use 64 bit Java on a 64 bit OS
#   Decrease Java heap size (-Xmx/-Xms)
#   Decrease number of Java threads
#   Decrease Java thread stack sizes (-Xss)
#   Set larger code cache with -XX:ReservedCodeCacheSize=
# This output file may be truncated or incomplete.
#
#  Out of Memory Error (os_linux.cpp:2627), pid=4145, tid=140549348112128
#
# JRE version: Java(TM) SE Runtime Environment (8.0_60-b27) (build 1.8.0_60-b27)
# Java VM: Java HotSpot(TM) 64-Bit Server VM (25.60-b23 mixed mode linux-amd64 compressed oops)
# Failed to write core dump. Core dumps have been disabled. To enable core dumping, try "ulimit -c unlimited" before starting Java again
#

---------------  T H R E A D  ---------------

Current thread (0x00007fd460080000):  VMThread [stack: 0x00007fd431e7b000,0x00007fd431f7c000] [id=4157]

Stack: [0x00007fd431e7b000,0x00007fd431f7c000],  sp=0x00007fd431f7a240,  free space=1020k
Native frames: (J=compiled Java code, j=interpreted, Vv=VM code, C=native code)
V  [libjvm.so+0xab97ea]  VMError::report_and_die()+0x2ba
V  [libjvm.so+0x4f9dab]  report_vm_out_of_memory(char const*, int, unsigned long, VMErrorType, char const*)+0x8b
V  [libjvm.so+0x91a7c3]  os::Linux::commit_memory_impl(char*, unsigned long, bool)+0x103
V  [libjvm.so+0x91ad19]  os::pd_commit_memory(char*, unsigned long, unsigned long, bool)+0x29
V  [libjvm.so+0x91502a]  os::commit_memory(char*, unsigned long, unsigned long, bool)+0x2a
V  [libjvm.so+0x9886d3]  PSVirtualSpace::expand_by(unsigned long)+0x53
V  [libjvm.so+0x989ad8]  PSYoungGen::resize_generation(unsigned long, unsigned long)+0xf8
V  [libjvm.so+0x988c32]  PSYoungGen::resize(unsigned long, unsigned long)+0x22
V  [libjvm.so+0x985f0b]  PSScavenge::invoke_no_policy()+0xf3b
V  [libjvm.so+0x9811b5]  PSParallelCompact::invoke(bool)+0x85
V  [libjvm.so+0x480f94]  CollectedHeap::collect_as_vm_thread(GCCause::Cause)+0x114
V  [libjvm.so+0xabac61]  VM_CollectForMetadataAllocation::doit()+0x161
V  [libjvm.so+0xac2c35]  VM_Operation::evaluate()+0x55
V  [libjvm.so+0xac100a]  VMThread::evaluate_operation(VM_Operation*)+0xba
V  [libjvm.so+0xac138e]  VMThread::loop()+0x1ce
V  [libjvm.so+0xac1800]  VMThread::run()+0x70
V  [libjvm.so+0x91cb88]  java_start(Thread*)+0x108

VM_Operation (0x00007fd4693762e0): CollectForMetadataAllocation, mode: safepoint, requested by thread 0x00007fd46000a000


---------------  P R O C E S S  ---------------

Java Threads: ( => current thread )
  0x00007fd460f5a800 JavaThread "resolver-4" daemon [_thread_blocked, id=4179, stack(0x00007fd4038fd000,0x00007fd4039fe000)]
  0x00007fd460f5a000 JavaThread "resolver-3" daemon [_thread_blocked, id=4178, stack(0x00007fd4039fe000,0x00007fd403aff000)]
  0x00007fd460f4b000 JavaThread "resolver-2" daemon [_thread_blocked, id=4177, stack(0x00007fd403aff000,0x00007fd403c00000)]
  0x00007fd460f39000 JavaThread "resolver-1" daemon [_thread_blocked, id=4176, stack(0x00007fd430083000,0x00007fd430184000)]
  0x00007fd46060e800 JavaThread "process reaper" daemon [_thread_blocked, id=4168, stack(0x00007fd450026000,0x00007fd45005f000)]
  0x00007fd4600d3800 JavaThread "Service Thread" daemon [_thread_blocked, id=4165, stack(0x00007fd430d30000,0x00007fd430e31000)]
  0x00007fd4600c6000 JavaThread "C1 CompilerThread3" daemon [_thread_blocked, id=4164, stack(0x00007fd430e31000,0x00007fd430f32000)]
  0x00007fd4600c4000 JavaThread "C2 CompilerThread2" daemon [_thread_blocked, id=4163, stack(0x00007fd430f32000,0x00007fd431033000)]
  0x00007fd4600c2000 JavaThread "C2 CompilerThread1" daemon [_thread_blocked, id=4162, stack(0x00007fd431033000,0x00007fd431134000)]
  0x00007fd4600bf800 JavaThread "C2 CompilerThread0" daemon [_thread_blocked, id=4161, stack(0x00007fd431134000,0x00007fd431235000)]
  0x00007fd4600be000 JavaThread "Signal Dispatcher" daemon [_thread_blocked, id=4160, stack(0x00007fd431235000,0x00007fd431336000)]
  0x00007fd460087000 JavaThread "Finalizer" daemon [_thread_blocked, id=4159, stack(0x00007fd431c79000,0x00007fd431d7a000)]
  0x00007fd460085000 JavaThread "Reference Handler" daemon [_thread_blocked, id=4158, stack(0x00007fd431d7a000,0x00007fd431e7b000)]
  0x00007fd46000a000 JavaThread "main" [_thread_blocked, id=4148, stack(0x00007fd46927d000,0x00007fd46937e000)]

Other Threads:
=>0x00007fd460080000 VMThread [stack: 0x00007fd431e7b000,0x00007fd431f7c000] [id=4157]
  0x00007fd4600d6000 WatcherThread [stack: 0x00007fd430c2f000,0x00007fd430d30000] [id=4166]

VM state:at safepoint (normal execution)

VM Mutex/Monitor currently owned by a thread:  ([mutex/lock_event])
[0x00007fd460006270] Threads_lock - owner thread: 0x00007fd460080000
[0x00007fd460006770] Heap_lock - owner thread: 0x00007fd46000a000

Heap:
 PSYoungGen      total 130048K, used 7160K [0x00000000ed000000, 0x00000000f5e00000, 0x0000000100000000)
  eden space 118784K, 0% used [0x00000000ed000000,0x00000000ed000000,0x00000000f4400000)
  from space 11264K, 63% used [0x00000000f4400000,0x00000000f4afe1c0,0x00000000f4f00000)
  to   space 7168K, 0% used [0x00000000f4f00000,0x00000000f4f00000,0x00000000f5600000)
 ParOldGen       total 39936K, used 19066K [0x00000000c7000000, 0x00000000c9700000, 0x00000000ed000000)
  object space 39936K, 47% used [0x00000000c7000000,0x00000000c829e800,0x00000000c9700000)
 Metaspace       used 20570K, capacity 21178K, committed 21296K, reserved 1069056K
  class space    used 2496K, capacity 2664K, committed 2688K, reserved 1048576K

Card table byte_map: [0x00007fd465e80000,0x00007fd466049000] byte_map_base: 0x00007fd465848000

Marking Bits: (ParMarkBitMap*) 0x00007fd468757de0
 Begin Bits: [0x00007fd432380000, 0x00007fd4331c0000)
 End Bits:   [0x00007fd4331c0000, 0x00007fd434000000)

Polling page: 0x00007fd46939f000

CodeCache: size=245760Kb used=10673Kb max_used=10686Kb free=235087Kb
 bounds [0x00007fd451000000, 0x00007fd451a80000, 0x00007fd460000000]
 total_blobs=3624 nmethods=3255 adapters=281
 compilation: enabled

Compilation events (10 events):
Event: 3,026 Thread 0x00007fd4600c6000 nmethod 3250 0x00007fd451a71950 code [0x00007fd451a71c60, 0x00007fd451a73698]
Event: 3,027 Thread 0x00007fd4600c2000 nmethod 3239 0x00007fd451a6cc90 code [0x00007fd451a6ce20, 0x00007fd451a6d398]
Event: 3,032 Thread 0x00007fd4600bf800 nmethod 3233 0x00007fd451a764d0 code [0x00007fd451a766e0, 0x00007fd451a76eb0]
Event: 3,032 Thread 0x00007fd4600c6000 3256       1       com.google.common.collect.EmptyImmutableList::isEmpty (2 bytes)
Event: 3,033 Thread 0x00007fd4600c6000 nmethod 3256 0x00007fd451a6ac50 code [0x00007fd451a6ada0, 0x00007fd451a6aeb0]
Event: 3,033 Thread 0x00007fd4600c6000 3257       1       com.google.inject.spi.InjectionPoint::getDeclaringType (5 bytes)
Event: 3,033 Thread 0x00007fd4600c6000 nmethod 3257 0x00007fd451a6c9d0 code [0x00007fd451a6cb20, 0x00007fd451a6cc30]
Event: 3,036 Thread 0x00007fd4600c4000 nmethod 3255 0x00007fd451a77690 code [0x00007fd451a77840, 0x00007fd451a784a8]
Event: 3,037 Thread 0x00007fd4600c6000 3258       1       com.google.inject.internal.ConstructionContext::getCurrentReference (5 bytes)
Event: 3,037 Thread 0x00007fd4600c6000 nmethod 3258 0x00007fd451a76210 code [0x00007fd451a76360, 0x00007fd451a76470]

GC Heap History (10 events):
Event: 0,576 GC heap after
Heap after GC invocations=2 (full 0):
 PSYoungGen      total 32768K, used 2032K [0x00000000ed000000, 0x00000000ef200000, 0x0000000100000000)
  eden space 30720K, 0% used [0x00000000ed000000,0x00000000ed000000,0x00000000eee00000)
  from space 2048K, 99% used [0x00000000ef000000,0x00000000ef1fc010,0x00000000ef200000)
  to   space 2048K, 0% used [0x00000000eee00000,0x00000000eee00000,0x00000000ef000000)
 ParOldGen       total 39936K, used 2133K [0x00000000c7000000, 0x00000000c9700000, 0x00000000ed000000)
  object space 39936K, 5% used [0x00000000c7000000,0x00000000c7215770,0x00000000c9700000)
 Metaspace       used 7782K, capacity 7944K, committed 8064K, reserved 1056768K
  class space    used 984K, capacity 1050K, committed 1152K, reserved 1048576K
}
Event: 1,061 GC heap before
{Heap before GC invocations=3 (full 0):
 PSYoungGen      total 32768K, used 32752K [0x00000000ed000000, 0x00000000ef200000, 0x0000000100000000)
  eden space 30720K, 100% used [0x00000000ed000000,0x00000000eee00000,0x00000000eee00000)
  from space 2048K, 99% used [0x00000000ef000000,0x00000000ef1fc010,0x00000000ef200000)
  to   space 2048K, 0% used [0x00000000eee00000,0x00000000eee00000,0x00000000ef000000)
 ParOldGen       total 39936K, used 2133K [0x00000000c7000000, 0x00000000c9700000, 0x00000000ed000000)
  object space 39936K, 5% used [0x00000000c7000000,0x00000000c7215770,0x00000000c9700000)
 Metaspace       used 12916K, capacity 13258K, committed 13568K, reserved 1060864K
  class space    used 1589K, capacity 1688K, committed 1792K, reserved 1048576K
Event: 1,071 GC heap after
Heap after GC invocations=3 (full 0):
 PSYoungGen      total 32768K, used 2032K [0x00000000ed000000, 0x00000000f1000000, 0x0000000100000000)
  eden space 30720K, 0% used [0x00000000ed000000,0x00000000ed000000,0x00000000eee00000)
  from space 2048K, 99% used [0x00000000eee00000,0x00000000eeffc010,0x00000000ef000000)
  to   space 2048K, 0% used [0x00000000f0e00000,0x00000000f0e00000,0x00000000f1000000)
 ParOldGen       total 39936K, used 6726K [0x00000000c7000000, 0x00000000c9700000, 0x00000000ed000000)
  object space 39936K, 16% used [0x00000000c7000000,0x00000000c7691b68,0x00000000c9700000)
 Metaspace       used 12916K, capacity 13258K, committed 13568K, reserved 1060864K
  class space    used 1589K, capacity 1688K, committed 1792K, reserved 1048576K
}
Event: 1,348 GC heap before
{Heap before GC invocations=4 (full 0):
 PSYoungGen      total 32768K, used 32752K [0x00000000ed000000, 0x00000000f1000000, 0x0000000100000000)
  eden space 30720K, 100% used [0x00000000ed000000,0x00000000eee00000,0x00000000eee00000)
  from space 2048K, 99% used [0x00000000eee00000,0x00000000eeffc010,0x00000000ef000000)
  to   space 2048K, 0% used [0x00000000f0e00000,0x00000000f0e00000,0x00000000f1000000)
 ParOldGen       total 39936K, used 6726K [0x00000000c7000000, 0x00000000c9700000, 0x00000000ed000000)
  object space 39936K, 16% used [0x00000000c7000000,0x00000000c7691b68,0x00000000c9700000)
 Metaspace       used 13355K, capacity 13694K, committed 13824K, reserved 1060864K
  class space    used 1622K, capacity 1725K, committed 1792K, reserved 1048576K
Event: 1,356 GC heap after
Heap after GC invocations=4 (full 0):
 PSYoungGen      total 63488K, used 2032K [0x00000000ed000000, 0x00000000f1000000, 0x0000000100000000)
  eden space 61440K, 0% used [0x00000000ed000000,0x00000000ed000000,0x00000000f0c00000)
  from space 2048K, 99% used [0x00000000f0e00000,0x00000000f0ffc010,0x00000000f1000000)
  to   space 2048K, 0% used [0x00000000f0c00000,0x00000000f0c00000,0x00000000f0e00000)
 ParOldGen       total 39936K, used 9000K [0x00000000c7000000, 0x00000000c9700000, 0x00000000ed000000)
  object space 39936K, 22% used [0x00000000c7000000,0x00000000c78ca148,0x00000000c9700000)
 Metaspace       used 13355K, capacity 13694K, committed 13824K, reserved 1060864K
  class space    used 1622K, capacity 1725K, committed 1792K, reserved 1048576K
}
Event: 1,982 GC heap before
{Heap before GC invocations=5 (full 0):
 PSYoungGen      total 63488K, used 63472K [0x00000000ed000000, 0x00000000f1000000, 0x0000000100000000)
  eden space 61440K, 100% used [0x00000000ed000000,0x00000000f0c00000,0x00000000f0c00000)
  from space 2048K, 99% used [0x00000000f0e00000,0x00000000f0ffc010,0x00000000f1000000)
  to   space 2048K, 0% used [0x00000000f0c00000,0x00000000f0c00000,0x00000000f0e00000)
 ParOldGen       total 39936K, used 9000K [0x00000000c7000000, 0x00000000c9700000, 0x00000000ed000000)
  object space 39936K, 22% used [0x00000000c7000000,0x00000000c78ca148,0x00000000c9700000)
 Metaspace       used 17556K, capacity 18058K, committed 18304K, reserved 1064960K
  class space    used 2176K, capacity 2333K, committed 2432K, reserved 1048576K
Event: 2,010 GC heap after
Heap after GC invocations=5 (full 0):
 PSYoungGen      total 63488K, used 2032K [0x00000000ed000000, 0x00000000f5600000, 0x0000000100000000)
  eden space 61440K, 0% used [0x00000000ed000000,0x00000000ed000000,0x00000000f0c00000)
  from space 2048K, 99% used [0x00000000f0c00000,0x00000000f0dfc010,0x00000000f0e00000)
  to   space 7168K, 0% used [0x00000000f4f00000,0x00000000f4f00000,0x00000000f5600000)
 ParOldGen       total 39936K, used 12569K [0x00000000c7000000, 0x00000000c9700000, 0x00000000ed000000)
  object space 39936K, 31% used [0x00000000c7000000,0x00000000c7c46560,0x00000000c9700000)
 Metaspace       used 17556K, capacity 18058K, committed 18304K, reserved 1064960K
  class space    used 2176K, capacity 2333K, committed 2432K, reserved 1048576K
}
Event: 2,992 GC heap before
{Heap before GC invocations=6 (full 0):
 PSYoungGen      total 63488K, used 63472K [0x00000000ed000000, 0x00000000f5600000, 0x0000000100000000)
  eden space 61440K, 100% used [0x00000000ed000000,0x00000000f0c00000,0x00000000f0c00000)
  from space 2048K, 99% used [0x00000000f0c00000,0x00000000f0dfc010,0x00000000f0e00000)
  to   space 7168K, 0% used [0x00000000f4f00000,0x00000000f4f00000,0x00000000f5600000)
 ParOldGen       total 39936K, used 12569K [0x00000000c7000000, 0x00000000c9700000, 0x00000000ed000000)
  object space 39936K, 31% used [0x00000000c7000000,0x00000000c7c46560,0x00000000c9700000)
 Metaspace       used 20294K, capacity 20986K, committed 21120K, reserved 1067008K
  class space    used 2463K, capacity 2664K, committed 2688K, reserved 1048576K
Event: 3,009 GC heap after
Heap after GC invocations=6 (full 0):
 PSYoungGen      total 125952K, used 7153K [0x00000000ed000000, 0x00000000f5e00000, 0x0000000100000000)
  eden space 118784K, 0% used [0x00000000ed000000,0x00000000ed000000,0x00000000f4400000)
  from space 7168K, 99% used [0x00000000f4f00000,0x00000000f55fc798,0x00000000f5600000)
  to   space 11264K, 0% used [0x00000000f4400000,0x00000000f4400000,0x00000000f4f00000)
 ParOldGen       total 39936K, used 18498K [0x00000000c7000000, 0x00000000c9700000, 0x00000000ed000000)
  object space 39936K, 46% used [0x00000000c7000000,0x00000000c8210800,0x00000000c9700000)
 Metaspace       used 20294K, capacity 20986K, committed 21120K, reserved 1067008K
  class space    used 2463K, capacity 2664K, committed 2688K, reserved 1048576K
}
Event: 3,045 GC heap before
{Heap before GC invocations=7 (full 0):
 PSYoungGen      total 125952K, used 11943K [0x00000000ed000000, 0x00000000f5e00000, 0x0000000100000000)
  eden space 118784K, 4% used [0x00000000ed000000,0x00000000ed4ad7d8,0x00000000f4400000)
  from space 7168K, 99% used [0x00000000f4f00000,0x00000000f55fc798,0x00000000f5600000)
  to   space 11264K, 0% used [0x00000000f4400000,0x00000000f4400000,0x00000000f4f00000)
 ParOldGen       total 39936K, used 18498K [0x00000000c7000000, 0x00000000c9700000, 0x00000000ed000000)
  object space 39936K, 46% used [0x00000000c7000000,0x00000000c8210800,0x00000000c9700000)
 Metaspace       used 20570K, capacity 21178K, committed 21296K, reserved 1069056K
  class space    used 2496K, capacity 2664K, committed 2688K, reserved 1048576K

Deoptimization events (10 events):
Event: 2,571 Thread 0x00007fd46000a000 Uncommon trap: reason=class_check action=maybe_recompile pc=0x00007fd4515db914 method=java.util.AbstractList$Itr.hasNext()Z @ 8
Event: 2,571 Thread 0x00007fd46000a000 Uncommon trap: reason=class_check action=maybe_recompile pc=0x00007fd45160c088 method=java.util.AbstractList$Itr.next()Ljava/lang/Object; @ 14
Event: 2,861 Thread 0x00007fd460f7a800 Uncommon trap: reason=class_check action=maybe_recompile pc=0x00007fd45161b288 method=java.util.Hashtable.put(Ljava/lang/Object;Ljava/lang/Object;)Ljava/lang/Object; @ 18
Event: 2,861 Thread 0x00007fd460f7a800 Uncommon trap: reason=class_check action=maybe_recompile pc=0x00007fd45161b288 method=java.util.Hashtable.put(Ljava/lang/Object;Ljava/lang/Object;)Ljava/lang/Object; @ 18
Event: 2,861 Thread 0x00007fd460f7a800 Uncommon trap: reason=class_check action=maybe_recompile pc=0x00007fd45161b288 method=java.util.Hashtable.put(Ljava/lang/Object;Ljava/lang/Object;)Ljava/lang/Object; @ 18
Event: 2,861 Thread 0x00007fd460f7a800 Uncommon trap: reason=class_check action=maybe_recompile pc=0x00007fd45161b288 method=java.util.Hashtable.put(Ljava/lang/Object;Ljava/lang/Object;)Ljava/lang/Object; @ 18
Event: 2,933 Thread 0x00007fd46000a000 Uncommon trap: reason=unstable_if action=reinterpret pc=0x00007fd45154901c method=java.util.LinkedHashMap.afterNodeInsertion(Z)V @ 18
Event: 2,964 Thread 0x00007fd46000a000 Uncommon trap: reason=unstable_if action=reinterpret pc=0x00007fd45167fab0 method=java.util.IdentityHashMap.nextKeyIndex(II)I @ 4
Event: 2,964 Thread 0x00007fd46000a000 Uncommon trap: reason=unstable_if action=reinterpret pc=0x00007fd4517b573c method=java.util.IdentityHashMap.nextKeyIndex(II)I @ 4
Event: 3,019 Thread 0x00007fd46000a000 Uncommon trap: reason=bimorphic action=maybe_recompile pc=0x00007fd45135f030 method=java.util.HashMap.putVal(ILjava/lang/Object;Ljava/lang/Object;ZZ)Ljava/lang/Object; @ 203

Internal exceptions (10 events):
Event: 2,239 Thread 0x00007fd46000a000 Exception <a 'java/io/FileNotFoundException'> (0x00000000ee56b7c8) thrown at [/HUDSON/workspace/8-2-build-linux-amd64/jdk8u60/4407/hotspot/src/share/vm/prims/jni.cpp, line 709]
Event: 2,239 Thread 0x00007fd46000a000 Exception <a 'java/io/FileNotFoundException'> (0x00000000ee56c508) thrown at [/HUDSON/workspace/8-2-build-linux-amd64/jdk8u60/4407/hotspot/src/share/vm/prims/jni.cpp, line 709]
Event: 2,240 Thread 0x00007fd46000a000 Exception <a 'java/io/FileNotFoundException'> (0x00000000ee56d250) thrown at [/HUDSON/workspace/8-2-build-linux-amd64/jdk8u60/4407/hotspot/src/share/vm/prims/jni.cpp, line 709]
Event: 2,240 Thread 0x00007fd46000a000 Exception <a 'java/io/FileNotFoundException'> (0x00000000ee56df90) thrown at [/HUDSON/workspace/8-2-build-linux-amd64/jdk8u60/4407/hotspot/src/share/vm/prims/jni.cpp, line 709]
Event: 2,240 Thread 0x00007fd46000a000 Exception <a 'java/io/FileNotFoundException'> (0x00000000ee56ece8) thrown at [/HUDSON/workspace/8-2-build-linux-amd64/jdk8u60/4407/hotspot/src/share/vm/prims/jni.cpp, line 709]
Event: 2,240 Thread 0x00007fd46000a000 Exception <a 'java/io/FileNotFoundException'> (0x00000000ee57a598) thrown at [/HUDSON/workspace/8-2-build-linux-amd64/jdk8u60/4407/hotspot/src/share/vm/prims/jni.cpp, line 709]
Event: 2,469 Thread 0x00007fd46000a000 Exception <a 'java/lang/NoClassDefFoundError': org/slf4j/Logger> (0x00000000ef722f88) thrown at [/HUDSON/workspace/8-2-build-linux-amd64/jdk8u60/4407/hotspot/src/share/vm/oops/constantPool.cpp, line 235]
Event: 2,528 Thread 0x00007fd460f4b000 Implicit null exception at 0x00007fd45173fe08 to 0x00007fd45173fec1
Event: 2,533 Thread 0x00007fd46000a000 Implicit null exception at 0x00007fd4519aee3e to 0x00007fd4519af159
Event: 3,021 Thread 0x00007fd46000a000 Exception <a 'java/lang/NoClassDefFoundError': org/slf4j/Logger> (0x00000000ed277b78) thrown at [/HUDSON/workspace/8-2-build-linux-amd64/jdk8u60/4407/hotspot/src/share/vm/oops/constantPool.cpp, line 235]

Events (10 events):
Event: 3,045 loading class com/thoughtworks/xstream/core/util/CustomObjectOutputStream done
Event: 3,045 loading class com/thoughtworks/xstream/converters/DataHolder
Event: 3,045 loading class com/thoughtworks/xstream/converters/DataHolder done
Event: 3,045 loading class com/thoughtworks/xstream/converters/DataHolder
Event: 3,045 loading class com/thoughtworks/xstream/converters/DataHolder done
Event: 3,045 loading class com/thoughtworks/xstream/MarshallingStrategy
Event: 3,045 loading class com/thoughtworks/xstream/MarshallingStrategy done
Event: 3,045 loading class com/thoughtworks/xstream/MarshallingStrategy
Event: 3,045 loading class com/thoughtworks/xstream/MarshallingStrategy done
Event: 3,045 Executing VM operation: CollectForMetadataAllocation


Dynamic libraries:
00400000-00401000 r-xp 00000000 08:02 4981547                            /usr/local/java/jdk1.8.0_60/bin/java
00600000-00601000 rw-p 00000000 08:02 4981547                            /usr/local/java/jdk1.8.0_60/bin/java
0205a000-0207b000 rw-p 00000000 00:00 0                                  [heap]
c7000000-c9700000 rw-p 00000000 00:00 0 
c9700000-ed000000 ---p 00000000 00:00 0 
ed000000-f5e00000 rw-p 00000000 00:00 0 
fce00000-100000000 ---p 00000000 00:00 0 
100000000-1002a0000 rw-p 00000000 00:00 0 
1002a0000-140000000 ---p 00000000 00:00 0 
7fd3e0000000-7fd3e0021000 rw-p 00000000 00:00 0 
7fd3e0021000-7fd3e4000000 ---p 00000000 00:00 0 
7fd3e4000000-7fd3e4021000 rw-p 00000000 00:00 0 
7fd3e4021000-7fd3e8000000 ---p 00000000 00:00 0 
7fd3e8000000-7fd3e8021000 rw-p 00000000 00:00 0 
7fd3e8021000-7fd3ec000000 ---p 00000000 00:00 0 
7fd3ec000000-7fd3ec021000 rw-p 00000000 00:00 0 
7fd3ec021000-7fd3f0000000 ---p 00000000 00:00 0 
7fd3f0000000-7fd3f0021000 rw-p 00000000 00:00 0 
7fd3f0021000-7fd3f4000000 ---p 00000000 00:00 0 
7fd3f4000000-7fd3f4021000 rw-p 00000000 00:00 0 
7fd3f4021000-7fd3f8000000 ---p 00000000 00:00 0 
7fd3f8000000-7fd3f8021000 rw-p 00000000 00:00 0 
7fd3f8021000-7fd3fc000000 ---p 00000000 00:00 0 
7fd3fc000000-7fd3fc021000 rw-p 00000000 00:00 0 
7fd3fc021000-7fd400000000 ---p 00000000 00:00 0 
7fd403353000-7fd403356000 ---p 00000000 00:00 0 
7fd403356000-7fd403454000 rw-p 00000000 00:00 0 
7fd403454000-7fd403457000 ---p 00000000 00:00 0 
7fd403457000-7fd403555000 rw-p 00000000 00:00 0 
7fd403555000-7fd403558000 ---p 00000000 00:00 0 
7fd403558000-7fd403656000 rw-p 00000000 00:00 0 
7fd4036fd000-7fd403729000 rw-p 00000000 00:00 0 
7fd403729000-7fd4038fd000 ---p 00000000 00:00 0 
7fd4038fd000-7fd403900000 ---p 00000000 00:00 0 
7fd403900000-7fd4039fe000 rw-p 00000000 00:00 0                          [stack:4179]
7fd4039fe000-7fd403a01000 ---p 00000000 00:00 0 
7fd403a01000-7fd403aff000 rw-p 00000000 00:00 0                          [stack:4178]
7fd403aff000-7fd403b02000 ---p 00000000 00:00 0 
7fd403b02000-7fd403e00000 rw-p 00000000 00:00 0                          [stack:4177]
7fd403e00000-7fd404000000 rw-p 00000000 00:00 0 
7fd404000000-7fd404021000 rw-p 00000000 00:00 0 
7fd404021000-7fd408000000 ---p 00000000 00:00 0 
7fd408000000-7fd408021000 rw-p 00000000 00:00 0 
7fd408021000-7fd40c000000 ---p 00000000 00:00 0 
7fd40c000000-7fd40d30b000 rw-p 00000000 00:00 0 
7fd40d30b000-7fd410000000 ---p 00000000 00:00 0 
7fd410000000-7fd41092e000 rw-p 00000000 00:00 0 
7fd41092e000-7fd414000000 ---p 00000000 00:00 0 
7fd414000000-7fd4156ad000 rw-p 00000000 00:00 0 
7fd4156ad000-7fd418000000 ---p 00000000 00:00 0 
7fd418000000-7fd419aba000 rw-p 00000000 00:00 0 
7fd419aba000-7fd41c000000 ---p 00000000 00:00 0 
7fd41c000000-7fd41c021000 rw-p 00000000 00:00 0 
7fd41c021000-7fd420000000 ---p 00000000 00:00 0 
7fd420000000-7fd420021000 rw-p 00000000 00:00 0 
7fd420021000-7fd424000000 ---p 00000000 00:00 0 
7fd424000000-7fd42428a000 rw-p 00000000 00:00 0 
7fd42428a000-7fd428000000 ---p 00000000 00:00 0 
7fd428000000-7fd428021000 rw-p 00000000 00:00 0 
7fd428021000-7fd42c000000 ---p 00000000 00:00 0 
7fd42c000000-7fd42c021000 rw-p 00000000 00:00 0 
7fd42c021000-7fd430000000 ---p 00000000 00:00 0 
7fd430069000-7fd43006a000 rw-p 00000000 00:00 0 
7fd43006a000-7fd43006c000 r--s 00007000 08:02 1107593                    /home/jonas/.m2/repository/org/apache/maven/shared/maven-filtering/1.0-beta-2/maven-filtering-1.0-beta-2.jar
7fd43006c000-7fd43006e000 r--s 00005000 08:02 1107592                    /home/jonas/.m2/repository/xpp3/xpp3_min/1.1.4c/xpp3_min-1.1.4c.jar
7fd43006e000-7fd430079000 r--s 0005f000 08:02 1107590                    /home/jonas/.m2/repository/com/thoughtworks/xstream/xstream/1.3.1/xstream-1.3.1.jar
7fd430079000-7fd43007c000 r--s 0000a000 08:02 1107589                    /home/jonas/.m2/repository/org/codehaus/plexus/plexus-io/1.0.1/plexus-io-1.0.1.jar
7fd43007c000-7fd430080000 r--s 00029000 08:02 1107588                    /home/jonas/.m2/repository/org/codehaus/plexus/plexus-archiver/1.2/plexus-archiver-1.2.jar
7fd430080000-7fd430081000 r--s 00004000 08:02 1107587                    /home/jonas/.m2/repository/org/apache/maven/maven-archiver/2.4.1/maven-archiver-2.4.1.jar
7fd430081000-7fd430083000 r--s 00011000 08:02 1107134                    /home/jonas/.m2/repository/org/apache/maven/plugins/maven-war-plugin/2.1.1/maven-war-plugin-2.1.1.jar
7fd430083000-7fd430086000 ---p 00000000 00:00 0 
7fd430086000-7fd430184000 rw-p 00000000 00:00 0                          [stack:4176]
7fd430184000-7fd430187000 r--s 00034000 08:02 1262427                    /home/jonas/.m2/repository/org/codehaus/plexus/plexus-utils/2.1/plexus-utils-2.1.jar
7fd430187000-7fd430189000 r--s 00006000 08:02 1107492                    /home/jonas/.m2/repository/org/apache/maven/shared/maven-common-artifact-filters/1.3/maven-common-artifact-filters-1.3.jar
7fd430189000-7fd43018e000 r--s 00023000 08:02 1262426                    /home/jonas/.m2/repository/org/apache/maven/surefire/surefire-api/2.10/surefire-api-2.10.jar
7fd43018e000-7fd430207000 r--s 010e2000 08:02 4868560                    /usr/local/java/jdk1.8.0_60/lib/tools.jar
7fd430207000-7fd430407000 rw-p 00000000 00:00 0 
7fd430407000-7fd430418000 r-xp 00000000 08:02 4981436                    /usr/local/java/jdk1.8.0_60/jre/lib/amd64/libnio.so
7fd430418000-7fd430617000 ---p 00011000 08:02 4981436                    /usr/local/java/jdk1.8.0_60/jre/lib/amd64/libnio.so
7fd430617000-7fd430618000 rw-p 00010000 08:02 4981436                    /usr/local/java/jdk1.8.0_60/jre/lib/amd64/libnio.so
7fd430618000-7fd43062e000 r-xp 00000000 08:02 4981409                    /usr/local/java/jdk1.8.0_60/jre/lib/amd64/libnet.so
7fd43062e000-7fd43082e000 ---p 00016000 08:02 4981409                    /usr/local/java/jdk1.8.0_60/jre/lib/amd64/libnet.so
7fd43082e000-7fd43082f000 rw-p 00016000 08:02 4981409                    /usr/local/java/jdk1.8.0_60/jre/lib/amd64/libnet.so
7fd43082f000-7fd430a2f000 rw-p 00000000 00:00 0 
7fd430a2f000-7fd430c2f000 rw-p 00000000 00:00 0 
7fd430c2f000-7fd430c30000 ---p 00000000 00:00 0 
7fd430c30000-7fd430d30000 rw-p 00000000 00:00 0                          [stack:4166]
7fd430d30000-7fd430d33000 ---p 00000000 00:00 0 
7fd430d33000-7fd430e31000 rw-p 00000000 00:00 0                          [stack:4165]
7fd430e31000-7fd430e34000 ---p 00000000 00:00 0 
7fd430e34000-7fd430f32000 rw-p 00000000 00:00 0                          [stack:4164]
7fd430f32000-7fd430f35000 ---p 00000000 00:00 0 
7fd430f35000-7fd431033000 rw-p 00000000 00:00 0                          [stack:4163]
7fd431033000-7fd431036000 ---p 00000000 00:00 0 
7fd431036000-7fd431134000 rw-p 00000000 00:00 0                          [stack:4162]
7fd431134000-7fd431137000 ---p 00000000 00:00 0 
7fd431137000-7fd431235000 rw-p 00000000 00:00 0                          [stack:4161]
7fd431235000-7fd431238000 ---p 00000000 00:00 0 
7fd431238000-7fd431336000 rw-p 00000000 00:00 0                          [stack:4160]
7fd431336000-7fd431c79000 r--p 00000000 08:02 4385038                    /usr/lib/locale/locale-archive
7fd431c79000-7fd431c7c000 ---p 00000000 00:00 0 
7fd431c7c000-7fd431d7a000 rw-p 00000000 00:00 0                          [stack:4159]
7fd431d7a000-7fd431d7d000 ---p 00000000 00:00 0 
7fd431d7d000-7fd431e7b000 rw-p 00000000 00:00 0                          [stack:4158]
7fd431e7b000-7fd431e7c000 ---p 00000000 00:00 0 
7fd431e7c000-7fd434000000 rw-p 00000000 00:00 0                          [stack:4157]
7fd434000000-7fd434021000 rw-p 00000000 00:00 0 
7fd434021000-7fd438000000 ---p 00000000 00:00 0 
7fd438000000-7fd438021000 rw-p 00000000 00:00 0 
7fd438021000-7fd43c000000 ---p 00000000 00:00 0 
7fd43c000000-7fd43c021000 rw-p 00000000 00:00 0 
7fd43c021000-7fd440000000 ---p 00000000 00:00 0 
7fd440000000-7fd440021000 rw-p 00000000 00:00 0 
7fd440021000-7fd444000000 ---p 00000000 00:00 0 
7fd444000000-7fd444021000 rw-p 00000000 00:00 0 
7fd444021000-7fd448000000 ---p 00000000 00:00 0 
7fd448000000-7fd448021000 rw-p 00000000 00:00 0 
7fd448021000-7fd44c000000 ---p 00000000 00:00 0 
7fd44c000000-7fd44c021000 rw-p 00000000 00:00 0 
7fd44c021000-7fd450000000 ---p 00000000 00:00 0 
7fd450000000-7fd450001000 r--s 00002000 08:02 1107493                    /home/jonas/.m2/repository/org/apache/maven/reporting/maven-reporting-api/2.0.9/maven-reporting-api-2.0.9.jar
7fd450001000-7fd450003000 r--s 0000d000 08:02 1262424                    /home/jonas/.m2/repository/org/apache/maven/surefire/maven-surefire-common/2.10/maven-surefire-common-2.10.jar
7fd450003000-7fd450005000 r--s 00007000 08:02 1262423                    /home/jonas/.m2/repository/org/apache/maven/surefire/surefire-booter/2.10/surefire-booter-2.10.jar
7fd450005000-7fd450007000 r--s 00006000 08:02 1156550                    /home/jonas/.m2/repository/org/apache/maven/plugins/maven-surefire-plugin/2.10/maven-surefire-plugin-2.10.jar
7fd450007000-7fd450008000 r--s 00003000 08:02 1098761                    /home/jonas/.m2/repository/org/codehaus/plexus/plexus-compiler-javac/1.9.1/plexus-compiler-javac-1.9.1.jar
7fd450008000-7fd45000a000 r--s 00000000 08:02 1098760                    /home/jonas/.m2/repository/org/codehaus/plexus/plexus-compiler-manager/1.9.1/plexus-compiler-manager-1.9.1.jar
7fd45000a000-7fd45000c000 r--s 00004000 08:02 1098759                    /home/jonas/.m2/repository/org/codehaus/plexus/plexus-compiler-api/1.9.1/plexus-compiler-api-1.9.1.jar
7fd45000c000-7fd450010000 r--s 00034000 08:02 1098758                    /home/jonas/.m2/repository/org/codehaus/plexus/plexus-utils/3.0/plexus-utils-3.0.jar
7fd450010000-7fd450011000 r--s 00007000 08:02 1098530                    /home/jonas/.m2/repository/org/apache/maven/plugins/maven-compiler-plugin/2.5.1/maven-compiler-plugin-2.5.1.jar
7fd450011000-7fd450013000 r--s 0000d000 08:02 1099042                    /home/jonas/.m2/repository/org/codehaus/plexus/plexus-interpolation/1.13/plexus-interpolation-1.13.jar
7fd450013000-7fd450014000 r--s 00001000 08:02 1099041                    /home/jonas/.m2/repository/org/sonatype/plexus/plexus-build-api/0.0.4/plexus-build-api-0.0.4.jar
7fd450014000-7fd450016000 r--s 00009000 08:02 1262397                    /home/jonas/.m2/repository/org/apache/maven/shared/maven-filtering/1.0/maven-filtering-1.0.jar
7fd450016000-7fd450019000 r--s 0001b000 08:02 1098762                    /home/jonas/.m2/repository/junit/junit/3.8.1/junit-3.8.1.jar
7fd450019000-7fd45001b000 r--s 00002000 08:02 1099036                    /home/jonas/.m2/repository/org/codehaus/plexus/plexus-interactivity-api/1.0-alpha-4/plexus-interactivity-api-1.0-alpha-4.jar
7fd45001b000-7fd45001d000 r--s 00006000 08:02 1099034                    /home/jonas/.m2/repository/commons-cli/commons-cli/1.0/commons-cli-1.0.jar
7fd45001d000-7fd45001e000 r--s 00001000 08:02 1099033                    /home/jonas/.m2/repository/org/apache/maven/doxia/doxia-sink-api/1.0-alpha-7/doxia-sink-api-1.0-alpha-7.jar
7fd45001e000-7fd45001f000 r--s 00002000 08:02 1099032                    /home/jonas/.m2/repository/org/apache/maven/reporting/maven-reporting-api/2.0.6/maven-reporting-api-2.0.6.jar
7fd45001f000-7fd450021000 r--s 00005000 08:02 1147876                    /home/jonas/.m2/repository/org/apache/maven/plugins/maven-resources-plugin/2.5/maven-resources-plugin-2.5.jar
7fd450021000-7fd450025000 r--s 00033000 08:02 1099037                    /home/jonas/.m2/repository/org/codehaus/plexus/plexus-utils/2.0.5/plexus-utils-2.0.5.jar
7fd450025000-7fd450026000 r--s 00005000 08:02 1107127                    /home/jonas/.m2/repository/org/apache/maven/plugins/maven-clean-plugin/2.4.1/maven-clean-plugin-2.4.1.jar
7fd450026000-7fd450029000 ---p 00000000 00:00 0 
7fd450029000-7fd45005f000 rw-p 00000000 00:00 0                          [stack:4168]
7fd45005f000-7fd450060000 r--p 00000000 00:00 0 
7fd450060000-7fd450064000 r--s 00095000 08:02 4981457                    /usr/local/java/jdk1.8.0_60/jre/lib/jsse.jar
7fd450064000-7fd450066000 r--s 0000c000 08:02 1181986                    /home/jonas/Software/netbeans-8.0.2/java/maven-nblib/netbeans-eventspy.jar
7fd450066000-7fd450068000 r--s 00026000 08:02 1174117                    /home/jonas/Software/netbeans-8.0.2/java/maven/lib/maven-model-3.0.5.jar
7fd450068000-7fd450069000 r--s 0000a000 08:02 1174106                    /home/jonas/Software/netbeans-8.0.2/java/maven/lib/maven-embedder-3.0.5.jar
7fd450069000-7fd45006b000 r--s 00000000 08:02 1173829                    /home/jonas/Software/netbeans-8.0.2/java/maven/lib/plexus-component-annotations-1.5.5.jar
7fd45006b000-7fd45006d000 r--s 00009000 08:02 1174125                    /home/jonas/Software/netbeans-8.0.2/java/maven/lib/commons-cli-1.2.jar
7fd45006d000-7fd450073000 r--s 0003f000 08:02 1174115                    /home/jonas/Software/netbeans-8.0.2/java/maven/lib/maven-compat-3.0.5.jar
7fd450073000-7fd450075000 r--s 0000c000 08:02 1174029                    /home/jonas/Software/netbeans-8.0.2/java/maven/lib/maven-aether-provider-3.0.5.jar
7fd450075000-7fd450077000 r--s 0000d000 08:02 1174058                    /home/jonas/Software/netbeans-8.0.2/java/maven/lib/plexus-interpolation-1.14.jar
7fd450077000-7fd45007e000 r--s 0002b000 08:02 1174074                    /home/jonas/Software/netbeans-8.0.2/java/maven/lib/sisu-inject-plexus-2.3.0.jar
7fd45007e000-7fd45007f000 r--s 00003000 08:02 1174120                    /home/jonas/Software/netbeans-8.0.2/java/maven/lib/aether-spi-1.13.1.jar
7fd45007f000-7fd450081000 r--s 0000b000 08:02 1174093                    /home/jonas/Software/netbeans-8.0.2/java/maven/lib/maven-plugin-api-3.0.5.jar
7fd450081000-7fd450083000 r--s 00006000 08:02 1173929                    /home/jonas/Software/netbeans-8.0.2/java/maven/lib/maven-repository-metadata-3.0.5.jar
7fd450083000-7fd45008f000 r--s 0007d000 08:02 1174122                    /home/jonas/Software/netbeans-8.0.2/java/maven/lib/maven-core-3.0.5.jar
7fd45008f000-7fd450091000 r--s 0000b000 08:02 1174105                    /home/jonas/Software/netbeans-8.0.2/java/maven/lib/maven-artifact-3.0.5.jar
7fd450091000-7fd450093000 r--s 00006000 08:02 1173989                    /home/jonas/Software/netbeans-8.0.2/java/maven/lib/aether-connector-wagon-1.13.1.jar
7fd450093000-7fd450096000 r--s 0001d000 08:02 1174113                    /home/jonas/Software/netbeans-8.0.2/java/maven/lib/aether-impl-1.13.1.jar
7fd450096000-7fd45009a000 r--s 00033000 08:02 1174112                    /home/jonas/Software/netbeans-8.0.2/java/maven/lib/plexus-utils-2.0.6.jar
7fd45009a000-7fd4500b9000 r--s 00154000 08:02 1174123                    /home/jonas/Software/netbeans-8.0.2/java/maven/lib/sisu-guava-0.9.9.jar
7fd4500b9000-7fd4500c1000 r--s 00050000 08:02 1174084                    /home/jonas/Software/netbeans-8.0.2/java/maven/lib/sisu-guice-3.1.0-no_aop.jar
7fd4500c1000-7fd4500c4000 r--s 00008000 08:02 1174014                    /home/jonas/Software/netbeans-8.0.2/java/maven/lib/maven-settings-builder-3.0.5.jar
7fd4500c4000-7fd4500c8000 r--s 0001c000 08:02 1174114                    /home/jonas/Software/netbeans-8.0.2/java/maven/lib/aether-util-1.13.1.jar
7fd4500c8000-7fd4500e3000 r--s 000e4000 08:02 1174100                    /home/jonas/Software/netbeans-8.0.2/java/maven/lib/wagon-http-2.4-shaded.jar
7fd4500e3000-7fd4500ea000 r--s 0003f000 08:02 1174094                    /home/jonas/Software/netbeans-8.0.2/java/maven/lib/sisu-inject-bean-2.3.0.jar
7fd4500ea000-7fd451000000 rw-p 00000000 00:00 0 
7fd451000000-7fd451a80000 rwxp 00000000 00:00 0 
7fd451a80000-7fd460000000 ---p 00000000 00:00 0 
7fd460000000-7fd4611a0000 rw-p 00000000 00:00 0 
7fd4611a0000-7fd464000000 ---p 00000000 00:00 0 
7fd464000000-7fd464001000 r--s 00002000 08:02 1174127                    /home/jonas/Software/netbeans-8.0.2/java/maven/lib/wagon-file-2.4.jar
7fd464001000-7fd464002000 r--s 00006000 08:02 1174057                    /home/jonas/Software/netbeans-8.0.2/java/maven/lib/plexus-sec-dispatcher-1.3.jar
7fd464002000-7fd464004000 r--s 0000b000 08:02 1174092                    /home/jonas/Software/netbeans-8.0.2/java/maven/lib/wagon-provider-api-2.4.jar
7fd464004000-7fd464008000 r--s 00021000 08:02 1174056                    /home/jonas/Software/netbeans-8.0.2/java/maven/lib/maven-model-builder-3.0.5.jar
7fd464008000-7fd464932000 rw-p 00000000 00:00 0 
7fd464932000-7fd464b0a000 r--s 03d17000 08:02 4981454                    /usr/local/java/jdk1.8.0_60/jre/lib/rt.jar
7fd464b0a000-7fd465548000 rw-p 00000000 00:00 0 
7fd465548000-7fd465549000 ---p 00000000 00:00 0 
7fd465549000-7fd465649000 rw-p 00000000 00:00 0                          [stack:4156]
7fd465649000-7fd46564a000 ---p 00000000 00:00 0 
7fd46564a000-7fd46574a000 rw-p 00000000 00:00 0                          [stack:4155]
7fd46574a000-7fd46574b000 ---p 00000000 00:00 0 
7fd46574b000-7fd46584b000 rw-p 00000000 00:00 0                          [stack:4154]
7fd46584b000-7fd46584c000 ---p 00000000 00:00 0 
7fd46584c000-7fd46594c000 rw-p 00000000 00:00 0                          [stack:4153]
7fd46594c000-7fd46594d000 ---p 00000000 00:00 0 
7fd46594d000-7fd465a4d000 rw-p 00000000 00:00 0                          [stack:4152]
7fd465a4d000-7fd465a4e000 ---p 00000000 00:00 0 
7fd465a4e000-7fd465b4e000 rw-p 00000000 00:00 0                          [stack:4151]
7fd465b4e000-7fd465b4f000 ---p 00000000 00:00 0 
7fd465b4f000-7fd465c4f000 rw-p 00000000 00:00 0                          [stack:4150]
7fd465c4f000-7fd465c50000 ---p 00000000 00:00 0 
7fd465c50000-7fd465d64000 rw-p 00000000 00:00 0                          [stack:4149]
7fd465d64000-7fd465e80000 ---p 00000000 00:00 0 
7fd465e80000-7fd465e94000 rw-p 00000000 00:00 0 
7fd465e94000-7fd465fb0000 ---p 00000000 00:00 0 
7fd465fb0000-7fd465ff7000 rw-p 00000000 00:00 0 
7fd465ff7000-7fd466048000 ---p 00000000 00:00 0 
7fd466048000-7fd466073000 rw-p 00000000 00:00 0 
7fd466073000-7fd466409000 ---p 00000000 00:00 0 
7fd466409000-7fd466423000 r-xp 00000000 08:02 4981404                    /usr/local/java/jdk1.8.0_60/jre/lib/amd64/libzip.so
7fd466423000-7fd466623000 ---p 0001a000 08:02 4981404                    /usr/local/java/jdk1.8.0_60/jre/lib/amd64/libzip.so
7fd466623000-7fd466624000 rw-p 0001a000 08:02 4981404                    /usr/local/java/jdk1.8.0_60/jre/lib/amd64/libzip.so
7fd466624000-7fd46662f000 r-xp 00000000 08:02 3080211                    /lib/x86_64-linux-gnu/libnss_files-2.19.so
7fd46662f000-7fd46682e000 ---p 0000b000 08:02 3080211                    /lib/x86_64-linux-gnu/libnss_files-2.19.so
7fd46682e000-7fd46682f000 r--p 0000a000 08:02 3080211                    /lib/x86_64-linux-gnu/libnss_files-2.19.so
7fd46682f000-7fd466830000 rw-p 0000b000 08:02 3080211                    /lib/x86_64-linux-gnu/libnss_files-2.19.so
7fd466830000-7fd46683b000 r-xp 00000000 08:02 3082943                    /lib/x86_64-linux-gnu/libnss_nis-2.19.so
7fd46683b000-7fd466a3a000 ---p 0000b000 08:02 3082943                    /lib/x86_64-linux-gnu/libnss_nis-2.19.so
7fd466a3a000-7fd466a3b000 r--p 0000a000 08:02 3082943                    /lib/x86_64-linux-gnu/libnss_nis-2.19.so
7fd466a3b000-7fd466a3c000 rw-p 0000b000 08:02 3082943                    /lib/x86_64-linux-gnu/libnss_nis-2.19.so
7fd466a3c000-7fd466a53000 r-xp 00000000 08:02 3080286                    /lib/x86_64-linux-gnu/libnsl-2.19.so
7fd466a53000-7fd466c52000 ---p 00017000 08:02 3080286                    /lib/x86_64-linux-gnu/libnsl-2.19.so
7fd466c52000-7fd466c53000 r--p 00016000 08:02 3080286                    /lib/x86_64-linux-gnu/libnsl-2.19.so
7fd466c53000-7fd466c54000 rw-p 00017000 08:02 3080286                    /lib/x86_64-linux-gnu/libnsl-2.19.so
7fd466c54000-7fd466c56000 rw-p 00000000 00:00 0 
7fd466c56000-7fd466c5f000 r-xp 00000000 08:02 3080285                    /lib/x86_64-linux-gnu/libnss_compat-2.19.so
7fd466c5f000-7fd466e5e000 ---p 00009000 08:02 3080285                    /lib/x86_64-linux-gnu/libnss_compat-2.19.so
7fd466e5e000-7fd466e5f000 r--p 00008000 08:02 3080285                    /lib/x86_64-linux-gnu/libnss_compat-2.19.so
7fd466e5f000-7fd466e60000 rw-p 00009000 08:02 3080285                    /lib/x86_64-linux-gnu/libnss_compat-2.19.so
7fd466e60000-7fd466e8a000 r-xp 00000000 08:02 4981382                    /usr/local/java/jdk1.8.0_60/jre/lib/amd64/libjava.so
7fd466e8a000-7fd46708a000 ---p 0002a000 08:02 4981382                    /usr/local/java/jdk1.8.0_60/jre/lib/amd64/libjava.so
7fd46708a000-7fd46708c000 rw-p 0002a000 08:02 4981382                    /usr/local/java/jdk1.8.0_60/jre/lib/amd64/libjava.so
7fd46708c000-7fd467099000 r-xp 00000000 08:02 4981398                    /usr/local/java/jdk1.8.0_60/jre/lib/amd64/libverify.so
7fd467099000-7fd467299000 ---p 0000d000 08:02 4981398                    /usr/local/java/jdk1.8.0_60/jre/lib/amd64/libverify.so
7fd467299000-7fd46729b000 rw-p 0000d000 08:02 4981398                    /usr/local/java/jdk1.8.0_60/jre/lib/amd64/libverify.so
7fd46729b000-7fd4672a2000 r-xp 00000000 08:02 3080294                    /lib/x86_64-linux-gnu/librt-2.19.so
7fd4672a2000-7fd4674a1000 ---p 00007000 08:02 3080294                    /lib/x86_64-linux-gnu/librt-2.19.so
7fd4674a1000-7fd4674a2000 r--p 00006000 08:02 3080294                    /lib/x86_64-linux-gnu/librt-2.19.so
7fd4674a2000-7fd4674a3000 rw-p 00007000 08:02 3080294                    /lib/x86_64-linux-gnu/librt-2.19.so
7fd4674a3000-7fd4675a8000 r-xp 00000000 08:02 3080207                    /lib/x86_64-linux-gnu/libm-2.19.so
7fd4675a8000-7fd4677a7000 ---p 00105000 08:02 3080207                    /lib/x86_64-linux-gnu/libm-2.19.so
7fd4677a7000-7fd4677a8000 r--p 00104000 08:02 3080207                    /lib/x86_64-linux-gnu/libm-2.19.so
7fd4677a8000-7fd4677a9000 rw-p 00105000 08:02 3080207                    /lib/x86_64-linux-gnu/libm-2.19.so
7fd4677a9000-7fd468467000 r-xp 00000000 08:02 4981420                    /usr/local/java/jdk1.8.0_60/jre/lib/amd64/server/libjvm.so
7fd468467000-7fd468666000 ---p 00cbe000 08:02 4981420                    /usr/local/java/jdk1.8.0_60/jre/lib/amd64/server/libjvm.so
7fd468666000-7fd46873e000 rw-p 00cbd000 08:02 4981420                    /usr/local/java/jdk1.8.0_60/jre/lib/amd64/server/libjvm.so
7fd46873e000-7fd468783000 rw-p 00000000 00:00 0 
7fd468783000-7fd46893e000 r-xp 00000000 08:02 3080291                    /lib/x86_64-linux-gnu/libc-2.19.so
7fd46893e000-7fd468b3d000 ---p 001bb000 08:02 3080291                    /lib/x86_64-linux-gnu/libc-2.19.so
7fd468b3d000-7fd468b41000 r--p 001ba000 08:02 3080291                    /lib/x86_64-linux-gnu/libc-2.19.so
7fd468b41000-7fd468b43000 rw-p 001be000 08:02 3080291                    /lib/x86_64-linux-gnu/libc-2.19.so
7fd468b43000-7fd468b48000 rw-p 00000000 00:00 0 
7fd468b48000-7fd468b4b000 r-xp 00000000 08:02 3080222                    /lib/x86_64-linux-gnu/libdl-2.19.so
7fd468b4b000-7fd468d4a000 ---p 00003000 08:02 3080222                    /lib/x86_64-linux-gnu/libdl-2.19.so
7fd468d4a000-7fd468d4b000 r--p 00002000 08:02 3080222                    /lib/x86_64-linux-gnu/libdl-2.19.so
7fd468d4b000-7fd468d4c000 rw-p 00003000 08:02 3080222                    /lib/x86_64-linux-gnu/libdl-2.19.so
7fd468d4c000-7fd468d61000 r-xp 00000000 08:02 4957783                    /usr/local/java/jdk1.8.0_60/lib/amd64/jli/libjli.so
7fd468d61000-7fd468f61000 ---p 00015000 08:02 4957783                    /usr/local/java/jdk1.8.0_60/lib/amd64/jli/libjli.so
7fd468f61000-7fd468f62000 rw-p 00015000 08:02 4957783                    /usr/local/java/jdk1.8.0_60/lib/amd64/jli/libjli.so
7fd468f62000-7fd468f7b000 r-xp 00000000 08:02 3080292                    /lib/x86_64-linux-gnu/libpthread-2.19.so
7fd468f7b000-7fd46917a000 ---p 00019000 08:02 3080292                    /lib/x86_64-linux-gnu/libpthread-2.19.so
7fd46917a000-7fd46917b000 r--p 00018000 08:02 3080292                    /lib/x86_64-linux-gnu/libpthread-2.19.so
7fd46917b000-7fd46917c000 rw-p 00019000 08:02 3080292                    /lib/x86_64-linux-gnu/libpthread-2.19.so
7fd46917c000-7fd469180000 rw-p 00000000 00:00 0 
7fd469180000-7fd4691a3000 r-xp 00000000 08:02 3080288                    /lib/x86_64-linux-gnu/ld-2.19.so
7fd4691a3000-7fd4691a5000 r--s 0000a000 08:02 1174107                    /home/jonas/Software/netbeans-8.0.2/java/maven/lib/maven-settings-3.0.5.jar
7fd4691a5000-7fd4691a9000 r--s 00013000 08:02 1174119                    /home/jonas/Software/netbeans-8.0.2/java/maven/lib/aether-api-1.13.1.jar
7fd4691a9000-7fd4691ab000 r--s 00002000 08:02 1174118                    /home/jonas/Software/netbeans-8.0.2/java/maven/lib/plexus-cipher-1.7.jar
7fd4691ab000-7fd46927d000 rw-p 00000000 00:00 0 
7fd46927d000-7fd469280000 ---p 00000000 00:00 0 
7fd469280000-7fd469382000 rw-p 00000000 00:00 0                          [stack:4148]
7fd469382000-7fd469384000 r--s 0000a000 08:02 1181977                    /home/jonas/Software/netbeans-8.0.2/java/maven/boot/plexus-classworlds-2.4.jar
7fd469384000-7fd469396000 rw-p 00000000 00:00 0 
7fd469396000-7fd46939e000 rw-s 00000000 08:02 393527                     /tmp/hsperfdata_jonas/4145
7fd46939e000-7fd46939f000 rw-p 00000000 00:00 0 
7fd46939f000-7fd4693a0000 ---p 00000000 00:00 0 
7fd4693a0000-7fd4693a2000 rw-p 00000000 00:00 0 
7fd4693a2000-7fd4693a3000 r--p 00022000 08:02 3080288                    /lib/x86_64-linux-gnu/ld-2.19.so
7fd4693a3000-7fd4693a4000 rw-p 00023000 08:02 3080288                    /lib/x86_64-linux-gnu/ld-2.19.so
7fd4693a4000-7fd4693a5000 rw-p 00000000 00:00 0 
7ffd7c7d1000-7ffd7c7f2000 rw-p 00000000 00:00 0                          [stack]
7ffd7c7f7000-7ffd7c7f9000 r-xp 00000000 00:00 0                          [vdso]
7ffd7c7f9000-7ffd7c7fb000 r--p 00000000 00:00 0                          [vvar]
ffffffffff600000-ffffffffff601000 r-xp 00000000 00:00 0                  [vsyscall]

VM Arguments:
jvm_args: -Dclassworlds.conf=/home/jonas/Software/netbeans-8.0.2/java/maven/bin/m2.conf -Dmaven.home=/home/jonas/Software/netbeans-8.0.2/java/maven 
java_command: org.codehaus.plexus.classworlds.launcher.Launcher -Dmaven.ext.class.path=/home/jonas/Software/netbeans-8.0.2/java/maven-nblib/netbeans-eventspy.jar clean install
java_class_path (initial): /home/jonas/Software/netbeans-8.0.2/java/maven/boot/plexus-classworlds-2.4.jar
Launcher Type: SUN_STANDARD

Environment Variables:
JAVA_HOME=/usr/local/java/jdk1.8.0_60
JRE_HOME=/usr/local/java/jdk1.8.0_60/jre
PATH=/usr/local/sbin:/usr/local/bin:/usr/sbin:/usr/bin:/sbin:/bin:/usr/games:/usr/local/games:/usr/lib/jvm/java-8-oracle/bin:/usr/lib/jvm/java-8-oracle/db/bin:/usr/lib/jvm/java-8-oracle/jre/bin:/usr/lib/jvm/java-8-oracle/bin:/usr/lib/jvm/java-8-oracle/db/bin:/usr/lib/jvm/java-8-oracle/jre/bin:/home/jonas/bin:/usr/local/java/jdk1.8.0_60/bin
LD_LIBRARY_PATH=/usr/local/java/jdk1.8.0_60/jre/lib/amd64:/usr/local/java/jdk1.8.0_60/jre/lib/i386:
SHELL=/bin/bash
DISPLAY=:0

Signal Handlers:
SIGSEGV: [libjvm.so+0xaba070], sa_mask[0]=11111111011111111101111111111110, sa_flags=SA_RESTART|SA_SIGINFO
SIGBUS: [libjvm.so+0xaba070], sa_mask[0]=11111111011111111101111111111110, sa_flags=SA_RESTART|SA_SIGINFO
SIGFPE: [libjvm.so+0x917630], sa_mask[0]=11111111011111111101111111111110, sa_flags=SA_RESTART|SA_SIGINFO
SIGPIPE: [libjvm.so+0x917630], sa_mask[0]=11111111011111111101111111111110, sa_flags=SA_RESTART|SA_SIGINFO
SIGXFSZ: [libjvm.so+0x917630], sa_mask[0]=11111111011111111101111111111110, sa_flags=SA_RESTART|SA_SIGINFO
SIGILL: [libjvm.so+0x917630], sa_mask[0]=11111111011111111101111111111110, sa_flags=SA_RESTART|SA_SIGINFO
SIGUSR1: SIG_DFL, sa_mask[0]=00000000000000000000000000000000, sa_flags=none
SIGUSR2: [libjvm.so+0x918c60], sa_mask[0]=00100000000000000000000000000000, sa_flags=SA_RESTART|SA_SIGINFO
SIGHUP: [libjvm.so+0x91a060], sa_mask[0]=11111111011111111101111111111110, sa_flags=SA_RESTART|SA_SIGINFO
SIGINT: SIG_IGN, sa_mask[0]=00000000000000000000000000000000, sa_flags=none
SIGTERM: [libjvm.so+0x91a060], sa_mask[0]=11111111011111111101111111111110, sa_flags=SA_RESTART|SA_SIGINFO
SIGQUIT: [libjvm.so+0x91a060], sa_mask[0]=11111111011111111101111111111110, sa_flags=SA_RESTART|SA_SIGINFO


---------------  S Y S T E M  ---------------

OS:DISTRIB_ID=Ubuntu
DISTRIB_RELEASE=14.04
DISTRIB_CODENAME=trusty
DISTRIB_DESCRIPTION="Ubuntu 14.04.3 LTS"

uname:Linux 3.16.0-46-generic #62~14.04.1-Ubuntu SMP Tue Aug 11 16:27:16 UTC 2015 x86_64
libc:glibc 2.19 NPTL 2.19 
rlimit: STACK 8192k, CORE 0k, NPROC 14472, NOFILE 4096, AS infinity
load average:1,13 0,69 0,46

/proc/meminfo:
MemTotal:        3734768 kB
MemFree:          104588 kB
MemAvailable:      78620 kB
Buffers:            3608 kB
Cached:           547904 kB
SwapCached:         1688 kB
Active:          2618640 kB
Inactive:         823856 kB
Active(anon):    2566876 kB
Inactive(anon):   798008 kB
Active(file):      51764 kB
Inactive(file):    25848 kB
Unevictable:         164 kB
Mlocked:             164 kB
SwapTotal:        358396 kB
SwapFree:              0 kB
Dirty:              3832 kB
Writeback:             0 kB
AnonPages:       2890868 kB
Mapped:           281104 kB
Shmem:            472904 kB
Slab:              77264 kB
SReclaimable:      39372 kB
SUnreclaim:        37892 kB
KernelStack:       12864 kB
PageTables:        43368 kB
NFS_Unstable:          0 kB
Bounce:                0 kB
WritebackTmp:          0 kB
CommitLimit:     2225780 kB
Committed_AS:    8551364 kB
VmallocTotal:   34359738367 kB
VmallocUsed:      352376 kB
VmallocChunk:   34359377064 kB
HardwareCorrupted:     0 kB
AnonHugePages:    995328 kB
HugePages_Total:       0
HugePages_Free:        0
HugePages_Rsvd:        0
HugePages_Surp:        0
Hugepagesize:       2048 kB
DirectMap4k:       75036 kB
DirectMap2M:     3803136 kB


CPU:total 8 (4 cores per cpu, 2 threads per core) family 6 model 42 stepping 7, cmov, cx8, fxsr, mmx, sse, sse2, sse3, ssse3, sse4.1, sse4.2, popcnt, avx, aes, clmul, ht, tsc, tscinvbit

/proc/cpuinfo:
processor	: 0
vendor_id	: GenuineIntel
cpu family	: 6
model		: 42
model name	: Intel(R) Core(TM) i7-2600K CPU @ 3.40GHz
stepping	: 7
microcode	: 0x26
cpu MHz		: 3501.734
cache size	: 8192 KB
physical id	: 0
siblings	: 8
core id		: 0
cpu cores	: 4
apicid		: 0
initial apicid	: 0
fpu		: yes
fpu_exception	: yes
cpuid level	: 13
wp		: yes
flags		: fpu vme de pse tsc msr pae mce cx8 apic sep mtrr pge mca cmov pat pse36 clflush dts acpi mmx fxsr sse sse2 ss ht tm pbe syscall nx rdtscp lm constant_tsc arch_perfmon pebs bts rep_good nopl xtopology nonstop_tsc aperfmperf eagerfpu pni pclmulqdq dtes64 monitor ds_cpl vmx est tm2 ssse3 cx16 xtpr pdcm pcid sse4_1 sse4_2 popcnt tsc_deadline_timer aes xsave avx lahf_lm ida arat epb xsaveopt pln pts dtherm tpr_shadow vnmi flexpriority ept vpid
bogomips	: 6820.19
clflush size	: 64
cache_alignment	: 64
address sizes	: 36 bits physical, 48 bits virtual
power management:

processor	: 1
vendor_id	: GenuineIntel
cpu family	: 6
model		: 42
model name	: Intel(R) Core(TM) i7-2600K CPU @ 3.40GHz
stepping	: 7
microcode	: 0x26
cpu MHz		: 3481.148
cache size	: 8192 KB
physical id	: 0
siblings	: 8
core id		: 1
cpu cores	: 4
apicid		: 2
initial apicid	: 2
fpu		: yes
fpu_exception	: yes
cpuid level	: 13
wp		: yes
flags		: fpu vme de pse tsc msr pae mce cx8 apic sep mtrr pge mca cmov pat pse36 clflush dts acpi mmx fxsr sse sse2 ss ht tm pbe syscall nx rdtscp lm constant_tsc arch_perfmon pebs bts rep_good nopl xtopology nonstop_tsc aperfmperf eagerfpu pni pclmulqdq dtes64 monitor ds_cpl vmx est tm2 ssse3 cx16 xtpr pdcm pcid sse4_1 sse4_2 popcnt tsc_deadline_timer aes xsave avx lahf_lm ida arat epb xsaveopt pln pts dtherm tpr_shadow vnmi flexpriority ept vpid
bogomips	: 6820.19
clflush size	: 64
cache_alignment	: 64
address sizes	: 36 bits physical, 48 bits virtual
power management:

processor	: 2
vendor_id	: GenuineIntel
cpu family	: 6
model		: 42
model name	: Intel(R) Core(TM) i7-2600K CPU @ 3.40GHz
stepping	: 7
microcode	: 0x26
cpu MHz		: 3543.570
cache size	: 8192 KB
physical id	: 0
siblings	: 8
core id		: 2
cpu cores	: 4
apicid		: 4
initial apicid	: 4
fpu		: yes
fpu_exception	: yes
cpuid level	: 13
wp		: yes
flags		: fpu vme de pse tsc msr pae mce cx8 apic sep mtrr pge mca cmov pat pse36 clflush dts acpi mmx fxsr sse sse2 ss ht tm pbe syscall nx rdtscp lm constant_tsc arch_perfmon pebs bts rep_good nopl xtopology nonstop_tsc aperfmperf eagerfpu pni pclmulqdq dtes64 monitor ds_cpl vmx est tm2 ssse3 cx16 xtpr pdcm pcid sse4_1 sse4_2 popcnt tsc_deadline_timer aes xsave avx lahf_lm ida arat epb xsaveopt pln pts dtherm tpr_shadow vnmi flexpriority ept vpid
bogomips	: 6820.19
clflush size	: 64
cache_alignment	: 64
address sizes	: 36 bits physical, 48 bits virtual
power management:

processor	: 3
vendor_id	: GenuineIntel
cpu family	: 6
model		: 42
model name	: Intel(R) Core(TM) i7-2600K CPU @ 3.40GHz
stepping	: 7
microcode	: 0x26
cpu MHz		: 3527.234
cache size	: 8192 KB
physical id	: 0
siblings	: 8
core id		: 3
cpu cores	: 4
apicid		: 6
initial apicid	: 6
fpu		: yes
fpu_exception	: yes
cpuid level	: 13
wp		: yes
flags		: fpu vme de pse tsc msr pae mce cx8 apic sep mtrr pge mca cmov pat pse36 clflush dts acpi mmx fxsr sse sse2 ss ht tm pbe syscall nx rdtscp lm constant_tsc arch_perfmon pebs bts rep_good nopl xtopology nonstop_tsc aperfmperf eagerfpu pni pclmulqdq dtes64 monitor ds_cpl vmx est tm2 ssse3 cx16 xtpr pdcm pcid sse4_1 sse4_2 popcnt tsc_deadline_timer aes xsave avx lahf_lm ida arat epb xsaveopt pln pts dtherm tpr_shadow vnmi flexpriority ept vpid
bogomips	: 6820.19
clflush size	: 64
cache_alignment	: 64
address sizes	: 36 bits physical, 48 bits virtual
power management:

processor	: 4
vendor_id	: GenuineIntel
cpu family	: 6
model		: 42
model name	: Intel(R) Core(TM) i7-2600K CPU @ 3.40GHz
stepping	: 7
microcode	: 0x26
cpu MHz		: 3500.804
cache size	: 8192 KB
physical id	: 0
siblings	: 8
core id		: 0
cpu cores	: 4
apicid		: 1
initial apicid	: 1
fpu		: yes
fpu_exception	: yes
cpuid level	: 13
wp		: yes
flags		: fpu vme de pse tsc msr pae mce cx8 apic sep mtrr pge mca cmov pat pse36 clflush dts acpi mmx fxsr sse sse2 ss ht tm pbe syscall nx rdtscp lm constant_tsc arch_perfmon pebs bts rep_good nopl xtopology nonstop_tsc aperfmperf eagerfpu pni pclmulqdq dtes64 monitor ds_cpl vmx est tm2 ssse3 cx16 xtpr pdcm pcid sse4_1 sse4_2 popcnt tsc_deadline_timer aes xsave avx lahf_lm ida arat epb xsaveopt pln pts dtherm tpr_shadow vnmi flexpriority ept vpid
bogomips	: 6820.19
clflush size	: 64
cache_alignment	: 64
address sizes	: 36 bits physical, 48 bits virtual
power management:

processor	: 5
vendor_id	: GenuineIntel
cpu family	: 6
model		: 42
model name	: Intel(R) Core(TM) i7-2600K CPU @ 3.40GHz
stepping	: 7
microcode	: 0x26
cpu MHz		: 3518.203
cache size	: 8192 KB
physical id	: 0
siblings	: 8
core id		: 1
cpu cores	: 4
apicid		: 3
initial apicid	: 3
fpu		: yes
fpu_exception	: yes
cpuid level	: 13
wp		: yes
flags		: fpu vme de pse tsc msr pae mce cx8 apic sep mtrr pge mca cmov pat pse36 clflush dts acpi mmx fxsr sse sse2 ss ht tm pbe syscall nx rdtscp lm constant_tsc arch_perfmon pebs bts rep_good nopl xtopology nonstop_tsc aperfmperf eagerfpu pni pclmulqdq dtes64 monitor ds_cpl vmx est tm2 ssse3 cx16 xtpr pdcm pcid sse4_1 sse4_2 popcnt tsc_deadline_timer aes xsave avx lahf_lm ida arat epb xsaveopt pln pts dtherm tpr_shadow vnmi flexpriority ept vpid
bogomips	: 6820.19
clflush size	: 64
cache_alignment	: 64
address sizes	: 36 bits physical, 48 bits virtual
power management:

processor	: 6
vendor_id	: GenuineIntel
cpu family	: 6
model		: 42
model name	: Intel(R) Core(TM) i7-2600K CPU @ 3.40GHz
stepping	: 7
microcode	: 0x26
cpu MHz		: 3490.710
cache size	: 8192 KB
physical id	: 0
siblings	: 8
core id		: 2
cpu cores	: 4
apicid		: 5
initial apicid	: 5
fpu		: yes
fpu_exception	: yes
cpuid level	: 13
wp		: yes
flags		: fpu vme de pse tsc msr pae mce cx8 apic sep mtrr pge mca cmov pat pse36 clflush dts acpi mmx fxsr sse sse2 ss ht tm pbe syscall nx rdtscp lm constant_tsc arch_perfmon pebs bts rep_good nopl xtopology nonstop_tsc aperfmperf eagerfpu pni pclmulqdq dtes64 monitor ds_cpl vmx est tm2 ssse3 cx16 xtpr pdcm pcid sse4_1 sse4_2 popcnt tsc_deadline_timer aes xsave avx lahf_lm ida arat epb xsaveopt pln pts dtherm tpr_shadow vnmi flexpriority ept vpid
bogomips	: 6820.19
clflush size	: 64
cache_alignment	: 64
address sizes	: 36 bits physical, 48 bits virtual
power management:

processor	: 7
vendor_id	: GenuineIntel
cpu family	: 6
model		: 42
model name	: Intel(R) Core(TM) i7-2600K CPU @ 3.40GHz
stepping	: 7
microcode	: 0x26
cpu MHz		: 3500.140
cache size	: 8192 KB
physical id	: 0
siblings	: 8
core id		: 3
cpu cores	: 4
apicid		: 7
initial apicid	: 7
fpu		: yes
fpu_exception	: yes
cpuid level	: 13
wp		: yes
flags		: fpu vme de pse tsc msr pae mce cx8 apic sep mtrr pge mca cmov pat pse36 clflush dts acpi mmx fxsr sse sse2 ss ht tm pbe syscall nx rdtscp lm constant_tsc arch_perfmon pebs bts rep_good nopl xtopology nonstop_tsc aperfmperf eagerfpu pni pclmulqdq dtes64 monitor ds_cpl vmx est tm2 ssse3 cx16 xtpr pdcm pcid sse4_1 sse4_2 popcnt tsc_deadline_timer aes xsave avx lahf_lm ida arat epb xsaveopt pln pts dtherm tpr_shadow vnmi flexpriority ept vpid
bogomips	: 6820.19
clflush size	: 64
cache_alignment	: 64
address sizes	: 36 bits physical, 48 bits virtual
power management:



Memory: 4k page, physical 3734768k(104292k free), swap 358396k(0k free)

vm_info: Java HotSpot(TM) 64-Bit Server VM (25.60-b23) for linux-amd64 JRE (1.8.0_60-b27), built on Aug  4 2015 12:19:40 by "java_re" with gcc 4.3.0 20080428 (Red Hat 4.3.0-8)

time: Sun Sep 20 11:13:35 2015
elapsed time: 3 seconds (0d 0h 0m 3s)

